CRITICAL - 2022-03-11 02:29:46 --> require_once(C:\xampp\htdocs\Big_Project_Code4\app\Views\components_emp\wrapper.php): Failed to open stream: No such file or directory
#0 C:\xampp\htdocs\Big_Project_Code4\app\Views\employee\add_driving.php(11): CodeIgniter\Debug\Exceptions->errorHandler(2, 'require_once(C:...', 'C:\\xampp\\htdocs...', 11)
#1 C:\xampp\htdocs\Big_Project_Code4\app\Views\employee\add_driving.php(11): require_once()
#2 C:\xampp\htdocs\Big_Project_Code4\system\View\View.php(210): include('C:\\xampp\\htdocs...')
#3 C:\xampp\htdocs\Big_Project_Code4\system\View\View.php(213): CodeIgniter\View\View->CodeIgniter\View\{closure}()
#4 C:\xampp\htdocs\Big_Project_Code4\system\Common.php(1089): CodeIgniter\View\View->render('employee/add_dr...', Array, true)
#5 C:\xampp\htdocs\Big_Project_Code4\app\Controllers\EmployeeController.php(188): view('employee/add_dr...', Array)
#6 C:\xampp\htdocs\Big_Project_Code4\system\CodeIgniter.php(825): App\Controllers\EmployeeController->add_driving()
#7 C:\xampp\htdocs\Big_Project_Code4\system\CodeIgniter.php(412): CodeIgniter\CodeIgniter->runController(Object(App\Controllers\EmployeeController))
#8 C:\xampp\htdocs\Big_Project_Code4\system\CodeIgniter.php(320): CodeIgniter\CodeIgniter->handleRequest(NULL, Object(Config\Cache), false)
#9 C:\xampp\htdocs\Big_Project_Code4\public\index.php(47): CodeIgniter\CodeIgniter->run()
#10 C:\xampp\htdocs\Big_Project_Code4\system\Commands\Server\rewrite.php(43): require_once('C:\\xampp\\htdocs...')
#11 {main}
CRITICAL - 2022-03-11 11:49:59 --> Call to undefined function base()
#0 C:\xampp\htdocs\Big_Project_Code4\system\View\View.php(210): include()
#1 C:\xampp\htdocs\Big_Project_Code4\system\View\View.php(213): CodeIgniter\View\View->CodeIgniter\View\{closure}()
#2 C:\xampp\htdocs\Big_Project_Code4\system\Common.php(1089): CodeIgniter\View\View->render('reservation', Array, true)
#3 C:\xampp\htdocs\Big_Project_Code4\app\Controllers\UserController.php(81): view('reservation', Array)
#4 C:\xampp\htdocs\Big_Project_Code4\system\CodeIgniter.php(825): App\Controllers\UserController->reservation()
#5 C:\xampp\htdocs\Big_Project_Code4\system\CodeIgniter.php(412): CodeIgniter\CodeIgniter->runController(Object(App\Controllers\UserController))
#6 C:\xampp\htdocs\Big_Project_Code4\system\CodeIgniter.php(320): CodeIgniter\CodeIgniter->handleRequest(NULL, Object(Config\Cache), false)
#7 C:\xampp\htdocs\Big_Project_Code4\public\index.php(47): CodeIgniter\CodeIgniter->run()
#8 C:\xampp\htdocs\Big_Project_Code4\system\Commands\Server\rewrite.php(43): require_once('C:\\xampp\\htdocs...')
#9 {main}
CRITICAL - 2022-03-11 11:50:00 --> Call to undefined function base()
#0 C:\xampp\htdocs\Big_Project_Code4\system\View\View.php(210): include()
#1 C:\xampp\htdocs\Big_Project_Code4\system\View\View.php(213): CodeIgniter\View\View->CodeIgniter\View\{closure}()
#2 C:\xampp\htdocs\Big_Project_Code4\system\Common.php(1089): CodeIgniter\View\View->render('reservation', Array, true)
#3 C:\xampp\htdocs\Big_Project_Code4\app\Controllers\UserController.php(81): view('reservation', Array)
#4 C:\xampp\htdocs\Big_Project_Code4\system\CodeIgniter.php(825): App\Controllers\UserController->reservation()
#5 C:\xampp\htdocs\Big_Project_Code4\system\CodeIgniter.php(412): CodeIgniter\CodeIgniter->runController(Object(App\Controllers\UserController))
#6 C:\xampp\htdocs\Big_Project_Code4\system\CodeIgniter.php(320): CodeIgniter\CodeIgniter->handleRequest(NULL, Object(Config\Cache), false)
#7 C:\xampp\htdocs\Big_Project_Code4\public\index.php(47): CodeIgniter\CodeIgniter->run()
#8 C:\xampp\htdocs\Big_Project_Code4\system\Commands\Server\rewrite.php(43): require_once('C:\\xampp\\htdocs...')
#9 {main}
CRITICAL - 2022-03-11 11:51:31 --> Call to undefined function base()
#0 C:\xampp\htdocs\Big_Project_Code4\system\View\View.php(210): include()
#1 C:\xampp\htdocs\Big_Project_Code4\system\View\View.php(213): CodeIgniter\View\View->CodeIgniter\View\{closure}()
#2 C:\xampp\htdocs\Big_Project_Code4\system\Common.php(1089): CodeIgniter\View\View->render('reservation', Array, true)
#3 C:\xampp\htdocs\Big_Project_Code4\app\Controllers\UserController.php(81): view('reservation', Array)
#4 C:\xampp\htdocs\Big_Project_Code4\system\CodeIgniter.php(825): App\Controllers\UserController->reservation()
#5 C:\xampp\htdocs\Big_Project_Code4\system\CodeIgniter.php(412): CodeIgniter\CodeIgniter->runController(Object(App\Controllers\UserController))
#6 C:\xampp\htdocs\Big_Project_Code4\system\CodeIgniter.php(320): CodeIgniter\CodeIgniter->handleRequest(NULL, Object(Config\Cache), false)
#7 C:\xampp\htdocs\Big_Project_Code4\public\index.php(47): CodeIgniter\CodeIgniter->run()
#8 C:\xampp\htdocs\Big_Project_Code4\system\Commands\Server\rewrite.php(43): require_once('C:\\xampp\\htdocs...')
#9 {main}
CRITICAL - 2022-03-11 12:54:59 --> Undefined variable $id
#0 C:\xampp\htdocs\Big_Project_Code4\app\Views\reservation.php(151): CodeIgniter\Debug\Exceptions->errorHandler(2, 'Undefined varia...', 'C:\\xampp\\htdocs...', 151)
#1 C:\xampp\htdocs\Big_Project_Code4\system\View\View.php(210): include('C:\\xampp\\htdocs...')
#2 C:\xampp\htdocs\Big_Project_Code4\system\View\View.php(213): CodeIgniter\View\View->CodeIgniter\View\{closure}()
#3 C:\xampp\htdocs\Big_Project_Code4\system\Common.php(1089): CodeIgniter\View\View->render('reservation', Array, true)
#4 C:\xampp\htdocs\Big_Project_Code4\app\Controllers\UserController.php(81): view('reservation', Array)
#5 C:\xampp\htdocs\Big_Project_Code4\system\CodeIgniter.php(825): App\Controllers\UserController->reservation()
#6 C:\xampp\htdocs\Big_Project_Code4\system\CodeIgniter.php(412): CodeIgniter\CodeIgniter->runController(Object(App\Controllers\UserController))
#7 C:\xampp\htdocs\Big_Project_Code4\system\CodeIgniter.php(320): CodeIgniter\CodeIgniter->handleRequest(NULL, Object(Config\Cache), false)
#8 C:\xampp\htdocs\Big_Project_Code4\public\index.php(47): CodeIgniter\CodeIgniter->run()
#9 C:\xampp\htdocs\Big_Project_Code4\system\Commands\Server\rewrite.php(43): require_once('C:\\xampp\\htdocs...')
#10 {main}
CRITICAL - 2022-03-11 12:55:00 --> Undefined variable $id
#0 C:\xampp\htdocs\Big_Project_Code4\app\Views\reservation.php(151): CodeIgniter\Debug\Exceptions->errorHandler(2, 'Undefined varia...', 'C:\\xampp\\htdocs...', 151)
#1 C:\xampp\htdocs\Big_Project_Code4\system\View\View.php(210): include('C:\\xampp\\htdocs...')
#2 C:\xampp\htdocs\Big_Project_Code4\system\View\View.php(213): CodeIgniter\View\View->CodeIgniter\View\{closure}()
#3 C:\xampp\htdocs\Big_Project_Code4\system\Common.php(1089): CodeIgniter\View\View->render('reservation', Array, true)
#4 C:\xampp\htdocs\Big_Project_Code4\app\Controllers\UserController.php(81): view('reservation', Array)
#5 C:\xampp\htdocs\Big_Project_Code4\system\CodeIgniter.php(825): App\Controllers\UserController->reservation()
#6 C:\xampp\htdocs\Big_Project_Code4\system\CodeIgniter.php(412): CodeIgniter\CodeIgniter->runController(Object(App\Controllers\UserController))
#7 C:\xampp\htdocs\Big_Project_Code4\system\CodeIgniter.php(320): CodeIgniter\CodeIgniter->handleRequest(NULL, Object(Config\Cache), false)
#8 C:\xampp\htdocs\Big_Project_Code4\public\index.php(47): CodeIgniter\CodeIgniter->run()
#9 C:\xampp\htdocs\Big_Project_Code4\system\Commands\Server\rewrite.php(43): require_once('C:\\xampp\\htdocs...')
#10 {main}
CRITICAL - 2022-03-11 12:55:00 --> Undefined variable $id
#0 C:\xampp\htdocs\Big_Project_Code4\app\Views\reservation.php(151): CodeIgniter\Debug\Exceptions->errorHandler(2, 'Undefined varia...', 'C:\\xampp\\htdocs...', 151)
#1 C:\xampp\htdocs\Big_Project_Code4\system\View\View.php(210): include('C:\\xampp\\htdocs...')
#2 C:\xampp\htdocs\Big_Project_Code4\system\View\View.php(213): CodeIgniter\View\View->CodeIgniter\View\{closure}()
#3 C:\xampp\htdocs\Big_Project_Code4\system\Common.php(1089): CodeIgniter\View\View->render('reservation', Array, true)
#4 C:\xampp\htdocs\Big_Project_Code4\app\Controllers\UserController.php(81): view('reservation', Array)
#5 C:\xampp\htdocs\Big_Project_Code4\system\CodeIgniter.php(825): App\Controllers\UserController->reservation()
#6 C:\xampp\htdocs\Big_Project_Code4\system\CodeIgniter.php(412): CodeIgniter\CodeIgniter->runController(Object(App\Controllers\UserController))
#7 C:\xampp\htdocs\Big_Project_Code4\system\CodeIgniter.php(320): CodeIgniter\CodeIgniter->handleRequest(NULL, Object(Config\Cache), false)
#8 C:\xampp\htdocs\Big_Project_Code4\public\index.php(47): CodeIgniter\CodeIgniter->run()
#9 C:\xampp\htdocs\Big_Project_Code4\system\Commands\Server\rewrite.php(43): require_once('C:\\xampp\\htdocs...')
#10 {main}
CRITICAL - 2022-03-11 12:55:00 --> Undefined variable $id
#0 C:\xampp\htdocs\Big_Project_Code4\app\Views\reservation.php(151): CodeIgniter\Debug\Exceptions->errorHandler(2, 'Undefined varia...', 'C:\\xampp\\htdocs...', 151)
#1 C:\xampp\htdocs\Big_Project_Code4\system\View\View.php(210): include('C:\\xampp\\htdocs...')
#2 C:\xampp\htdocs\Big_Project_Code4\system\View\View.php(213): CodeIgniter\View\View->CodeIgniter\View\{closure}()
#3 C:\xampp\htdocs\Big_Project_Code4\system\Common.php(1089): CodeIgniter\View\View->render('reservation', Array, true)
#4 C:\xampp\htdocs\Big_Project_Code4\app\Controllers\UserController.php(81): view('reservation', Array)
#5 C:\xampp\htdocs\Big_Project_Code4\system\CodeIgniter.php(825): App\Controllers\UserController->reservation()
#6 C:\xampp\htdocs\Big_Project_Code4\system\CodeIgniter.php(412): CodeIgniter\CodeIgniter->runController(Object(App\Controllers\UserController))
#7 C:\xampp\htdocs\Big_Project_Code4\system\CodeIgniter.php(320): CodeIgniter\CodeIgniter->handleRequest(NULL, Object(Config\Cache), false)
#8 C:\xampp\htdocs\Big_Project_Code4\public\index.php(47): CodeIgniter\CodeIgniter->run()
#9 C:\xampp\htdocs\Big_Project_Code4\system\Commands\Server\rewrite.php(43): require_once('C:\\xampp\\htdocs...')
#10 {main}
CRITICAL - 2022-03-11 12:55:36 --> Undefined variable $id
#0 C:\xampp\htdocs\Big_Project_Code4\app\Views\reservation.php(151): CodeIgniter\Debug\Exceptions->errorHandler(2, 'Undefined varia...', 'C:\\xampp\\htdocs...', 151)
#1 C:\xampp\htdocs\Big_Project_Code4\system\View\View.php(210): include('C:\\xampp\\htdocs...')
#2 C:\xampp\htdocs\Big_Project_Code4\system\View\View.php(213): CodeIgniter\View\View->CodeIgniter\View\{closure}()
#3 C:\xampp\htdocs\Big_Project_Code4\system\Common.php(1089): CodeIgniter\View\View->render('reservation', Array, true)
#4 C:\xampp\htdocs\Big_Project_Code4\app\Controllers\UserController.php(81): view('reservation', Array)
#5 C:\xampp\htdocs\Big_Project_Code4\system\CodeIgniter.php(825): App\Controllers\UserController->reservation()
#6 C:\xampp\htdocs\Big_Project_Code4\system\CodeIgniter.php(412): CodeIgniter\CodeIgniter->runController(Object(App\Controllers\UserController))
#7 C:\xampp\htdocs\Big_Project_Code4\system\CodeIgniter.php(320): CodeIgniter\CodeIgniter->handleRequest(NULL, Object(Config\Cache), false)
#8 C:\xampp\htdocs\Big_Project_Code4\public\index.php(47): CodeIgniter\CodeIgniter->run()
#9 C:\xampp\htdocs\Big_Project_Code4\system\Commands\Server\rewrite.php(43): require_once('C:\\xampp\\htdocs...')
#10 {main}
CRITICAL - 2022-03-11 12:55:36 --> Undefined variable $id
#0 C:\xampp\htdocs\Big_Project_Code4\app\Views\reservation.php(151): CodeIgniter\Debug\Exceptions->errorHandler(2, 'Undefined varia...', 'C:\\xampp\\htdocs...', 151)
#1 C:\xampp\htdocs\Big_Project_Code4\system\View\View.php(210): include('C:\\xampp\\htdocs...')
#2 C:\xampp\htdocs\Big_Project_Code4\system\View\View.php(213): CodeIgniter\View\View->CodeIgniter\View\{closure}()
#3 C:\xampp\htdocs\Big_Project_Code4\system\Common.php(1089): CodeIgniter\View\View->render('reservation', Array, true)
#4 C:\xampp\htdocs\Big_Project_Code4\app\Controllers\UserController.php(81): view('reservation', Array)
#5 C:\xampp\htdocs\Big_Project_Code4\system\CodeIgniter.php(825): App\Controllers\UserController->reservation()
#6 C:\xampp\htdocs\Big_Project_Code4\system\CodeIgniter.php(412): CodeIgniter\CodeIgniter->runController(Object(App\Controllers\UserController))
#7 C:\xampp\htdocs\Big_Project_Code4\system\CodeIgniter.php(320): CodeIgniter\CodeIgniter->handleRequest(NULL, Object(Config\Cache), false)
#8 C:\xampp\htdocs\Big_Project_Code4\public\index.php(47): CodeIgniter\CodeIgniter->run()
#9 C:\xampp\htdocs\Big_Project_Code4\system\Commands\Server\rewrite.php(43): require_once('C:\\xampp\\htdocs...')
#10 {main}
CRITICAL - 2022-03-11 13:22:29 --> Undefined variable $station_getStation_NK
#0 C:\xampp\htdocs\Big_Project_Code4\app\Views\reservation.php(32): CodeIgniter\Debug\Exceptions->errorHandler(2, 'Undefined varia...', 'C:\\xampp\\htdocs...', 32)
#1 C:\xampp\htdocs\Big_Project_Code4\system\View\View.php(210): include('C:\\xampp\\htdocs...')
#2 C:\xampp\htdocs\Big_Project_Code4\system\View\View.php(213): CodeIgniter\View\View->CodeIgniter\View\{closure}()
#3 C:\xampp\htdocs\Big_Project_Code4\system\Common.php(1089): CodeIgniter\View\View->render('/reservation', Array, true)
#4 C:\xampp\htdocs\Big_Project_Code4\app\Controllers\TicketController.php(68): view('/reservation', Array)
#5 C:\xampp\htdocs\Big_Project_Code4\system\CodeIgniter.php(825): App\Controllers\TicketController->getTicketPriceBySelect()
#6 C:\xampp\htdocs\Big_Project_Code4\system\CodeIgniter.php(412): CodeIgniter\CodeIgniter->runController(Object(App\Controllers\TicketController))
#7 C:\xampp\htdocs\Big_Project_Code4\system\CodeIgniter.php(320): CodeIgniter\CodeIgniter->handleRequest(NULL, Object(Config\Cache), false)
#8 C:\xampp\htdocs\Big_Project_Code4\public\index.php(47): CodeIgniter\CodeIgniter->run()
#9 C:\xampp\htdocs\Big_Project_Code4\system\Commands\Server\rewrite.php(43): require_once('C:\\xampp\\htdocs...')
#10 {main}
CRITICAL - 2022-03-11 13:22:30 --> Undefined variable $station_getStation_NK
#0 C:\xampp\htdocs\Big_Project_Code4\app\Views\reservation.php(32): CodeIgniter\Debug\Exceptions->errorHandler(2, 'Undefined varia...', 'C:\\xampp\\htdocs...', 32)
#1 C:\xampp\htdocs\Big_Project_Code4\system\View\View.php(210): include('C:\\xampp\\htdocs...')
#2 C:\xampp\htdocs\Big_Project_Code4\system\View\View.php(213): CodeIgniter\View\View->CodeIgniter\View\{closure}()
#3 C:\xampp\htdocs\Big_Project_Code4\system\Common.php(1089): CodeIgniter\View\View->render('/reservation', Array, true)
#4 C:\xampp\htdocs\Big_Project_Code4\app\Controllers\TicketController.php(68): view('/reservation', Array)
#5 C:\xampp\htdocs\Big_Project_Code4\system\CodeIgniter.php(825): App\Controllers\TicketController->getTicketPriceBySelect()
#6 C:\xampp\htdocs\Big_Project_Code4\system\CodeIgniter.php(412): CodeIgniter\CodeIgniter->runController(Object(App\Controllers\TicketController))
#7 C:\xampp\htdocs\Big_Project_Code4\system\CodeIgniter.php(320): CodeIgniter\CodeIgniter->handleRequest(NULL, Object(Config\Cache), false)
#8 C:\xampp\htdocs\Big_Project_Code4\public\index.php(47): CodeIgniter\CodeIgniter->run()
#9 C:\xampp\htdocs\Big_Project_Code4\system\Commands\Server\rewrite.php(43): require_once('C:\\xampp\\htdocs...')
#10 {main}
CRITICAL - 2022-03-11 13:24:14 --> Undefined variable $station_getStation_NK
#0 C:\xampp\htdocs\Big_Project_Code4\app\Views\reservation.php(32): CodeIgniter\Debug\Exceptions->errorHandler(2, 'Undefined varia...', 'C:\\xampp\\htdocs...', 32)
#1 C:\xampp\htdocs\Big_Project_Code4\system\View\View.php(210): include('C:\\xampp\\htdocs...')
#2 C:\xampp\htdocs\Big_Project_Code4\system\View\View.php(213): CodeIgniter\View\View->CodeIgniter\View\{closure}()
#3 C:\xampp\htdocs\Big_Project_Code4\system\Common.php(1089): CodeIgniter\View\View->render('/reservation', Array, true)
#4 C:\xampp\htdocs\Big_Project_Code4\app\Controllers\TicketController.php(68): view('/reservation', Array)
#5 C:\xampp\htdocs\Big_Project_Code4\system\CodeIgniter.php(825): App\Controllers\TicketController->getTicketPriceBySelect()
#6 C:\xampp\htdocs\Big_Project_Code4\system\CodeIgniter.php(412): CodeIgniter\CodeIgniter->runController(Object(App\Controllers\TicketController))
#7 C:\xampp\htdocs\Big_Project_Code4\system\CodeIgniter.php(320): CodeIgniter\CodeIgniter->handleRequest(NULL, Object(Config\Cache), false)
#8 C:\xampp\htdocs\Big_Project_Code4\public\index.php(47): CodeIgniter\CodeIgniter->run()
#9 C:\xampp\htdocs\Big_Project_Code4\system\Commands\Server\rewrite.php(43): require_once('C:\\xampp\\htdocs...')
#10 {main}
CRITICAL - 2022-03-11 13:24:15 --> Undefined variable $station_getStation_NK
#0 C:\xampp\htdocs\Big_Project_Code4\app\Views\reservation.php(32): CodeIgniter\Debug\Exceptions->errorHandler(2, 'Undefined varia...', 'C:\\xampp\\htdocs...', 32)
#1 C:\xampp\htdocs\Big_Project_Code4\system\View\View.php(210): include('C:\\xampp\\htdocs...')
#2 C:\xampp\htdocs\Big_Project_Code4\system\View\View.php(213): CodeIgniter\View\View->CodeIgniter\View\{closure}()
#3 C:\xampp\htdocs\Big_Project_Code4\system\Common.php(1089): CodeIgniter\View\View->render('/reservation', Array, true)
#4 C:\xampp\htdocs\Big_Project_Code4\app\Controllers\TicketController.php(68): view('/reservation', Array)
#5 C:\xampp\htdocs\Big_Project_Code4\system\CodeIgniter.php(825): App\Controllers\TicketController->getTicketPriceBySelect()
#6 C:\xampp\htdocs\Big_Project_Code4\system\CodeIgniter.php(412): CodeIgniter\CodeIgniter->runController(Object(App\Controllers\TicketController))
#7 C:\xampp\htdocs\Big_Project_Code4\system\CodeIgniter.php(320): CodeIgniter\CodeIgniter->handleRequest(NULL, Object(Config\Cache), false)
#8 C:\xampp\htdocs\Big_Project_Code4\public\index.php(47): CodeIgniter\CodeIgniter->run()
#9 C:\xampp\htdocs\Big_Project_Code4\system\Commands\Server\rewrite.php(43): require_once('C:\\xampp\\htdocs...')
#10 {main}
CRITICAL - 2022-03-11 13:24:43 --> Undefined variable $station_getStation_NK
#0 C:\xampp\htdocs\Big_Project_Code4\app\Views\reservation.php(32): CodeIgniter\Debug\Exceptions->errorHandler(2, 'Undefined varia...', 'C:\\xampp\\htdocs...', 32)
#1 C:\xampp\htdocs\Big_Project_Code4\system\View\View.php(210): include('C:\\xampp\\htdocs...')
#2 C:\xampp\htdocs\Big_Project_Code4\system\View\View.php(213): CodeIgniter\View\View->CodeIgniter\View\{closure}()
#3 C:\xampp\htdocs\Big_Project_Code4\system\Common.php(1089): CodeIgniter\View\View->render('/reservation', Array, true)
#4 C:\xampp\htdocs\Big_Project_Code4\app\Controllers\TicketController.php(68): view('/reservation', Array)
#5 C:\xampp\htdocs\Big_Project_Code4\system\CodeIgniter.php(825): App\Controllers\TicketController->getTicketPriceBySelect()
#6 C:\xampp\htdocs\Big_Project_Code4\system\CodeIgniter.php(412): CodeIgniter\CodeIgniter->runController(Object(App\Controllers\TicketController))
#7 C:\xampp\htdocs\Big_Project_Code4\system\CodeIgniter.php(320): CodeIgniter\CodeIgniter->handleRequest(NULL, Object(Config\Cache), false)
#8 C:\xampp\htdocs\Big_Project_Code4\public\index.php(47): CodeIgniter\CodeIgniter->run()
#9 C:\xampp\htdocs\Big_Project_Code4\system\Commands\Server\rewrite.php(43): require_once('C:\\xampp\\htdocs...')
#10 {main}
CRITICAL - 2022-03-11 13:24:51 --> Undefined variable $station_getStation_NK
#0 C:\xampp\htdocs\Big_Project_Code4\app\Views\reservation.php(32): CodeIgniter\Debug\Exceptions->errorHandler(2, 'Undefined varia...', 'C:\\xampp\\htdocs...', 32)
#1 C:\xampp\htdocs\Big_Project_Code4\system\View\View.php(210): include('C:\\xampp\\htdocs...')
#2 C:\xampp\htdocs\Big_Project_Code4\system\View\View.php(213): CodeIgniter\View\View->CodeIgniter\View\{closure}()
#3 C:\xampp\htdocs\Big_Project_Code4\system\Common.php(1089): CodeIgniter\View\View->render('/reservation', Array, true)
#4 C:\xampp\htdocs\Big_Project_Code4\app\Controllers\TicketController.php(68): view('/reservation', Array)
#5 C:\xampp\htdocs\Big_Project_Code4\system\CodeIgniter.php(825): App\Controllers\TicketController->getTicketPriceBySelect()
#6 C:\xampp\htdocs\Big_Project_Code4\system\CodeIgniter.php(412): CodeIgniter\CodeIgniter->runController(Object(App\Controllers\TicketController))
#7 C:\xampp\htdocs\Big_Project_Code4\system\CodeIgniter.php(320): CodeIgniter\CodeIgniter->handleRequest(NULL, Object(Config\Cache), false)
#8 C:\xampp\htdocs\Big_Project_Code4\public\index.php(47): CodeIgniter\CodeIgniter->run()
#9 C:\xampp\htdocs\Big_Project_Code4\system\Commands\Server\rewrite.php(43): require_once('C:\\xampp\\htdocs...')
#10 {main}
CRITICAL - 2022-03-11 13:24:59 --> Undefined variable $station_getStation_NK
#0 C:\xampp\htdocs\Big_Project_Code4\app\Views\reservation.php(32): CodeIgniter\Debug\Exceptions->errorHandler(2, 'Undefined varia...', 'C:\\xampp\\htdocs...', 32)
#1 C:\xampp\htdocs\Big_Project_Code4\system\View\View.php(210): include('C:\\xampp\\htdocs...')
#2 C:\xampp\htdocs\Big_Project_Code4\system\View\View.php(213): CodeIgniter\View\View->CodeIgniter\View\{closure}()
#3 C:\xampp\htdocs\Big_Project_Code4\system\Common.php(1089): CodeIgniter\View\View->render('/reservation', Array, true)
#4 C:\xampp\htdocs\Big_Project_Code4\app\Controllers\TicketController.php(68): view('/reservation', Array)
#5 C:\xampp\htdocs\Big_Project_Code4\system\CodeIgniter.php(825): App\Controllers\TicketController->getTicketPriceBySelect()
#6 C:\xampp\htdocs\Big_Project_Code4\system\CodeIgniter.php(412): CodeIgniter\CodeIgniter->runController(Object(App\Controllers\TicketController))
#7 C:\xampp\htdocs\Big_Project_Code4\system\CodeIgniter.php(320): CodeIgniter\CodeIgniter->handleRequest(NULL, Object(Config\Cache), false)
#8 C:\xampp\htdocs\Big_Project_Code4\public\index.php(47): CodeIgniter\CodeIgniter->run()
#9 C:\xampp\htdocs\Big_Project_Code4\system\Commands\Server\rewrite.php(43): require_once('C:\\xampp\\htdocs...')
#10 {main}
CRITICAL - 2022-03-11 13:25:12 --> Undefined variable $station_getStation_NK
#0 C:\xampp\htdocs\Big_Project_Code4\app\Views\reservation.php(32): CodeIgniter\Debug\Exceptions->errorHandler(2, 'Undefined varia...', 'C:\\xampp\\htdocs...', 32)
#1 C:\xampp\htdocs\Big_Project_Code4\system\View\View.php(210): include('C:\\xampp\\htdocs...')
#2 C:\xampp\htdocs\Big_Project_Code4\system\View\View.php(213): CodeIgniter\View\View->CodeIgniter\View\{closure}()
#3 C:\xampp\htdocs\Big_Project_Code4\system\Common.php(1089): CodeIgniter\View\View->render('/reservation', Array, true)
#4 C:\xampp\htdocs\Big_Project_Code4\app\Controllers\TicketController.php(68): view('/reservation', Array)
#5 C:\xampp\htdocs\Big_Project_Code4\system\CodeIgniter.php(825): App\Controllers\TicketController->getTicketPriceBySelect()
#6 C:\xampp\htdocs\Big_Project_Code4\system\CodeIgniter.php(412): CodeIgniter\CodeIgniter->runController(Object(App\Controllers\TicketController))
#7 C:\xampp\htdocs\Big_Project_Code4\system\CodeIgniter.php(320): CodeIgniter\CodeIgniter->handleRequest(NULL, Object(Config\Cache), false)
#8 C:\xampp\htdocs\Big_Project_Code4\public\index.php(47): CodeIgniter\CodeIgniter->run()
#9 C:\xampp\htdocs\Big_Project_Code4\system\Commands\Server\rewrite.php(43): require_once('C:\\xampp\\htdocs...')
#10 {main}
CRITICAL - 2022-03-11 13:27:34 --> Undefined variable $station_getStation_NK
#0 C:\xampp\htdocs\Big_Project_Code4\app\Views\reservation.php(32): CodeIgniter\Debug\Exceptions->errorHandler(2, 'Undefined varia...', 'C:\\xampp\\htdocs...', 32)
#1 C:\xampp\htdocs\Big_Project_Code4\system\View\View.php(210): include('C:\\xampp\\htdocs...')
#2 C:\xampp\htdocs\Big_Project_Code4\system\View\View.php(213): CodeIgniter\View\View->CodeIgniter\View\{closure}()
#3 C:\xampp\htdocs\Big_Project_Code4\system\Common.php(1089): CodeIgniter\View\View->render('/reservation', Array, true)
#4 C:\xampp\htdocs\Big_Project_Code4\app\Controllers\TicketController.php(68): view('/reservation', Array)
#5 C:\xampp\htdocs\Big_Project_Code4\system\CodeIgniter.php(825): App\Controllers\TicketController->getTicketPriceBySelect()
#6 C:\xampp\htdocs\Big_Project_Code4\system\CodeIgniter.php(412): CodeIgniter\CodeIgniter->runController(Object(App\Controllers\TicketController))
#7 C:\xampp\htdocs\Big_Project_Code4\system\CodeIgniter.php(320): CodeIgniter\CodeIgniter->handleRequest(NULL, Object(Config\Cache), false)
#8 C:\xampp\htdocs\Big_Project_Code4\public\index.php(47): CodeIgniter\CodeIgniter->run()
#9 C:\xampp\htdocs\Big_Project_Code4\system\Commands\Server\rewrite.php(43): require_once('C:\\xampp\\htdocs...')
#10 {main}
CRITICAL - 2022-03-11 13:27:35 --> Undefined variable $station_getStation_NK
#0 C:\xampp\htdocs\Big_Project_Code4\app\Views\reservation.php(32): CodeIgniter\Debug\Exceptions->errorHandler(2, 'Undefined varia...', 'C:\\xampp\\htdocs...', 32)
#1 C:\xampp\htdocs\Big_Project_Code4\system\View\View.php(210): include('C:\\xampp\\htdocs...')
#2 C:\xampp\htdocs\Big_Project_Code4\system\View\View.php(213): CodeIgniter\View\View->CodeIgniter\View\{closure}()
#3 C:\xampp\htdocs\Big_Project_Code4\system\Common.php(1089): CodeIgniter\View\View->render('/reservation', Array, true)
#4 C:\xampp\htdocs\Big_Project_Code4\app\Controllers\TicketController.php(68): view('/reservation', Array)
#5 C:\xampp\htdocs\Big_Project_Code4\system\CodeIgniter.php(825): App\Controllers\TicketController->getTicketPriceBySelect()
#6 C:\xampp\htdocs\Big_Project_Code4\system\CodeIgniter.php(412): CodeIgniter\CodeIgniter->runController(Object(App\Controllers\TicketController))
#7 C:\xampp\htdocs\Big_Project_Code4\system\CodeIgniter.php(320): CodeIgniter\CodeIgniter->handleRequest(NULL, Object(Config\Cache), false)
#8 C:\xampp\htdocs\Big_Project_Code4\public\index.php(47): CodeIgniter\CodeIgniter->run()
#9 C:\xampp\htdocs\Big_Project_Code4\system\Commands\Server\rewrite.php(43): require_once('C:\\xampp\\htdocs...')
#10 {main}
CRITICAL - 2022-03-11 13:31:17 --> Undefined variable $station_getStation_NK
#0 C:\xampp\htdocs\Big_Project_Code4\app\Views\reservation.php(32): CodeIgniter\Debug\Exceptions->errorHandler(2, 'Undefined varia...', 'C:\\xampp\\htdocs...', 32)
#1 C:\xampp\htdocs\Big_Project_Code4\system\View\View.php(210): include('C:\\xampp\\htdocs...')
#2 C:\xampp\htdocs\Big_Project_Code4\system\View\View.php(213): CodeIgniter\View\View->CodeIgniter\View\{closure}()
#3 C:\xampp\htdocs\Big_Project_Code4\system\Common.php(1089): CodeIgniter\View\View->render('/reservation', Array, true)
#4 C:\xampp\htdocs\Big_Project_Code4\app\Controllers\TicketController.php(68): view('/reservation', Array)
#5 C:\xampp\htdocs\Big_Project_Code4\system\CodeIgniter.php(825): App\Controllers\TicketController->getTicketPriceBySelect()
#6 C:\xampp\htdocs\Big_Project_Code4\system\CodeIgniter.php(412): CodeIgniter\CodeIgniter->runController(Object(App\Controllers\TicketController))
#7 C:\xampp\htdocs\Big_Project_Code4\system\CodeIgniter.php(320): CodeIgniter\CodeIgniter->handleRequest(NULL, Object(Config\Cache), false)
#8 C:\xampp\htdocs\Big_Project_Code4\public\index.php(47): CodeIgniter\CodeIgniter->run()
#9 C:\xampp\htdocs\Big_Project_Code4\system\Commands\Server\rewrite.php(43): require_once('C:\\xampp\\htdocs...')
#10 {main}
CRITICAL - 2022-03-11 13:32:04 --> Undefined variable $station_getStation_NK
#0 C:\xampp\htdocs\Big_Project_Code4\app\Views\reservation.php(32): CodeIgniter\Debug\Exceptions->errorHandler(2, 'Undefined varia...', 'C:\\xampp\\htdocs...', 32)
#1 C:\xampp\htdocs\Big_Project_Code4\system\View\View.php(210): include('C:\\xampp\\htdocs...')
#2 C:\xampp\htdocs\Big_Project_Code4\system\View\View.php(213): CodeIgniter\View\View->CodeIgniter\View\{closure}()
#3 C:\xampp\htdocs\Big_Project_Code4\system\Common.php(1089): CodeIgniter\View\View->render('/reservation', Array, true)
#4 C:\xampp\htdocs\Big_Project_Code4\app\Controllers\TicketController.php(68): view('/reservation', Array)
#5 C:\xampp\htdocs\Big_Project_Code4\system\CodeIgniter.php(825): App\Controllers\TicketController->getTicketPriceBySelect()
#6 C:\xampp\htdocs\Big_Project_Code4\system\CodeIgniter.php(412): CodeIgniter\CodeIgniter->runController(Object(App\Controllers\TicketController))
#7 C:\xampp\htdocs\Big_Project_Code4\system\CodeIgniter.php(320): CodeIgniter\CodeIgniter->handleRequest(NULL, Object(Config\Cache), false)
#8 C:\xampp\htdocs\Big_Project_Code4\public\index.php(47): CodeIgniter\CodeIgniter->run()
#9 C:\xampp\htdocs\Big_Project_Code4\system\Commands\Server\rewrite.php(43): require_once('C:\\xampp\\htdocs...')
#10 {main}
CRITICAL - 2022-03-11 20:52:20 --> syntax error, unexpected token ")"
#0 C:\xampp\htdocs\Big_Project_Code4\system\Autoloader\Autoloader.php(241): CodeIgniter\Autoloader\Autoloader->includeFile('C:\\xampp\\htdocs...')
#1 C:\xampp\htdocs\Big_Project_Code4\system\Autoloader\Autoloader.php(219): CodeIgniter\Autoloader\Autoloader->loadInNamespace('App\\Controllers...')
#2 [internal function]: CodeIgniter\Autoloader\Autoloader->loadClass('App\\Controllers...')
#3 C:\xampp\htdocs\Big_Project_Code4\system\CodeIgniter.php(790): class_exists('\\App\\Controller...', true)
#4 C:\xampp\htdocs\Big_Project_Code4\system\CodeIgniter.php(399): CodeIgniter\CodeIgniter->startController()
#5 C:\xampp\htdocs\Big_Project_Code4\system\CodeIgniter.php(320): CodeIgniter\CodeIgniter->handleRequest(NULL, Object(Config\Cache), false)
#6 C:\xampp\htdocs\Big_Project_Code4\public\index.php(47): CodeIgniter\CodeIgniter->run()
#7 C:\xampp\htdocs\Big_Project_Code4\system\Commands\Server\rewrite.php(43): require_once('C:\\xampp\\htdocs...')
#8 {main}
CRITICAL - 2022-03-11 20:52:21 --> syntax error, unexpected token ")"
#0 C:\xampp\htdocs\Big_Project_Code4\system\Autoloader\Autoloader.php(241): CodeIgniter\Autoloader\Autoloader->includeFile('C:\\xampp\\htdocs...')
#1 C:\xampp\htdocs\Big_Project_Code4\system\Autoloader\Autoloader.php(219): CodeIgniter\Autoloader\Autoloader->loadInNamespace('App\\Controllers...')
#2 [internal function]: CodeIgniter\Autoloader\Autoloader->loadClass('App\\Controllers...')
#3 C:\xampp\htdocs\Big_Project_Code4\system\CodeIgniter.php(790): class_exists('\\App\\Controller...', true)
#4 C:\xampp\htdocs\Big_Project_Code4\system\CodeIgniter.php(399): CodeIgniter\CodeIgniter->startController()
#5 C:\xampp\htdocs\Big_Project_Code4\system\CodeIgniter.php(320): CodeIgniter\CodeIgniter->handleRequest(NULL, Object(Config\Cache), false)
#6 C:\xampp\htdocs\Big_Project_Code4\public\index.php(47): CodeIgniter\CodeIgniter->run()
#7 C:\xampp\htdocs\Big_Project_Code4\system\Commands\Server\rewrite.php(43): require_once('C:\\xampp\\htdocs...')
#8 {main}
CRITICAL - 2022-03-11 20:52:21 --> syntax error, unexpected token ")"
#0 C:\xampp\htdocs\Big_Project_Code4\system\Autoloader\Autoloader.php(241): CodeIgniter\Autoloader\Autoloader->includeFile('C:\\xampp\\htdocs...')
#1 C:\xampp\htdocs\Big_Project_Code4\system\Autoloader\Autoloader.php(219): CodeIgniter\Autoloader\Autoloader->loadInNamespace('App\\Controllers...')
#2 [internal function]: CodeIgniter\Autoloader\Autoloader->loadClass('App\\Controllers...')
#3 C:\xampp\htdocs\Big_Project_Code4\system\CodeIgniter.php(790): class_exists('\\App\\Controller...', true)
#4 C:\xampp\htdocs\Big_Project_Code4\system\CodeIgniter.php(399): CodeIgniter\CodeIgniter->startController()
#5 C:\xampp\htdocs\Big_Project_Code4\system\CodeIgniter.php(320): CodeIgniter\CodeIgniter->handleRequest(NULL, Object(Config\Cache), false)
#6 C:\xampp\htdocs\Big_Project_Code4\public\index.php(47): CodeIgniter\CodeIgniter->run()
#7 C:\xampp\htdocs\Big_Project_Code4\system\Commands\Server\rewrite.php(43): require_once('C:\\xampp\\htdocs...')
#8 {main}
CRITICAL - 2022-03-11 20:52:21 --> syntax error, unexpected token ")"
#0 C:\xampp\htdocs\Big_Project_Code4\system\Autoloader\Autoloader.php(241): CodeIgniter\Autoloader\Autoloader->includeFile('C:\\xampp\\htdocs...')
#1 C:\xampp\htdocs\Big_Project_Code4\system\Autoloader\Autoloader.php(219): CodeIgniter\Autoloader\Autoloader->loadInNamespace('App\\Controllers...')
#2 [internal function]: CodeIgniter\Autoloader\Autoloader->loadClass('App\\Controllers...')
#3 C:\xampp\htdocs\Big_Project_Code4\system\CodeIgniter.php(790): class_exists('\\App\\Controller...', true)
#4 C:\xampp\htdocs\Big_Project_Code4\system\CodeIgniter.php(399): CodeIgniter\CodeIgniter->startController()
#5 C:\xampp\htdocs\Big_Project_Code4\system\CodeIgniter.php(320): CodeIgniter\CodeIgniter->handleRequest(NULL, Object(Config\Cache), false)
#6 C:\xampp\htdocs\Big_Project_Code4\public\index.php(47): CodeIgniter\CodeIgniter->run()
#7 C:\xampp\htdocs\Big_Project_Code4\system\Commands\Server\rewrite.php(43): require_once('C:\\xampp\\htdocs...')
#8 {main}
CRITICAL - 2022-03-11 20:52:22 --> syntax error, unexpected token ")"
#0 C:\xampp\htdocs\Big_Project_Code4\system\Autoloader\Autoloader.php(241): CodeIgniter\Autoloader\Autoloader->includeFile('C:\\xampp\\htdocs...')
#1 C:\xampp\htdocs\Big_Project_Code4\system\Autoloader\Autoloader.php(219): CodeIgniter\Autoloader\Autoloader->loadInNamespace('App\\Controllers...')
#2 [internal function]: CodeIgniter\Autoloader\Autoloader->loadClass('App\\Controllers...')
#3 C:\xampp\htdocs\Big_Project_Code4\system\CodeIgniter.php(790): class_exists('\\App\\Controller...', true)
#4 C:\xampp\htdocs\Big_Project_Code4\system\CodeIgniter.php(399): CodeIgniter\CodeIgniter->startController()
#5 C:\xampp\htdocs\Big_Project_Code4\system\CodeIgniter.php(320): CodeIgniter\CodeIgniter->handleRequest(NULL, Object(Config\Cache), false)
#6 C:\xampp\htdocs\Big_Project_Code4\public\index.php(47): CodeIgniter\CodeIgniter->run()
#7 C:\xampp\htdocs\Big_Project_Code4\system\Commands\Server\rewrite.php(43): require_once('C:\\xampp\\htdocs...')
#8 {main}
CRITICAL - 2022-03-11 20:52:22 --> syntax error, unexpected token ")"
#0 C:\xampp\htdocs\Big_Project_Code4\system\Autoloader\Autoloader.php(241): CodeIgniter\Autoloader\Autoloader->includeFile('C:\\xampp\\htdocs...')
#1 C:\xampp\htdocs\Big_Project_Code4\system\Autoloader\Autoloader.php(219): CodeIgniter\Autoloader\Autoloader->loadInNamespace('App\\Controllers...')
#2 [internal function]: CodeIgniter\Autoloader\Autoloader->loadClass('App\\Controllers...')
#3 C:\xampp\htdocs\Big_Project_Code4\system\CodeIgniter.php(790): class_exists('\\App\\Controller...', true)
#4 C:\xampp\htdocs\Big_Project_Code4\system\CodeIgniter.php(399): CodeIgniter\CodeIgniter->startController()
#5 C:\xampp\htdocs\Big_Project_Code4\system\CodeIgniter.php(320): CodeIgniter\CodeIgniter->handleRequest(NULL, Object(Config\Cache), false)
#6 C:\xampp\htdocs\Big_Project_Code4\public\index.php(47): CodeIgniter\CodeIgniter->run()
#7 C:\xampp\htdocs\Big_Project_Code4\system\Commands\Server\rewrite.php(43): require_once('C:\\xampp\\htdocs...')
#8 {main}
CRITICAL - 2022-03-11 20:57:26 --> syntax error, unexpected token "public"
#0 C:\xampp\htdocs\Big_Project_Code4\system\Router\Router.php(175): CodeIgniter\Router\Router->autoRoute('UserController/...')
#1 C:\xampp\htdocs\Big_Project_Code4\system\CodeIgniter.php(719): CodeIgniter\Router\Router->handle('UserController/...')
#2 C:\xampp\htdocs\Big_Project_Code4\system\CodeIgniter.php(361): CodeIgniter\CodeIgniter->tryToRouteIt(Object(CodeIgniter\Router\RouteCollection))
#3 C:\xampp\htdocs\Big_Project_Code4\system\CodeIgniter.php(320): CodeIgniter\CodeIgniter->handleRequest(NULL, Object(Config\Cache), false)
#4 C:\xampp\htdocs\Big_Project_Code4\public\index.php(47): CodeIgniter\CodeIgniter->run()
#5 C:\xampp\htdocs\Big_Project_Code4\system\Commands\Server\rewrite.php(43): require_once('C:\\xampp\\htdocs...')
#6 {main}
CRITICAL - 2022-03-11 20:57:27 --> syntax error, unexpected token "public"
#0 C:\xampp\htdocs\Big_Project_Code4\system\Router\Router.php(175): CodeIgniter\Router\Router->autoRoute('UserController/...')
#1 C:\xampp\htdocs\Big_Project_Code4\system\CodeIgniter.php(719): CodeIgniter\Router\Router->handle('UserController/...')
#2 C:\xampp\htdocs\Big_Project_Code4\system\CodeIgniter.php(361): CodeIgniter\CodeIgniter->tryToRouteIt(Object(CodeIgniter\Router\RouteCollection))
#3 C:\xampp\htdocs\Big_Project_Code4\system\CodeIgniter.php(320): CodeIgniter\CodeIgniter->handleRequest(NULL, Object(Config\Cache), false)
#4 C:\xampp\htdocs\Big_Project_Code4\public\index.php(47): CodeIgniter\CodeIgniter->run()
#5 C:\xampp\htdocs\Big_Project_Code4\system\Commands\Server\rewrite.php(43): require_once('C:\\xampp\\htdocs...')
#6 {main}
CRITICAL - 2022-03-11 20:57:27 --> syntax error, unexpected token "public"
#0 C:\xampp\htdocs\Big_Project_Code4\system\Router\Router.php(175): CodeIgniter\Router\Router->autoRoute('UserController/...')
#1 C:\xampp\htdocs\Big_Project_Code4\system\CodeIgniter.php(719): CodeIgniter\Router\Router->handle('UserController/...')
#2 C:\xampp\htdocs\Big_Project_Code4\system\CodeIgniter.php(361): CodeIgniter\CodeIgniter->tryToRouteIt(Object(CodeIgniter\Router\RouteCollection))
#3 C:\xampp\htdocs\Big_Project_Code4\system\CodeIgniter.php(320): CodeIgniter\CodeIgniter->handleRequest(NULL, Object(Config\Cache), false)
#4 C:\xampp\htdocs\Big_Project_Code4\public\index.php(47): CodeIgniter\CodeIgniter->run()
#5 C:\xampp\htdocs\Big_Project_Code4\system\Commands\Server\rewrite.php(43): require_once('C:\\xampp\\htdocs...')
#6 {main}
CRITICAL - 2022-03-11 20:57:27 --> syntax error, unexpected token "public"
#0 C:\xampp\htdocs\Big_Project_Code4\system\Router\Router.php(175): CodeIgniter\Router\Router->autoRoute('UserController/...')
#1 C:\xampp\htdocs\Big_Project_Code4\system\CodeIgniter.php(719): CodeIgniter\Router\Router->handle('UserController/...')
#2 C:\xampp\htdocs\Big_Project_Code4\system\CodeIgniter.php(361): CodeIgniter\CodeIgniter->tryToRouteIt(Object(CodeIgniter\Router\RouteCollection))
#3 C:\xampp\htdocs\Big_Project_Code4\system\CodeIgniter.php(320): CodeIgniter\CodeIgniter->handleRequest(NULL, Object(Config\Cache), false)
#4 C:\xampp\htdocs\Big_Project_Code4\public\index.php(47): CodeIgniter\CodeIgniter->run()
#5 C:\xampp\htdocs\Big_Project_Code4\system\Commands\Server\rewrite.php(43): require_once('C:\\xampp\\htdocs...')
#6 {main}
CRITICAL - 2022-03-11 20:57:28 --> syntax error, unexpected token "public"
#0 C:\xampp\htdocs\Big_Project_Code4\system\Router\Router.php(175): CodeIgniter\Router\Router->autoRoute('UserController/...')
#1 C:\xampp\htdocs\Big_Project_Code4\system\CodeIgniter.php(719): CodeIgniter\Router\Router->handle('UserController/...')
#2 C:\xampp\htdocs\Big_Project_Code4\system\CodeIgniter.php(361): CodeIgniter\CodeIgniter->tryToRouteIt(Object(CodeIgniter\Router\RouteCollection))
#3 C:\xampp\htdocs\Big_Project_Code4\system\CodeIgniter.php(320): CodeIgniter\CodeIgniter->handleRequest(NULL, Object(Config\Cache), false)
#4 C:\xampp\htdocs\Big_Project_Code4\public\index.php(47): CodeIgniter\CodeIgniter->run()
#5 C:\xampp\htdocs\Big_Project_Code4\system\Commands\Server\rewrite.php(43): require_once('C:\\xampp\\htdocs...')
#6 {main}
CRITICAL - 2022-03-11 21:23:09 --> syntax error, unexpected token "{"
#0 C:\xampp\htdocs\Big_Project_Code4\system\Autoloader\Autoloader.php(241): CodeIgniter\Autoloader\Autoloader->includeFile('C:\\xampp\\htdocs...')
#1 C:\xampp\htdocs\Big_Project_Code4\system\Autoloader\Autoloader.php(219): CodeIgniter\Autoloader\Autoloader->loadInNamespace('App\\Controllers...')
#2 [internal function]: CodeIgniter\Autoloader\Autoloader->loadClass('App\\Controllers...')
#3 C:\xampp\htdocs\Big_Project_Code4\system\CodeIgniter.php(790): class_exists('\\App\\Controller...', true)
#4 C:\xampp\htdocs\Big_Project_Code4\system\CodeIgniter.php(399): CodeIgniter\CodeIgniter->startController()
#5 C:\xampp\htdocs\Big_Project_Code4\system\CodeIgniter.php(320): CodeIgniter\CodeIgniter->handleRequest(NULL, Object(Config\Cache), false)
#6 C:\xampp\htdocs\Big_Project_Code4\public\index.php(47): CodeIgniter\CodeIgniter->run()
#7 C:\xampp\htdocs\Big_Project_Code4\system\Commands\Server\rewrite.php(43): require_once('C:\\xampp\\htdocs...')
#8 {main}
CRITICAL - 2022-03-11 21:23:47 --> syntax error, unexpected token ")"
#0 C:\xampp\htdocs\Big_Project_Code4\system\Autoloader\Autoloader.php(241): CodeIgniter\Autoloader\Autoloader->includeFile('C:\\xampp\\htdocs...')
#1 C:\xampp\htdocs\Big_Project_Code4\system\Autoloader\Autoloader.php(219): CodeIgniter\Autoloader\Autoloader->loadInNamespace('App\\Controllers...')
#2 [internal function]: CodeIgniter\Autoloader\Autoloader->loadClass('App\\Controllers...')
#3 C:\xampp\htdocs\Big_Project_Code4\system\CodeIgniter.php(790): class_exists('\\App\\Controller...', true)
#4 C:\xampp\htdocs\Big_Project_Code4\system\CodeIgniter.php(399): CodeIgniter\CodeIgniter->startController()
#5 C:\xampp\htdocs\Big_Project_Code4\system\CodeIgniter.php(320): CodeIgniter\CodeIgniter->handleRequest(NULL, Object(Config\Cache), false)
#6 C:\xampp\htdocs\Big_Project_Code4\public\index.php(47): CodeIgniter\CodeIgniter->run()
#7 C:\xampp\htdocs\Big_Project_Code4\system\Commands\Server\rewrite.php(43): require_once('C:\\xampp\\htdocs...')
#8 {main}
ERROR - 2022-03-11 21:49:46 --> Column 'Com_Topic' cannot be null
CRITICAL - 2022-03-11 21:49:46 --> Column 'Com_Topic' cannot be null
#0 C:\xampp\htdocs\Big_Project_Code4\system\Database\MySQLi\Connection.php(292): mysqli->query('INSERT INTO `co...', 0)
#1 C:\xampp\htdocs\Big_Project_Code4\system\Database\BaseConnection.php(670): CodeIgniter\Database\MySQLi\Connection->execute('INSERT INTO `co...')
#2 C:\xampp\htdocs\Big_Project_Code4\system\Database\BaseConnection.php(598): CodeIgniter\Database\BaseConnection->simpleQuery('INSERT INTO `co...')
#3 C:\xampp\htdocs\Big_Project_Code4\system\Database\BaseBuilder.php(1771): CodeIgniter\Database\BaseConnection->query('INSERT INTO `co...', Array, false)
#4 C:\xampp\htdocs\Big_Project_Code4\system\Model.php(239): CodeIgniter\Database\BaseBuilder->insert()
#5 C:\xampp\htdocs\Big_Project_Code4\system\BaseModel.php(738): CodeIgniter\Model->doInsert(Array)
#6 C:\xampp\htdocs\Big_Project_Code4\system\Model.php(625): CodeIgniter\BaseModel->insert(Array, false)
#7 C:\xampp\htdocs\Big_Project_Code4\system\BaseModel.php(658): CodeIgniter\Model->insert(Array, false)
#8 C:\xampp\htdocs\Big_Project_Code4\app\Controllers\ComplaintController.php(61): CodeIgniter\BaseModel->save(Array)
#9 C:\xampp\htdocs\Big_Project_Code4\system\CodeIgniter.php(825): App\Controllers\ComplaintController->add_report()
#10 C:\xampp\htdocs\Big_Project_Code4\system\CodeIgniter.php(412): CodeIgniter\CodeIgniter->runController(Object(App\Controllers\ComplaintController))
#11 C:\xampp\htdocs\Big_Project_Code4\system\CodeIgniter.php(320): CodeIgniter\CodeIgniter->handleRequest(NULL, Object(Config\Cache), false)
#12 C:\xampp\htdocs\Big_Project_Code4\public\index.php(47): CodeIgniter\CodeIgniter->run()
#13 C:\xampp\htdocs\Big_Project_Code4\system\Commands\Server\rewrite.php(43): require_once('C:\\xampp\\htdocs...')
#14 {main}
CRITICAL - 2022-03-11 22:13:27 --> Undefined variable $station_getStation_NK
#0 C:\xampp\htdocs\Big_Project_Code4\app\Views\reservation.php(32): CodeIgniter\Debug\Exceptions->errorHandler(2, 'Undefined varia...', 'C:\\xampp\\htdocs...', 32)
#1 C:\xampp\htdocs\Big_Project_Code4\system\View\View.php(210): include('C:\\xampp\\htdocs...')
#2 C:\xampp\htdocs\Big_Project_Code4\system\View\View.php(213): CodeIgniter\View\View->CodeIgniter\View\{closure}()
#3 C:\xampp\htdocs\Big_Project_Code4\system\Common.php(1089): CodeIgniter\View\View->render('/reservation', Array, true)
#4 C:\xampp\htdocs\Big_Project_Code4\app\Controllers\TicketController.php(68): view('/reservation', Array)
#5 C:\xampp\htdocs\Big_Project_Code4\system\CodeIgniter.php(825): App\Controllers\TicketController->getTicketPriceBySelect()
#6 C:\xampp\htdocs\Big_Project_Code4\system\CodeIgniter.php(412): CodeIgniter\CodeIgniter->runController(Object(App\Controllers\TicketController))
#7 C:\xampp\htdocs\Big_Project_Code4\system\CodeIgniter.php(320): CodeIgniter\CodeIgniter->handleRequest(NULL, Object(Config\Cache), false)
#8 C:\xampp\htdocs\Big_Project_Code4\public\index.php(47): CodeIgniter\CodeIgniter->run()
#9 C:\xampp\htdocs\Big_Project_Code4\system\Commands\Server\rewrite.php(43): require_once('C:\\xampp\\htdocs...')
#10 {main}
CRITICAL - 2022-03-11 22:13:48 --> Undefined variable $station_getStation_NK
#0 C:\xampp\htdocs\Big_Project_Code4\app\Views\reservation.php(32): CodeIgniter\Debug\Exceptions->errorHandler(2, 'Undefined varia...', 'C:\\xampp\\htdocs...', 32)
#1 C:\xampp\htdocs\Big_Project_Code4\system\View\View.php(210): include('C:\\xampp\\htdocs...')
#2 C:\xampp\htdocs\Big_Project_Code4\system\View\View.php(213): CodeIgniter\View\View->CodeIgniter\View\{closure}()
#3 C:\xampp\htdocs\Big_Project_Code4\system\Common.php(1089): CodeIgniter\View\View->render('/reservation', Array, true)
#4 C:\xampp\htdocs\Big_Project_Code4\app\Controllers\TicketController.php(68): view('/reservation', Array)
#5 C:\xampp\htdocs\Big_Project_Code4\system\CodeIgniter.php(825): App\Controllers\TicketController->getTicketPriceBySelect()
#6 C:\xampp\htdocs\Big_Project_Code4\system\CodeIgniter.php(412): CodeIgniter\CodeIgniter->runController(Object(App\Controllers\TicketController))
#7 C:\xampp\htdocs\Big_Project_Code4\system\CodeIgniter.php(320): CodeIgniter\CodeIgniter->handleRequest(NULL, Object(Config\Cache), false)
#8 C:\xampp\htdocs\Big_Project_Code4\public\index.php(47): CodeIgniter\CodeIgniter->run()
#9 C:\xampp\htdocs\Big_Project_Code4\system\Commands\Server\rewrite.php(43): require_once('C:\\xampp\\htdocs...')
#10 {main}
CRITICAL - 2022-03-11 22:15:30 --> Undefined variable $station_getStation_NK
#0 C:\xampp\htdocs\Big_Project_Code4\app\Views\reservation.php(32): CodeIgniter\Debug\Exceptions->errorHandler(2, 'Undefined varia...', 'C:\\xampp\\htdocs...', 32)
#1 C:\xampp\htdocs\Big_Project_Code4\system\View\View.php(210): include('C:\\xampp\\htdocs...')
#2 C:\xampp\htdocs\Big_Project_Code4\system\View\View.php(213): CodeIgniter\View\View->CodeIgniter\View\{closure}()
#3 C:\xampp\htdocs\Big_Project_Code4\system\Common.php(1089): CodeIgniter\View\View->render('/reservation', Array, true)
#4 C:\xampp\htdocs\Big_Project_Code4\app\Controllers\TicketController.php(68): view('/reservation', Array)
#5 C:\xampp\htdocs\Big_Project_Code4\system\CodeIgniter.php(825): App\Controllers\TicketController->getTicketPriceBySelect()
#6 C:\xampp\htdocs\Big_Project_Code4\system\CodeIgniter.php(412): CodeIgniter\CodeIgniter->runController(Object(App\Controllers\TicketController))
#7 C:\xampp\htdocs\Big_Project_Code4\system\CodeIgniter.php(320): CodeIgniter\CodeIgniter->handleRequest(NULL, Object(Config\Cache), false)
#8 C:\xampp\htdocs\Big_Project_Code4\public\index.php(47): CodeIgniter\CodeIgniter->run()
#9 C:\xampp\htdocs\Big_Project_Code4\system\Commands\Server\rewrite.php(43): require_once('C:\\xampp\\htdocs...')
#10 {main}
CRITICAL - 2022-03-11 22:19:05 --> Undefined variable $station_getStation_NK
#0 C:\xampp\htdocs\Big_Project_Code4\app\Views\reservation.php(32): CodeIgniter\Debug\Exceptions->errorHandler(2, 'Undefined varia...', 'C:\\xampp\\htdocs...', 32)
#1 C:\xampp\htdocs\Big_Project_Code4\system\View\View.php(210): include('C:\\xampp\\htdocs...')
#2 C:\xampp\htdocs\Big_Project_Code4\system\View\View.php(213): CodeIgniter\View\View->CodeIgniter\View\{closure}()
#3 C:\xampp\htdocs\Big_Project_Code4\system\Common.php(1089): CodeIgniter\View\View->render('/reservation', Array, true)
#4 C:\xampp\htdocs\Big_Project_Code4\app\Controllers\TicketController.php(68): view('/reservation', Array)
#5 C:\xampp\htdocs\Big_Project_Code4\system\CodeIgniter.php(825): App\Controllers\TicketController->getTicketPriceBySelect()
#6 C:\xampp\htdocs\Big_Project_Code4\system\CodeIgniter.php(412): CodeIgniter\CodeIgniter->runController(Object(App\Controllers\TicketController))
#7 C:\xampp\htdocs\Big_Project_Code4\system\CodeIgniter.php(320): CodeIgniter\CodeIgniter->handleRequest(NULL, Object(Config\Cache), false)
#8 C:\xampp\htdocs\Big_Project_Code4\public\index.php(47): CodeIgniter\CodeIgniter->run()
#9 C:\xampp\htdocs\Big_Project_Code4\system\Commands\Server\rewrite.php(43): require_once('C:\\xampp\\htdocs...')
#10 {main}
