CRITICAL - 2022-10-02 17:15:54 --> Undefined variable $value
#0 C:\xampp\htdocs\Big_Project_Code4\app\Views\employee\around.php(21): CodeIgniter\Debug\Exceptions->errorHandler(2, 'Undefined varia...', 'C:\\xampp\\htdocs...', 21)
#1 C:\xampp\htdocs\Big_Project_Code4\system\View\View.php(210): include('C:\\xampp\\htdocs...')
#2 C:\xampp\htdocs\Big_Project_Code4\system\View\View.php(213): CodeIgniter\View\View->CodeIgniter\View\{closure}()
#3 C:\xampp\htdocs\Big_Project_Code4\system\Common.php(1089): CodeIgniter\View\View->render('employee/around', Array, true)
#4 C:\xampp\htdocs\Big_Project_Code4\app\Controllers\EmployeeController.php(268): view('employee/around', Array)
#5 C:\xampp\htdocs\Big_Project_Code4\system\CodeIgniter.php(825): App\Controllers\EmployeeController->around()
#6 C:\xampp\htdocs\Big_Project_Code4\system\CodeIgniter.php(412): CodeIgniter\CodeIgniter->runController(Object(App\Controllers\EmployeeController))
#7 C:\xampp\htdocs\Big_Project_Code4\system\CodeIgniter.php(320): CodeIgniter\CodeIgniter->handleRequest(NULL, Object(Config\Cache), false)
#8 C:\xampp\htdocs\Big_Project_Code4\index.php(48): CodeIgniter\CodeIgniter->run()
#9 {main}
CRITICAL - 2022-10-02 17:15:55 --> Undefined variable $value
#0 C:\xampp\htdocs\Big_Project_Code4\app\Views\employee\around.php(21): CodeIgniter\Debug\Exceptions->errorHandler(2, 'Undefined varia...', 'C:\\xampp\\htdocs...', 21)
#1 C:\xampp\htdocs\Big_Project_Code4\system\View\View.php(210): include('C:\\xampp\\htdocs...')
#2 C:\xampp\htdocs\Big_Project_Code4\system\View\View.php(213): CodeIgniter\View\View->CodeIgniter\View\{closure}()
#3 C:\xampp\htdocs\Big_Project_Code4\system\Common.php(1089): CodeIgniter\View\View->render('employee/around', Array, true)
#4 C:\xampp\htdocs\Big_Project_Code4\app\Controllers\EmployeeController.php(268): view('employee/around', Array)
#5 C:\xampp\htdocs\Big_Project_Code4\system\CodeIgniter.php(825): App\Controllers\EmployeeController->around()
#6 C:\xampp\htdocs\Big_Project_Code4\system\CodeIgniter.php(412): CodeIgniter\CodeIgniter->runController(Object(App\Controllers\EmployeeController))
#7 C:\xampp\htdocs\Big_Project_Code4\system\CodeIgniter.php(320): CodeIgniter\CodeIgniter->handleRequest(NULL, Object(Config\Cache), false)
#8 C:\xampp\htdocs\Big_Project_Code4\index.php(48): CodeIgniter\CodeIgniter->run()
#9 {main}
CRITICAL - 2022-10-02 17:25:08 --> Unsupported operand types: string + string
#0 C:\xampp\htdocs\Big_Project_Code4\system\View\View.php(210): include()
#1 C:\xampp\htdocs\Big_Project_Code4\system\View\View.php(213): CodeIgniter\View\View->CodeIgniter\View\{closure}()
#2 C:\xampp\htdocs\Big_Project_Code4\system\Common.php(1089): CodeIgniter\View\View->render('employee/around', Array, true)
#3 C:\xampp\htdocs\Big_Project_Code4\app\Controllers\EmployeeController.php(268): view('employee/around', Array)
#4 C:\xampp\htdocs\Big_Project_Code4\system\CodeIgniter.php(825): App\Controllers\EmployeeController->around()
#5 C:\xampp\htdocs\Big_Project_Code4\system\CodeIgniter.php(412): CodeIgniter\CodeIgniter->runController(Object(App\Controllers\EmployeeController))
#6 C:\xampp\htdocs\Big_Project_Code4\system\CodeIgniter.php(320): CodeIgniter\CodeIgniter->handleRequest(NULL, Object(Config\Cache), false)
#7 C:\xampp\htdocs\Big_Project_Code4\index.php(48): CodeIgniter\CodeIgniter->run()
#8 {main}
CRITICAL - 2022-10-02 17:25:09 --> Unsupported operand types: string + string
#0 C:\xampp\htdocs\Big_Project_Code4\system\View\View.php(210): include()
#1 C:\xampp\htdocs\Big_Project_Code4\system\View\View.php(213): CodeIgniter\View\View->CodeIgniter\View\{closure}()
#2 C:\xampp\htdocs\Big_Project_Code4\system\Common.php(1089): CodeIgniter\View\View->render('employee/around', Array, true)
#3 C:\xampp\htdocs\Big_Project_Code4\app\Controllers\EmployeeController.php(268): view('employee/around', Array)
#4 C:\xampp\htdocs\Big_Project_Code4\system\CodeIgniter.php(825): App\Controllers\EmployeeController->around()
#5 C:\xampp\htdocs\Big_Project_Code4\system\CodeIgniter.php(412): CodeIgniter\CodeIgniter->runController(Object(App\Controllers\EmployeeController))
#6 C:\xampp\htdocs\Big_Project_Code4\system\CodeIgniter.php(320): CodeIgniter\CodeIgniter->handleRequest(NULL, Object(Config\Cache), false)
#7 C:\xampp\htdocs\Big_Project_Code4\index.php(48): CodeIgniter\CodeIgniter->run()
#8 {main}
CRITICAL - 2022-10-02 17:25:09 --> Unsupported operand types: string + string
#0 C:\xampp\htdocs\Big_Project_Code4\system\View\View.php(210): include()
#1 C:\xampp\htdocs\Big_Project_Code4\system\View\View.php(213): CodeIgniter\View\View->CodeIgniter\View\{closure}()
#2 C:\xampp\htdocs\Big_Project_Code4\system\Common.php(1089): CodeIgniter\View\View->render('employee/around', Array, true)
#3 C:\xampp\htdocs\Big_Project_Code4\app\Controllers\EmployeeController.php(268): view('employee/around', Array)
#4 C:\xampp\htdocs\Big_Project_Code4\system\CodeIgniter.php(825): App\Controllers\EmployeeController->around()
#5 C:\xampp\htdocs\Big_Project_Code4\system\CodeIgniter.php(412): CodeIgniter\CodeIgniter->runController(Object(App\Controllers\EmployeeController))
#6 C:\xampp\htdocs\Big_Project_Code4\system\CodeIgniter.php(320): CodeIgniter\CodeIgniter->handleRequest(NULL, Object(Config\Cache), false)
#7 C:\xampp\htdocs\Big_Project_Code4\index.php(48): CodeIgniter\CodeIgniter->run()
#8 {main}
CRITICAL - 2022-10-02 17:25:09 --> Unsupported operand types: string + string
#0 C:\xampp\htdocs\Big_Project_Code4\system\View\View.php(210): include()
#1 C:\xampp\htdocs\Big_Project_Code4\system\View\View.php(213): CodeIgniter\View\View->CodeIgniter\View\{closure}()
#2 C:\xampp\htdocs\Big_Project_Code4\system\Common.php(1089): CodeIgniter\View\View->render('employee/around', Array, true)
#3 C:\xampp\htdocs\Big_Project_Code4\app\Controllers\EmployeeController.php(268): view('employee/around', Array)
#4 C:\xampp\htdocs\Big_Project_Code4\system\CodeIgniter.php(825): App\Controllers\EmployeeController->around()
#5 C:\xampp\htdocs\Big_Project_Code4\system\CodeIgniter.php(412): CodeIgniter\CodeIgniter->runController(Object(App\Controllers\EmployeeController))
#6 C:\xampp\htdocs\Big_Project_Code4\system\CodeIgniter.php(320): CodeIgniter\CodeIgniter->handleRequest(NULL, Object(Config\Cache), false)
#7 C:\xampp\htdocs\Big_Project_Code4\index.php(48): CodeIgniter\CodeIgniter->run()
#8 {main}
CRITICAL - 2022-10-02 17:25:09 --> Unsupported operand types: string + string
#0 C:\xampp\htdocs\Big_Project_Code4\system\View\View.php(210): include()
#1 C:\xampp\htdocs\Big_Project_Code4\system\View\View.php(213): CodeIgniter\View\View->CodeIgniter\View\{closure}()
#2 C:\xampp\htdocs\Big_Project_Code4\system\Common.php(1089): CodeIgniter\View\View->render('employee/around', Array, true)
#3 C:\xampp\htdocs\Big_Project_Code4\app\Controllers\EmployeeController.php(268): view('employee/around', Array)
#4 C:\xampp\htdocs\Big_Project_Code4\system\CodeIgniter.php(825): App\Controllers\EmployeeController->around()
#5 C:\xampp\htdocs\Big_Project_Code4\system\CodeIgniter.php(412): CodeIgniter\CodeIgniter->runController(Object(App\Controllers\EmployeeController))
#6 C:\xampp\htdocs\Big_Project_Code4\system\CodeIgniter.php(320): CodeIgniter\CodeIgniter->handleRequest(NULL, Object(Config\Cache), false)
#7 C:\xampp\htdocs\Big_Project_Code4\index.php(48): CodeIgniter\CodeIgniter->run()
#8 {main}
CRITICAL - 2022-10-02 17:25:10 --> Unsupported operand types: string + string
#0 C:\xampp\htdocs\Big_Project_Code4\system\View\View.php(210): include()
#1 C:\xampp\htdocs\Big_Project_Code4\system\View\View.php(213): CodeIgniter\View\View->CodeIgniter\View\{closure}()
#2 C:\xampp\htdocs\Big_Project_Code4\system\Common.php(1089): CodeIgniter\View\View->render('employee/around', Array, true)
#3 C:\xampp\htdocs\Big_Project_Code4\app\Controllers\EmployeeController.php(268): view('employee/around', Array)
#4 C:\xampp\htdocs\Big_Project_Code4\system\CodeIgniter.php(825): App\Controllers\EmployeeController->around()
#5 C:\xampp\htdocs\Big_Project_Code4\system\CodeIgniter.php(412): CodeIgniter\CodeIgniter->runController(Object(App\Controllers\EmployeeController))
#6 C:\xampp\htdocs\Big_Project_Code4\system\CodeIgniter.php(320): CodeIgniter\CodeIgniter->handleRequest(NULL, Object(Config\Cache), false)
#7 C:\xampp\htdocs\Big_Project_Code4\index.php(48): CodeIgniter\CodeIgniter->run()
#8 {main}
CRITICAL - 2022-10-02 17:25:10 --> Unsupported operand types: string + string
#0 C:\xampp\htdocs\Big_Project_Code4\system\View\View.php(210): include()
#1 C:\xampp\htdocs\Big_Project_Code4\system\View\View.php(213): CodeIgniter\View\View->CodeIgniter\View\{closure}()
#2 C:\xampp\htdocs\Big_Project_Code4\system\Common.php(1089): CodeIgniter\View\View->render('employee/around', Array, true)
#3 C:\xampp\htdocs\Big_Project_Code4\app\Controllers\EmployeeController.php(268): view('employee/around', Array)
#4 C:\xampp\htdocs\Big_Project_Code4\system\CodeIgniter.php(825): App\Controllers\EmployeeController->around()
#5 C:\xampp\htdocs\Big_Project_Code4\system\CodeIgniter.php(412): CodeIgniter\CodeIgniter->runController(Object(App\Controllers\EmployeeController))
#6 C:\xampp\htdocs\Big_Project_Code4\system\CodeIgniter.php(320): CodeIgniter\CodeIgniter->handleRequest(NULL, Object(Config\Cache), false)
#7 C:\xampp\htdocs\Big_Project_Code4\index.php(48): CodeIgniter\CodeIgniter->run()
#8 {main}
CRITICAL - 2022-10-02 17:56:44 --> Undefined array key "Reserve_Code"
#0 C:\xampp\htdocs\Big_Project_Code4\app\Views\employee\around.php(20): CodeIgniter\Debug\Exceptions->errorHandler(2, 'Undefined array...', 'C:\\xampp\\htdocs...', 20)
#1 C:\xampp\htdocs\Big_Project_Code4\system\View\View.php(210): include('C:\\xampp\\htdocs...')
#2 C:\xampp\htdocs\Big_Project_Code4\system\View\View.php(213): CodeIgniter\View\View->CodeIgniter\View\{closure}()
#3 C:\xampp\htdocs\Big_Project_Code4\system\Common.php(1089): CodeIgniter\View\View->render('employee/around', Array, true)
#4 C:\xampp\htdocs\Big_Project_Code4\app\Controllers\EmployeeController.php(271): view('employee/around', Array)
#5 C:\xampp\htdocs\Big_Project_Code4\system\CodeIgniter.php(825): App\Controllers\EmployeeController->around()
#6 C:\xampp\htdocs\Big_Project_Code4\system\CodeIgniter.php(412): CodeIgniter\CodeIgniter->runController(Object(App\Controllers\EmployeeController))
#7 C:\xampp\htdocs\Big_Project_Code4\system\CodeIgniter.php(320): CodeIgniter\CodeIgniter->handleRequest(NULL, Object(Config\Cache), false)
#8 C:\xampp\htdocs\Big_Project_Code4\index.php(48): CodeIgniter\CodeIgniter->run()
#9 {main}
CRITICAL - 2022-10-02 17:56:45 --> Undefined array key "Reserve_Code"
#0 C:\xampp\htdocs\Big_Project_Code4\app\Views\employee\around.php(20): CodeIgniter\Debug\Exceptions->errorHandler(2, 'Undefined array...', 'C:\\xampp\\htdocs...', 20)
#1 C:\xampp\htdocs\Big_Project_Code4\system\View\View.php(210): include('C:\\xampp\\htdocs...')
#2 C:\xampp\htdocs\Big_Project_Code4\system\View\View.php(213): CodeIgniter\View\View->CodeIgniter\View\{closure}()
#3 C:\xampp\htdocs\Big_Project_Code4\system\Common.php(1089): CodeIgniter\View\View->render('employee/around', Array, true)
#4 C:\xampp\htdocs\Big_Project_Code4\app\Controllers\EmployeeController.php(271): view('employee/around', Array)
#5 C:\xampp\htdocs\Big_Project_Code4\system\CodeIgniter.php(825): App\Controllers\EmployeeController->around()
#6 C:\xampp\htdocs\Big_Project_Code4\system\CodeIgniter.php(412): CodeIgniter\CodeIgniter->runController(Object(App\Controllers\EmployeeController))
#7 C:\xampp\htdocs\Big_Project_Code4\system\CodeIgniter.php(320): CodeIgniter\CodeIgniter->handleRequest(NULL, Object(Config\Cache), false)
#8 C:\xampp\htdocs\Big_Project_Code4\index.php(48): CodeIgniter\CodeIgniter->run()
#9 {main}
CRITICAL - 2022-10-02 17:56:45 --> Undefined array key "Reserve_Code"
#0 C:\xampp\htdocs\Big_Project_Code4\app\Views\employee\around.php(20): CodeIgniter\Debug\Exceptions->errorHandler(2, 'Undefined array...', 'C:\\xampp\\htdocs...', 20)
#1 C:\xampp\htdocs\Big_Project_Code4\system\View\View.php(210): include('C:\\xampp\\htdocs...')
#2 C:\xampp\htdocs\Big_Project_Code4\system\View\View.php(213): CodeIgniter\View\View->CodeIgniter\View\{closure}()
#3 C:\xampp\htdocs\Big_Project_Code4\system\Common.php(1089): CodeIgniter\View\View->render('employee/around', Array, true)
#4 C:\xampp\htdocs\Big_Project_Code4\app\Controllers\EmployeeController.php(271): view('employee/around', Array)
#5 C:\xampp\htdocs\Big_Project_Code4\system\CodeIgniter.php(825): App\Controllers\EmployeeController->around()
#6 C:\xampp\htdocs\Big_Project_Code4\system\CodeIgniter.php(412): CodeIgniter\CodeIgniter->runController(Object(App\Controllers\EmployeeController))
#7 C:\xampp\htdocs\Big_Project_Code4\system\CodeIgniter.php(320): CodeIgniter\CodeIgniter->handleRequest(NULL, Object(Config\Cache), false)
#8 C:\xampp\htdocs\Big_Project_Code4\index.php(48): CodeIgniter\CodeIgniter->run()
#9 {main}
CRITICAL - 2022-10-02 17:56:46 --> Undefined array key "Reserve_Code"
#0 C:\xampp\htdocs\Big_Project_Code4\app\Views\employee\around.php(20): CodeIgniter\Debug\Exceptions->errorHandler(2, 'Undefined array...', 'C:\\xampp\\htdocs...', 20)
#1 C:\xampp\htdocs\Big_Project_Code4\system\View\View.php(210): include('C:\\xampp\\htdocs...')
#2 C:\xampp\htdocs\Big_Project_Code4\system\View\View.php(213): CodeIgniter\View\View->CodeIgniter\View\{closure}()
#3 C:\xampp\htdocs\Big_Project_Code4\system\Common.php(1089): CodeIgniter\View\View->render('employee/around', Array, true)
#4 C:\xampp\htdocs\Big_Project_Code4\app\Controllers\EmployeeController.php(271): view('employee/around', Array)
#5 C:\xampp\htdocs\Big_Project_Code4\system\CodeIgniter.php(825): App\Controllers\EmployeeController->around()
#6 C:\xampp\htdocs\Big_Project_Code4\system\CodeIgniter.php(412): CodeIgniter\CodeIgniter->runController(Object(App\Controllers\EmployeeController))
#7 C:\xampp\htdocs\Big_Project_Code4\system\CodeIgniter.php(320): CodeIgniter\CodeIgniter->handleRequest(NULL, Object(Config\Cache), false)
#8 C:\xampp\htdocs\Big_Project_Code4\index.php(48): CodeIgniter\CodeIgniter->run()
#9 {main}
CRITICAL - 2022-10-02 17:56:46 --> Undefined array key "Reserve_Code"
#0 C:\xampp\htdocs\Big_Project_Code4\app\Views\employee\around.php(20): CodeIgniter\Debug\Exceptions->errorHandler(2, 'Undefined array...', 'C:\\xampp\\htdocs...', 20)
#1 C:\xampp\htdocs\Big_Project_Code4\system\View\View.php(210): include('C:\\xampp\\htdocs...')
#2 C:\xampp\htdocs\Big_Project_Code4\system\View\View.php(213): CodeIgniter\View\View->CodeIgniter\View\{closure}()
#3 C:\xampp\htdocs\Big_Project_Code4\system\Common.php(1089): CodeIgniter\View\View->render('employee/around', Array, true)
#4 C:\xampp\htdocs\Big_Project_Code4\app\Controllers\EmployeeController.php(271): view('employee/around', Array)
#5 C:\xampp\htdocs\Big_Project_Code4\system\CodeIgniter.php(825): App\Controllers\EmployeeController->around()
#6 C:\xampp\htdocs\Big_Project_Code4\system\CodeIgniter.php(412): CodeIgniter\CodeIgniter->runController(Object(App\Controllers\EmployeeController))
#7 C:\xampp\htdocs\Big_Project_Code4\system\CodeIgniter.php(320): CodeIgniter\CodeIgniter->handleRequest(NULL, Object(Config\Cache), false)
#8 C:\xampp\htdocs\Big_Project_Code4\index.php(48): CodeIgniter\CodeIgniter->run()
#9 {main}
CRITICAL - 2022-10-02 17:56:46 --> Undefined array key "Reserve_Code"
#0 C:\xampp\htdocs\Big_Project_Code4\app\Views\employee\around.php(20): CodeIgniter\Debug\Exceptions->errorHandler(2, 'Undefined array...', 'C:\\xampp\\htdocs...', 20)
#1 C:\xampp\htdocs\Big_Project_Code4\system\View\View.php(210): include('C:\\xampp\\htdocs...')
#2 C:\xampp\htdocs\Big_Project_Code4\system\View\View.php(213): CodeIgniter\View\View->CodeIgniter\View\{closure}()
#3 C:\xampp\htdocs\Big_Project_Code4\system\Common.php(1089): CodeIgniter\View\View->render('employee/around', Array, true)
#4 C:\xampp\htdocs\Big_Project_Code4\app\Controllers\EmployeeController.php(271): view('employee/around', Array)
#5 C:\xampp\htdocs\Big_Project_Code4\system\CodeIgniter.php(825): App\Controllers\EmployeeController->around()
#6 C:\xampp\htdocs\Big_Project_Code4\system\CodeIgniter.php(412): CodeIgniter\CodeIgniter->runController(Object(App\Controllers\EmployeeController))
#7 C:\xampp\htdocs\Big_Project_Code4\system\CodeIgniter.php(320): CodeIgniter\CodeIgniter->handleRequest(NULL, Object(Config\Cache), false)
#8 C:\xampp\htdocs\Big_Project_Code4\index.php(48): CodeIgniter\CodeIgniter->run()
#9 {main}
CRITICAL - 2022-10-02 17:56:47 --> Undefined array key "Reserve_Code"
#0 C:\xampp\htdocs\Big_Project_Code4\app\Views\employee\around.php(20): CodeIgniter\Debug\Exceptions->errorHandler(2, 'Undefined array...', 'C:\\xampp\\htdocs...', 20)
#1 C:\xampp\htdocs\Big_Project_Code4\system\View\View.php(210): include('C:\\xampp\\htdocs...')
#2 C:\xampp\htdocs\Big_Project_Code4\system\View\View.php(213): CodeIgniter\View\View->CodeIgniter\View\{closure}()
#3 C:\xampp\htdocs\Big_Project_Code4\system\Common.php(1089): CodeIgniter\View\View->render('employee/around', Array, true)
#4 C:\xampp\htdocs\Big_Project_Code4\app\Controllers\EmployeeController.php(271): view('employee/around', Array)
#5 C:\xampp\htdocs\Big_Project_Code4\system\CodeIgniter.php(825): App\Controllers\EmployeeController->around()
#6 C:\xampp\htdocs\Big_Project_Code4\system\CodeIgniter.php(412): CodeIgniter\CodeIgniter->runController(Object(App\Controllers\EmployeeController))
#7 C:\xampp\htdocs\Big_Project_Code4\system\CodeIgniter.php(320): CodeIgniter\CodeIgniter->handleRequest(NULL, Object(Config\Cache), false)
#8 C:\xampp\htdocs\Big_Project_Code4\index.php(48): CodeIgniter\CodeIgniter->run()
#9 {main}
CRITICAL - 2022-10-02 17:56:47 --> Undefined array key "Reserve_Code"
#0 C:\xampp\htdocs\Big_Project_Code4\app\Views\employee\around.php(20): CodeIgniter\Debug\Exceptions->errorHandler(2, 'Undefined array...', 'C:\\xampp\\htdocs...', 20)
#1 C:\xampp\htdocs\Big_Project_Code4\system\View\View.php(210): include('C:\\xampp\\htdocs...')
#2 C:\xampp\htdocs\Big_Project_Code4\system\View\View.php(213): CodeIgniter\View\View->CodeIgniter\View\{closure}()
#3 C:\xampp\htdocs\Big_Project_Code4\system\Common.php(1089): CodeIgniter\View\View->render('employee/around', Array, true)
#4 C:\xampp\htdocs\Big_Project_Code4\app\Controllers\EmployeeController.php(271): view('employee/around', Array)
#5 C:\xampp\htdocs\Big_Project_Code4\system\CodeIgniter.php(825): App\Controllers\EmployeeController->around()
#6 C:\xampp\htdocs\Big_Project_Code4\system\CodeIgniter.php(412): CodeIgniter\CodeIgniter->runController(Object(App\Controllers\EmployeeController))
#7 C:\xampp\htdocs\Big_Project_Code4\system\CodeIgniter.php(320): CodeIgniter\CodeIgniter->handleRequest(NULL, Object(Config\Cache), false)
#8 C:\xampp\htdocs\Big_Project_Code4\index.php(48): CodeIgniter\CodeIgniter->run()
#9 {main}
ERROR - 2022-10-02 17:57:20 --> You have an error in your SQL syntax; check the manual that corresponds to your MariaDB server version for the right syntax to use near '*
FROM `reservation`
JOIN `payment` ON `payment`.`Reserve_ID` = `reservation`...' at line 1
CRITICAL - 2022-10-02 17:57:20 --> Call to a member function getResultArray() on bool
#0 C:\xampp\htdocs\Big_Project_Code4\app\Controllers\EmployeeController.php(268): App\Models\ReservationModel->view_all_around_byReservation_G()
#1 C:\xampp\htdocs\Big_Project_Code4\system\CodeIgniter.php(825): App\Controllers\EmployeeController->around()
#2 C:\xampp\htdocs\Big_Project_Code4\system\CodeIgniter.php(412): CodeIgniter\CodeIgniter->runController(Object(App\Controllers\EmployeeController))
#3 C:\xampp\htdocs\Big_Project_Code4\system\CodeIgniter.php(320): CodeIgniter\CodeIgniter->handleRequest(NULL, Object(Config\Cache), false)
#4 C:\xampp\htdocs\Big_Project_Code4\index.php(48): CodeIgniter\CodeIgniter->run()
#5 {main}
ERROR - 2022-10-02 17:57:21 --> You have an error in your SQL syntax; check the manual that corresponds to your MariaDB server version for the right syntax to use near '*
FROM `reservation`
JOIN `payment` ON `payment`.`Reserve_ID` = `reservation`...' at line 1
CRITICAL - 2022-10-02 17:57:21 --> Call to a member function getResultArray() on bool
#0 C:\xampp\htdocs\Big_Project_Code4\app\Controllers\EmployeeController.php(268): App\Models\ReservationModel->view_all_around_byReservation_G()
#1 C:\xampp\htdocs\Big_Project_Code4\system\CodeIgniter.php(825): App\Controllers\EmployeeController->around()
#2 C:\xampp\htdocs\Big_Project_Code4\system\CodeIgniter.php(412): CodeIgniter\CodeIgniter->runController(Object(App\Controllers\EmployeeController))
#3 C:\xampp\htdocs\Big_Project_Code4\system\CodeIgniter.php(320): CodeIgniter\CodeIgniter->handleRequest(NULL, Object(Config\Cache), false)
#4 C:\xampp\htdocs\Big_Project_Code4\index.php(48): CodeIgniter\CodeIgniter->run()
#5 {main}
ERROR - 2022-10-02 17:57:21 --> You have an error in your SQL syntax; check the manual that corresponds to your MariaDB server version for the right syntax to use near '*
FROM `reservation`
JOIN `payment` ON `payment`.`Reserve_ID` = `reservation`...' at line 1
CRITICAL - 2022-10-02 17:57:21 --> Call to a member function getResultArray() on bool
#0 C:\xampp\htdocs\Big_Project_Code4\app\Controllers\EmployeeController.php(268): App\Models\ReservationModel->view_all_around_byReservation_G()
#1 C:\xampp\htdocs\Big_Project_Code4\system\CodeIgniter.php(825): App\Controllers\EmployeeController->around()
#2 C:\xampp\htdocs\Big_Project_Code4\system\CodeIgniter.php(412): CodeIgniter\CodeIgniter->runController(Object(App\Controllers\EmployeeController))
#3 C:\xampp\htdocs\Big_Project_Code4\system\CodeIgniter.php(320): CodeIgniter\CodeIgniter->handleRequest(NULL, Object(Config\Cache), false)
#4 C:\xampp\htdocs\Big_Project_Code4\index.php(48): CodeIgniter\CodeIgniter->run()
#5 {main}
ERROR - 2022-10-02 17:57:22 --> You have an error in your SQL syntax; check the manual that corresponds to your MariaDB server version for the right syntax to use near '*
FROM `reservation`
JOIN `payment` ON `payment`.`Reserve_ID` = `reservation`...' at line 1
CRITICAL - 2022-10-02 17:57:22 --> Call to a member function getResultArray() on bool
#0 C:\xampp\htdocs\Big_Project_Code4\app\Controllers\EmployeeController.php(268): App\Models\ReservationModel->view_all_around_byReservation_G()
#1 C:\xampp\htdocs\Big_Project_Code4\system\CodeIgniter.php(825): App\Controllers\EmployeeController->around()
#2 C:\xampp\htdocs\Big_Project_Code4\system\CodeIgniter.php(412): CodeIgniter\CodeIgniter->runController(Object(App\Controllers\EmployeeController))
#3 C:\xampp\htdocs\Big_Project_Code4\system\CodeIgniter.php(320): CodeIgniter\CodeIgniter->handleRequest(NULL, Object(Config\Cache), false)
#4 C:\xampp\htdocs\Big_Project_Code4\index.php(48): CodeIgniter\CodeIgniter->run()
#5 {main}
ERROR - 2022-10-02 17:57:22 --> You have an error in your SQL syntax; check the manual that corresponds to your MariaDB server version for the right syntax to use near '*
FROM `reservation`
JOIN `payment` ON `payment`.`Reserve_ID` = `reservation`...' at line 1
CRITICAL - 2022-10-02 17:57:22 --> Call to a member function getResultArray() on bool
#0 C:\xampp\htdocs\Big_Project_Code4\app\Controllers\EmployeeController.php(268): App\Models\ReservationModel->view_all_around_byReservation_G()
#1 C:\xampp\htdocs\Big_Project_Code4\system\CodeIgniter.php(825): App\Controllers\EmployeeController->around()
#2 C:\xampp\htdocs\Big_Project_Code4\system\CodeIgniter.php(412): CodeIgniter\CodeIgniter->runController(Object(App\Controllers\EmployeeController))
#3 C:\xampp\htdocs\Big_Project_Code4\system\CodeIgniter.php(320): CodeIgniter\CodeIgniter->handleRequest(NULL, Object(Config\Cache), false)
#4 C:\xampp\htdocs\Big_Project_Code4\index.php(48): CodeIgniter\CodeIgniter->run()
#5 {main}
ERROR - 2022-10-02 17:57:22 --> You have an error in your SQL syntax; check the manual that corresponds to your MariaDB server version for the right syntax to use near '*
FROM `reservation`
JOIN `payment` ON `payment`.`Reserve_ID` = `reservation`...' at line 1
CRITICAL - 2022-10-02 17:57:22 --> Call to a member function getResultArray() on bool
#0 C:\xampp\htdocs\Big_Project_Code4\app\Controllers\EmployeeController.php(268): App\Models\ReservationModel->view_all_around_byReservation_G()
#1 C:\xampp\htdocs\Big_Project_Code4\system\CodeIgniter.php(825): App\Controllers\EmployeeController->around()
#2 C:\xampp\htdocs\Big_Project_Code4\system\CodeIgniter.php(412): CodeIgniter\CodeIgniter->runController(Object(App\Controllers\EmployeeController))
#3 C:\xampp\htdocs\Big_Project_Code4\system\CodeIgniter.php(320): CodeIgniter\CodeIgniter->handleRequest(NULL, Object(Config\Cache), false)
#4 C:\xampp\htdocs\Big_Project_Code4\index.php(48): CodeIgniter\CodeIgniter->run()
#5 {main}
ERROR - 2022-10-02 17:57:23 --> You have an error in your SQL syntax; check the manual that corresponds to your MariaDB server version for the right syntax to use near '*
FROM `reservation`
JOIN `payment` ON `payment`.`Reserve_ID` = `reservation`...' at line 1
CRITICAL - 2022-10-02 17:57:23 --> Call to a member function getResultArray() on bool
#0 C:\xampp\htdocs\Big_Project_Code4\app\Controllers\EmployeeController.php(268): App\Models\ReservationModel->view_all_around_byReservation_G()
#1 C:\xampp\htdocs\Big_Project_Code4\system\CodeIgniter.php(825): App\Controllers\EmployeeController->around()
#2 C:\xampp\htdocs\Big_Project_Code4\system\CodeIgniter.php(412): CodeIgniter\CodeIgniter->runController(Object(App\Controllers\EmployeeController))
#3 C:\xampp\htdocs\Big_Project_Code4\system\CodeIgniter.php(320): CodeIgniter\CodeIgniter->handleRequest(NULL, Object(Config\Cache), false)
#4 C:\xampp\htdocs\Big_Project_Code4\index.php(48): CodeIgniter\CodeIgniter->run()
#5 {main}
ERROR - 2022-10-02 17:57:23 --> You have an error in your SQL syntax; check the manual that corresponds to your MariaDB server version for the right syntax to use near '*
FROM `reservation`
JOIN `payment` ON `payment`.`Reserve_ID` = `reservation`...' at line 1
CRITICAL - 2022-10-02 17:57:23 --> Call to a member function getResultArray() on bool
#0 C:\xampp\htdocs\Big_Project_Code4\app\Controllers\EmployeeController.php(268): App\Models\ReservationModel->view_all_around_byReservation_G()
#1 C:\xampp\htdocs\Big_Project_Code4\system\CodeIgniter.php(825): App\Controllers\EmployeeController->around()
#2 C:\xampp\htdocs\Big_Project_Code4\system\CodeIgniter.php(412): CodeIgniter\CodeIgniter->runController(Object(App\Controllers\EmployeeController))
#3 C:\xampp\htdocs\Big_Project_Code4\system\CodeIgniter.php(320): CodeIgniter\CodeIgniter->handleRequest(NULL, Object(Config\Cache), false)
#4 C:\xampp\htdocs\Big_Project_Code4\index.php(48): CodeIgniter\CodeIgniter->run()
#5 {main}
ERROR - 2022-10-02 17:57:23 --> You have an error in your SQL syntax; check the manual that corresponds to your MariaDB server version for the right syntax to use near '*
FROM `reservation`
JOIN `payment` ON `payment`.`Reserve_ID` = `reservation`...' at line 1
CRITICAL - 2022-10-02 17:57:23 --> Call to a member function getResultArray() on bool
#0 C:\xampp\htdocs\Big_Project_Code4\app\Controllers\EmployeeController.php(268): App\Models\ReservationModel->view_all_around_byReservation_G()
#1 C:\xampp\htdocs\Big_Project_Code4\system\CodeIgniter.php(825): App\Controllers\EmployeeController->around()
#2 C:\xampp\htdocs\Big_Project_Code4\system\CodeIgniter.php(412): CodeIgniter\CodeIgniter->runController(Object(App\Controllers\EmployeeController))
#3 C:\xampp\htdocs\Big_Project_Code4\system\CodeIgniter.php(320): CodeIgniter\CodeIgniter->handleRequest(NULL, Object(Config\Cache), false)
#4 C:\xampp\htdocs\Big_Project_Code4\index.php(48): CodeIgniter\CodeIgniter->run()
#5 {main}
ERROR - 2022-10-02 17:57:23 --> You have an error in your SQL syntax; check the manual that corresponds to your MariaDB server version for the right syntax to use near '*
FROM `reservation`
JOIN `payment` ON `payment`.`Reserve_ID` = `reservation`...' at line 1
CRITICAL - 2022-10-02 17:57:23 --> Call to a member function getResultArray() on bool
#0 C:\xampp\htdocs\Big_Project_Code4\app\Controllers\EmployeeController.php(268): App\Models\ReservationModel->view_all_around_byReservation_G()
#1 C:\xampp\htdocs\Big_Project_Code4\system\CodeIgniter.php(825): App\Controllers\EmployeeController->around()
#2 C:\xampp\htdocs\Big_Project_Code4\system\CodeIgniter.php(412): CodeIgniter\CodeIgniter->runController(Object(App\Controllers\EmployeeController))
#3 C:\xampp\htdocs\Big_Project_Code4\system\CodeIgniter.php(320): CodeIgniter\CodeIgniter->handleRequest(NULL, Object(Config\Cache), false)
#4 C:\xampp\htdocs\Big_Project_Code4\index.php(48): CodeIgniter\CodeIgniter->run()
#5 {main}
ERROR - 2022-10-02 17:57:23 --> You have an error in your SQL syntax; check the manual that corresponds to your MariaDB server version for the right syntax to use near '*
FROM `reservation`
JOIN `payment` ON `payment`.`Reserve_ID` = `reservation`...' at line 1
CRITICAL - 2022-10-02 17:57:23 --> Call to a member function getResultArray() on bool
#0 C:\xampp\htdocs\Big_Project_Code4\app\Controllers\EmployeeController.php(268): App\Models\ReservationModel->view_all_around_byReservation_G()
#1 C:\xampp\htdocs\Big_Project_Code4\system\CodeIgniter.php(825): App\Controllers\EmployeeController->around()
#2 C:\xampp\htdocs\Big_Project_Code4\system\CodeIgniter.php(412): CodeIgniter\CodeIgniter->runController(Object(App\Controllers\EmployeeController))
#3 C:\xampp\htdocs\Big_Project_Code4\system\CodeIgniter.php(320): CodeIgniter\CodeIgniter->handleRequest(NULL, Object(Config\Cache), false)
#4 C:\xampp\htdocs\Big_Project_Code4\index.php(48): CodeIgniter\CodeIgniter->run()
#5 {main}
ERROR - 2022-10-02 17:57:23 --> You have an error in your SQL syntax; check the manual that corresponds to your MariaDB server version for the right syntax to use near '*
FROM `reservation`
JOIN `payment` ON `payment`.`Reserve_ID` = `reservation`...' at line 1
CRITICAL - 2022-10-02 17:57:23 --> Call to a member function getResultArray() on bool
#0 C:\xampp\htdocs\Big_Project_Code4\app\Controllers\EmployeeController.php(268): App\Models\ReservationModel->view_all_around_byReservation_G()
#1 C:\xampp\htdocs\Big_Project_Code4\system\CodeIgniter.php(825): App\Controllers\EmployeeController->around()
#2 C:\xampp\htdocs\Big_Project_Code4\system\CodeIgniter.php(412): CodeIgniter\CodeIgniter->runController(Object(App\Controllers\EmployeeController))
#3 C:\xampp\htdocs\Big_Project_Code4\system\CodeIgniter.php(320): CodeIgniter\CodeIgniter->handleRequest(NULL, Object(Config\Cache), false)
#4 C:\xampp\htdocs\Big_Project_Code4\index.php(48): CodeIgniter\CodeIgniter->run()
#5 {main}
ERROR - 2022-10-02 17:57:23 --> You have an error in your SQL syntax; check the manual that corresponds to your MariaDB server version for the right syntax to use near '*
FROM `reservation`
JOIN `payment` ON `payment`.`Reserve_ID` = `reservation`...' at line 1
CRITICAL - 2022-10-02 17:57:23 --> Call to a member function getResultArray() on bool
#0 C:\xampp\htdocs\Big_Project_Code4\app\Controllers\EmployeeController.php(268): App\Models\ReservationModel->view_all_around_byReservation_G()
#1 C:\xampp\htdocs\Big_Project_Code4\system\CodeIgniter.php(825): App\Controllers\EmployeeController->around()
#2 C:\xampp\htdocs\Big_Project_Code4\system\CodeIgniter.php(412): CodeIgniter\CodeIgniter->runController(Object(App\Controllers\EmployeeController))
#3 C:\xampp\htdocs\Big_Project_Code4\system\CodeIgniter.php(320): CodeIgniter\CodeIgniter->handleRequest(NULL, Object(Config\Cache), false)
#4 C:\xampp\htdocs\Big_Project_Code4\index.php(48): CodeIgniter\CodeIgniter->run()
#5 {main}
ERROR - 2022-10-02 17:57:24 --> You have an error in your SQL syntax; check the manual that corresponds to your MariaDB server version for the right syntax to use near '*
FROM `reservation`
JOIN `payment` ON `payment`.`Reserve_ID` = `reservation`...' at line 1
CRITICAL - 2022-10-02 17:57:24 --> Call to a member function getResultArray() on bool
#0 C:\xampp\htdocs\Big_Project_Code4\app\Controllers\EmployeeController.php(268): App\Models\ReservationModel->view_all_around_byReservation_G()
#1 C:\xampp\htdocs\Big_Project_Code4\system\CodeIgniter.php(825): App\Controllers\EmployeeController->around()
#2 C:\xampp\htdocs\Big_Project_Code4\system\CodeIgniter.php(412): CodeIgniter\CodeIgniter->runController(Object(App\Controllers\EmployeeController))
#3 C:\xampp\htdocs\Big_Project_Code4\system\CodeIgniter.php(320): CodeIgniter\CodeIgniter->handleRequest(NULL, Object(Config\Cache), false)
#4 C:\xampp\htdocs\Big_Project_Code4\index.php(48): CodeIgniter\CodeIgniter->run()
#5 {main}
ERROR - 2022-10-02 17:57:24 --> You have an error in your SQL syntax; check the manual that corresponds to your MariaDB server version for the right syntax to use near '*
FROM `reservation`
JOIN `payment` ON `payment`.`Reserve_ID` = `reservation`...' at line 1
CRITICAL - 2022-10-02 17:57:24 --> Call to a member function getResultArray() on bool
#0 C:\xampp\htdocs\Big_Project_Code4\app\Controllers\EmployeeController.php(268): App\Models\ReservationModel->view_all_around_byReservation_G()
#1 C:\xampp\htdocs\Big_Project_Code4\system\CodeIgniter.php(825): App\Controllers\EmployeeController->around()
#2 C:\xampp\htdocs\Big_Project_Code4\system\CodeIgniter.php(412): CodeIgniter\CodeIgniter->runController(Object(App\Controllers\EmployeeController))
#3 C:\xampp\htdocs\Big_Project_Code4\system\CodeIgniter.php(320): CodeIgniter\CodeIgniter->handleRequest(NULL, Object(Config\Cache), false)
#4 C:\xampp\htdocs\Big_Project_Code4\index.php(48): CodeIgniter\CodeIgniter->run()
#5 {main}
ERROR - 2022-10-02 17:57:24 --> You have an error in your SQL syntax; check the manual that corresponds to your MariaDB server version for the right syntax to use near '*
FROM `reservation`
JOIN `payment` ON `payment`.`Reserve_ID` = `reservation`...' at line 1
CRITICAL - 2022-10-02 17:57:24 --> Call to a member function getResultArray() on bool
#0 C:\xampp\htdocs\Big_Project_Code4\app\Controllers\EmployeeController.php(268): App\Models\ReservationModel->view_all_around_byReservation_G()
#1 C:\xampp\htdocs\Big_Project_Code4\system\CodeIgniter.php(825): App\Controllers\EmployeeController->around()
#2 C:\xampp\htdocs\Big_Project_Code4\system\CodeIgniter.php(412): CodeIgniter\CodeIgniter->runController(Object(App\Controllers\EmployeeController))
#3 C:\xampp\htdocs\Big_Project_Code4\system\CodeIgniter.php(320): CodeIgniter\CodeIgniter->handleRequest(NULL, Object(Config\Cache), false)
#4 C:\xampp\htdocs\Big_Project_Code4\index.php(48): CodeIgniter\CodeIgniter->run()
#5 {main}
CRITICAL - 2022-10-02 17:58:37 --> Undefined array key "sum_re"
#0 C:\xampp\htdocs\Big_Project_Code4\app\Views\employee\around.php(42): CodeIgniter\Debug\Exceptions->errorHandler(2, 'Undefined array...', 'C:\\xampp\\htdocs...', 42)
#1 C:\xampp\htdocs\Big_Project_Code4\system\View\View.php(210): include('C:\\xampp\\htdocs...')
#2 C:\xampp\htdocs\Big_Project_Code4\system\View\View.php(213): CodeIgniter\View\View->CodeIgniter\View\{closure}()
#3 C:\xampp\htdocs\Big_Project_Code4\system\Common.php(1089): CodeIgniter\View\View->render('employee/around', Array, true)
#4 C:\xampp\htdocs\Big_Project_Code4\app\Controllers\EmployeeController.php(271): view('employee/around', Array)
#5 C:\xampp\htdocs\Big_Project_Code4\system\CodeIgniter.php(825): App\Controllers\EmployeeController->around()
#6 C:\xampp\htdocs\Big_Project_Code4\system\CodeIgniter.php(412): CodeIgniter\CodeIgniter->runController(Object(App\Controllers\EmployeeController))
#7 C:\xampp\htdocs\Big_Project_Code4\system\CodeIgniter.php(320): CodeIgniter\CodeIgniter->handleRequest(NULL, Object(Config\Cache), false)
#8 C:\xampp\htdocs\Big_Project_Code4\index.php(48): CodeIgniter\CodeIgniter->run()
#9 {main}
CRITICAL - 2022-10-02 17:58:37 --> Undefined array key "Reserve_Code"
#0 C:\xampp\htdocs\Big_Project_Code4\app\Views\employee\around.php(20): CodeIgniter\Debug\Exceptions->errorHandler(2, 'Undefined array...', 'C:\\xampp\\htdocs...', 20)
#1 C:\xampp\htdocs\Big_Project_Code4\system\View\View.php(210): include('C:\\xampp\\htdocs...')
#2 C:\xampp\htdocs\Big_Project_Code4\system\View\View.php(213): CodeIgniter\View\View->CodeIgniter\View\{closure}()
#3 C:\xampp\htdocs\Big_Project_Code4\system\Common.php(1089): CodeIgniter\View\View->render('employee/around', Array, true)
#4 C:\xampp\htdocs\Big_Project_Code4\app\Controllers\EmployeeController.php(271): view('employee/around', Array)
#5 C:\xampp\htdocs\Big_Project_Code4\system\CodeIgniter.php(825): App\Controllers\EmployeeController->around()
#6 C:\xampp\htdocs\Big_Project_Code4\system\CodeIgniter.php(412): CodeIgniter\CodeIgniter->runController(Object(App\Controllers\EmployeeController))
#7 C:\xampp\htdocs\Big_Project_Code4\system\CodeIgniter.php(320): CodeIgniter\CodeIgniter->handleRequest(NULL, Object(Config\Cache), false)
#8 C:\xampp\htdocs\Big_Project_Code4\index.php(48): CodeIgniter\CodeIgniter->run()
#9 {main}
CRITICAL - 2022-10-02 17:58:38 --> Undefined array key "Reserve_Code"
#0 C:\xampp\htdocs\Big_Project_Code4\app\Views\employee\around.php(20): CodeIgniter\Debug\Exceptions->errorHandler(2, 'Undefined array...', 'C:\\xampp\\htdocs...', 20)
#1 C:\xampp\htdocs\Big_Project_Code4\system\View\View.php(210): include('C:\\xampp\\htdocs...')
#2 C:\xampp\htdocs\Big_Project_Code4\system\View\View.php(213): CodeIgniter\View\View->CodeIgniter\View\{closure}()
#3 C:\xampp\htdocs\Big_Project_Code4\system\Common.php(1089): CodeIgniter\View\View->render('employee/around', Array, true)
#4 C:\xampp\htdocs\Big_Project_Code4\app\Controllers\EmployeeController.php(271): view('employee/around', Array)
#5 C:\xampp\htdocs\Big_Project_Code4\system\CodeIgniter.php(825): App\Controllers\EmployeeController->around()
#6 C:\xampp\htdocs\Big_Project_Code4\system\CodeIgniter.php(412): CodeIgniter\CodeIgniter->runController(Object(App\Controllers\EmployeeController))
#7 C:\xampp\htdocs\Big_Project_Code4\system\CodeIgniter.php(320): CodeIgniter\CodeIgniter->handleRequest(NULL, Object(Config\Cache), false)
#8 C:\xampp\htdocs\Big_Project_Code4\index.php(48): CodeIgniter\CodeIgniter->run()
#9 {main}
CRITICAL - 2022-10-02 17:58:38 --> Undefined array key "Reserve_Code"
#0 C:\xampp\htdocs\Big_Project_Code4\app\Views\employee\around.php(20): CodeIgniter\Debug\Exceptions->errorHandler(2, 'Undefined array...', 'C:\\xampp\\htdocs...', 20)
#1 C:\xampp\htdocs\Big_Project_Code4\system\View\View.php(210): include('C:\\xampp\\htdocs...')
#2 C:\xampp\htdocs\Big_Project_Code4\system\View\View.php(213): CodeIgniter\View\View->CodeIgniter\View\{closure}()
#3 C:\xampp\htdocs\Big_Project_Code4\system\Common.php(1089): CodeIgniter\View\View->render('employee/around', Array, true)
#4 C:\xampp\htdocs\Big_Project_Code4\app\Controllers\EmployeeController.php(271): view('employee/around', Array)
#5 C:\xampp\htdocs\Big_Project_Code4\system\CodeIgniter.php(825): App\Controllers\EmployeeController->around()
#6 C:\xampp\htdocs\Big_Project_Code4\system\CodeIgniter.php(412): CodeIgniter\CodeIgniter->runController(Object(App\Controllers\EmployeeController))
#7 C:\xampp\htdocs\Big_Project_Code4\system\CodeIgniter.php(320): CodeIgniter\CodeIgniter->handleRequest(NULL, Object(Config\Cache), false)
#8 C:\xampp\htdocs\Big_Project_Code4\index.php(48): CodeIgniter\CodeIgniter->run()
#9 {main}
CRITICAL - 2022-10-02 17:58:39 --> Undefined array key "Reserve_Code"
#0 C:\xampp\htdocs\Big_Project_Code4\app\Views\employee\around.php(20): CodeIgniter\Debug\Exceptions->errorHandler(2, 'Undefined array...', 'C:\\xampp\\htdocs...', 20)
#1 C:\xampp\htdocs\Big_Project_Code4\system\View\View.php(210): include('C:\\xampp\\htdocs...')
#2 C:\xampp\htdocs\Big_Project_Code4\system\View\View.php(213): CodeIgniter\View\View->CodeIgniter\View\{closure}()
#3 C:\xampp\htdocs\Big_Project_Code4\system\Common.php(1089): CodeIgniter\View\View->render('employee/around', Array, true)
#4 C:\xampp\htdocs\Big_Project_Code4\app\Controllers\EmployeeController.php(271): view('employee/around', Array)
#5 C:\xampp\htdocs\Big_Project_Code4\system\CodeIgniter.php(825): App\Controllers\EmployeeController->around()
#6 C:\xampp\htdocs\Big_Project_Code4\system\CodeIgniter.php(412): CodeIgniter\CodeIgniter->runController(Object(App\Controllers\EmployeeController))
#7 C:\xampp\htdocs\Big_Project_Code4\system\CodeIgniter.php(320): CodeIgniter\CodeIgniter->handleRequest(NULL, Object(Config\Cache), false)
#8 C:\xampp\htdocs\Big_Project_Code4\index.php(48): CodeIgniter\CodeIgniter->run()
#9 {main}
CRITICAL - 2022-10-02 17:58:39 --> Undefined array key "Reserve_Code"
#0 C:\xampp\htdocs\Big_Project_Code4\app\Views\employee\around.php(20): CodeIgniter\Debug\Exceptions->errorHandler(2, 'Undefined array...', 'C:\\xampp\\htdocs...', 20)
#1 C:\xampp\htdocs\Big_Project_Code4\system\View\View.php(210): include('C:\\xampp\\htdocs...')
#2 C:\xampp\htdocs\Big_Project_Code4\system\View\View.php(213): CodeIgniter\View\View->CodeIgniter\View\{closure}()
#3 C:\xampp\htdocs\Big_Project_Code4\system\Common.php(1089): CodeIgniter\View\View->render('employee/around', Array, true)
#4 C:\xampp\htdocs\Big_Project_Code4\app\Controllers\EmployeeController.php(271): view('employee/around', Array)
#5 C:\xampp\htdocs\Big_Project_Code4\system\CodeIgniter.php(825): App\Controllers\EmployeeController->around()
#6 C:\xampp\htdocs\Big_Project_Code4\system\CodeIgniter.php(412): CodeIgniter\CodeIgniter->runController(Object(App\Controllers\EmployeeController))
#7 C:\xampp\htdocs\Big_Project_Code4\system\CodeIgniter.php(320): CodeIgniter\CodeIgniter->handleRequest(NULL, Object(Config\Cache), false)
#8 C:\xampp\htdocs\Big_Project_Code4\index.php(48): CodeIgniter\CodeIgniter->run()
#9 {main}
CRITICAL - 2022-10-02 17:58:42 --> Undefined array key "Reserve_Code"
#0 C:\xampp\htdocs\Big_Project_Code4\app\Views\employee\around.php(20): CodeIgniter\Debug\Exceptions->errorHandler(2, 'Undefined array...', 'C:\\xampp\\htdocs...', 20)
#1 C:\xampp\htdocs\Big_Project_Code4\system\View\View.php(210): include('C:\\xampp\\htdocs...')
#2 C:\xampp\htdocs\Big_Project_Code4\system\View\View.php(213): CodeIgniter\View\View->CodeIgniter\View\{closure}()
#3 C:\xampp\htdocs\Big_Project_Code4\system\Common.php(1089): CodeIgniter\View\View->render('employee/around', Array, true)
#4 C:\xampp\htdocs\Big_Project_Code4\app\Controllers\EmployeeController.php(271): view('employee/around', Array)
#5 C:\xampp\htdocs\Big_Project_Code4\system\CodeIgniter.php(825): App\Controllers\EmployeeController->around()
#6 C:\xampp\htdocs\Big_Project_Code4\system\CodeIgniter.php(412): CodeIgniter\CodeIgniter->runController(Object(App\Controllers\EmployeeController))
#7 C:\xampp\htdocs\Big_Project_Code4\system\CodeIgniter.php(320): CodeIgniter\CodeIgniter->handleRequest(NULL, Object(Config\Cache), false)
#8 C:\xampp\htdocs\Big_Project_Code4\index.php(48): CodeIgniter\CodeIgniter->run()
#9 {main}
CRITICAL - 2022-10-02 17:58:42 --> Undefined array key "sum_re"
#0 C:\xampp\htdocs\Big_Project_Code4\app\Views\employee\around.php(42): CodeIgniter\Debug\Exceptions->errorHandler(2, 'Undefined array...', 'C:\\xampp\\htdocs...', 42)
#1 C:\xampp\htdocs\Big_Project_Code4\system\View\View.php(210): include('C:\\xampp\\htdocs...')
#2 C:\xampp\htdocs\Big_Project_Code4\system\View\View.php(213): CodeIgniter\View\View->CodeIgniter\View\{closure}()
#3 C:\xampp\htdocs\Big_Project_Code4\system\Common.php(1089): CodeIgniter\View\View->render('employee/around', Array, true)
#4 C:\xampp\htdocs\Big_Project_Code4\app\Controllers\EmployeeController.php(271): view('employee/around', Array)
#5 C:\xampp\htdocs\Big_Project_Code4\system\CodeIgniter.php(825): App\Controllers\EmployeeController->around()
#6 C:\xampp\htdocs\Big_Project_Code4\system\CodeIgniter.php(412): CodeIgniter\CodeIgniter->runController(Object(App\Controllers\EmployeeController))
#7 C:\xampp\htdocs\Big_Project_Code4\system\CodeIgniter.php(320): CodeIgniter\CodeIgniter->handleRequest(NULL, Object(Config\Cache), false)
#8 C:\xampp\htdocs\Big_Project_Code4\index.php(48): CodeIgniter\CodeIgniter->run()
#9 {main}
CRITICAL - 2022-10-02 17:58:42 --> Undefined array key "sum_re"
#0 C:\xampp\htdocs\Big_Project_Code4\app\Views\employee\around.php(42): CodeIgniter\Debug\Exceptions->errorHandler(2, 'Undefined array...', 'C:\\xampp\\htdocs...', 42)
#1 C:\xampp\htdocs\Big_Project_Code4\system\View\View.php(210): include('C:\\xampp\\htdocs...')
#2 C:\xampp\htdocs\Big_Project_Code4\system\View\View.php(213): CodeIgniter\View\View->CodeIgniter\View\{closure}()
#3 C:\xampp\htdocs\Big_Project_Code4\system\Common.php(1089): CodeIgniter\View\View->render('employee/around', Array, true)
#4 C:\xampp\htdocs\Big_Project_Code4\app\Controllers\EmployeeController.php(271): view('employee/around', Array)
#5 C:\xampp\htdocs\Big_Project_Code4\system\CodeIgniter.php(825): App\Controllers\EmployeeController->around()
#6 C:\xampp\htdocs\Big_Project_Code4\system\CodeIgniter.php(412): CodeIgniter\CodeIgniter->runController(Object(App\Controllers\EmployeeController))
#7 C:\xampp\htdocs\Big_Project_Code4\system\CodeIgniter.php(320): CodeIgniter\CodeIgniter->handleRequest(NULL, Object(Config\Cache), false)
#8 C:\xampp\htdocs\Big_Project_Code4\index.php(48): CodeIgniter\CodeIgniter->run()
#9 {main}
CRITICAL - 2022-10-02 17:58:43 --> Undefined array key "sum_re"
#0 C:\xampp\htdocs\Big_Project_Code4\app\Views\employee\around.php(42): CodeIgniter\Debug\Exceptions->errorHandler(2, 'Undefined array...', 'C:\\xampp\\htdocs...', 42)
#1 C:\xampp\htdocs\Big_Project_Code4\system\View\View.php(210): include('C:\\xampp\\htdocs...')
#2 C:\xampp\htdocs\Big_Project_Code4\system\View\View.php(213): CodeIgniter\View\View->CodeIgniter\View\{closure}()
#3 C:\xampp\htdocs\Big_Project_Code4\system\Common.php(1089): CodeIgniter\View\View->render('employee/around', Array, true)
#4 C:\xampp\htdocs\Big_Project_Code4\app\Controllers\EmployeeController.php(271): view('employee/around', Array)
#5 C:\xampp\htdocs\Big_Project_Code4\system\CodeIgniter.php(825): App\Controllers\EmployeeController->around()
#6 C:\xampp\htdocs\Big_Project_Code4\system\CodeIgniter.php(412): CodeIgniter\CodeIgniter->runController(Object(App\Controllers\EmployeeController))
#7 C:\xampp\htdocs\Big_Project_Code4\system\CodeIgniter.php(320): CodeIgniter\CodeIgniter->handleRequest(NULL, Object(Config\Cache), false)
#8 C:\xampp\htdocs\Big_Project_Code4\index.php(48): CodeIgniter\CodeIgniter->run()
#9 {main}
CRITICAL - 2022-10-02 17:58:43 --> Undefined array key "sum_re"
#0 C:\xampp\htdocs\Big_Project_Code4\app\Views\employee\around.php(42): CodeIgniter\Debug\Exceptions->errorHandler(2, 'Undefined array...', 'C:\\xampp\\htdocs...', 42)
#1 C:\xampp\htdocs\Big_Project_Code4\system\View\View.php(210): include('C:\\xampp\\htdocs...')
#2 C:\xampp\htdocs\Big_Project_Code4\system\View\View.php(213): CodeIgniter\View\View->CodeIgniter\View\{closure}()
#3 C:\xampp\htdocs\Big_Project_Code4\system\Common.php(1089): CodeIgniter\View\View->render('employee/around', Array, true)
#4 C:\xampp\htdocs\Big_Project_Code4\app\Controllers\EmployeeController.php(271): view('employee/around', Array)
#5 C:\xampp\htdocs\Big_Project_Code4\system\CodeIgniter.php(825): App\Controllers\EmployeeController->around()
#6 C:\xampp\htdocs\Big_Project_Code4\system\CodeIgniter.php(412): CodeIgniter\CodeIgniter->runController(Object(App\Controllers\EmployeeController))
#7 C:\xampp\htdocs\Big_Project_Code4\system\CodeIgniter.php(320): CodeIgniter\CodeIgniter->handleRequest(NULL, Object(Config\Cache), false)
#8 C:\xampp\htdocs\Big_Project_Code4\index.php(48): CodeIgniter\CodeIgniter->run()
#9 {main}
CRITICAL - 2022-10-02 17:58:44 --> Undefined array key "sum_re"
#0 C:\xampp\htdocs\Big_Project_Code4\app\Views\employee\around.php(42): CodeIgniter\Debug\Exceptions->errorHandler(2, 'Undefined array...', 'C:\\xampp\\htdocs...', 42)
#1 C:\xampp\htdocs\Big_Project_Code4\system\View\View.php(210): include('C:\\xampp\\htdocs...')
#2 C:\xampp\htdocs\Big_Project_Code4\system\View\View.php(213): CodeIgniter\View\View->CodeIgniter\View\{closure}()
#3 C:\xampp\htdocs\Big_Project_Code4\system\Common.php(1089): CodeIgniter\View\View->render('employee/around', Array, true)
#4 C:\xampp\htdocs\Big_Project_Code4\app\Controllers\EmployeeController.php(271): view('employee/around', Array)
#5 C:\xampp\htdocs\Big_Project_Code4\system\CodeIgniter.php(825): App\Controllers\EmployeeController->around()
#6 C:\xampp\htdocs\Big_Project_Code4\system\CodeIgniter.php(412): CodeIgniter\CodeIgniter->runController(Object(App\Controllers\EmployeeController))
#7 C:\xampp\htdocs\Big_Project_Code4\system\CodeIgniter.php(320): CodeIgniter\CodeIgniter->handleRequest(NULL, Object(Config\Cache), false)
#8 C:\xampp\htdocs\Big_Project_Code4\index.php(48): CodeIgniter\CodeIgniter->run()
#9 {main}
CRITICAL - 2022-10-02 17:58:44 --> Undefined array key "sum_re"
#0 C:\xampp\htdocs\Big_Project_Code4\app\Views\employee\around.php(42): CodeIgniter\Debug\Exceptions->errorHandler(2, 'Undefined array...', 'C:\\xampp\\htdocs...', 42)
#1 C:\xampp\htdocs\Big_Project_Code4\system\View\View.php(210): include('C:\\xampp\\htdocs...')
#2 C:\xampp\htdocs\Big_Project_Code4\system\View\View.php(213): CodeIgniter\View\View->CodeIgniter\View\{closure}()
#3 C:\xampp\htdocs\Big_Project_Code4\system\Common.php(1089): CodeIgniter\View\View->render('employee/around', Array, true)
#4 C:\xampp\htdocs\Big_Project_Code4\app\Controllers\EmployeeController.php(271): view('employee/around', Array)
#5 C:\xampp\htdocs\Big_Project_Code4\system\CodeIgniter.php(825): App\Controllers\EmployeeController->around()
#6 C:\xampp\htdocs\Big_Project_Code4\system\CodeIgniter.php(412): CodeIgniter\CodeIgniter->runController(Object(App\Controllers\EmployeeController))
#7 C:\xampp\htdocs\Big_Project_Code4\system\CodeIgniter.php(320): CodeIgniter\CodeIgniter->handleRequest(NULL, Object(Config\Cache), false)
#8 C:\xampp\htdocs\Big_Project_Code4\index.php(48): CodeIgniter\CodeIgniter->run()
#9 {main}
CRITICAL - 2022-10-02 17:59:43 --> Undefined array key "Go_Date"
#0 C:\xampp\htdocs\Big_Project_Code4\app\Views\employee\around.php(21): CodeIgniter\Debug\Exceptions->errorHandler(2, 'Undefined array...', 'C:\\xampp\\htdocs...', 21)
#1 C:\xampp\htdocs\Big_Project_Code4\system\View\View.php(210): include('C:\\xampp\\htdocs...')
#2 C:\xampp\htdocs\Big_Project_Code4\system\View\View.php(213): CodeIgniter\View\View->CodeIgniter\View\{closure}()
#3 C:\xampp\htdocs\Big_Project_Code4\system\Common.php(1089): CodeIgniter\View\View->render('employee/around', Array, true)
#4 C:\xampp\htdocs\Big_Project_Code4\app\Controllers\EmployeeController.php(271): view('employee/around', Array)
#5 C:\xampp\htdocs\Big_Project_Code4\system\CodeIgniter.php(825): App\Controllers\EmployeeController->around()
#6 C:\xampp\htdocs\Big_Project_Code4\system\CodeIgniter.php(412): CodeIgniter\CodeIgniter->runController(Object(App\Controllers\EmployeeController))
#7 C:\xampp\htdocs\Big_Project_Code4\system\CodeIgniter.php(320): CodeIgniter\CodeIgniter->handleRequest(NULL, Object(Config\Cache), false)
#8 C:\xampp\htdocs\Big_Project_Code4\index.php(48): CodeIgniter\CodeIgniter->run()
#9 {main}
CRITICAL - 2022-10-02 17:59:44 --> Undefined array key "Go_Date"
#0 C:\xampp\htdocs\Big_Project_Code4\app\Views\employee\around.php(21): CodeIgniter\Debug\Exceptions->errorHandler(2, 'Undefined array...', 'C:\\xampp\\htdocs...', 21)
#1 C:\xampp\htdocs\Big_Project_Code4\system\View\View.php(210): include('C:\\xampp\\htdocs...')
#2 C:\xampp\htdocs\Big_Project_Code4\system\View\View.php(213): CodeIgniter\View\View->CodeIgniter\View\{closure}()
#3 C:\xampp\htdocs\Big_Project_Code4\system\Common.php(1089): CodeIgniter\View\View->render('employee/around', Array, true)
#4 C:\xampp\htdocs\Big_Project_Code4\app\Controllers\EmployeeController.php(271): view('employee/around', Array)
#5 C:\xampp\htdocs\Big_Project_Code4\system\CodeIgniter.php(825): App\Controllers\EmployeeController->around()
#6 C:\xampp\htdocs\Big_Project_Code4\system\CodeIgniter.php(412): CodeIgniter\CodeIgniter->runController(Object(App\Controllers\EmployeeController))
#7 C:\xampp\htdocs\Big_Project_Code4\system\CodeIgniter.php(320): CodeIgniter\CodeIgniter->handleRequest(NULL, Object(Config\Cache), false)
#8 C:\xampp\htdocs\Big_Project_Code4\index.php(48): CodeIgniter\CodeIgniter->run()
#9 {main}
CRITICAL - 2022-10-02 17:59:51 --> Undefined array key "Go_Date"
#0 C:\xampp\htdocs\Big_Project_Code4\app\Views\employee\around.php(21): CodeIgniter\Debug\Exceptions->errorHandler(2, 'Undefined array...', 'C:\\xampp\\htdocs...', 21)
#1 C:\xampp\htdocs\Big_Project_Code4\system\View\View.php(210): include('C:\\xampp\\htdocs...')
#2 C:\xampp\htdocs\Big_Project_Code4\system\View\View.php(213): CodeIgniter\View\View->CodeIgniter\View\{closure}()
#3 C:\xampp\htdocs\Big_Project_Code4\system\Common.php(1089): CodeIgniter\View\View->render('employee/around', Array, true)
#4 C:\xampp\htdocs\Big_Project_Code4\app\Controllers\EmployeeController.php(271): view('employee/around', Array)
#5 C:\xampp\htdocs\Big_Project_Code4\system\CodeIgniter.php(825): App\Controllers\EmployeeController->around()
#6 C:\xampp\htdocs\Big_Project_Code4\system\CodeIgniter.php(412): CodeIgniter\CodeIgniter->runController(Object(App\Controllers\EmployeeController))
#7 C:\xampp\htdocs\Big_Project_Code4\system\CodeIgniter.php(320): CodeIgniter\CodeIgniter->handleRequest(NULL, Object(Config\Cache), false)
#8 C:\xampp\htdocs\Big_Project_Code4\index.php(48): CodeIgniter\CodeIgniter->run()
#9 {main}
CRITICAL - 2022-10-02 17:59:52 --> Undefined array key "Go_Date"
#0 C:\xampp\htdocs\Big_Project_Code4\app\Views\employee\around.php(21): CodeIgniter\Debug\Exceptions->errorHandler(2, 'Undefined array...', 'C:\\xampp\\htdocs...', 21)
#1 C:\xampp\htdocs\Big_Project_Code4\system\View\View.php(210): include('C:\\xampp\\htdocs...')
#2 C:\xampp\htdocs\Big_Project_Code4\system\View\View.php(213): CodeIgniter\View\View->CodeIgniter\View\{closure}()
#3 C:\xampp\htdocs\Big_Project_Code4\system\Common.php(1089): CodeIgniter\View\View->render('employee/around', Array, true)
#4 C:\xampp\htdocs\Big_Project_Code4\app\Controllers\EmployeeController.php(271): view('employee/around', Array)
#5 C:\xampp\htdocs\Big_Project_Code4\system\CodeIgniter.php(825): App\Controllers\EmployeeController->around()
#6 C:\xampp\htdocs\Big_Project_Code4\system\CodeIgniter.php(412): CodeIgniter\CodeIgniter->runController(Object(App\Controllers\EmployeeController))
#7 C:\xampp\htdocs\Big_Project_Code4\system\CodeIgniter.php(320): CodeIgniter\CodeIgniter->handleRequest(NULL, Object(Config\Cache), false)
#8 C:\xampp\htdocs\Big_Project_Code4\index.php(48): CodeIgniter\CodeIgniter->run()
#9 {main}
CRITICAL - 2022-10-02 17:59:52 --> Undefined array key "Go_Date"
#0 C:\xampp\htdocs\Big_Project_Code4\app\Views\employee\around.php(21): CodeIgniter\Debug\Exceptions->errorHandler(2, 'Undefined array...', 'C:\\xampp\\htdocs...', 21)
#1 C:\xampp\htdocs\Big_Project_Code4\system\View\View.php(210): include('C:\\xampp\\htdocs...')
#2 C:\xampp\htdocs\Big_Project_Code4\system\View\View.php(213): CodeIgniter\View\View->CodeIgniter\View\{closure}()
#3 C:\xampp\htdocs\Big_Project_Code4\system\Common.php(1089): CodeIgniter\View\View->render('employee/around', Array, true)
#4 C:\xampp\htdocs\Big_Project_Code4\app\Controllers\EmployeeController.php(271): view('employee/around', Array)
#5 C:\xampp\htdocs\Big_Project_Code4\system\CodeIgniter.php(825): App\Controllers\EmployeeController->around()
#6 C:\xampp\htdocs\Big_Project_Code4\system\CodeIgniter.php(412): CodeIgniter\CodeIgniter->runController(Object(App\Controllers\EmployeeController))
#7 C:\xampp\htdocs\Big_Project_Code4\system\CodeIgniter.php(320): CodeIgniter\CodeIgniter->handleRequest(NULL, Object(Config\Cache), false)
#8 C:\xampp\htdocs\Big_Project_Code4\index.php(48): CodeIgniter\CodeIgniter->run()
#9 {main}
CRITICAL - 2022-10-02 17:59:53 --> Undefined array key "Go_Date"
#0 C:\xampp\htdocs\Big_Project_Code4\app\Views\employee\around.php(21): CodeIgniter\Debug\Exceptions->errorHandler(2, 'Undefined array...', 'C:\\xampp\\htdocs...', 21)
#1 C:\xampp\htdocs\Big_Project_Code4\system\View\View.php(210): include('C:\\xampp\\htdocs...')
#2 C:\xampp\htdocs\Big_Project_Code4\system\View\View.php(213): CodeIgniter\View\View->CodeIgniter\View\{closure}()
#3 C:\xampp\htdocs\Big_Project_Code4\system\Common.php(1089): CodeIgniter\View\View->render('employee/around', Array, true)
#4 C:\xampp\htdocs\Big_Project_Code4\app\Controllers\EmployeeController.php(271): view('employee/around', Array)
#5 C:\xampp\htdocs\Big_Project_Code4\system\CodeIgniter.php(825): App\Controllers\EmployeeController->around()
#6 C:\xampp\htdocs\Big_Project_Code4\system\CodeIgniter.php(412): CodeIgniter\CodeIgniter->runController(Object(App\Controllers\EmployeeController))
#7 C:\xampp\htdocs\Big_Project_Code4\system\CodeIgniter.php(320): CodeIgniter\CodeIgniter->handleRequest(NULL, Object(Config\Cache), false)
#8 C:\xampp\htdocs\Big_Project_Code4\index.php(48): CodeIgniter\CodeIgniter->run()
#9 {main}
CRITICAL - 2022-10-02 17:59:53 --> Undefined array key "Go_Date"
#0 C:\xampp\htdocs\Big_Project_Code4\app\Views\employee\around.php(21): CodeIgniter\Debug\Exceptions->errorHandler(2, 'Undefined array...', 'C:\\xampp\\htdocs...', 21)
#1 C:\xampp\htdocs\Big_Project_Code4\system\View\View.php(210): include('C:\\xampp\\htdocs...')
#2 C:\xampp\htdocs\Big_Project_Code4\system\View\View.php(213): CodeIgniter\View\View->CodeIgniter\View\{closure}()
#3 C:\xampp\htdocs\Big_Project_Code4\system\Common.php(1089): CodeIgniter\View\View->render('employee/around', Array, true)
#4 C:\xampp\htdocs\Big_Project_Code4\app\Controllers\EmployeeController.php(271): view('employee/around', Array)
#5 C:\xampp\htdocs\Big_Project_Code4\system\CodeIgniter.php(825): App\Controllers\EmployeeController->around()
#6 C:\xampp\htdocs\Big_Project_Code4\system\CodeIgniter.php(412): CodeIgniter\CodeIgniter->runController(Object(App\Controllers\EmployeeController))
#7 C:\xampp\htdocs\Big_Project_Code4\system\CodeIgniter.php(320): CodeIgniter\CodeIgniter->handleRequest(NULL, Object(Config\Cache), false)
#8 C:\xampp\htdocs\Big_Project_Code4\index.php(48): CodeIgniter\CodeIgniter->run()
#9 {main}
CRITICAL - 2022-10-02 17:59:53 --> Undefined array key "Go_Date"
#0 C:\xampp\htdocs\Big_Project_Code4\app\Views\employee\around.php(21): CodeIgniter\Debug\Exceptions->errorHandler(2, 'Undefined array...', 'C:\\xampp\\htdocs...', 21)
#1 C:\xampp\htdocs\Big_Project_Code4\system\View\View.php(210): include('C:\\xampp\\htdocs...')
#2 C:\xampp\htdocs\Big_Project_Code4\system\View\View.php(213): CodeIgniter\View\View->CodeIgniter\View\{closure}()
#3 C:\xampp\htdocs\Big_Project_Code4\system\Common.php(1089): CodeIgniter\View\View->render('employee/around', Array, true)
#4 C:\xampp\htdocs\Big_Project_Code4\app\Controllers\EmployeeController.php(271): view('employee/around', Array)
#5 C:\xampp\htdocs\Big_Project_Code4\system\CodeIgniter.php(825): App\Controllers\EmployeeController->around()
#6 C:\xampp\htdocs\Big_Project_Code4\system\CodeIgniter.php(412): CodeIgniter\CodeIgniter->runController(Object(App\Controllers\EmployeeController))
#7 C:\xampp\htdocs\Big_Project_Code4\system\CodeIgniter.php(320): CodeIgniter\CodeIgniter->handleRequest(NULL, Object(Config\Cache), false)
#8 C:\xampp\htdocs\Big_Project_Code4\index.php(48): CodeIgniter\CodeIgniter->run()
#9 {main}
CRITICAL - 2022-10-02 17:59:53 --> Undefined array key "Go_Date"
#0 C:\xampp\htdocs\Big_Project_Code4\app\Views\employee\around.php(21): CodeIgniter\Debug\Exceptions->errorHandler(2, 'Undefined array...', 'C:\\xampp\\htdocs...', 21)
#1 C:\xampp\htdocs\Big_Project_Code4\system\View\View.php(210): include('C:\\xampp\\htdocs...')
#2 C:\xampp\htdocs\Big_Project_Code4\system\View\View.php(213): CodeIgniter\View\View->CodeIgniter\View\{closure}()
#3 C:\xampp\htdocs\Big_Project_Code4\system\Common.php(1089): CodeIgniter\View\View->render('employee/around', Array, true)
#4 C:\xampp\htdocs\Big_Project_Code4\app\Controllers\EmployeeController.php(271): view('employee/around', Array)
#5 C:\xampp\htdocs\Big_Project_Code4\system\CodeIgniter.php(825): App\Controllers\EmployeeController->around()
#6 C:\xampp\htdocs\Big_Project_Code4\system\CodeIgniter.php(412): CodeIgniter\CodeIgniter->runController(Object(App\Controllers\EmployeeController))
#7 C:\xampp\htdocs\Big_Project_Code4\system\CodeIgniter.php(320): CodeIgniter\CodeIgniter->handleRequest(NULL, Object(Config\Cache), false)
#8 C:\xampp\htdocs\Big_Project_Code4\index.php(48): CodeIgniter\CodeIgniter->run()
#9 {main}
CRITICAL - 2022-10-02 17:59:53 --> Undefined array key "Go_Date"
#0 C:\xampp\htdocs\Big_Project_Code4\app\Views\employee\around.php(21): CodeIgniter\Debug\Exceptions->errorHandler(2, 'Undefined array...', 'C:\\xampp\\htdocs...', 21)
#1 C:\xampp\htdocs\Big_Project_Code4\system\View\View.php(210): include('C:\\xampp\\htdocs...')
#2 C:\xampp\htdocs\Big_Project_Code4\system\View\View.php(213): CodeIgniter\View\View->CodeIgniter\View\{closure}()
#3 C:\xampp\htdocs\Big_Project_Code4\system\Common.php(1089): CodeIgniter\View\View->render('employee/around', Array, true)
#4 C:\xampp\htdocs\Big_Project_Code4\app\Controllers\EmployeeController.php(271): view('employee/around', Array)
#5 C:\xampp\htdocs\Big_Project_Code4\system\CodeIgniter.php(825): App\Controllers\EmployeeController->around()
#6 C:\xampp\htdocs\Big_Project_Code4\system\CodeIgniter.php(412): CodeIgniter\CodeIgniter->runController(Object(App\Controllers\EmployeeController))
#7 C:\xampp\htdocs\Big_Project_Code4\system\CodeIgniter.php(320): CodeIgniter\CodeIgniter->handleRequest(NULL, Object(Config\Cache), false)
#8 C:\xampp\htdocs\Big_Project_Code4\index.php(48): CodeIgniter\CodeIgniter->run()
#9 {main}
CRITICAL - 2022-10-02 17:59:53 --> Undefined array key "Go_Date"
#0 C:\xampp\htdocs\Big_Project_Code4\app\Views\employee\around.php(21): CodeIgniter\Debug\Exceptions->errorHandler(2, 'Undefined array...', 'C:\\xampp\\htdocs...', 21)
#1 C:\xampp\htdocs\Big_Project_Code4\system\View\View.php(210): include('C:\\xampp\\htdocs...')
#2 C:\xampp\htdocs\Big_Project_Code4\system\View\View.php(213): CodeIgniter\View\View->CodeIgniter\View\{closure}()
#3 C:\xampp\htdocs\Big_Project_Code4\system\Common.php(1089): CodeIgniter\View\View->render('employee/around', Array, true)
#4 C:\xampp\htdocs\Big_Project_Code4\app\Controllers\EmployeeController.php(271): view('employee/around', Array)
#5 C:\xampp\htdocs\Big_Project_Code4\system\CodeIgniter.php(825): App\Controllers\EmployeeController->around()
#6 C:\xampp\htdocs\Big_Project_Code4\system\CodeIgniter.php(412): CodeIgniter\CodeIgniter->runController(Object(App\Controllers\EmployeeController))
#7 C:\xampp\htdocs\Big_Project_Code4\system\CodeIgniter.php(320): CodeIgniter\CodeIgniter->handleRequest(NULL, Object(Config\Cache), false)
#8 C:\xampp\htdocs\Big_Project_Code4\index.php(48): CodeIgniter\CodeIgniter->run()
#9 {main}
CRITICAL - 2022-10-02 17:59:54 --> Undefined array key "Go_Date"
#0 C:\xampp\htdocs\Big_Project_Code4\app\Views\employee\around.php(21): CodeIgniter\Debug\Exceptions->errorHandler(2, 'Undefined array...', 'C:\\xampp\\htdocs...', 21)
#1 C:\xampp\htdocs\Big_Project_Code4\system\View\View.php(210): include('C:\\xampp\\htdocs...')
#2 C:\xampp\htdocs\Big_Project_Code4\system\View\View.php(213): CodeIgniter\View\View->CodeIgniter\View\{closure}()
#3 C:\xampp\htdocs\Big_Project_Code4\system\Common.php(1089): CodeIgniter\View\View->render('employee/around', Array, true)
#4 C:\xampp\htdocs\Big_Project_Code4\app\Controllers\EmployeeController.php(271): view('employee/around', Array)
#5 C:\xampp\htdocs\Big_Project_Code4\system\CodeIgniter.php(825): App\Controllers\EmployeeController->around()
#6 C:\xampp\htdocs\Big_Project_Code4\system\CodeIgniter.php(412): CodeIgniter\CodeIgniter->runController(Object(App\Controllers\EmployeeController))
#7 C:\xampp\htdocs\Big_Project_Code4\system\CodeIgniter.php(320): CodeIgniter\CodeIgniter->handleRequest(NULL, Object(Config\Cache), false)
#8 C:\xampp\htdocs\Big_Project_Code4\index.php(48): CodeIgniter\CodeIgniter->run()
#9 {main}
CRITICAL - 2022-10-02 17:59:58 --> Undefined array key "Van_Out"
#0 C:\xampp\htdocs\Big_Project_Code4\app\Views\employee\around.php(21): CodeIgniter\Debug\Exceptions->errorHandler(2, 'Undefined array...', 'C:\\xampp\\htdocs...', 21)
#1 C:\xampp\htdocs\Big_Project_Code4\system\View\View.php(210): include('C:\\xampp\\htdocs...')
#2 C:\xampp\htdocs\Big_Project_Code4\system\View\View.php(213): CodeIgniter\View\View->CodeIgniter\View\{closure}()
#3 C:\xampp\htdocs\Big_Project_Code4\system\Common.php(1089): CodeIgniter\View\View->render('employee/around', Array, true)
#4 C:\xampp\htdocs\Big_Project_Code4\app\Controllers\EmployeeController.php(271): view('employee/around', Array)
#5 C:\xampp\htdocs\Big_Project_Code4\system\CodeIgniter.php(825): App\Controllers\EmployeeController->around()
#6 C:\xampp\htdocs\Big_Project_Code4\system\CodeIgniter.php(412): CodeIgniter\CodeIgniter->runController(Object(App\Controllers\EmployeeController))
#7 C:\xampp\htdocs\Big_Project_Code4\system\CodeIgniter.php(320): CodeIgniter\CodeIgniter->handleRequest(NULL, Object(Config\Cache), false)
#8 C:\xampp\htdocs\Big_Project_Code4\index.php(48): CodeIgniter\CodeIgniter->run()
#9 {main}
CRITICAL - 2022-10-02 17:59:58 --> Undefined array key "Van_Out"
#0 C:\xampp\htdocs\Big_Project_Code4\app\Views\employee\around.php(21): CodeIgniter\Debug\Exceptions->errorHandler(2, 'Undefined array...', 'C:\\xampp\\htdocs...', 21)
#1 C:\xampp\htdocs\Big_Project_Code4\system\View\View.php(210): include('C:\\xampp\\htdocs...')
#2 C:\xampp\htdocs\Big_Project_Code4\system\View\View.php(213): CodeIgniter\View\View->CodeIgniter\View\{closure}()
#3 C:\xampp\htdocs\Big_Project_Code4\system\Common.php(1089): CodeIgniter\View\View->render('employee/around', Array, true)
#4 C:\xampp\htdocs\Big_Project_Code4\app\Controllers\EmployeeController.php(271): view('employee/around', Array)
#5 C:\xampp\htdocs\Big_Project_Code4\system\CodeIgniter.php(825): App\Controllers\EmployeeController->around()
#6 C:\xampp\htdocs\Big_Project_Code4\system\CodeIgniter.php(412): CodeIgniter\CodeIgniter->runController(Object(App\Controllers\EmployeeController))
#7 C:\xampp\htdocs\Big_Project_Code4\system\CodeIgniter.php(320): CodeIgniter\CodeIgniter->handleRequest(NULL, Object(Config\Cache), false)
#8 C:\xampp\htdocs\Big_Project_Code4\index.php(48): CodeIgniter\CodeIgniter->run()
#9 {main}
CRITICAL - 2022-10-02 17:59:59 --> Undefined array key "Van_Out"
#0 C:\xampp\htdocs\Big_Project_Code4\app\Views\employee\around.php(21): CodeIgniter\Debug\Exceptions->errorHandler(2, 'Undefined array...', 'C:\\xampp\\htdocs...', 21)
#1 C:\xampp\htdocs\Big_Project_Code4\system\View\View.php(210): include('C:\\xampp\\htdocs...')
#2 C:\xampp\htdocs\Big_Project_Code4\system\View\View.php(213): CodeIgniter\View\View->CodeIgniter\View\{closure}()
#3 C:\xampp\htdocs\Big_Project_Code4\system\Common.php(1089): CodeIgniter\View\View->render('employee/around', Array, true)
#4 C:\xampp\htdocs\Big_Project_Code4\app\Controllers\EmployeeController.php(271): view('employee/around', Array)
#5 C:\xampp\htdocs\Big_Project_Code4\system\CodeIgniter.php(825): App\Controllers\EmployeeController->around()
#6 C:\xampp\htdocs\Big_Project_Code4\system\CodeIgniter.php(412): CodeIgniter\CodeIgniter->runController(Object(App\Controllers\EmployeeController))
#7 C:\xampp\htdocs\Big_Project_Code4\system\CodeIgniter.php(320): CodeIgniter\CodeIgniter->handleRequest(NULL, Object(Config\Cache), false)
#8 C:\xampp\htdocs\Big_Project_Code4\index.php(48): CodeIgniter\CodeIgniter->run()
#9 {main}
CRITICAL - 2022-10-02 17:59:59 --> Undefined array key "Van_Out"
#0 C:\xampp\htdocs\Big_Project_Code4\app\Views\employee\around.php(21): CodeIgniter\Debug\Exceptions->errorHandler(2, 'Undefined array...', 'C:\\xampp\\htdocs...', 21)
#1 C:\xampp\htdocs\Big_Project_Code4\system\View\View.php(210): include('C:\\xampp\\htdocs...')
#2 C:\xampp\htdocs\Big_Project_Code4\system\View\View.php(213): CodeIgniter\View\View->CodeIgniter\View\{closure}()
#3 C:\xampp\htdocs\Big_Project_Code4\system\Common.php(1089): CodeIgniter\View\View->render('employee/around', Array, true)
#4 C:\xampp\htdocs\Big_Project_Code4\app\Controllers\EmployeeController.php(271): view('employee/around', Array)
#5 C:\xampp\htdocs\Big_Project_Code4\system\CodeIgniter.php(825): App\Controllers\EmployeeController->around()
#6 C:\xampp\htdocs\Big_Project_Code4\system\CodeIgniter.php(412): CodeIgniter\CodeIgniter->runController(Object(App\Controllers\EmployeeController))
#7 C:\xampp\htdocs\Big_Project_Code4\system\CodeIgniter.php(320): CodeIgniter\CodeIgniter->handleRequest(NULL, Object(Config\Cache), false)
#8 C:\xampp\htdocs\Big_Project_Code4\index.php(48): CodeIgniter\CodeIgniter->run()
#9 {main}
CRITICAL - 2022-10-02 18:00:03 --> Undefined array key "Seats_Num"
#0 C:\xampp\htdocs\Big_Project_Code4\app\Views\employee\around.php(42): CodeIgniter\Debug\Exceptions->errorHandler(2, 'Undefined array...', 'C:\\xampp\\htdocs...', 42)
#1 C:\xampp\htdocs\Big_Project_Code4\system\View\View.php(210): include('C:\\xampp\\htdocs...')
#2 C:\xampp\htdocs\Big_Project_Code4\system\View\View.php(213): CodeIgniter\View\View->CodeIgniter\View\{closure}()
#3 C:\xampp\htdocs\Big_Project_Code4\system\Common.php(1089): CodeIgniter\View\View->render('employee/around', Array, true)
#4 C:\xampp\htdocs\Big_Project_Code4\app\Controllers\EmployeeController.php(271): view('employee/around', Array)
#5 C:\xampp\htdocs\Big_Project_Code4\system\CodeIgniter.php(825): App\Controllers\EmployeeController->around()
#6 C:\xampp\htdocs\Big_Project_Code4\system\CodeIgniter.php(412): CodeIgniter\CodeIgniter->runController(Object(App\Controllers\EmployeeController))
#7 C:\xampp\htdocs\Big_Project_Code4\system\CodeIgniter.php(320): CodeIgniter\CodeIgniter->handleRequest(NULL, Object(Config\Cache), false)
#8 C:\xampp\htdocs\Big_Project_Code4\index.php(48): CodeIgniter\CodeIgniter->run()
#9 {main}
CRITICAL - 2022-10-02 18:00:04 --> Undefined array key "Seats_Num"
#0 C:\xampp\htdocs\Big_Project_Code4\app\Views\employee\around.php(42): CodeIgniter\Debug\Exceptions->errorHandler(2, 'Undefined array...', 'C:\\xampp\\htdocs...', 42)
#1 C:\xampp\htdocs\Big_Project_Code4\system\View\View.php(210): include('C:\\xampp\\htdocs...')
#2 C:\xampp\htdocs\Big_Project_Code4\system\View\View.php(213): CodeIgniter\View\View->CodeIgniter\View\{closure}()
#3 C:\xampp\htdocs\Big_Project_Code4\system\Common.php(1089): CodeIgniter\View\View->render('employee/around', Array, true)
#4 C:\xampp\htdocs\Big_Project_Code4\app\Controllers\EmployeeController.php(271): view('employee/around', Array)
#5 C:\xampp\htdocs\Big_Project_Code4\system\CodeIgniter.php(825): App\Controllers\EmployeeController->around()
#6 C:\xampp\htdocs\Big_Project_Code4\system\CodeIgniter.php(412): CodeIgniter\CodeIgniter->runController(Object(App\Controllers\EmployeeController))
#7 C:\xampp\htdocs\Big_Project_Code4\system\CodeIgniter.php(320): CodeIgniter\CodeIgniter->handleRequest(NULL, Object(Config\Cache), false)
#8 C:\xampp\htdocs\Big_Project_Code4\index.php(48): CodeIgniter\CodeIgniter->run()
#9 {main}
CRITICAL - 2022-10-02 18:00:08 --> Undefined array key "Seats_Num"
#0 C:\xampp\htdocs\Big_Project_Code4\app\Views\employee\around.php(42): CodeIgniter\Debug\Exceptions->errorHandler(2, 'Undefined array...', 'C:\\xampp\\htdocs...', 42)
#1 C:\xampp\htdocs\Big_Project_Code4\system\View\View.php(210): include('C:\\xampp\\htdocs...')
#2 C:\xampp\htdocs\Big_Project_Code4\system\View\View.php(213): CodeIgniter\View\View->CodeIgniter\View\{closure}()
#3 C:\xampp\htdocs\Big_Project_Code4\system\Common.php(1089): CodeIgniter\View\View->render('employee/around', Array, true)
#4 C:\xampp\htdocs\Big_Project_Code4\app\Controllers\EmployeeController.php(271): view('employee/around', Array)
#5 C:\xampp\htdocs\Big_Project_Code4\system\CodeIgniter.php(825): App\Controllers\EmployeeController->around()
#6 C:\xampp\htdocs\Big_Project_Code4\system\CodeIgniter.php(412): CodeIgniter\CodeIgniter->runController(Object(App\Controllers\EmployeeController))
#7 C:\xampp\htdocs\Big_Project_Code4\system\CodeIgniter.php(320): CodeIgniter\CodeIgniter->handleRequest(NULL, Object(Config\Cache), false)
#8 C:\xampp\htdocs\Big_Project_Code4\index.php(48): CodeIgniter\CodeIgniter->run()
#9 {main}
CRITICAL - 2022-10-02 18:00:08 --> Undefined array key "sum_re"
#0 C:\xampp\htdocs\Big_Project_Code4\app\Views\employee\around.php(42): CodeIgniter\Debug\Exceptions->errorHandler(2, 'Undefined array...', 'C:\\xampp\\htdocs...', 42)
#1 C:\xampp\htdocs\Big_Project_Code4\system\View\View.php(210): include('C:\\xampp\\htdocs...')
#2 C:\xampp\htdocs\Big_Project_Code4\system\View\View.php(213): CodeIgniter\View\View->CodeIgniter\View\{closure}()
#3 C:\xampp\htdocs\Big_Project_Code4\system\Common.php(1089): CodeIgniter\View\View->render('employee/around', Array, true)
#4 C:\xampp\htdocs\Big_Project_Code4\app\Controllers\EmployeeController.php(271): view('employee/around', Array)
#5 C:\xampp\htdocs\Big_Project_Code4\system\CodeIgniter.php(825): App\Controllers\EmployeeController->around()
#6 C:\xampp\htdocs\Big_Project_Code4\system\CodeIgniter.php(412): CodeIgniter\CodeIgniter->runController(Object(App\Controllers\EmployeeController))
#7 C:\xampp\htdocs\Big_Project_Code4\system\CodeIgniter.php(320): CodeIgniter\CodeIgniter->handleRequest(NULL, Object(Config\Cache), false)
#8 C:\xampp\htdocs\Big_Project_Code4\index.php(48): CodeIgniter\CodeIgniter->run()
#9 {main}
CRITICAL - 2022-10-02 18:00:09 --> Undefined array key "sum_re"
#0 C:\xampp\htdocs\Big_Project_Code4\app\Views\employee\around.php(42): CodeIgniter\Debug\Exceptions->errorHandler(2, 'Undefined array...', 'C:\\xampp\\htdocs...', 42)
#1 C:\xampp\htdocs\Big_Project_Code4\system\View\View.php(210): include('C:\\xampp\\htdocs...')
#2 C:\xampp\htdocs\Big_Project_Code4\system\View\View.php(213): CodeIgniter\View\View->CodeIgniter\View\{closure}()
#3 C:\xampp\htdocs\Big_Project_Code4\system\Common.php(1089): CodeIgniter\View\View->render('employee/around', Array, true)
#4 C:\xampp\htdocs\Big_Project_Code4\app\Controllers\EmployeeController.php(271): view('employee/around', Array)
#5 C:\xampp\htdocs\Big_Project_Code4\system\CodeIgniter.php(825): App\Controllers\EmployeeController->around()
#6 C:\xampp\htdocs\Big_Project_Code4\system\CodeIgniter.php(412): CodeIgniter\CodeIgniter->runController(Object(App\Controllers\EmployeeController))
#7 C:\xampp\htdocs\Big_Project_Code4\system\CodeIgniter.php(320): CodeIgniter\CodeIgniter->handleRequest(NULL, Object(Config\Cache), false)
#8 C:\xampp\htdocs\Big_Project_Code4\index.php(48): CodeIgniter\CodeIgniter->run()
#9 {main}
CRITICAL - 2022-10-02 18:00:15 --> Undefined array key "sum_re"
#0 C:\xampp\htdocs\Big_Project_Code4\app\Views\employee\around.php(42): CodeIgniter\Debug\Exceptions->errorHandler(2, 'Undefined array...', 'C:\\xampp\\htdocs...', 42)
#1 C:\xampp\htdocs\Big_Project_Code4\system\View\View.php(210): include('C:\\xampp\\htdocs...')
#2 C:\xampp\htdocs\Big_Project_Code4\system\View\View.php(213): CodeIgniter\View\View->CodeIgniter\View\{closure}()
#3 C:\xampp\htdocs\Big_Project_Code4\system\Common.php(1089): CodeIgniter\View\View->render('employee/around', Array, true)
#4 C:\xampp\htdocs\Big_Project_Code4\app\Controllers\EmployeeController.php(271): view('employee/around', Array)
#5 C:\xampp\htdocs\Big_Project_Code4\system\CodeIgniter.php(825): App\Controllers\EmployeeController->around()
#6 C:\xampp\htdocs\Big_Project_Code4\system\CodeIgniter.php(412): CodeIgniter\CodeIgniter->runController(Object(App\Controllers\EmployeeController))
#7 C:\xampp\htdocs\Big_Project_Code4\system\CodeIgniter.php(320): CodeIgniter\CodeIgniter->handleRequest(NULL, Object(Config\Cache), false)
#8 C:\xampp\htdocs\Big_Project_Code4\index.php(48): CodeIgniter\CodeIgniter->run()
#9 {main}
ERROR - 2022-10-02 18:32:06 --> Column 'User_ID' in field list is ambiguous
CRITICAL - 2022-10-02 18:32:06 --> Call to a member function getResultArray() on bool
#0 C:\xampp\htdocs\Big_Project_Code4\app\Controllers\EmployeeController.php(268): App\Models\ReservationModel->view_all_around_byReservation_G()
#1 C:\xampp\htdocs\Big_Project_Code4\system\CodeIgniter.php(825): App\Controllers\EmployeeController->around()
#2 C:\xampp\htdocs\Big_Project_Code4\system\CodeIgniter.php(412): CodeIgniter\CodeIgniter->runController(Object(App\Controllers\EmployeeController))
#3 C:\xampp\htdocs\Big_Project_Code4\system\CodeIgniter.php(320): CodeIgniter\CodeIgniter->handleRequest(NULL, Object(Config\Cache), false)
#4 C:\xampp\htdocs\Big_Project_Code4\index.php(48): CodeIgniter\CodeIgniter->run()
#5 {main}
ERROR - 2022-10-02 18:32:06 --> Column 'User_ID' in field list is ambiguous
CRITICAL - 2022-10-02 18:32:06 --> Call to a member function getResultArray() on bool
#0 C:\xampp\htdocs\Big_Project_Code4\app\Controllers\EmployeeController.php(268): App\Models\ReservationModel->view_all_around_byReservation_G()
#1 C:\xampp\htdocs\Big_Project_Code4\system\CodeIgniter.php(825): App\Controllers\EmployeeController->around()
#2 C:\xampp\htdocs\Big_Project_Code4\system\CodeIgniter.php(412): CodeIgniter\CodeIgniter->runController(Object(App\Controllers\EmployeeController))
#3 C:\xampp\htdocs\Big_Project_Code4\system\CodeIgniter.php(320): CodeIgniter\CodeIgniter->handleRequest(NULL, Object(Config\Cache), false)
#4 C:\xampp\htdocs\Big_Project_Code4\index.php(48): CodeIgniter\CodeIgniter->run()
#5 {main}
ERROR - 2022-10-02 18:32:07 --> Column 'User_ID' in field list is ambiguous
CRITICAL - 2022-10-02 18:32:07 --> Call to a member function getResultArray() on bool
#0 C:\xampp\htdocs\Big_Project_Code4\app\Controllers\EmployeeController.php(268): App\Models\ReservationModel->view_all_around_byReservation_G()
#1 C:\xampp\htdocs\Big_Project_Code4\system\CodeIgniter.php(825): App\Controllers\EmployeeController->around()
#2 C:\xampp\htdocs\Big_Project_Code4\system\CodeIgniter.php(412): CodeIgniter\CodeIgniter->runController(Object(App\Controllers\EmployeeController))
#3 C:\xampp\htdocs\Big_Project_Code4\system\CodeIgniter.php(320): CodeIgniter\CodeIgniter->handleRequest(NULL, Object(Config\Cache), false)
#4 C:\xampp\htdocs\Big_Project_Code4\index.php(48): CodeIgniter\CodeIgniter->run()
#5 {main}
ERROR - 2022-10-02 18:32:07 --> Column 'User_ID' in field list is ambiguous
CRITICAL - 2022-10-02 18:32:07 --> Call to a member function getResultArray() on bool
#0 C:\xampp\htdocs\Big_Project_Code4\app\Controllers\EmployeeController.php(268): App\Models\ReservationModel->view_all_around_byReservation_G()
#1 C:\xampp\htdocs\Big_Project_Code4\system\CodeIgniter.php(825): App\Controllers\EmployeeController->around()
#2 C:\xampp\htdocs\Big_Project_Code4\system\CodeIgniter.php(412): CodeIgniter\CodeIgniter->runController(Object(App\Controllers\EmployeeController))
#3 C:\xampp\htdocs\Big_Project_Code4\system\CodeIgniter.php(320): CodeIgniter\CodeIgniter->handleRequest(NULL, Object(Config\Cache), false)
#4 C:\xampp\htdocs\Big_Project_Code4\index.php(48): CodeIgniter\CodeIgniter->run()
#5 {main}
ERROR - 2022-10-02 18:32:07 --> Column 'User_ID' in field list is ambiguous
CRITICAL - 2022-10-02 18:32:07 --> Call to a member function getResultArray() on bool
#0 C:\xampp\htdocs\Big_Project_Code4\app\Controllers\EmployeeController.php(268): App\Models\ReservationModel->view_all_around_byReservation_G()
#1 C:\xampp\htdocs\Big_Project_Code4\system\CodeIgniter.php(825): App\Controllers\EmployeeController->around()
#2 C:\xampp\htdocs\Big_Project_Code4\system\CodeIgniter.php(412): CodeIgniter\CodeIgniter->runController(Object(App\Controllers\EmployeeController))
#3 C:\xampp\htdocs\Big_Project_Code4\system\CodeIgniter.php(320): CodeIgniter\CodeIgniter->handleRequest(NULL, Object(Config\Cache), false)
#4 C:\xampp\htdocs\Big_Project_Code4\index.php(48): CodeIgniter\CodeIgniter->run()
#5 {main}
ERROR - 2022-10-02 18:32:07 --> Column 'User_ID' in field list is ambiguous
CRITICAL - 2022-10-02 18:32:07 --> Call to a member function getResultArray() on bool
#0 C:\xampp\htdocs\Big_Project_Code4\app\Controllers\EmployeeController.php(268): App\Models\ReservationModel->view_all_around_byReservation_G()
#1 C:\xampp\htdocs\Big_Project_Code4\system\CodeIgniter.php(825): App\Controllers\EmployeeController->around()
#2 C:\xampp\htdocs\Big_Project_Code4\system\CodeIgniter.php(412): CodeIgniter\CodeIgniter->runController(Object(App\Controllers\EmployeeController))
#3 C:\xampp\htdocs\Big_Project_Code4\system\CodeIgniter.php(320): CodeIgniter\CodeIgniter->handleRequest(NULL, Object(Config\Cache), false)
#4 C:\xampp\htdocs\Big_Project_Code4\index.php(48): CodeIgniter\CodeIgniter->run()
#5 {main}
ERROR - 2022-10-02 18:32:08 --> Column 'User_ID' in field list is ambiguous
CRITICAL - 2022-10-02 18:32:08 --> Call to a member function getResultArray() on bool
#0 C:\xampp\htdocs\Big_Project_Code4\app\Controllers\EmployeeController.php(268): App\Models\ReservationModel->view_all_around_byReservation_G()
#1 C:\xampp\htdocs\Big_Project_Code4\system\CodeIgniter.php(825): App\Controllers\EmployeeController->around()
#2 C:\xampp\htdocs\Big_Project_Code4\system\CodeIgniter.php(412): CodeIgniter\CodeIgniter->runController(Object(App\Controllers\EmployeeController))
#3 C:\xampp\htdocs\Big_Project_Code4\system\CodeIgniter.php(320): CodeIgniter\CodeIgniter->handleRequest(NULL, Object(Config\Cache), false)
#4 C:\xampp\htdocs\Big_Project_Code4\index.php(48): CodeIgniter\CodeIgniter->run()
#5 {main}
ERROR - 2022-10-02 18:32:08 --> Column 'User_ID' in field list is ambiguous
CRITICAL - 2022-10-02 18:32:08 --> Call to a member function getResultArray() on bool
#0 C:\xampp\htdocs\Big_Project_Code4\app\Controllers\EmployeeController.php(268): App\Models\ReservationModel->view_all_around_byReservation_G()
#1 C:\xampp\htdocs\Big_Project_Code4\system\CodeIgniter.php(825): App\Controllers\EmployeeController->around()
#2 C:\xampp\htdocs\Big_Project_Code4\system\CodeIgniter.php(412): CodeIgniter\CodeIgniter->runController(Object(App\Controllers\EmployeeController))
#3 C:\xampp\htdocs\Big_Project_Code4\system\CodeIgniter.php(320): CodeIgniter\CodeIgniter->handleRequest(NULL, Object(Config\Cache), false)
#4 C:\xampp\htdocs\Big_Project_Code4\index.php(48): CodeIgniter\CodeIgniter->run()
#5 {main}
ERROR - 2022-10-02 18:32:09 --> Column 'User_ID' in field list is ambiguous
CRITICAL - 2022-10-02 18:32:09 --> Call to a member function getResultArray() on bool
#0 C:\xampp\htdocs\Big_Project_Code4\app\Controllers\EmployeeController.php(268): App\Models\ReservationModel->view_all_around_byReservation_G()
#1 C:\xampp\htdocs\Big_Project_Code4\system\CodeIgniter.php(825): App\Controllers\EmployeeController->around()
#2 C:\xampp\htdocs\Big_Project_Code4\system\CodeIgniter.php(412): CodeIgniter\CodeIgniter->runController(Object(App\Controllers\EmployeeController))
#3 C:\xampp\htdocs\Big_Project_Code4\system\CodeIgniter.php(320): CodeIgniter\CodeIgniter->handleRequest(NULL, Object(Config\Cache), false)
#4 C:\xampp\htdocs\Big_Project_Code4\index.php(48): CodeIgniter\CodeIgniter->run()
#5 {main}
ERROR - 2022-10-02 18:32:09 --> Column 'User_ID' in field list is ambiguous
CRITICAL - 2022-10-02 18:32:09 --> Call to a member function getResultArray() on bool
#0 C:\xampp\htdocs\Big_Project_Code4\app\Controllers\EmployeeController.php(268): App\Models\ReservationModel->view_all_around_byReservation_G()
#1 C:\xampp\htdocs\Big_Project_Code4\system\CodeIgniter.php(825): App\Controllers\EmployeeController->around()
#2 C:\xampp\htdocs\Big_Project_Code4\system\CodeIgniter.php(412): CodeIgniter\CodeIgniter->runController(Object(App\Controllers\EmployeeController))
#3 C:\xampp\htdocs\Big_Project_Code4\system\CodeIgniter.php(320): CodeIgniter\CodeIgniter->handleRequest(NULL, Object(Config\Cache), false)
#4 C:\xampp\htdocs\Big_Project_Code4\index.php(48): CodeIgniter\CodeIgniter->run()
#5 {main}
ERROR - 2022-10-02 18:32:09 --> Column 'User_ID' in field list is ambiguous
CRITICAL - 2022-10-02 18:32:09 --> Call to a member function getResultArray() on bool
#0 C:\xampp\htdocs\Big_Project_Code4\app\Controllers\EmployeeController.php(268): App\Models\ReservationModel->view_all_around_byReservation_G()
#1 C:\xampp\htdocs\Big_Project_Code4\system\CodeIgniter.php(825): App\Controllers\EmployeeController->around()
#2 C:\xampp\htdocs\Big_Project_Code4\system\CodeIgniter.php(412): CodeIgniter\CodeIgniter->runController(Object(App\Controllers\EmployeeController))
#3 C:\xampp\htdocs\Big_Project_Code4\system\CodeIgniter.php(320): CodeIgniter\CodeIgniter->handleRequest(NULL, Object(Config\Cache), false)
#4 C:\xampp\htdocs\Big_Project_Code4\index.php(48): CodeIgniter\CodeIgniter->run()
#5 {main}
ERROR - 2022-10-02 18:32:09 --> Column 'User_ID' in field list is ambiguous
CRITICAL - 2022-10-02 18:32:09 --> Call to a member function getResultArray() on bool
#0 C:\xampp\htdocs\Big_Project_Code4\app\Controllers\EmployeeController.php(268): App\Models\ReservationModel->view_all_around_byReservation_G()
#1 C:\xampp\htdocs\Big_Project_Code4\system\CodeIgniter.php(825): App\Controllers\EmployeeController->around()
#2 C:\xampp\htdocs\Big_Project_Code4\system\CodeIgniter.php(412): CodeIgniter\CodeIgniter->runController(Object(App\Controllers\EmployeeController))
#3 C:\xampp\htdocs\Big_Project_Code4\system\CodeIgniter.php(320): CodeIgniter\CodeIgniter->handleRequest(NULL, Object(Config\Cache), false)
#4 C:\xampp\htdocs\Big_Project_Code4\index.php(48): CodeIgniter\CodeIgniter->run()
#5 {main}
ERROR - 2022-10-02 18:32:09 --> Column 'User_ID' in field list is ambiguous
CRITICAL - 2022-10-02 18:32:09 --> Call to a member function getResultArray() on bool
#0 C:\xampp\htdocs\Big_Project_Code4\app\Controllers\EmployeeController.php(268): App\Models\ReservationModel->view_all_around_byReservation_G()
#1 C:\xampp\htdocs\Big_Project_Code4\system\CodeIgniter.php(825): App\Controllers\EmployeeController->around()
#2 C:\xampp\htdocs\Big_Project_Code4\system\CodeIgniter.php(412): CodeIgniter\CodeIgniter->runController(Object(App\Controllers\EmployeeController))
#3 C:\xampp\htdocs\Big_Project_Code4\system\CodeIgniter.php(320): CodeIgniter\CodeIgniter->handleRequest(NULL, Object(Config\Cache), false)
#4 C:\xampp\htdocs\Big_Project_Code4\index.php(48): CodeIgniter\CodeIgniter->run()
#5 {main}
CRITICAL - 2022-10-02 23:41:09 --> Uncaught ErrorException: Undefined variable $Q_Pos_ID in C:\xampp\htdocs\Big_Project_Code4\app\Views\components\navbar.php:153
Stack trace:
#0 C:\xampp\htdocs\Big_Project_Code4\app\Views\components\navbar.php(153): CodeIgniter\Debug\Exceptions->errorHandler(2, 'Undefined varia...', 'C:\\xampp\\htdocs...', 153)
#1 C:\xampp\htdocs\Big_Project_Code4\app\Views\errors\html\error_404.php(9): require_once('C:\\xampp\\htdocs...')
#2 C:\xampp\htdocs\Big_Project_Code4\system\Debug\Exceptions.php(234): include('C:\\xampp\\htdocs...')
#3 C:\xampp\htdocs\Big_Project_Code4\system\Debug\Exceptions.php(237): CodeIgniter\Debug\Exceptions->CodeIgniter\Debug\{closure}()
#4 C:\xampp\htdocs\Big_Project_Code4\system\Debug\Exceptions.php(121): CodeIgniter\Debug\Exceptions->render(Object(CodeIgniter\Exceptions\PageNotFoundException), 404)
#5 [internal function]: CodeIgniter\Debug\Exceptions->exceptionHandler(Object(CodeIgniter\Exceptions\PageNotFoundException))
#6 {main}
  thrown
#0 [internal function]: CodeIgniter\Debug\Exceptions->shutdownHandler()
#1 {main}
CRITICAL - 2022-10-02 23:41:14 --> Uncaught ErrorException: Undefined variable $Q_Pos_ID in C:\xampp\htdocs\Big_Project_Code4\app\Views\components\navbar.php:153
Stack trace:
#0 C:\xampp\htdocs\Big_Project_Code4\app\Views\components\navbar.php(153): CodeIgniter\Debug\Exceptions->errorHandler(2, 'Undefined varia...', 'C:\\xampp\\htdocs...', 153)
#1 C:\xampp\htdocs\Big_Project_Code4\app\Views\errors\html\error_404.php(9): require_once('C:\\xampp\\htdocs...')
#2 C:\xampp\htdocs\Big_Project_Code4\system\Debug\Exceptions.php(234): include('C:\\xampp\\htdocs...')
#3 C:\xampp\htdocs\Big_Project_Code4\system\Debug\Exceptions.php(237): CodeIgniter\Debug\Exceptions->CodeIgniter\Debug\{closure}()
#4 C:\xampp\htdocs\Big_Project_Code4\system\Debug\Exceptions.php(121): CodeIgniter\Debug\Exceptions->render(Object(CodeIgniter\Exceptions\PageNotFoundException), 404)
#5 [internal function]: CodeIgniter\Debug\Exceptions->exceptionHandler(Object(CodeIgniter\Exceptions\PageNotFoundException))
#6 {main}
  thrown
#0 [internal function]: CodeIgniter\Debug\Exceptions->shutdownHandler()
#1 {main}
