CRITICAL - 2022-05-15 23:12:16 --> Undefined variable $Pay_ID
#0 C:\xampp\htdocs\Big_Project_Code4\app\Views\components\navbar.php(83): CodeIgniter\Debug\Exceptions->errorHandler(2, 'Undefined varia...', 'C:\\xampp\\htdocs...', 83)
#1 C:\xampp\htdocs\Big_Project_Code4\app\Views\check_reservation.php(10): require('C:\\xampp\\htdocs...')
#2 C:\xampp\htdocs\Big_Project_Code4\system\View\View.php(210): include('C:\\xampp\\htdocs...')
#3 C:\xampp\htdocs\Big_Project_Code4\system\View\View.php(213): CodeIgniter\View\View->CodeIgniter\View\{closure}()
#4 C:\xampp\htdocs\Big_Project_Code4\system\Common.php(1089): CodeIgniter\View\View->render('check_reservati...', Array, true)
#5 C:\xampp\htdocs\Big_Project_Code4\app\Controllers\ReservationController.php(261): view('check_reservati...', Array)
#6 C:\xampp\htdocs\Big_Project_Code4\system\CodeIgniter.php(825): App\Controllers\ReservationController->check_reservation()
#7 C:\xampp\htdocs\Big_Project_Code4\system\CodeIgniter.php(412): CodeIgniter\CodeIgniter->runController(Object(App\Controllers\ReservationController))
#8 C:\xampp\htdocs\Big_Project_Code4\system\CodeIgniter.php(320): CodeIgniter\CodeIgniter->handleRequest(NULL, Object(Config\Cache), false)
#9 C:\xampp\htdocs\Big_Project_Code4\index.php(48): CodeIgniter\CodeIgniter->run()
#10 {main}
CRITICAL - 2022-05-15 23:15:00 --> Unclosed '{' on line 27
#0 C:\xampp\htdocs\Big_Project_Code4\system\CodeIgniter.php(825): App\Controllers\ReservationController->check_reservation()
#1 C:\xampp\htdocs\Big_Project_Code4\system\CodeIgniter.php(412): CodeIgniter\CodeIgniter->runController(Object(App\Controllers\ReservationController))
#2 C:\xampp\htdocs\Big_Project_Code4\system\CodeIgniter.php(320): CodeIgniter\CodeIgniter->handleRequest(NULL, Object(Config\Cache), false)
#3 C:\xampp\htdocs\Big_Project_Code4\index.php(48): CodeIgniter\CodeIgniter->run()
#4 {main}
CRITICAL - 2022-05-15 23:15:01 --> Unclosed '{' on line 27
#0 C:\xampp\htdocs\Big_Project_Code4\system\CodeIgniter.php(825): App\Controllers\ReservationController->check_reservation()
#1 C:\xampp\htdocs\Big_Project_Code4\system\CodeIgniter.php(412): CodeIgniter\CodeIgniter->runController(Object(App\Controllers\ReservationController))
#2 C:\xampp\htdocs\Big_Project_Code4\system\CodeIgniter.php(320): CodeIgniter\CodeIgniter->handleRequest(NULL, Object(Config\Cache), false)
#3 C:\xampp\htdocs\Big_Project_Code4\index.php(48): CodeIgniter\CodeIgniter->run()
#4 {main}
CRITICAL - 2022-05-15 23:15:01 --> Unclosed '{' on line 27
#0 C:\xampp\htdocs\Big_Project_Code4\system\CodeIgniter.php(825): App\Controllers\ReservationController->check_reservation()
#1 C:\xampp\htdocs\Big_Project_Code4\system\CodeIgniter.php(412): CodeIgniter\CodeIgniter->runController(Object(App\Controllers\ReservationController))
#2 C:\xampp\htdocs\Big_Project_Code4\system\CodeIgniter.php(320): CodeIgniter\CodeIgniter->handleRequest(NULL, Object(Config\Cache), false)
#3 C:\xampp\htdocs\Big_Project_Code4\index.php(48): CodeIgniter\CodeIgniter->run()
#4 {main}
CRITICAL - 2022-05-15 23:15:01 --> Unclosed '{' on line 27
#0 C:\xampp\htdocs\Big_Project_Code4\system\CodeIgniter.php(825): App\Controllers\ReservationController->check_reservation()
#1 C:\xampp\htdocs\Big_Project_Code4\system\CodeIgniter.php(412): CodeIgniter\CodeIgniter->runController(Object(App\Controllers\ReservationController))
#2 C:\xampp\htdocs\Big_Project_Code4\system\CodeIgniter.php(320): CodeIgniter\CodeIgniter->handleRequest(NULL, Object(Config\Cache), false)
#3 C:\xampp\htdocs\Big_Project_Code4\index.php(48): CodeIgniter\CodeIgniter->run()
#4 {main}
CRITICAL - 2022-05-15 23:16:48 --> Undefined variable $Confirm
#0 C:\xampp\htdocs\Big_Project_Code4\app\Views\components\navbar.php(81): CodeIgniter\Debug\Exceptions->errorHandler(2, 'Undefined varia...', 'C:\\xampp\\htdocs...', 81)
#1 C:\xampp\htdocs\Big_Project_Code4\app\Views\confirm_reservation.php(10): require('C:\\xampp\\htdocs...')
#2 C:\xampp\htdocs\Big_Project_Code4\system\View\View.php(210): include('C:\\xampp\\htdocs...')
#3 C:\xampp\htdocs\Big_Project_Code4\system\View\View.php(213): CodeIgniter\View\View->CodeIgniter\View\{closure}()
#4 C:\xampp\htdocs\Big_Project_Code4\system\Common.php(1089): CodeIgniter\View\View->render('confirm_reserva...', Array, true)
#5 C:\xampp\htdocs\Big_Project_Code4\app\Controllers\ReservationController.php(110): view('confirm_reserva...', Array)
#6 C:\xampp\htdocs\Big_Project_Code4\system\CodeIgniter.php(825): App\Controllers\ReservationController->confirm_reservation()
#7 C:\xampp\htdocs\Big_Project_Code4\system\CodeIgniter.php(412): CodeIgniter\CodeIgniter->runController(Object(App\Controllers\ReservationController))
#8 C:\xampp\htdocs\Big_Project_Code4\system\CodeIgniter.php(320): CodeIgniter\CodeIgniter->handleRequest(NULL, Object(Config\Cache), false)
#9 C:\xampp\htdocs\Big_Project_Code4\index.php(48): CodeIgniter\CodeIgniter->run()
#10 {main}
CRITICAL - 2022-05-15 23:41:22 --> Undefined variable $model_station
#0 C:\xampp\htdocs\Big_Project_Code4\app\Views\his_reservation.php(28): CodeIgniter\Debug\Exceptions->errorHandler(2, 'Undefined varia...', 'C:\\xampp\\htdocs...', 28)
#1 C:\xampp\htdocs\Big_Project_Code4\system\View\View.php(210): include('C:\\xampp\\htdocs...')
#2 C:\xampp\htdocs\Big_Project_Code4\system\View\View.php(213): CodeIgniter\View\View->CodeIgniter\View\{closure}()
#3 C:\xampp\htdocs\Big_Project_Code4\system\Common.php(1089): CodeIgniter\View\View->render('his_reservation', Array, true)
#4 C:\xampp\htdocs\Big_Project_Code4\app\Controllers\TicketController.php(137): view('his_reservation', Array)
#5 C:\xampp\htdocs\Big_Project_Code4\system\CodeIgniter.php(825): App\Controllers\TicketController->his_reservation()
#6 C:\xampp\htdocs\Big_Project_Code4\system\CodeIgniter.php(412): CodeIgniter\CodeIgniter->runController(Object(App\Controllers\TicketController))
#7 C:\xampp\htdocs\Big_Project_Code4\system\CodeIgniter.php(320): CodeIgniter\CodeIgniter->handleRequest(NULL, Object(Config\Cache), false)
#8 C:\xampp\htdocs\Big_Project_Code4\index.php(48): CodeIgniter\CodeIgniter->run()
#9 {main}
