ERROR - 2022-07-30 13:30:06 --> Unknown column 'Facebook' in 'where clause'
CRITICAL - 2022-07-30 13:30:06 --> Call to a member function getFirstRow() on bool
#0 C:\xampp\htdocs\Big_Project_Code4\system\BaseModel.php(622): CodeIgniter\Model->doFirst()
#1 C:\xampp\htdocs\Big_Project_Code4\app\Models\UsersModel.php(21): CodeIgniter\BaseModel->first()
#2 C:\xampp\htdocs\Big_Project_Code4\app\Controllers\UserController.php(581): App\Models\UsersModel->get_data_login('624259027@webma...')
#3 C:\xampp\htdocs\Big_Project_Code4\system\CodeIgniter.php(825): App\Controllers\UserController->auth()
#4 C:\xampp\htdocs\Big_Project_Code4\system\CodeIgniter.php(412): CodeIgniter\CodeIgniter->runController(Object(App\Controllers\UserController))
#5 C:\xampp\htdocs\Big_Project_Code4\system\CodeIgniter.php(320): CodeIgniter\CodeIgniter->handleRequest(NULL, Object(Config\Cache), false)
#6 C:\xampp\htdocs\Big_Project_Code4\index.php(48): CodeIgniter\CodeIgniter->run()
#7 {main}
ERROR - 2022-07-30 13:30:10 --> Unknown column 'Facebook' in 'where clause'
CRITICAL - 2022-07-30 13:30:10 --> Call to a member function getFirstRow() on bool
#0 C:\xampp\htdocs\Big_Project_Code4\system\BaseModel.php(622): CodeIgniter\Model->doFirst()
#1 C:\xampp\htdocs\Big_Project_Code4\app\Models\UsersModel.php(21): CodeIgniter\BaseModel->first()
#2 C:\xampp\htdocs\Big_Project_Code4\app\Controllers\UserController.php(581): App\Models\UsersModel->get_data_login('624259027@webma...')
#3 C:\xampp\htdocs\Big_Project_Code4\system\CodeIgniter.php(825): App\Controllers\UserController->auth()
#4 C:\xampp\htdocs\Big_Project_Code4\system\CodeIgniter.php(412): CodeIgniter\CodeIgniter->runController(Object(App\Controllers\UserController))
#5 C:\xampp\htdocs\Big_Project_Code4\system\CodeIgniter.php(320): CodeIgniter\CodeIgniter->handleRequest(NULL, Object(Config\Cache), false)
#6 C:\xampp\htdocs\Big_Project_Code4\index.php(48): CodeIgniter\CodeIgniter->run()
#7 {main}
