ERROR - 2022-08-02 20:08:01 --> Column 'Pos_ID' in where clause is ambiguous
ERROR - 2022-08-02 20:08:01 --> Column 'Pos_ID' in where clause is ambiguous
CRITICAL - 2022-08-02 20:08:01 --> Call to a member function getResult() on bool
#0 C:\xampp\htdocs\Big_Project_Code4\system\BaseModel.php(584): CodeIgniter\Model->doFindAll(10, 0)
#1 C:\xampp\htdocs\Big_Project_Code4\system\BaseModel.php(1088): CodeIgniter\BaseModel->findAll(10, 0)
#2 C:\xampp\htdocs\Big_Project_Code4\app\Controllers\AdminController.php(27): CodeIgniter\BaseModel->paginate(10)
#3 C:\xampp\htdocs\Big_Project_Code4\system\CodeIgniter.php(825): App\Controllers\AdminController->manage_allUsers()
#4 C:\xampp\htdocs\Big_Project_Code4\system\CodeIgniter.php(412): CodeIgniter\CodeIgniter->runController(Object(App\Controllers\AdminController))
#5 C:\xampp\htdocs\Big_Project_Code4\system\CodeIgniter.php(320): CodeIgniter\CodeIgniter->handleRequest(NULL, Object(Config\Cache), false)
#6 C:\xampp\htdocs\Big_Project_Code4\index.php(48): CodeIgniter\CodeIgniter->run()
#7 {main}
ERROR - 2022-08-02 20:08:07 --> Column 'Pos_ID' in where clause is ambiguous
ERROR - 2022-08-02 20:08:07 --> Column 'Pos_ID' in where clause is ambiguous
CRITICAL - 2022-08-02 20:08:07 --> Call to a member function getResult() on bool
#0 C:\xampp\htdocs\Big_Project_Code4\system\BaseModel.php(584): CodeIgniter\Model->doFindAll(10, 0)
#1 C:\xampp\htdocs\Big_Project_Code4\system\BaseModel.php(1088): CodeIgniter\BaseModel->findAll(10, 0)
#2 C:\xampp\htdocs\Big_Project_Code4\app\Controllers\AdminController.php(27): CodeIgniter\BaseModel->paginate(10)
#3 C:\xampp\htdocs\Big_Project_Code4\system\CodeIgniter.php(825): App\Controllers\AdminController->manage_allUsers()
#4 C:\xampp\htdocs\Big_Project_Code4\system\CodeIgniter.php(412): CodeIgniter\CodeIgniter->runController(Object(App\Controllers\AdminController))
#5 C:\xampp\htdocs\Big_Project_Code4\system\CodeIgniter.php(320): CodeIgniter\CodeIgniter->handleRequest(NULL, Object(Config\Cache), false)
#6 C:\xampp\htdocs\Big_Project_Code4\index.php(48): CodeIgniter\CodeIgniter->run()
#7 {main}
ERROR - 2022-08-02 20:08:08 --> Column 'Pos_ID' in where clause is ambiguous
ERROR - 2022-08-02 20:08:08 --> Column 'Pos_ID' in where clause is ambiguous
CRITICAL - 2022-08-02 20:08:08 --> Call to a member function getResult() on bool
#0 C:\xampp\htdocs\Big_Project_Code4\system\BaseModel.php(584): CodeIgniter\Model->doFindAll(10, 0)
#1 C:\xampp\htdocs\Big_Project_Code4\system\BaseModel.php(1088): CodeIgniter\BaseModel->findAll(10, 0)
#2 C:\xampp\htdocs\Big_Project_Code4\app\Controllers\AdminController.php(27): CodeIgniter\BaseModel->paginate(10)
#3 C:\xampp\htdocs\Big_Project_Code4\system\CodeIgniter.php(825): App\Controllers\AdminController->manage_allUsers()
#4 C:\xampp\htdocs\Big_Project_Code4\system\CodeIgniter.php(412): CodeIgniter\CodeIgniter->runController(Object(App\Controllers\AdminController))
#5 C:\xampp\htdocs\Big_Project_Code4\system\CodeIgniter.php(320): CodeIgniter\CodeIgniter->handleRequest(NULL, Object(Config\Cache), false)
#6 C:\xampp\htdocs\Big_Project_Code4\index.php(48): CodeIgniter\CodeIgniter->run()
#7 {main}
ERROR - 2022-08-02 20:08:08 --> Column 'Pos_ID' in where clause is ambiguous
ERROR - 2022-08-02 20:08:08 --> Column 'Pos_ID' in where clause is ambiguous
CRITICAL - 2022-08-02 20:08:08 --> Call to a member function getResult() on bool
#0 C:\xampp\htdocs\Big_Project_Code4\system\BaseModel.php(584): CodeIgniter\Model->doFindAll(10, 0)
#1 C:\xampp\htdocs\Big_Project_Code4\system\BaseModel.php(1088): CodeIgniter\BaseModel->findAll(10, 0)
#2 C:\xampp\htdocs\Big_Project_Code4\app\Controllers\AdminController.php(27): CodeIgniter\BaseModel->paginate(10)
#3 C:\xampp\htdocs\Big_Project_Code4\system\CodeIgniter.php(825): App\Controllers\AdminController->manage_allUsers()
#4 C:\xampp\htdocs\Big_Project_Code4\system\CodeIgniter.php(412): CodeIgniter\CodeIgniter->runController(Object(App\Controllers\AdminController))
#5 C:\xampp\htdocs\Big_Project_Code4\system\CodeIgniter.php(320): CodeIgniter\CodeIgniter->handleRequest(NULL, Object(Config\Cache), false)
#6 C:\xampp\htdocs\Big_Project_Code4\index.php(48): CodeIgniter\CodeIgniter->run()
#7 {main}
ERROR - 2022-08-02 20:08:08 --> Column 'Pos_ID' in where clause is ambiguous
ERROR - 2022-08-02 20:08:08 --> Column 'Pos_ID' in where clause is ambiguous
CRITICAL - 2022-08-02 20:08:08 --> Call to a member function getResult() on bool
#0 C:\xampp\htdocs\Big_Project_Code4\system\BaseModel.php(584): CodeIgniter\Model->doFindAll(10, 0)
#1 C:\xampp\htdocs\Big_Project_Code4\system\BaseModel.php(1088): CodeIgniter\BaseModel->findAll(10, 0)
#2 C:\xampp\htdocs\Big_Project_Code4\app\Controllers\AdminController.php(27): CodeIgniter\BaseModel->paginate(10)
#3 C:\xampp\htdocs\Big_Project_Code4\system\CodeIgniter.php(825): App\Controllers\AdminController->manage_allUsers()
#4 C:\xampp\htdocs\Big_Project_Code4\system\CodeIgniter.php(412): CodeIgniter\CodeIgniter->runController(Object(App\Controllers\AdminController))
#5 C:\xampp\htdocs\Big_Project_Code4\system\CodeIgniter.php(320): CodeIgniter\CodeIgniter->handleRequest(NULL, Object(Config\Cache), false)
#6 C:\xampp\htdocs\Big_Project_Code4\index.php(48): CodeIgniter\CodeIgniter->run()
#7 {main}
ERROR - 2022-08-02 20:08:09 --> Column 'Pos_ID' in where clause is ambiguous
ERROR - 2022-08-02 20:08:09 --> Column 'Pos_ID' in where clause is ambiguous
CRITICAL - 2022-08-02 20:08:09 --> Call to a member function getResult() on bool
#0 C:\xampp\htdocs\Big_Project_Code4\system\BaseModel.php(584): CodeIgniter\Model->doFindAll(10, 0)
#1 C:\xampp\htdocs\Big_Project_Code4\system\BaseModel.php(1088): CodeIgniter\BaseModel->findAll(10, 0)
#2 C:\xampp\htdocs\Big_Project_Code4\app\Controllers\AdminController.php(27): CodeIgniter\BaseModel->paginate(10)
#3 C:\xampp\htdocs\Big_Project_Code4\system\CodeIgniter.php(825): App\Controllers\AdminController->manage_allUsers()
#4 C:\xampp\htdocs\Big_Project_Code4\system\CodeIgniter.php(412): CodeIgniter\CodeIgniter->runController(Object(App\Controllers\AdminController))
#5 C:\xampp\htdocs\Big_Project_Code4\system\CodeIgniter.php(320): CodeIgniter\CodeIgniter->handleRequest(NULL, Object(Config\Cache), false)
#6 C:\xampp\htdocs\Big_Project_Code4\index.php(48): CodeIgniter\CodeIgniter->run()
#7 {main}
ERROR - 2022-08-02 20:08:09 --> Column 'Pos_ID' in where clause is ambiguous
ERROR - 2022-08-02 20:08:09 --> Column 'Pos_ID' in where clause is ambiguous
CRITICAL - 2022-08-02 20:08:09 --> Call to a member function getResult() on bool
#0 C:\xampp\htdocs\Big_Project_Code4\system\BaseModel.php(584): CodeIgniter\Model->doFindAll(10, 0)
#1 C:\xampp\htdocs\Big_Project_Code4\system\BaseModel.php(1088): CodeIgniter\BaseModel->findAll(10, 0)
#2 C:\xampp\htdocs\Big_Project_Code4\app\Controllers\AdminController.php(27): CodeIgniter\BaseModel->paginate(10)
#3 C:\xampp\htdocs\Big_Project_Code4\system\CodeIgniter.php(825): App\Controllers\AdminController->manage_allUsers()
#4 C:\xampp\htdocs\Big_Project_Code4\system\CodeIgniter.php(412): CodeIgniter\CodeIgniter->runController(Object(App\Controllers\AdminController))
#5 C:\xampp\htdocs\Big_Project_Code4\system\CodeIgniter.php(320): CodeIgniter\CodeIgniter->handleRequest(NULL, Object(Config\Cache), false)
#6 C:\xampp\htdocs\Big_Project_Code4\index.php(48): CodeIgniter\CodeIgniter->run()
#7 {main}
ERROR - 2022-08-02 20:08:09 --> Column 'Pos_ID' in where clause is ambiguous
ERROR - 2022-08-02 20:08:09 --> Column 'Pos_ID' in where clause is ambiguous
CRITICAL - 2022-08-02 20:08:09 --> Call to a member function getResult() on bool
#0 C:\xampp\htdocs\Big_Project_Code4\system\BaseModel.php(584): CodeIgniter\Model->doFindAll(10, 0)
#1 C:\xampp\htdocs\Big_Project_Code4\system\BaseModel.php(1088): CodeIgniter\BaseModel->findAll(10, 0)
#2 C:\xampp\htdocs\Big_Project_Code4\app\Controllers\AdminController.php(27): CodeIgniter\BaseModel->paginate(10)
#3 C:\xampp\htdocs\Big_Project_Code4\system\CodeIgniter.php(825): App\Controllers\AdminController->manage_allUsers()
#4 C:\xampp\htdocs\Big_Project_Code4\system\CodeIgniter.php(412): CodeIgniter\CodeIgniter->runController(Object(App\Controllers\AdminController))
#5 C:\xampp\htdocs\Big_Project_Code4\system\CodeIgniter.php(320): CodeIgniter\CodeIgniter->handleRequest(NULL, Object(Config\Cache), false)
#6 C:\xampp\htdocs\Big_Project_Code4\index.php(48): CodeIgniter\CodeIgniter->run()
#7 {main}
ERROR - 2022-08-02 20:08:09 --> Column 'Pos_ID' in where clause is ambiguous
ERROR - 2022-08-02 20:08:09 --> Column 'Pos_ID' in where clause is ambiguous
CRITICAL - 2022-08-02 20:08:09 --> Call to a member function getResult() on bool
#0 C:\xampp\htdocs\Big_Project_Code4\system\BaseModel.php(584): CodeIgniter\Model->doFindAll(10, 0)
#1 C:\xampp\htdocs\Big_Project_Code4\system\BaseModel.php(1088): CodeIgniter\BaseModel->findAll(10, 0)
#2 C:\xampp\htdocs\Big_Project_Code4\app\Controllers\AdminController.php(27): CodeIgniter\BaseModel->paginate(10)
#3 C:\xampp\htdocs\Big_Project_Code4\system\CodeIgniter.php(825): App\Controllers\AdminController->manage_allUsers()
#4 C:\xampp\htdocs\Big_Project_Code4\system\CodeIgniter.php(412): CodeIgniter\CodeIgniter->runController(Object(App\Controllers\AdminController))
#5 C:\xampp\htdocs\Big_Project_Code4\system\CodeIgniter.php(320): CodeIgniter\CodeIgniter->handleRequest(NULL, Object(Config\Cache), false)
#6 C:\xampp\htdocs\Big_Project_Code4\index.php(48): CodeIgniter\CodeIgniter->run()
#7 {main}
ERROR - 2022-08-02 20:08:09 --> Column 'Pos_ID' in where clause is ambiguous
ERROR - 2022-08-02 20:08:09 --> Column 'Pos_ID' in where clause is ambiguous
CRITICAL - 2022-08-02 20:08:09 --> Call to a member function getResult() on bool
#0 C:\xampp\htdocs\Big_Project_Code4\system\BaseModel.php(584): CodeIgniter\Model->doFindAll(10, 0)
#1 C:\xampp\htdocs\Big_Project_Code4\system\BaseModel.php(1088): CodeIgniter\BaseModel->findAll(10, 0)
#2 C:\xampp\htdocs\Big_Project_Code4\app\Controllers\AdminController.php(27): CodeIgniter\BaseModel->paginate(10)
#3 C:\xampp\htdocs\Big_Project_Code4\system\CodeIgniter.php(825): App\Controllers\AdminController->manage_allUsers()
#4 C:\xampp\htdocs\Big_Project_Code4\system\CodeIgniter.php(412): CodeIgniter\CodeIgniter->runController(Object(App\Controllers\AdminController))
#5 C:\xampp\htdocs\Big_Project_Code4\system\CodeIgniter.php(320): CodeIgniter\CodeIgniter->handleRequest(NULL, Object(Config\Cache), false)
#6 C:\xampp\htdocs\Big_Project_Code4\index.php(48): CodeIgniter\CodeIgniter->run()
#7 {main}
ERROR - 2022-08-02 20:08:10 --> Column 'Pos_ID' in where clause is ambiguous
ERROR - 2022-08-02 20:08:10 --> Column 'Pos_ID' in where clause is ambiguous
CRITICAL - 2022-08-02 20:08:10 --> Call to a member function getResult() on bool
#0 C:\xampp\htdocs\Big_Project_Code4\system\BaseModel.php(584): CodeIgniter\Model->doFindAll(10, 0)
#1 C:\xampp\htdocs\Big_Project_Code4\system\BaseModel.php(1088): CodeIgniter\BaseModel->findAll(10, 0)
#2 C:\xampp\htdocs\Big_Project_Code4\app\Controllers\AdminController.php(27): CodeIgniter\BaseModel->paginate(10)
#3 C:\xampp\htdocs\Big_Project_Code4\system\CodeIgniter.php(825): App\Controllers\AdminController->manage_allUsers()
#4 C:\xampp\htdocs\Big_Project_Code4\system\CodeIgniter.php(412): CodeIgniter\CodeIgniter->runController(Object(App\Controllers\AdminController))
#5 C:\xampp\htdocs\Big_Project_Code4\system\CodeIgniter.php(320): CodeIgniter\CodeIgniter->handleRequest(NULL, Object(Config\Cache), false)
#6 C:\xampp\htdocs\Big_Project_Code4\index.php(48): CodeIgniter\CodeIgniter->run()
#7 {main}
ERROR - 2022-08-02 20:08:10 --> Column 'Pos_ID' in where clause is ambiguous
ERROR - 2022-08-02 20:08:10 --> Column 'Pos_ID' in where clause is ambiguous
CRITICAL - 2022-08-02 20:08:10 --> Call to a member function getResult() on bool
#0 C:\xampp\htdocs\Big_Project_Code4\system\BaseModel.php(584): CodeIgniter\Model->doFindAll(10, 0)
#1 C:\xampp\htdocs\Big_Project_Code4\system\BaseModel.php(1088): CodeIgniter\BaseModel->findAll(10, 0)
#2 C:\xampp\htdocs\Big_Project_Code4\app\Controllers\AdminController.php(27): CodeIgniter\BaseModel->paginate(10)
#3 C:\xampp\htdocs\Big_Project_Code4\system\CodeIgniter.php(825): App\Controllers\AdminController->manage_allUsers()
#4 C:\xampp\htdocs\Big_Project_Code4\system\CodeIgniter.php(412): CodeIgniter\CodeIgniter->runController(Object(App\Controllers\AdminController))
#5 C:\xampp\htdocs\Big_Project_Code4\system\CodeIgniter.php(320): CodeIgniter\CodeIgniter->handleRequest(NULL, Object(Config\Cache), false)
#6 C:\xampp\htdocs\Big_Project_Code4\index.php(48): CodeIgniter\CodeIgniter->run()
#7 {main}
ERROR - 2022-08-02 20:08:10 --> Column 'Pos_ID' in where clause is ambiguous
ERROR - 2022-08-02 20:08:10 --> Column 'Pos_ID' in where clause is ambiguous
CRITICAL - 2022-08-02 20:08:10 --> Call to a member function getResult() on bool
#0 C:\xampp\htdocs\Big_Project_Code4\system\BaseModel.php(584): CodeIgniter\Model->doFindAll(10, 0)
#1 C:\xampp\htdocs\Big_Project_Code4\system\BaseModel.php(1088): CodeIgniter\BaseModel->findAll(10, 0)
#2 C:\xampp\htdocs\Big_Project_Code4\app\Controllers\AdminController.php(27): CodeIgniter\BaseModel->paginate(10)
#3 C:\xampp\htdocs\Big_Project_Code4\system\CodeIgniter.php(825): App\Controllers\AdminController->manage_allUsers()
#4 C:\xampp\htdocs\Big_Project_Code4\system\CodeIgniter.php(412): CodeIgniter\CodeIgniter->runController(Object(App\Controllers\AdminController))
#5 C:\xampp\htdocs\Big_Project_Code4\system\CodeIgniter.php(320): CodeIgniter\CodeIgniter->handleRequest(NULL, Object(Config\Cache), false)
#6 C:\xampp\htdocs\Big_Project_Code4\index.php(48): CodeIgniter\CodeIgniter->run()
#7 {main}
ERROR - 2022-08-02 20:08:32 --> Column 'Pos_ID' in where clause is ambiguous
ERROR - 2022-08-02 20:08:32 --> Column 'Pos_ID' in where clause is ambiguous
CRITICAL - 2022-08-02 20:08:32 --> Call to a member function getResult() on bool
#0 C:\xampp\htdocs\Big_Project_Code4\system\BaseModel.php(584): CodeIgniter\Model->doFindAll(10, 0)
#1 C:\xampp\htdocs\Big_Project_Code4\system\BaseModel.php(1088): CodeIgniter\BaseModel->findAll(10, 0)
#2 C:\xampp\htdocs\Big_Project_Code4\app\Controllers\AdminController.php(27): CodeIgniter\BaseModel->paginate(10)
#3 C:\xampp\htdocs\Big_Project_Code4\system\CodeIgniter.php(825): App\Controllers\AdminController->manage_allUsers()
#4 C:\xampp\htdocs\Big_Project_Code4\system\CodeIgniter.php(412): CodeIgniter\CodeIgniter->runController(Object(App\Controllers\AdminController))
#5 C:\xampp\htdocs\Big_Project_Code4\system\CodeIgniter.php(320): CodeIgniter\CodeIgniter->handleRequest(NULL, Object(Config\Cache), false)
#6 C:\xampp\htdocs\Big_Project_Code4\index.php(48): CodeIgniter\CodeIgniter->run()
#7 {main}
ERROR - 2022-08-02 20:08:32 --> Column 'Pos_ID' in where clause is ambiguous
ERROR - 2022-08-02 20:08:32 --> Column 'Pos_ID' in where clause is ambiguous
CRITICAL - 2022-08-02 20:08:32 --> Call to a member function getResult() on bool
#0 C:\xampp\htdocs\Big_Project_Code4\system\BaseModel.php(584): CodeIgniter\Model->doFindAll(10, 0)
#1 C:\xampp\htdocs\Big_Project_Code4\system\BaseModel.php(1088): CodeIgniter\BaseModel->findAll(10, 0)
#2 C:\xampp\htdocs\Big_Project_Code4\app\Controllers\AdminController.php(27): CodeIgniter\BaseModel->paginate(10)
#3 C:\xampp\htdocs\Big_Project_Code4\system\CodeIgniter.php(825): App\Controllers\AdminController->manage_allUsers()
#4 C:\xampp\htdocs\Big_Project_Code4\system\CodeIgniter.php(412): CodeIgniter\CodeIgniter->runController(Object(App\Controllers\AdminController))
#5 C:\xampp\htdocs\Big_Project_Code4\system\CodeIgniter.php(320): CodeIgniter\CodeIgniter->handleRequest(NULL, Object(Config\Cache), false)
#6 C:\xampp\htdocs\Big_Project_Code4\index.php(48): CodeIgniter\CodeIgniter->run()
#7 {main}
ERROR - 2022-08-02 20:08:33 --> Column 'Pos_ID' in where clause is ambiguous
ERROR - 2022-08-02 20:08:33 --> Column 'Pos_ID' in where clause is ambiguous
CRITICAL - 2022-08-02 20:08:33 --> Call to a member function getResult() on bool
#0 C:\xampp\htdocs\Big_Project_Code4\system\BaseModel.php(584): CodeIgniter\Model->doFindAll(10, 0)
#1 C:\xampp\htdocs\Big_Project_Code4\system\BaseModel.php(1088): CodeIgniter\BaseModel->findAll(10, 0)
#2 C:\xampp\htdocs\Big_Project_Code4\app\Controllers\AdminController.php(27): CodeIgniter\BaseModel->paginate(10)
#3 C:\xampp\htdocs\Big_Project_Code4\system\CodeIgniter.php(825): App\Controllers\AdminController->manage_allUsers()
#4 C:\xampp\htdocs\Big_Project_Code4\system\CodeIgniter.php(412): CodeIgniter\CodeIgniter->runController(Object(App\Controllers\AdminController))
#5 C:\xampp\htdocs\Big_Project_Code4\system\CodeIgniter.php(320): CodeIgniter\CodeIgniter->handleRequest(NULL, Object(Config\Cache), false)
#6 C:\xampp\htdocs\Big_Project_Code4\index.php(48): CodeIgniter\CodeIgniter->run()
#7 {main}
ERROR - 2022-08-02 20:08:33 --> Column 'Pos_ID' in where clause is ambiguous
ERROR - 2022-08-02 20:08:33 --> Column 'Pos_ID' in where clause is ambiguous
CRITICAL - 2022-08-02 20:08:33 --> Call to a member function getResult() on bool
#0 C:\xampp\htdocs\Big_Project_Code4\system\BaseModel.php(584): CodeIgniter\Model->doFindAll(10, 0)
#1 C:\xampp\htdocs\Big_Project_Code4\system\BaseModel.php(1088): CodeIgniter\BaseModel->findAll(10, 0)
#2 C:\xampp\htdocs\Big_Project_Code4\app\Controllers\AdminController.php(27): CodeIgniter\BaseModel->paginate(10)
#3 C:\xampp\htdocs\Big_Project_Code4\system\CodeIgniter.php(825): App\Controllers\AdminController->manage_allUsers()
#4 C:\xampp\htdocs\Big_Project_Code4\system\CodeIgniter.php(412): CodeIgniter\CodeIgniter->runController(Object(App\Controllers\AdminController))
#5 C:\xampp\htdocs\Big_Project_Code4\system\CodeIgniter.php(320): CodeIgniter\CodeIgniter->handleRequest(NULL, Object(Config\Cache), false)
#6 C:\xampp\htdocs\Big_Project_Code4\index.php(48): CodeIgniter\CodeIgniter->run()
#7 {main}
ERROR - 2022-08-02 20:08:33 --> Column 'Pos_ID' in where clause is ambiguous
ERROR - 2022-08-02 20:08:33 --> Column 'Pos_ID' in where clause is ambiguous
CRITICAL - 2022-08-02 20:08:33 --> Call to a member function getResult() on bool
#0 C:\xampp\htdocs\Big_Project_Code4\system\BaseModel.php(584): CodeIgniter\Model->doFindAll(10, 0)
#1 C:\xampp\htdocs\Big_Project_Code4\system\BaseModel.php(1088): CodeIgniter\BaseModel->findAll(10, 0)
#2 C:\xampp\htdocs\Big_Project_Code4\app\Controllers\AdminController.php(27): CodeIgniter\BaseModel->paginate(10)
#3 C:\xampp\htdocs\Big_Project_Code4\system\CodeIgniter.php(825): App\Controllers\AdminController->manage_allUsers()
#4 C:\xampp\htdocs\Big_Project_Code4\system\CodeIgniter.php(412): CodeIgniter\CodeIgniter->runController(Object(App\Controllers\AdminController))
#5 C:\xampp\htdocs\Big_Project_Code4\system\CodeIgniter.php(320): CodeIgniter\CodeIgniter->handleRequest(NULL, Object(Config\Cache), false)
#6 C:\xampp\htdocs\Big_Project_Code4\index.php(48): CodeIgniter\CodeIgniter->run()
#7 {main}
ERROR - 2022-08-02 20:08:34 --> Column 'Pos_ID' in where clause is ambiguous
ERROR - 2022-08-02 20:08:34 --> Column 'Pos_ID' in where clause is ambiguous
CRITICAL - 2022-08-02 20:08:34 --> Call to a member function getResult() on bool
#0 C:\xampp\htdocs\Big_Project_Code4\system\BaseModel.php(584): CodeIgniter\Model->doFindAll(10, 0)
#1 C:\xampp\htdocs\Big_Project_Code4\system\BaseModel.php(1088): CodeIgniter\BaseModel->findAll(10, 0)
#2 C:\xampp\htdocs\Big_Project_Code4\app\Controllers\AdminController.php(27): CodeIgniter\BaseModel->paginate(10)
#3 C:\xampp\htdocs\Big_Project_Code4\system\CodeIgniter.php(825): App\Controllers\AdminController->manage_allUsers()
#4 C:\xampp\htdocs\Big_Project_Code4\system\CodeIgniter.php(412): CodeIgniter\CodeIgniter->runController(Object(App\Controllers\AdminController))
#5 C:\xampp\htdocs\Big_Project_Code4\system\CodeIgniter.php(320): CodeIgniter\CodeIgniter->handleRequest(NULL, Object(Config\Cache), false)
#6 C:\xampp\htdocs\Big_Project_Code4\index.php(48): CodeIgniter\CodeIgniter->run()
#7 {main}
ERROR - 2022-08-02 20:08:37 --> Column 'Pos_ID' in where clause is ambiguous
ERROR - 2022-08-02 20:08:37 --> Column 'Pos_ID' in where clause is ambiguous
CRITICAL - 2022-08-02 20:08:37 --> Call to a member function getResult() on bool
#0 C:\xampp\htdocs\Big_Project_Code4\system\BaseModel.php(584): CodeIgniter\Model->doFindAll(10, 0)
#1 C:\xampp\htdocs\Big_Project_Code4\system\BaseModel.php(1088): CodeIgniter\BaseModel->findAll(10, 0)
#2 C:\xampp\htdocs\Big_Project_Code4\app\Controllers\AdminController.php(27): CodeIgniter\BaseModel->paginate(10)
#3 C:\xampp\htdocs\Big_Project_Code4\system\CodeIgniter.php(825): App\Controllers\AdminController->manage_allUsers()
#4 C:\xampp\htdocs\Big_Project_Code4\system\CodeIgniter.php(412): CodeIgniter\CodeIgniter->runController(Object(App\Controllers\AdminController))
#5 C:\xampp\htdocs\Big_Project_Code4\system\CodeIgniter.php(320): CodeIgniter\CodeIgniter->handleRequest(NULL, Object(Config\Cache), false)
#6 C:\xampp\htdocs\Big_Project_Code4\index.php(48): CodeIgniter\CodeIgniter->run()
#7 {main}
ERROR - 2022-08-02 20:08:37 --> Column 'Pos_ID' in where clause is ambiguous
ERROR - 2022-08-02 20:08:37 --> Column 'Pos_ID' in where clause is ambiguous
CRITICAL - 2022-08-02 20:08:37 --> Call to a member function getResult() on bool
#0 C:\xampp\htdocs\Big_Project_Code4\system\BaseModel.php(584): CodeIgniter\Model->doFindAll(10, 0)
#1 C:\xampp\htdocs\Big_Project_Code4\system\BaseModel.php(1088): CodeIgniter\BaseModel->findAll(10, 0)
#2 C:\xampp\htdocs\Big_Project_Code4\app\Controllers\AdminController.php(27): CodeIgniter\BaseModel->paginate(10)
#3 C:\xampp\htdocs\Big_Project_Code4\system\CodeIgniter.php(825): App\Controllers\AdminController->manage_allUsers()
#4 C:\xampp\htdocs\Big_Project_Code4\system\CodeIgniter.php(412): CodeIgniter\CodeIgniter->runController(Object(App\Controllers\AdminController))
#5 C:\xampp\htdocs\Big_Project_Code4\system\CodeIgniter.php(320): CodeIgniter\CodeIgniter->handleRequest(NULL, Object(Config\Cache), false)
#6 C:\xampp\htdocs\Big_Project_Code4\index.php(48): CodeIgniter\CodeIgniter->run()
#7 {main}
ERROR - 2022-08-02 20:08:38 --> Column 'Pos_ID' in where clause is ambiguous
ERROR - 2022-08-02 20:08:38 --> Column 'Pos_ID' in where clause is ambiguous
CRITICAL - 2022-08-02 20:08:38 --> Call to a member function getResult() on bool
#0 C:\xampp\htdocs\Big_Project_Code4\system\BaseModel.php(584): CodeIgniter\Model->doFindAll(10, 0)
#1 C:\xampp\htdocs\Big_Project_Code4\system\BaseModel.php(1088): CodeIgniter\BaseModel->findAll(10, 0)
#2 C:\xampp\htdocs\Big_Project_Code4\app\Controllers\AdminController.php(27): CodeIgniter\BaseModel->paginate(10)
#3 C:\xampp\htdocs\Big_Project_Code4\system\CodeIgniter.php(825): App\Controllers\AdminController->manage_allUsers()
#4 C:\xampp\htdocs\Big_Project_Code4\system\CodeIgniter.php(412): CodeIgniter\CodeIgniter->runController(Object(App\Controllers\AdminController))
#5 C:\xampp\htdocs\Big_Project_Code4\system\CodeIgniter.php(320): CodeIgniter\CodeIgniter->handleRequest(NULL, Object(Config\Cache), false)
#6 C:\xampp\htdocs\Big_Project_Code4\index.php(48): CodeIgniter\CodeIgniter->run()
#7 {main}
ERROR - 2022-08-02 20:08:38 --> Column 'Pos_ID' in where clause is ambiguous
ERROR - 2022-08-02 20:08:38 --> Column 'Pos_ID' in where clause is ambiguous
CRITICAL - 2022-08-02 20:08:38 --> Call to a member function getResult() on bool
#0 C:\xampp\htdocs\Big_Project_Code4\system\BaseModel.php(584): CodeIgniter\Model->doFindAll(10, 0)
#1 C:\xampp\htdocs\Big_Project_Code4\system\BaseModel.php(1088): CodeIgniter\BaseModel->findAll(10, 0)
#2 C:\xampp\htdocs\Big_Project_Code4\app\Controllers\AdminController.php(27): CodeIgniter\BaseModel->paginate(10)
#3 C:\xampp\htdocs\Big_Project_Code4\system\CodeIgniter.php(825): App\Controllers\AdminController->manage_allUsers()
#4 C:\xampp\htdocs\Big_Project_Code4\system\CodeIgniter.php(412): CodeIgniter\CodeIgniter->runController(Object(App\Controllers\AdminController))
#5 C:\xampp\htdocs\Big_Project_Code4\system\CodeIgniter.php(320): CodeIgniter\CodeIgniter->handleRequest(NULL, Object(Config\Cache), false)
#6 C:\xampp\htdocs\Big_Project_Code4\index.php(48): CodeIgniter\CodeIgniter->run()
#7 {main}
