CRITICAL - 2022-02-18 11:57:18 --> require(heads/head.php): Failed to open stream: No such file or directory
#0 C:\xampp\htdocs\Big_Project_Code4\app\Views\check_reservation.php(5): CodeIgniter\Debug\Exceptions->errorHandler(2, 'require(heads/h...', 'C:\\xampp\\htdocs...', 5)
#1 C:\xampp\htdocs\Big_Project_Code4\app\Views\check_reservation.php(5): require()
#2 C:\xampp\htdocs\Big_Project_Code4\system\View\View.php(210): include('C:\\xampp\\htdocs...')
#3 C:\xampp\htdocs\Big_Project_Code4\system\View\View.php(213): CodeIgniter\View\View->CodeIgniter\View\{closure}()
#4 C:\xampp\htdocs\Big_Project_Code4\system\Common.php(1089): CodeIgniter\View\View->render('check_reservati...', Array, true)
#5 C:\xampp\htdocs\Big_Project_Code4\app\Controllers\Check_Reservation.php(36): view('check_reservati...', Array)
#6 C:\xampp\htdocs\Big_Project_Code4\system\CodeIgniter.php(825): App\Controllers\Check_Reservation->index()
#7 C:\xampp\htdocs\Big_Project_Code4\system\CodeIgniter.php(412): CodeIgniter\CodeIgniter->runController(Object(App\Controllers\Check_Reservation))
#8 C:\xampp\htdocs\Big_Project_Code4\system\CodeIgniter.php(320): CodeIgniter\CodeIgniter->handleRequest(NULL, Object(Config\Cache), false)
#9 C:\xampp\htdocs\Big_Project_Code4\public\index.php(47): CodeIgniter\CodeIgniter->run()
#10 C:\xampp\htdocs\Big_Project_Code4\system\Commands\Server\rewrite.php(43): require_once('C:\\xampp\\htdocs...')
#11 {main}
CRITICAL - 2022-02-18 11:57:28 --> require(heads/head.php): Failed to open stream: No such file or directory
#0 C:\xampp\htdocs\Big_Project_Code4\app\Views\check_reservation.php(5): CodeIgniter\Debug\Exceptions->errorHandler(2, 'require(heads/h...', 'C:\\xampp\\htdocs...', 5)
#1 C:\xampp\htdocs\Big_Project_Code4\app\Views\check_reservation.php(5): require()
#2 C:\xampp\htdocs\Big_Project_Code4\system\View\View.php(210): include('C:\\xampp\\htdocs...')
#3 C:\xampp\htdocs\Big_Project_Code4\system\View\View.php(213): CodeIgniter\View\View->CodeIgniter\View\{closure}()
#4 C:\xampp\htdocs\Big_Project_Code4\system\Common.php(1089): CodeIgniter\View\View->render('check_reservati...', Array, true)
#5 C:\xampp\htdocs\Big_Project_Code4\app\Controllers\Check_Reservation.php(36): view('check_reservati...', Array)
#6 C:\xampp\htdocs\Big_Project_Code4\system\CodeIgniter.php(825): App\Controllers\Check_Reservation->index()
#7 C:\xampp\htdocs\Big_Project_Code4\system\CodeIgniter.php(412): CodeIgniter\CodeIgniter->runController(Object(App\Controllers\Check_Reservation))
#8 C:\xampp\htdocs\Big_Project_Code4\system\CodeIgniter.php(320): CodeIgniter\CodeIgniter->handleRequest(NULL, Object(Config\Cache), false)
#9 C:\xampp\htdocs\Big_Project_Code4\public\index.php(47): CodeIgniter\CodeIgniter->run()
#10 C:\xampp\htdocs\Big_Project_Code4\system\Commands\Server\rewrite.php(43): require_once('C:\\xampp\\htdocs...')
#11 {main}
CRITICAL - 2022-02-18 12:02:14 --> require(heads/head.php): Failed to open stream: No such file or directory
#0 C:\xampp\htdocs\Big_Project_Code4\app\Views\check_reservation.php(5): CodeIgniter\Debug\Exceptions->errorHandler(2, 'require(heads/h...', 'C:\\xampp\\htdocs...', 5)
#1 C:\xampp\htdocs\Big_Project_Code4\app\Views\check_reservation.php(5): require()
#2 C:\xampp\htdocs\Big_Project_Code4\system\View\View.php(210): include('C:\\xampp\\htdocs...')
#3 C:\xampp\htdocs\Big_Project_Code4\system\View\View.php(213): CodeIgniter\View\View->CodeIgniter\View\{closure}()
#4 C:\xampp\htdocs\Big_Project_Code4\system\Common.php(1089): CodeIgniter\View\View->render('check_reservati...', Array, true)
#5 C:\xampp\htdocs\Big_Project_Code4\app\Controllers\Check_Reservation.php(36): view('check_reservati...', Array)
#6 C:\xampp\htdocs\Big_Project_Code4\system\CodeIgniter.php(825): App\Controllers\Check_Reservation->index()
#7 C:\xampp\htdocs\Big_Project_Code4\system\CodeIgniter.php(412): CodeIgniter\CodeIgniter->runController(Object(App\Controllers\Check_Reservation))
#8 C:\xampp\htdocs\Big_Project_Code4\system\CodeIgniter.php(320): CodeIgniter\CodeIgniter->handleRequest(NULL, Object(Config\Cache), false)
#9 C:\xampp\htdocs\Big_Project_Code4\public\index.php(47): CodeIgniter\CodeIgniter->run()
#10 C:\xampp\htdocs\Big_Project_Code4\system\Commands\Server\rewrite.php(43): require_once('C:\\xampp\\htdocs...')
#11 {main}
CRITICAL - 2022-02-18 12:02:14 --> require(heads/head.php): Failed to open stream: No such file or directory
#0 C:\xampp\htdocs\Big_Project_Code4\app\Views\check_reservation.php(5): CodeIgniter\Debug\Exceptions->errorHandler(2, 'require(heads/h...', 'C:\\xampp\\htdocs...', 5)
#1 C:\xampp\htdocs\Big_Project_Code4\app\Views\check_reservation.php(5): require()
#2 C:\xampp\htdocs\Big_Project_Code4\system\View\View.php(210): include('C:\\xampp\\htdocs...')
#3 C:\xampp\htdocs\Big_Project_Code4\system\View\View.php(213): CodeIgniter\View\View->CodeIgniter\View\{closure}()
#4 C:\xampp\htdocs\Big_Project_Code4\system\Common.php(1089): CodeIgniter\View\View->render('check_reservati...', Array, true)
#5 C:\xampp\htdocs\Big_Project_Code4\app\Controllers\Check_Reservation.php(36): view('check_reservati...', Array)
#6 C:\xampp\htdocs\Big_Project_Code4\system\CodeIgniter.php(825): App\Controllers\Check_Reservation->index()
#7 C:\xampp\htdocs\Big_Project_Code4\system\CodeIgniter.php(412): CodeIgniter\CodeIgniter->runController(Object(App\Controllers\Check_Reservation))
#8 C:\xampp\htdocs\Big_Project_Code4\system\CodeIgniter.php(320): CodeIgniter\CodeIgniter->handleRequest(NULL, Object(Config\Cache), false)
#9 C:\xampp\htdocs\Big_Project_Code4\public\index.php(47): CodeIgniter\CodeIgniter->run()
#10 C:\xampp\htdocs\Big_Project_Code4\system\Commands\Server\rewrite.php(43): require_once('C:\\xampp\\htdocs...')
#11 {main}
CRITICAL - 2022-02-18 12:02:15 --> require(heads/head.php): Failed to open stream: No such file or directory
#0 C:\xampp\htdocs\Big_Project_Code4\app\Views\check_reservation.php(5): CodeIgniter\Debug\Exceptions->errorHandler(2, 'require(heads/h...', 'C:\\xampp\\htdocs...', 5)
#1 C:\xampp\htdocs\Big_Project_Code4\app\Views\check_reservation.php(5): require()
#2 C:\xampp\htdocs\Big_Project_Code4\system\View\View.php(210): include('C:\\xampp\\htdocs...')
#3 C:\xampp\htdocs\Big_Project_Code4\system\View\View.php(213): CodeIgniter\View\View->CodeIgniter\View\{closure}()
#4 C:\xampp\htdocs\Big_Project_Code4\system\Common.php(1089): CodeIgniter\View\View->render('check_reservati...', Array, true)
#5 C:\xampp\htdocs\Big_Project_Code4\app\Controllers\Check_Reservation.php(36): view('check_reservati...', Array)
#6 C:\xampp\htdocs\Big_Project_Code4\system\CodeIgniter.php(825): App\Controllers\Check_Reservation->index()
#7 C:\xampp\htdocs\Big_Project_Code4\system\CodeIgniter.php(412): CodeIgniter\CodeIgniter->runController(Object(App\Controllers\Check_Reservation))
#8 C:\xampp\htdocs\Big_Project_Code4\system\CodeIgniter.php(320): CodeIgniter\CodeIgniter->handleRequest(NULL, Object(Config\Cache), false)
#9 C:\xampp\htdocs\Big_Project_Code4\public\index.php(47): CodeIgniter\CodeIgniter->run()
#10 C:\xampp\htdocs\Big_Project_Code4\system\Commands\Server\rewrite.php(43): require_once('C:\\xampp\\htdocs...')
#11 {main}
CRITICAL - 2022-02-18 12:02:15 --> require(heads/head.php): Failed to open stream: No such file or directory
#0 C:\xampp\htdocs\Big_Project_Code4\app\Views\check_reservation.php(5): CodeIgniter\Debug\Exceptions->errorHandler(2, 'require(heads/h...', 'C:\\xampp\\htdocs...', 5)
#1 C:\xampp\htdocs\Big_Project_Code4\app\Views\check_reservation.php(5): require()
#2 C:\xampp\htdocs\Big_Project_Code4\system\View\View.php(210): include('C:\\xampp\\htdocs...')
#3 C:\xampp\htdocs\Big_Project_Code4\system\View\View.php(213): CodeIgniter\View\View->CodeIgniter\View\{closure}()
#4 C:\xampp\htdocs\Big_Project_Code4\system\Common.php(1089): CodeIgniter\View\View->render('check_reservati...', Array, true)
#5 C:\xampp\htdocs\Big_Project_Code4\app\Controllers\Check_Reservation.php(36): view('check_reservati...', Array)
#6 C:\xampp\htdocs\Big_Project_Code4\system\CodeIgniter.php(825): App\Controllers\Check_Reservation->index()
#7 C:\xampp\htdocs\Big_Project_Code4\system\CodeIgniter.php(412): CodeIgniter\CodeIgniter->runController(Object(App\Controllers\Check_Reservation))
#8 C:\xampp\htdocs\Big_Project_Code4\system\CodeIgniter.php(320): CodeIgniter\CodeIgniter->handleRequest(NULL, Object(Config\Cache), false)
#9 C:\xampp\htdocs\Big_Project_Code4\public\index.php(47): CodeIgniter\CodeIgniter->run()
#10 C:\xampp\htdocs\Big_Project_Code4\system\Commands\Server\rewrite.php(43): require_once('C:\\xampp\\htdocs...')
#11 {main}
CRITICAL - 2022-02-18 12:02:21 --> require(components/head.php): Failed to open stream: No such file or directory
#0 C:\xampp\htdocs\Big_Project_Code4\app\Views\check_reservation.php(5): CodeIgniter\Debug\Exceptions->errorHandler(2, 'require(compone...', 'C:\\xampp\\htdocs...', 5)
#1 C:\xampp\htdocs\Big_Project_Code4\app\Views\check_reservation.php(5): require()
#2 C:\xampp\htdocs\Big_Project_Code4\system\View\View.php(210): include('C:\\xampp\\htdocs...')
#3 C:\xampp\htdocs\Big_Project_Code4\system\View\View.php(213): CodeIgniter\View\View->CodeIgniter\View\{closure}()
#4 C:\xampp\htdocs\Big_Project_Code4\system\Common.php(1089): CodeIgniter\View\View->render('check_reservati...', Array, true)
#5 C:\xampp\htdocs\Big_Project_Code4\app\Controllers\Check_Reservation.php(36): view('check_reservati...', Array)
#6 C:\xampp\htdocs\Big_Project_Code4\system\CodeIgniter.php(825): App\Controllers\Check_Reservation->index()
#7 C:\xampp\htdocs\Big_Project_Code4\system\CodeIgniter.php(412): CodeIgniter\CodeIgniter->runController(Object(App\Controllers\Check_Reservation))
#8 C:\xampp\htdocs\Big_Project_Code4\system\CodeIgniter.php(320): CodeIgniter\CodeIgniter->handleRequest(NULL, Object(Config\Cache), false)
#9 C:\xampp\htdocs\Big_Project_Code4\public\index.php(47): CodeIgniter\CodeIgniter->run()
#10 C:\xampp\htdocs\Big_Project_Code4\system\Commands\Server\rewrite.php(43): require_once('C:\\xampp\\htdocs...')
#11 {main}
CRITICAL - 2022-02-18 12:02:21 --> require(components/head.php): Failed to open stream: No such file or directory
#0 C:\xampp\htdocs\Big_Project_Code4\app\Views\check_reservation.php(5): CodeIgniter\Debug\Exceptions->errorHandler(2, 'require(compone...', 'C:\\xampp\\htdocs...', 5)
#1 C:\xampp\htdocs\Big_Project_Code4\app\Views\check_reservation.php(5): require()
#2 C:\xampp\htdocs\Big_Project_Code4\system\View\View.php(210): include('C:\\xampp\\htdocs...')
#3 C:\xampp\htdocs\Big_Project_Code4\system\View\View.php(213): CodeIgniter\View\View->CodeIgniter\View\{closure}()
#4 C:\xampp\htdocs\Big_Project_Code4\system\Common.php(1089): CodeIgniter\View\View->render('check_reservati...', Array, true)
#5 C:\xampp\htdocs\Big_Project_Code4\app\Controllers\Check_Reservation.php(36): view('check_reservati...', Array)
#6 C:\xampp\htdocs\Big_Project_Code4\system\CodeIgniter.php(825): App\Controllers\Check_Reservation->index()
#7 C:\xampp\htdocs\Big_Project_Code4\system\CodeIgniter.php(412): CodeIgniter\CodeIgniter->runController(Object(App\Controllers\Check_Reservation))
#8 C:\xampp\htdocs\Big_Project_Code4\system\CodeIgniter.php(320): CodeIgniter\CodeIgniter->handleRequest(NULL, Object(Config\Cache), false)
#9 C:\xampp\htdocs\Big_Project_Code4\public\index.php(47): CodeIgniter\CodeIgniter->run()
#10 C:\xampp\htdocs\Big_Project_Code4\system\Commands\Server\rewrite.php(43): require_once('C:\\xampp\\htdocs...')
#11 {main}
CRITICAL - 2022-02-18 12:02:22 --> require(components/head.php): Failed to open stream: No such file or directory
#0 C:\xampp\htdocs\Big_Project_Code4\app\Views\check_reservation.php(5): CodeIgniter\Debug\Exceptions->errorHandler(2, 'require(compone...', 'C:\\xampp\\htdocs...', 5)
#1 C:\xampp\htdocs\Big_Project_Code4\app\Views\check_reservation.php(5): require()
#2 C:\xampp\htdocs\Big_Project_Code4\system\View\View.php(210): include('C:\\xampp\\htdocs...')
#3 C:\xampp\htdocs\Big_Project_Code4\system\View\View.php(213): CodeIgniter\View\View->CodeIgniter\View\{closure}()
#4 C:\xampp\htdocs\Big_Project_Code4\system\Common.php(1089): CodeIgniter\View\View->render('check_reservati...', Array, true)
#5 C:\xampp\htdocs\Big_Project_Code4\app\Controllers\Check_Reservation.php(36): view('check_reservati...', Array)
#6 C:\xampp\htdocs\Big_Project_Code4\system\CodeIgniter.php(825): App\Controllers\Check_Reservation->index()
#7 C:\xampp\htdocs\Big_Project_Code4\system\CodeIgniter.php(412): CodeIgniter\CodeIgniter->runController(Object(App\Controllers\Check_Reservation))
#8 C:\xampp\htdocs\Big_Project_Code4\system\CodeIgniter.php(320): CodeIgniter\CodeIgniter->handleRequest(NULL, Object(Config\Cache), false)
#9 C:\xampp\htdocs\Big_Project_Code4\public\index.php(47): CodeIgniter\CodeIgniter->run()
#10 C:\xampp\htdocs\Big_Project_Code4\system\Commands\Server\rewrite.php(43): require_once('C:\\xampp\\htdocs...')
#11 {main}
CRITICAL - 2022-02-18 12:02:22 --> require(components/head.php): Failed to open stream: No such file or directory
#0 C:\xampp\htdocs\Big_Project_Code4\app\Views\check_reservation.php(5): CodeIgniter\Debug\Exceptions->errorHandler(2, 'require(compone...', 'C:\\xampp\\htdocs...', 5)
#1 C:\xampp\htdocs\Big_Project_Code4\app\Views\check_reservation.php(5): require()
#2 C:\xampp\htdocs\Big_Project_Code4\system\View\View.php(210): include('C:\\xampp\\htdocs...')
#3 C:\xampp\htdocs\Big_Project_Code4\system\View\View.php(213): CodeIgniter\View\View->CodeIgniter\View\{closure}()
#4 C:\xampp\htdocs\Big_Project_Code4\system\Common.php(1089): CodeIgniter\View\View->render('check_reservati...', Array, true)
#5 C:\xampp\htdocs\Big_Project_Code4\app\Controllers\Check_Reservation.php(36): view('check_reservati...', Array)
#6 C:\xampp\htdocs\Big_Project_Code4\system\CodeIgniter.php(825): App\Controllers\Check_Reservation->index()
#7 C:\xampp\htdocs\Big_Project_Code4\system\CodeIgniter.php(412): CodeIgniter\CodeIgniter->runController(Object(App\Controllers\Check_Reservation))
#8 C:\xampp\htdocs\Big_Project_Code4\system\CodeIgniter.php(320): CodeIgniter\CodeIgniter->handleRequest(NULL, Object(Config\Cache), false)
#9 C:\xampp\htdocs\Big_Project_Code4\public\index.php(47): CodeIgniter\CodeIgniter->run()
#10 C:\xampp\htdocs\Big_Project_Code4\system\Commands\Server\rewrite.php(43): require_once('C:\\xampp\\htdocs...')
#11 {main}
CRITICAL - 2022-02-18 12:02:22 --> require(components/head.php): Failed to open stream: No such file or directory
#0 C:\xampp\htdocs\Big_Project_Code4\app\Views\check_reservation.php(5): CodeIgniter\Debug\Exceptions->errorHandler(2, 'require(compone...', 'C:\\xampp\\htdocs...', 5)
#1 C:\xampp\htdocs\Big_Project_Code4\app\Views\check_reservation.php(5): require()
#2 C:\xampp\htdocs\Big_Project_Code4\system\View\View.php(210): include('C:\\xampp\\htdocs...')
#3 C:\xampp\htdocs\Big_Project_Code4\system\View\View.php(213): CodeIgniter\View\View->CodeIgniter\View\{closure}()
#4 C:\xampp\htdocs\Big_Project_Code4\system\Common.php(1089): CodeIgniter\View\View->render('check_reservati...', Array, true)
#5 C:\xampp\htdocs\Big_Project_Code4\app\Controllers\Check_Reservation.php(36): view('check_reservati...', Array)
#6 C:\xampp\htdocs\Big_Project_Code4\system\CodeIgniter.php(825): App\Controllers\Check_Reservation->index()
#7 C:\xampp\htdocs\Big_Project_Code4\system\CodeIgniter.php(412): CodeIgniter\CodeIgniter->runController(Object(App\Controllers\Check_Reservation))
#8 C:\xampp\htdocs\Big_Project_Code4\system\CodeIgniter.php(320): CodeIgniter\CodeIgniter->handleRequest(NULL, Object(Config\Cache), false)
#9 C:\xampp\htdocs\Big_Project_Code4\public\index.php(47): CodeIgniter\CodeIgniter->run()
#10 C:\xampp\htdocs\Big_Project_Code4\system\Commands\Server\rewrite.php(43): require_once('C:\\xampp\\htdocs...')
#11 {main}
CRITICAL - 2022-02-18 12:02:39 --> require(components/head.php): Failed to open stream: No such file or directory
#0 C:\xampp\htdocs\Big_Project_Code4\app\Views\check_reservation.php(5): CodeIgniter\Debug\Exceptions->errorHandler(2, 'require(compone...', 'C:\\xampp\\htdocs...', 5)
#1 C:\xampp\htdocs\Big_Project_Code4\app\Views\check_reservation.php(5): require()
#2 C:\xampp\htdocs\Big_Project_Code4\system\View\View.php(210): include('C:\\xampp\\htdocs...')
#3 C:\xampp\htdocs\Big_Project_Code4\system\View\View.php(213): CodeIgniter\View\View->CodeIgniter\View\{closure}()
#4 C:\xampp\htdocs\Big_Project_Code4\system\Common.php(1089): CodeIgniter\View\View->render('check_reservati...', Array, true)
#5 C:\xampp\htdocs\Big_Project_Code4\app\Controllers\Check_Reservation.php(36): view('check_reservati...', Array)
#6 C:\xampp\htdocs\Big_Project_Code4\system\CodeIgniter.php(825): App\Controllers\Check_Reservation->index()
#7 C:\xampp\htdocs\Big_Project_Code4\system\CodeIgniter.php(412): CodeIgniter\CodeIgniter->runController(Object(App\Controllers\Check_Reservation))
#8 C:\xampp\htdocs\Big_Project_Code4\system\CodeIgniter.php(320): CodeIgniter\CodeIgniter->handleRequest(NULL, Object(Config\Cache), false)
#9 C:\xampp\htdocs\Big_Project_Code4\public\index.php(47): CodeIgniter\CodeIgniter->run()
#10 C:\xampp\htdocs\Big_Project_Code4\system\Commands\Server\rewrite.php(43): require_once('C:\\xampp\\htdocs...')
#11 {main}
ERROR - 2022-02-18 12:17:06 --> Error connecting to the database: Access denied for user '****'@'localhost' (using password: YES)
CRITICAL - 2022-02-18 12:17:06 --> Unable to connect to the database.
Main connection [MySQLi]: Access denied for user '****'@'localhost' (using password: YES)
#0 C:\xampp\htdocs\Big_Project_Code4\system\Database\BaseConnection.php(577): CodeIgniter\Database\BaseConnection->initialize()
#1 C:\xampp\htdocs\Big_Project_Code4\system\Database\BaseBuilder.php(1455): CodeIgniter\Database\BaseConnection->query('SELECT *\nFROM `...', Array, false)
#2 C:\xampp\htdocs\Big_Project_Code4\system\Model.php(210): CodeIgniter\Database\BaseBuilder->get()
#3 C:\xampp\htdocs\Big_Project_Code4\system\BaseModel.php(622): CodeIgniter\Model->doFirst()
#4 C:\xampp\htdocs\Big_Project_Code4\app\Controllers\Login.php(37): CodeIgniter\BaseModel->first()
#5 C:\xampp\htdocs\Big_Project_Code4\system\CodeIgniter.php(825): App\Controllers\Login->auth()
#6 C:\xampp\htdocs\Big_Project_Code4\system\CodeIgniter.php(412): CodeIgniter\CodeIgniter->runController(Object(App\Controllers\Login))
#7 C:\xampp\htdocs\Big_Project_Code4\system\CodeIgniter.php(320): CodeIgniter\CodeIgniter->handleRequest(NULL, Object(Config\Cache), false)
#8 C:\xampp\htdocs\Big_Project_Code4\public\index.php(47): CodeIgniter\CodeIgniter->run()
#9 C:\xampp\htdocs\Big_Project_Code4\system\Commands\Server\rewrite.php(43): require_once('C:\\xampp\\htdocs...')
#10 {main}
ERROR - 2022-02-18 12:17:44 --> Error connecting to the database: Access denied for user '****'@'localhost' (using password: YES)
CRITICAL - 2022-02-18 12:17:44 --> Unable to connect to the database.
Main connection [MySQLi]: Access denied for user '****'@'localhost' (using password: YES)
#0 C:\xampp\htdocs\Big_Project_Code4\system\Database\BaseConnection.php(577): CodeIgniter\Database\BaseConnection->initialize()
#1 C:\xampp\htdocs\Big_Project_Code4\system\Database\BaseBuilder.php(1455): CodeIgniter\Database\BaseConnection->query('SELECT *\nFROM `...', Array, false)
#2 C:\xampp\htdocs\Big_Project_Code4\system\Model.php(210): CodeIgniter\Database\BaseBuilder->get()
#3 C:\xampp\htdocs\Big_Project_Code4\system\BaseModel.php(622): CodeIgniter\Model->doFirst()
#4 C:\xampp\htdocs\Big_Project_Code4\app\Controllers\Login.php(37): CodeIgniter\BaseModel->first()
#5 C:\xampp\htdocs\Big_Project_Code4\system\CodeIgniter.php(825): App\Controllers\Login->auth()
#6 C:\xampp\htdocs\Big_Project_Code4\system\CodeIgniter.php(412): CodeIgniter\CodeIgniter->runController(Object(App\Controllers\Login))
#7 C:\xampp\htdocs\Big_Project_Code4\system\CodeIgniter.php(320): CodeIgniter\CodeIgniter->handleRequest(NULL, Object(Config\Cache), false)
#8 C:\xampp\htdocs\Big_Project_Code4\public\index.php(47): CodeIgniter\CodeIgniter->run()
#9 C:\xampp\htdocs\Big_Project_Code4\system\Commands\Server\rewrite.php(43): require_once('C:\\xampp\\htdocs...')
#10 {main}
ERROR - 2022-02-18 12:17:44 --> Error connecting to the database: Access denied for user '****'@'localhost' (using password: YES)
CRITICAL - 2022-02-18 12:17:44 --> Unable to connect to the database.
Main connection [MySQLi]: Access denied for user '****'@'localhost' (using password: YES)
#0 C:\xampp\htdocs\Big_Project_Code4\system\Database\BaseConnection.php(577): CodeIgniter\Database\BaseConnection->initialize()
#1 C:\xampp\htdocs\Big_Project_Code4\system\Database\BaseBuilder.php(1455): CodeIgniter\Database\BaseConnection->query('SELECT *\nFROM `...', Array, false)
#2 C:\xampp\htdocs\Big_Project_Code4\system\Model.php(210): CodeIgniter\Database\BaseBuilder->get()
#3 C:\xampp\htdocs\Big_Project_Code4\system\BaseModel.php(622): CodeIgniter\Model->doFirst()
#4 C:\xampp\htdocs\Big_Project_Code4\app\Controllers\Login.php(37): CodeIgniter\BaseModel->first()
#5 C:\xampp\htdocs\Big_Project_Code4\system\CodeIgniter.php(825): App\Controllers\Login->auth()
#6 C:\xampp\htdocs\Big_Project_Code4\system\CodeIgniter.php(412): CodeIgniter\CodeIgniter->runController(Object(App\Controllers\Login))
#7 C:\xampp\htdocs\Big_Project_Code4\system\CodeIgniter.php(320): CodeIgniter\CodeIgniter->handleRequest(NULL, Object(Config\Cache), false)
#8 C:\xampp\htdocs\Big_Project_Code4\public\index.php(47): CodeIgniter\CodeIgniter->run()
#9 C:\xampp\htdocs\Big_Project_Code4\system\Commands\Server\rewrite.php(43): require_once('C:\\xampp\\htdocs...')
#10 {main}
ERROR - 2022-02-18 12:17:59 --> Error connecting to the database: Access denied for user '****'@'localhost' (using password: YES)
CRITICAL - 2022-02-18 12:17:59 --> Unable to connect to the database.
Main connection [MySQLi]: Access denied for user '****'@'localhost' (using password: YES)
#0 C:\xampp\htdocs\Big_Project_Code4\system\Database\BaseConnection.php(577): CodeIgniter\Database\BaseConnection->initialize()
#1 C:\xampp\htdocs\Big_Project_Code4\system\Database\BaseBuilder.php(1455): CodeIgniter\Database\BaseConnection->query('SELECT *\nFROM `...', Array, false)
#2 C:\xampp\htdocs\Big_Project_Code4\system\Model.php(210): CodeIgniter\Database\BaseBuilder->get()
#3 C:\xampp\htdocs\Big_Project_Code4\system\BaseModel.php(622): CodeIgniter\Model->doFirst()
#4 C:\xampp\htdocs\Big_Project_Code4\app\Controllers\Login.php(37): CodeIgniter\BaseModel->first()
#5 C:\xampp\htdocs\Big_Project_Code4\system\CodeIgniter.php(825): App\Controllers\Login->auth()
#6 C:\xampp\htdocs\Big_Project_Code4\system\CodeIgniter.php(412): CodeIgniter\CodeIgniter->runController(Object(App\Controllers\Login))
#7 C:\xampp\htdocs\Big_Project_Code4\system\CodeIgniter.php(320): CodeIgniter\CodeIgniter->handleRequest(NULL, Object(Config\Cache), false)
#8 C:\xampp\htdocs\Big_Project_Code4\public\index.php(47): CodeIgniter\CodeIgniter->run()
#9 C:\xampp\htdocs\Big_Project_Code4\system\Commands\Server\rewrite.php(43): require_once('C:\\xampp\\htdocs...')
#10 {main}
ERROR - 2022-02-18 12:18:06 --> Error connecting to the database: Access denied for user '****'@'localhost' (using password: YES)
CRITICAL - 2022-02-18 12:18:06 --> Unable to connect to the database.
Main connection [MySQLi]: Access denied for user '****'@'localhost' (using password: YES)
#0 C:\xampp\htdocs\Big_Project_Code4\system\Database\BaseConnection.php(577): CodeIgniter\Database\BaseConnection->initialize()
#1 C:\xampp\htdocs\Big_Project_Code4\system\Database\BaseBuilder.php(1455): CodeIgniter\Database\BaseConnection->query('SELECT *\nFROM `...', Array, false)
#2 C:\xampp\htdocs\Big_Project_Code4\system\Model.php(210): CodeIgniter\Database\BaseBuilder->get()
#3 C:\xampp\htdocs\Big_Project_Code4\system\BaseModel.php(622): CodeIgniter\Model->doFirst()
#4 C:\xampp\htdocs\Big_Project_Code4\app\Controllers\Login.php(37): CodeIgniter\BaseModel->first()
#5 C:\xampp\htdocs\Big_Project_Code4\system\CodeIgniter.php(825): App\Controllers\Login->auth()
#6 C:\xampp\htdocs\Big_Project_Code4\system\CodeIgniter.php(412): CodeIgniter\CodeIgniter->runController(Object(App\Controllers\Login))
#7 C:\xampp\htdocs\Big_Project_Code4\system\CodeIgniter.php(320): CodeIgniter\CodeIgniter->handleRequest(NULL, Object(Config\Cache), false)
#8 C:\xampp\htdocs\Big_Project_Code4\public\index.php(47): CodeIgniter\CodeIgniter->run()
#9 C:\xampp\htdocs\Big_Project_Code4\system\Commands\Server\rewrite.php(43): require_once('C:\\xampp\\htdocs...')
#10 {main}
ERROR - 2022-02-18 12:18:27 --> Error connecting to the database: Access denied for user '****'@'localhost' (using password: YES)
CRITICAL - 2022-02-18 12:18:27 --> Unable to connect to the database.
Main connection [MySQLi]: Access denied for user '****'@'localhost' (using password: YES)
#0 C:\xampp\htdocs\Big_Project_Code4\system\Database\BaseConnection.php(577): CodeIgniter\Database\BaseConnection->initialize()
#1 C:\xampp\htdocs\Big_Project_Code4\system\Database\BaseBuilder.php(1455): CodeIgniter\Database\BaseConnection->query('SELECT *\nFROM `...', Array, false)
#2 C:\xampp\htdocs\Big_Project_Code4\system\Model.php(210): CodeIgniter\Database\BaseBuilder->get()
#3 C:\xampp\htdocs\Big_Project_Code4\system\BaseModel.php(622): CodeIgniter\Model->doFirst()
#4 C:\xampp\htdocs\Big_Project_Code4\app\Controllers\Login.php(37): CodeIgniter\BaseModel->first()
#5 C:\xampp\htdocs\Big_Project_Code4\system\CodeIgniter.php(825): App\Controllers\Login->auth()
#6 C:\xampp\htdocs\Big_Project_Code4\system\CodeIgniter.php(412): CodeIgniter\CodeIgniter->runController(Object(App\Controllers\Login))
#7 C:\xampp\htdocs\Big_Project_Code4\system\CodeIgniter.php(320): CodeIgniter\CodeIgniter->handleRequest(NULL, Object(Config\Cache), false)
#8 C:\xampp\htdocs\Big_Project_Code4\public\index.php(47): CodeIgniter\CodeIgniter->run()
#9 C:\xampp\htdocs\Big_Project_Code4\system\Commands\Server\rewrite.php(43): require_once('C:\\xampp\\htdocs...')
#10 {main}
ERROR - 2022-02-18 12:21:01 --> Error connecting to the database: Access denied for user '****'@'localhost' (using password: YES)
CRITICAL - 2022-02-18 12:21:01 --> Unable to connect to the database.
Main connection [MySQLi]: Access denied for user '****'@'localhost' (using password: YES)
#0 C:\xampp\htdocs\Big_Project_Code4\system\Database\BaseConnection.php(577): CodeIgniter\Database\BaseConnection->initialize()
#1 C:\xampp\htdocs\Big_Project_Code4\system\Database\BaseBuilder.php(1455): CodeIgniter\Database\BaseConnection->query('SELECT *\nFROM `...', Array, false)
#2 C:\xampp\htdocs\Big_Project_Code4\system\Model.php(210): CodeIgniter\Database\BaseBuilder->get()
#3 C:\xampp\htdocs\Big_Project_Code4\system\BaseModel.php(622): CodeIgniter\Model->doFirst()
#4 C:\xampp\htdocs\Big_Project_Code4\app\Controllers\Login.php(37): CodeIgniter\BaseModel->first()
#5 C:\xampp\htdocs\Big_Project_Code4\system\CodeIgniter.php(825): App\Controllers\Login->auth()
#6 C:\xampp\htdocs\Big_Project_Code4\system\CodeIgniter.php(412): CodeIgniter\CodeIgniter->runController(Object(App\Controllers\Login))
#7 C:\xampp\htdocs\Big_Project_Code4\system\CodeIgniter.php(320): CodeIgniter\CodeIgniter->handleRequest(NULL, Object(Config\Cache), false)
#8 C:\xampp\htdocs\Big_Project_Code4\public\index.php(47): CodeIgniter\CodeIgniter->run()
#9 C:\xampp\htdocs\Big_Project_Code4\system\Commands\Server\rewrite.php(43): require_once('C:\\xampp\\htdocs...')
#10 {main}
CRITICAL - 2022-02-18 12:42:04 --> require(conponents/header.php): Failed to open stream: No such file or directory
#0 C:\xampp\htdocs\Big_Project_Code4\app\Views\report.php(5): CodeIgniter\Debug\Exceptions->errorHandler(2, 'require(conpone...', 'C:\\xampp\\htdocs...', 5)
#1 C:\xampp\htdocs\Big_Project_Code4\app\Views\report.php(5): require()
#2 C:\xampp\htdocs\Big_Project_Code4\system\View\View.php(210): include('C:\\xampp\\htdocs...')
#3 C:\xampp\htdocs\Big_Project_Code4\system\View\View.php(213): CodeIgniter\View\View->CodeIgniter\View\{closure}()
#4 C:\xampp\htdocs\Big_Project_Code4\system\Common.php(1089): CodeIgniter\View\View->render('report', Array, true)
#5 C:\xampp\htdocs\Big_Project_Code4\app\Controllers\Report.php(36): view('report', Array)
#6 C:\xampp\htdocs\Big_Project_Code4\system\CodeIgniter.php(825): App\Controllers\Report->index()
#7 C:\xampp\htdocs\Big_Project_Code4\system\CodeIgniter.php(412): CodeIgniter\CodeIgniter->runController(Object(App\Controllers\Report))
#8 C:\xampp\htdocs\Big_Project_Code4\system\CodeIgniter.php(320): CodeIgniter\CodeIgniter->handleRequest(NULL, Object(Config\Cache), false)
#9 C:\xampp\htdocs\Big_Project_Code4\public\index.php(47): CodeIgniter\CodeIgniter->run()
#10 C:\xampp\htdocs\Big_Project_Code4\system\Commands\Server\rewrite.php(43): require_once('C:\\xampp\\htdocs...')
#11 {main}
