CRITICAL - 2022-03-08 05:51:10 --> date_default_timezone_set(): Timezone ID 'Thailand/Bangkok' is invalid
#0 [internal function]: CodeIgniter\Debug\Exceptions->errorHandler(8, 'date_default_ti...', 'C:\\xampp\\htdocs...', 184)
#1 C:\xampp\htdocs\Final_Project_64-65\Big_Project_FrontEnd\system\CodeIgniter.php(184): date_default_timezone_set('Thailand/Bangko...')
#2 C:\xampp\htdocs\Final_Project_64-65\Big_Project_FrontEnd\system\bootstrap.php(146): CodeIgniter\CodeIgniter->initialize()
#3 C:\xampp\htdocs\Final_Project_64-65\Big_Project_FrontEnd\public\index.php(38): require('C:\\xampp\\htdocs...')
#4 C:\xampp\htdocs\Final_Project_64-65\Big_Project_FrontEnd\system\Commands\Server\rewrite.php(43): require_once('C:\\xampp\\htdocs...')
#5 {main}
CRITICAL - 2022-03-08 05:51:16 --> date_default_timezone_set(): Timezone ID 'Thailand/Bangkok' is invalid
#0 [internal function]: CodeIgniter\Debug\Exceptions->errorHandler(8, 'date_default_ti...', 'C:\\xampp\\htdocs...', 184)
#1 C:\xampp\htdocs\Final_Project_64-65\Big_Project_FrontEnd\system\CodeIgniter.php(184): date_default_timezone_set('Thailand/Bangko...')
#2 C:\xampp\htdocs\Final_Project_64-65\Big_Project_FrontEnd\system\bootstrap.php(146): CodeIgniter\CodeIgniter->initialize()
#3 C:\xampp\htdocs\Final_Project_64-65\Big_Project_FrontEnd\public\index.php(38): require('C:\\xampp\\htdocs...')
#4 C:\xampp\htdocs\Final_Project_64-65\Big_Project_FrontEnd\system\Commands\Server\rewrite.php(43): require_once('C:\\xampp\\htdocs...')
#5 {main}
CRITICAL - 2022-03-08 05:51:17 --> date_default_timezone_set(): Timezone ID 'Thailand/Bankkok' is invalid
#0 [internal function]: CodeIgniter\Debug\Exceptions->errorHandler(8, 'date_default_ti...', 'C:\\xampp\\htdocs...', 184)
#1 C:\xampp\htdocs\Final_Project_64-65\Big_Project_FrontEnd\system\CodeIgniter.php(184): date_default_timezone_set('Thailand/Bankko...')
#2 C:\xampp\htdocs\Final_Project_64-65\Big_Project_FrontEnd\system\bootstrap.php(146): CodeIgniter\CodeIgniter->initialize()
#3 C:\xampp\htdocs\Final_Project_64-65\Big_Project_FrontEnd\public\index.php(38): require('C:\\xampp\\htdocs...')
#4 C:\xampp\htdocs\Final_Project_64-65\Big_Project_FrontEnd\system\Commands\Server\rewrite.php(43): require_once('C:\\xampp\\htdocs...')
#5 {main}
CRITICAL - 2022-03-08 05:51:17 --> date_default_timezone_set(): Timezone ID 'Thailand/Bankkok' is invalid
#0 [internal function]: CodeIgniter\Debug\Exceptions->errorHandler(8, 'date_default_ti...', 'C:\\xampp\\htdocs...', 184)
#1 C:\xampp\htdocs\Final_Project_64-65\Big_Project_FrontEnd\system\CodeIgniter.php(184): date_default_timezone_set('Thailand/Bankko...')
#2 C:\xampp\htdocs\Final_Project_64-65\Big_Project_FrontEnd\system\bootstrap.php(146): CodeIgniter\CodeIgniter->initialize()
#3 C:\xampp\htdocs\Final_Project_64-65\Big_Project_FrontEnd\public\index.php(38): require('C:\\xampp\\htdocs...')
#4 C:\xampp\htdocs\Final_Project_64-65\Big_Project_FrontEnd\system\Commands\Server\rewrite.php(43): require_once('C:\\xampp\\htdocs...')
#5 {main}
CRITICAL - 2022-03-08 05:51:17 --> date_default_timezone_set(): Timezone ID 'Thailand/Bankkok' is invalid
#0 [internal function]: CodeIgniter\Debug\Exceptions->errorHandler(8, 'date_default_ti...', 'C:\\xampp\\htdocs...', 184)
#1 C:\xampp\htdocs\Final_Project_64-65\Big_Project_FrontEnd\system\CodeIgniter.php(184): date_default_timezone_set('Thailand/Bankko...')
#2 C:\xampp\htdocs\Final_Project_64-65\Big_Project_FrontEnd\system\bootstrap.php(146): CodeIgniter\CodeIgniter->initialize()
#3 C:\xampp\htdocs\Final_Project_64-65\Big_Project_FrontEnd\public\index.php(38): require('C:\\xampp\\htdocs...')
#4 C:\xampp\htdocs\Final_Project_64-65\Big_Project_FrontEnd\system\Commands\Server\rewrite.php(43): require_once('C:\\xampp\\htdocs...')
#5 {main}
CRITICAL - 2022-03-08 05:51:17 --> date_default_timezone_set(): Timezone ID 'Thailand/Bankkok' is invalid
#0 [internal function]: CodeIgniter\Debug\Exceptions->errorHandler(8, 'date_default_ti...', 'C:\\xampp\\htdocs...', 184)
#1 C:\xampp\htdocs\Final_Project_64-65\Big_Project_FrontEnd\system\CodeIgniter.php(184): date_default_timezone_set('Thailand/Bankko...')
#2 C:\xampp\htdocs\Final_Project_64-65\Big_Project_FrontEnd\system\bootstrap.php(146): CodeIgniter\CodeIgniter->initialize()
#3 C:\xampp\htdocs\Final_Project_64-65\Big_Project_FrontEnd\public\index.php(38): require('C:\\xampp\\htdocs...')
#4 C:\xampp\htdocs\Final_Project_64-65\Big_Project_FrontEnd\system\Commands\Server\rewrite.php(43): require_once('C:\\xampp\\htdocs...')
#5 {main}
CRITICAL - 2022-03-08 05:51:45 --> date_default_timezone_set(): Timezone ID 'Asia/Thailand' is invalid
#0 [internal function]: CodeIgniter\Debug\Exceptions->errorHandler(8, 'date_default_ti...', 'C:\\xampp\\htdocs...', 184)
#1 C:\xampp\htdocs\Final_Project_64-65\Big_Project_FrontEnd\system\CodeIgniter.php(184): date_default_timezone_set('Asia/Thailand')
#2 C:\xampp\htdocs\Final_Project_64-65\Big_Project_FrontEnd\system\bootstrap.php(146): CodeIgniter\CodeIgniter->initialize()
#3 C:\xampp\htdocs\Final_Project_64-65\Big_Project_FrontEnd\public\index.php(38): require('C:\\xampp\\htdocs...')
#4 C:\xampp\htdocs\Final_Project_64-65\Big_Project_FrontEnd\system\Commands\Server\rewrite.php(43): require_once('C:\\xampp\\htdocs...')
#5 {main}
CRITICAL - 2022-03-08 05:51:46 --> date_default_timezone_set(): Timezone ID 'Asia/Thailand' is invalid
#0 [internal function]: CodeIgniter\Debug\Exceptions->errorHandler(8, 'date_default_ti...', 'C:\\xampp\\htdocs...', 184)
#1 C:\xampp\htdocs\Final_Project_64-65\Big_Project_FrontEnd\system\CodeIgniter.php(184): date_default_timezone_set('Asia/Thailand')
#2 C:\xampp\htdocs\Final_Project_64-65\Big_Project_FrontEnd\system\bootstrap.php(146): CodeIgniter\CodeIgniter->initialize()
#3 C:\xampp\htdocs\Final_Project_64-65\Big_Project_FrontEnd\public\index.php(38): require('C:\\xampp\\htdocs...')
#4 C:\xampp\htdocs\Final_Project_64-65\Big_Project_FrontEnd\system\Commands\Server\rewrite.php(43): require_once('C:\\xampp\\htdocs...')
#5 {main}
CRITICAL - 2022-03-08 05:51:46 --> date_default_timezone_set(): Timezone ID 'Asia/Thailand' is invalid
#0 [internal function]: CodeIgniter\Debug\Exceptions->errorHandler(8, 'date_default_ti...', 'C:\\xampp\\htdocs...', 184)
#1 C:\xampp\htdocs\Final_Project_64-65\Big_Project_FrontEnd\system\CodeIgniter.php(184): date_default_timezone_set('Asia/Thailand')
#2 C:\xampp\htdocs\Final_Project_64-65\Big_Project_FrontEnd\system\bootstrap.php(146): CodeIgniter\CodeIgniter->initialize()
#3 C:\xampp\htdocs\Final_Project_64-65\Big_Project_FrontEnd\public\index.php(38): require('C:\\xampp\\htdocs...')
#4 C:\xampp\htdocs\Final_Project_64-65\Big_Project_FrontEnd\system\Commands\Server\rewrite.php(43): require_once('C:\\xampp\\htdocs...')
#5 {main}
CRITICAL - 2022-03-08 05:51:46 --> date_default_timezone_set(): Timezone ID 'Asia/Thailand' is invalid
#0 [internal function]: CodeIgniter\Debug\Exceptions->errorHandler(8, 'date_default_ti...', 'C:\\xampp\\htdocs...', 184)
#1 C:\xampp\htdocs\Final_Project_64-65\Big_Project_FrontEnd\system\CodeIgniter.php(184): date_default_timezone_set('Asia/Thailand')
#2 C:\xampp\htdocs\Final_Project_64-65\Big_Project_FrontEnd\system\bootstrap.php(146): CodeIgniter\CodeIgniter->initialize()
#3 C:\xampp\htdocs\Final_Project_64-65\Big_Project_FrontEnd\public\index.php(38): require('C:\\xampp\\htdocs...')
#4 C:\xampp\htdocs\Final_Project_64-65\Big_Project_FrontEnd\system\Commands\Server\rewrite.php(43): require_once('C:\\xampp\\htdocs...')
#5 {main}
CRITICAL - 2022-03-08 11:52:52 --> require(Views/components_emp/header.php): Failed to open stream: No such file or directory
#0 C:\xampp\htdocs\Final_Project_64-65\Big_Project_FrontEnd\app\Views\employee\dashboard.php(5): CodeIgniter\Debug\Exceptions->errorHandler(2, 'require(Views/c...', 'C:\\xampp\\htdocs...', 5)
#1 C:\xampp\htdocs\Final_Project_64-65\Big_Project_FrontEnd\app\Views\employee\dashboard.php(5): require()
#2 C:\xampp\htdocs\Final_Project_64-65\Big_Project_FrontEnd\system\View\View.php(210): include('C:\\xampp\\htdocs...')
#3 C:\xampp\htdocs\Final_Project_64-65\Big_Project_FrontEnd\system\View\View.php(213): CodeIgniter\View\View->CodeIgniter\View\{closure}()
#4 C:\xampp\htdocs\Final_Project_64-65\Big_Project_FrontEnd\system\Common.php(1089): CodeIgniter\View\View->render('employee/dashbo...', Array, true)
#5 C:\xampp\htdocs\Final_Project_64-65\Big_Project_FrontEnd\app\Controllers\Dashboard.php(28): view('employee/dashbo...', Array)
#6 C:\xampp\htdocs\Final_Project_64-65\Big_Project_FrontEnd\system\CodeIgniter.php(825): App\Controllers\Dashboard->index()
#7 C:\xampp\htdocs\Final_Project_64-65\Big_Project_FrontEnd\system\CodeIgniter.php(412): CodeIgniter\CodeIgniter->runController(Object(App\Controllers\Dashboard))
#8 C:\xampp\htdocs\Final_Project_64-65\Big_Project_FrontEnd\system\CodeIgniter.php(320): CodeIgniter\CodeIgniter->handleRequest(NULL, Object(Config\Cache), false)
#9 C:\xampp\htdocs\Final_Project_64-65\Big_Project_FrontEnd\public\index.php(47): CodeIgniter\CodeIgniter->run()
#10 C:\xampp\htdocs\Final_Project_64-65\Big_Project_FrontEnd\system\Commands\Server\rewrite.php(43): require_once('C:\\xampp\\htdocs...')
#11 {main}
CRITICAL - 2022-03-08 11:55:05 --> require(/components_emp/navbar.php): Failed to open stream: No such file or directory
#0 C:\xampp\htdocs\Final_Project_64-65\Big_Project_FrontEnd\app\Views\employee\dashboard.php(20): CodeIgniter\Debug\Exceptions->errorHandler(2, 'require(/compon...', 'C:\\xampp\\htdocs...', 20)
#1 C:\xampp\htdocs\Final_Project_64-65\Big_Project_FrontEnd\app\Views\employee\dashboard.php(20): require()
#2 C:\xampp\htdocs\Final_Project_64-65\Big_Project_FrontEnd\system\View\View.php(210): include('C:\\xampp\\htdocs...')
#3 C:\xampp\htdocs\Final_Project_64-65\Big_Project_FrontEnd\system\View\View.php(213): CodeIgniter\View\View->CodeIgniter\View\{closure}()
#4 C:\xampp\htdocs\Final_Project_64-65\Big_Project_FrontEnd\system\Common.php(1089): CodeIgniter\View\View->render('employee/dashbo...', Array, true)
#5 C:\xampp\htdocs\Final_Project_64-65\Big_Project_FrontEnd\app\Controllers\Dashboard.php(28): view('employee/dashbo...', Array)
#6 C:\xampp\htdocs\Final_Project_64-65\Big_Project_FrontEnd\system\CodeIgniter.php(825): App\Controllers\Dashboard->index()
#7 C:\xampp\htdocs\Final_Project_64-65\Big_Project_FrontEnd\system\CodeIgniter.php(412): CodeIgniter\CodeIgniter->runController(Object(App\Controllers\Dashboard))
#8 C:\xampp\htdocs\Final_Project_64-65\Big_Project_FrontEnd\system\CodeIgniter.php(320): CodeIgniter\CodeIgniter->handleRequest(NULL, Object(Config\Cache), false)
#9 C:\xampp\htdocs\Final_Project_64-65\Big_Project_FrontEnd\public\index.php(47): CodeIgniter\CodeIgniter->run()
#10 C:\xampp\htdocs\Final_Project_64-65\Big_Project_FrontEnd\system\Commands\Server\rewrite.php(43): require_once('C:\\xampp\\htdocs...')
#11 {main}
CRITICAL - 2022-03-08 11:55:37 --> require(/components_emp/navbar.php): Failed to open stream: No such file or directory
#0 C:\xampp\htdocs\Final_Project_64-65\Big_Project_FrontEnd\app\Views\employee\dashboard.php(20): CodeIgniter\Debug\Exceptions->errorHandler(2, 'require(/compon...', 'C:\\xampp\\htdocs...', 20)
#1 C:\xampp\htdocs\Final_Project_64-65\Big_Project_FrontEnd\app\Views\employee\dashboard.php(20): require()
#2 C:\xampp\htdocs\Final_Project_64-65\Big_Project_FrontEnd\system\View\View.php(210): include('C:\\xampp\\htdocs...')
#3 C:\xampp\htdocs\Final_Project_64-65\Big_Project_FrontEnd\system\View\View.php(213): CodeIgniter\View\View->CodeIgniter\View\{closure}()
#4 C:\xampp\htdocs\Final_Project_64-65\Big_Project_FrontEnd\system\Common.php(1089): CodeIgniter\View\View->render('employee/dashbo...', Array, true)
#5 C:\xampp\htdocs\Final_Project_64-65\Big_Project_FrontEnd\app\Controllers\Dashboard.php(28): view('employee/dashbo...', Array)
#6 C:\xampp\htdocs\Final_Project_64-65\Big_Project_FrontEnd\system\CodeIgniter.php(825): App\Controllers\Dashboard->index()
#7 C:\xampp\htdocs\Final_Project_64-65\Big_Project_FrontEnd\system\CodeIgniter.php(412): CodeIgniter\CodeIgniter->runController(Object(App\Controllers\Dashboard))
#8 C:\xampp\htdocs\Final_Project_64-65\Big_Project_FrontEnd\system\CodeIgniter.php(320): CodeIgniter\CodeIgniter->handleRequest(NULL, Object(Config\Cache), false)
#9 C:\xampp\htdocs\Final_Project_64-65\Big_Project_FrontEnd\public\index.php(47): CodeIgniter\CodeIgniter->run()
#10 C:\xampp\htdocs\Final_Project_64-65\Big_Project_FrontEnd\system\Commands\Server\rewrite.php(43): require_once('C:\\xampp\\htdocs...')
#11 {main}
CRITICAL - 2022-03-08 11:55:38 --> require(/components_emp/navbar.php): Failed to open stream: No such file or directory
#0 C:\xampp\htdocs\Final_Project_64-65\Big_Project_FrontEnd\app\Views\employee\dashboard.php(22): CodeIgniter\Debug\Exceptions->errorHandler(2, 'require(/compon...', 'C:\\xampp\\htdocs...', 22)
#1 C:\xampp\htdocs\Final_Project_64-65\Big_Project_FrontEnd\app\Views\employee\dashboard.php(22): require()
#2 C:\xampp\htdocs\Final_Project_64-65\Big_Project_FrontEnd\system\View\View.php(210): include('C:\\xampp\\htdocs...')
#3 C:\xampp\htdocs\Final_Project_64-65\Big_Project_FrontEnd\system\View\View.php(213): CodeIgniter\View\View->CodeIgniter\View\{closure}()
#4 C:\xampp\htdocs\Final_Project_64-65\Big_Project_FrontEnd\system\Common.php(1089): CodeIgniter\View\View->render('employee/dashbo...', Array, true)
#5 C:\xampp\htdocs\Final_Project_64-65\Big_Project_FrontEnd\app\Controllers\Dashboard.php(28): view('employee/dashbo...', Array)
#6 C:\xampp\htdocs\Final_Project_64-65\Big_Project_FrontEnd\system\CodeIgniter.php(825): App\Controllers\Dashboard->index()
#7 C:\xampp\htdocs\Final_Project_64-65\Big_Project_FrontEnd\system\CodeIgniter.php(412): CodeIgniter\CodeIgniter->runController(Object(App\Controllers\Dashboard))
#8 C:\xampp\htdocs\Final_Project_64-65\Big_Project_FrontEnd\system\CodeIgniter.php(320): CodeIgniter\CodeIgniter->handleRequest(NULL, Object(Config\Cache), false)
#9 C:\xampp\htdocs\Final_Project_64-65\Big_Project_FrontEnd\public\index.php(47): CodeIgniter\CodeIgniter->run()
#10 C:\xampp\htdocs\Final_Project_64-65\Big_Project_FrontEnd\system\Commands\Server\rewrite.php(43): require_once('C:\\xampp\\htdocs...')
#11 {main}
CRITICAL - 2022-03-08 11:55:44 --> require(../components_emp/navbar.php): Failed to open stream: No such file or directory
#0 C:\xampp\htdocs\Final_Project_64-65\Big_Project_FrontEnd\app\Views\employee\dashboard.php(22): CodeIgniter\Debug\Exceptions->errorHandler(2, 'require(../comp...', 'C:\\xampp\\htdocs...', 22)
#1 C:\xampp\htdocs\Final_Project_64-65\Big_Project_FrontEnd\app\Views\employee\dashboard.php(22): require()
#2 C:\xampp\htdocs\Final_Project_64-65\Big_Project_FrontEnd\system\View\View.php(210): include('C:\\xampp\\htdocs...')
#3 C:\xampp\htdocs\Final_Project_64-65\Big_Project_FrontEnd\system\View\View.php(213): CodeIgniter\View\View->CodeIgniter\View\{closure}()
#4 C:\xampp\htdocs\Final_Project_64-65\Big_Project_FrontEnd\system\Common.php(1089): CodeIgniter\View\View->render('employee/dashbo...', Array, true)
#5 C:\xampp\htdocs\Final_Project_64-65\Big_Project_FrontEnd\app\Controllers\Dashboard.php(28): view('employee/dashbo...', Array)
#6 C:\xampp\htdocs\Final_Project_64-65\Big_Project_FrontEnd\system\CodeIgniter.php(825): App\Controllers\Dashboard->index()
#7 C:\xampp\htdocs\Final_Project_64-65\Big_Project_FrontEnd\system\CodeIgniter.php(412): CodeIgniter\CodeIgniter->runController(Object(App\Controllers\Dashboard))
#8 C:\xampp\htdocs\Final_Project_64-65\Big_Project_FrontEnd\system\CodeIgniter.php(320): CodeIgniter\CodeIgniter->handleRequest(NULL, Object(Config\Cache), false)
#9 C:\xampp\htdocs\Final_Project_64-65\Big_Project_FrontEnd\public\index.php(47): CodeIgniter\CodeIgniter->run()
#10 C:\xampp\htdocs\Final_Project_64-65\Big_Project_FrontEnd\system\Commands\Server\rewrite.php(43): require_once('C:\\xampp\\htdocs...')
#11 {main}
CRITICAL - 2022-03-08 11:55:44 --> require(../components_emp/navbar.php): Failed to open stream: No such file or directory
#0 C:\xampp\htdocs\Final_Project_64-65\Big_Project_FrontEnd\app\Views\employee\dashboard.php(22): CodeIgniter\Debug\Exceptions->errorHandler(2, 'require(../comp...', 'C:\\xampp\\htdocs...', 22)
#1 C:\xampp\htdocs\Final_Project_64-65\Big_Project_FrontEnd\app\Views\employee\dashboard.php(22): require()
#2 C:\xampp\htdocs\Final_Project_64-65\Big_Project_FrontEnd\system\View\View.php(210): include('C:\\xampp\\htdocs...')
#3 C:\xampp\htdocs\Final_Project_64-65\Big_Project_FrontEnd\system\View\View.php(213): CodeIgniter\View\View->CodeIgniter\View\{closure}()
#4 C:\xampp\htdocs\Final_Project_64-65\Big_Project_FrontEnd\system\Common.php(1089): CodeIgniter\View\View->render('employee/dashbo...', Array, true)
#5 C:\xampp\htdocs\Final_Project_64-65\Big_Project_FrontEnd\app\Controllers\Dashboard.php(28): view('employee/dashbo...', Array)
#6 C:\xampp\htdocs\Final_Project_64-65\Big_Project_FrontEnd\system\CodeIgniter.php(825): App\Controllers\Dashboard->index()
#7 C:\xampp\htdocs\Final_Project_64-65\Big_Project_FrontEnd\system\CodeIgniter.php(412): CodeIgniter\CodeIgniter->runController(Object(App\Controllers\Dashboard))
#8 C:\xampp\htdocs\Final_Project_64-65\Big_Project_FrontEnd\system\CodeIgniter.php(320): CodeIgniter\CodeIgniter->handleRequest(NULL, Object(Config\Cache), false)
#9 C:\xampp\htdocs\Final_Project_64-65\Big_Project_FrontEnd\public\index.php(47): CodeIgniter\CodeIgniter->run()
#10 C:\xampp\htdocs\Final_Project_64-65\Big_Project_FrontEnd\system\Commands\Server\rewrite.php(43): require_once('C:\\xampp\\htdocs...')
#11 {main}
CRITICAL - 2022-03-08 11:55:44 --> require(../components_emp/navbar.php): Failed to open stream: No such file or directory
#0 C:\xampp\htdocs\Final_Project_64-65\Big_Project_FrontEnd\app\Views\employee\dashboard.php(22): CodeIgniter\Debug\Exceptions->errorHandler(2, 'require(../comp...', 'C:\\xampp\\htdocs...', 22)
#1 C:\xampp\htdocs\Final_Project_64-65\Big_Project_FrontEnd\app\Views\employee\dashboard.php(22): require()
#2 C:\xampp\htdocs\Final_Project_64-65\Big_Project_FrontEnd\system\View\View.php(210): include('C:\\xampp\\htdocs...')
#3 C:\xampp\htdocs\Final_Project_64-65\Big_Project_FrontEnd\system\View\View.php(213): CodeIgniter\View\View->CodeIgniter\View\{closure}()
#4 C:\xampp\htdocs\Final_Project_64-65\Big_Project_FrontEnd\system\Common.php(1089): CodeIgniter\View\View->render('employee/dashbo...', Array, true)
#5 C:\xampp\htdocs\Final_Project_64-65\Big_Project_FrontEnd\app\Controllers\Dashboard.php(28): view('employee/dashbo...', Array)
#6 C:\xampp\htdocs\Final_Project_64-65\Big_Project_FrontEnd\system\CodeIgniter.php(825): App\Controllers\Dashboard->index()
#7 C:\xampp\htdocs\Final_Project_64-65\Big_Project_FrontEnd\system\CodeIgniter.php(412): CodeIgniter\CodeIgniter->runController(Object(App\Controllers\Dashboard))
#8 C:\xampp\htdocs\Final_Project_64-65\Big_Project_FrontEnd\system\CodeIgniter.php(320): CodeIgniter\CodeIgniter->handleRequest(NULL, Object(Config\Cache), false)
#9 C:\xampp\htdocs\Final_Project_64-65\Big_Project_FrontEnd\public\index.php(47): CodeIgniter\CodeIgniter->run()
#10 C:\xampp\htdocs\Final_Project_64-65\Big_Project_FrontEnd\system\Commands\Server\rewrite.php(43): require_once('C:\\xampp\\htdocs...')
#11 {main}
CRITICAL - 2022-03-08 11:55:44 --> require(../components_emp/navbar.php): Failed to open stream: No such file or directory
#0 C:\xampp\htdocs\Final_Project_64-65\Big_Project_FrontEnd\app\Views\employee\dashboard.php(22): CodeIgniter\Debug\Exceptions->errorHandler(2, 'require(../comp...', 'C:\\xampp\\htdocs...', 22)
#1 C:\xampp\htdocs\Final_Project_64-65\Big_Project_FrontEnd\app\Views\employee\dashboard.php(22): require()
#2 C:\xampp\htdocs\Final_Project_64-65\Big_Project_FrontEnd\system\View\View.php(210): include('C:\\xampp\\htdocs...')
#3 C:\xampp\htdocs\Final_Project_64-65\Big_Project_FrontEnd\system\View\View.php(213): CodeIgniter\View\View->CodeIgniter\View\{closure}()
#4 C:\xampp\htdocs\Final_Project_64-65\Big_Project_FrontEnd\system\Common.php(1089): CodeIgniter\View\View->render('employee/dashbo...', Array, true)
#5 C:\xampp\htdocs\Final_Project_64-65\Big_Project_FrontEnd\app\Controllers\Dashboard.php(28): view('employee/dashbo...', Array)
#6 C:\xampp\htdocs\Final_Project_64-65\Big_Project_FrontEnd\system\CodeIgniter.php(825): App\Controllers\Dashboard->index()
#7 C:\xampp\htdocs\Final_Project_64-65\Big_Project_FrontEnd\system\CodeIgniter.php(412): CodeIgniter\CodeIgniter->runController(Object(App\Controllers\Dashboard))
#8 C:\xampp\htdocs\Final_Project_64-65\Big_Project_FrontEnd\system\CodeIgniter.php(320): CodeIgniter\CodeIgniter->handleRequest(NULL, Object(Config\Cache), false)
#9 C:\xampp\htdocs\Final_Project_64-65\Big_Project_FrontEnd\public\index.php(47): CodeIgniter\CodeIgniter->run()
#10 C:\xampp\htdocs\Final_Project_64-65\Big_Project_FrontEnd\system\Commands\Server\rewrite.php(43): require_once('C:\\xampp\\htdocs...')
#11 {main}
CRITICAL - 2022-03-08 11:55:45 --> require(../components_emp/navbar.php): Failed to open stream: No such file or directory
#0 C:\xampp\htdocs\Final_Project_64-65\Big_Project_FrontEnd\app\Views\employee\dashboard.php(22): CodeIgniter\Debug\Exceptions->errorHandler(2, 'require(../comp...', 'C:\\xampp\\htdocs...', 22)
#1 C:\xampp\htdocs\Final_Project_64-65\Big_Project_FrontEnd\app\Views\employee\dashboard.php(22): require()
#2 C:\xampp\htdocs\Final_Project_64-65\Big_Project_FrontEnd\system\View\View.php(210): include('C:\\xampp\\htdocs...')
#3 C:\xampp\htdocs\Final_Project_64-65\Big_Project_FrontEnd\system\View\View.php(213): CodeIgniter\View\View->CodeIgniter\View\{closure}()
#4 C:\xampp\htdocs\Final_Project_64-65\Big_Project_FrontEnd\system\Common.php(1089): CodeIgniter\View\View->render('employee/dashbo...', Array, true)
#5 C:\xampp\htdocs\Final_Project_64-65\Big_Project_FrontEnd\app\Controllers\Dashboard.php(28): view('employee/dashbo...', Array)
#6 C:\xampp\htdocs\Final_Project_64-65\Big_Project_FrontEnd\system\CodeIgniter.php(825): App\Controllers\Dashboard->index()
#7 C:\xampp\htdocs\Final_Project_64-65\Big_Project_FrontEnd\system\CodeIgniter.php(412): CodeIgniter\CodeIgniter->runController(Object(App\Controllers\Dashboard))
#8 C:\xampp\htdocs\Final_Project_64-65\Big_Project_FrontEnd\system\CodeIgniter.php(320): CodeIgniter\CodeIgniter->handleRequest(NULL, Object(Config\Cache), false)
#9 C:\xampp\htdocs\Final_Project_64-65\Big_Project_FrontEnd\public\index.php(47): CodeIgniter\CodeIgniter->run()
#10 C:\xampp\htdocs\Final_Project_64-65\Big_Project_FrontEnd\system\Commands\Server\rewrite.php(43): require_once('C:\\xampp\\htdocs...')
#11 {main}
CRITICAL - 2022-03-08 11:55:49 --> require(.../components_emp/navbar.php): Failed to open stream: No such file or directory
#0 C:\xampp\htdocs\Final_Project_64-65\Big_Project_FrontEnd\app\Views\employee\dashboard.php(22): CodeIgniter\Debug\Exceptions->errorHandler(2, 'require(.../com...', 'C:\\xampp\\htdocs...', 22)
#1 C:\xampp\htdocs\Final_Project_64-65\Big_Project_FrontEnd\app\Views\employee\dashboard.php(22): require()
#2 C:\xampp\htdocs\Final_Project_64-65\Big_Project_FrontEnd\system\View\View.php(210): include('C:\\xampp\\htdocs...')
#3 C:\xampp\htdocs\Final_Project_64-65\Big_Project_FrontEnd\system\View\View.php(213): CodeIgniter\View\View->CodeIgniter\View\{closure}()
#4 C:\xampp\htdocs\Final_Project_64-65\Big_Project_FrontEnd\system\Common.php(1089): CodeIgniter\View\View->render('employee/dashbo...', Array, true)
#5 C:\xampp\htdocs\Final_Project_64-65\Big_Project_FrontEnd\app\Controllers\Dashboard.php(28): view('employee/dashbo...', Array)
#6 C:\xampp\htdocs\Final_Project_64-65\Big_Project_FrontEnd\system\CodeIgniter.php(825): App\Controllers\Dashboard->index()
#7 C:\xampp\htdocs\Final_Project_64-65\Big_Project_FrontEnd\system\CodeIgniter.php(412): CodeIgniter\CodeIgniter->runController(Object(App\Controllers\Dashboard))
#8 C:\xampp\htdocs\Final_Project_64-65\Big_Project_FrontEnd\system\CodeIgniter.php(320): CodeIgniter\CodeIgniter->handleRequest(NULL, Object(Config\Cache), false)
#9 C:\xampp\htdocs\Final_Project_64-65\Big_Project_FrontEnd\public\index.php(47): CodeIgniter\CodeIgniter->run()
#10 C:\xampp\htdocs\Final_Project_64-65\Big_Project_FrontEnd\system\Commands\Server\rewrite.php(43): require_once('C:\\xampp\\htdocs...')
#11 {main}
CRITICAL - 2022-03-08 11:55:50 --> require(.../components_emp/navbar.php): Failed to open stream: No such file or directory
#0 C:\xampp\htdocs\Final_Project_64-65\Big_Project_FrontEnd\app\Views\employee\dashboard.php(22): CodeIgniter\Debug\Exceptions->errorHandler(2, 'require(.../com...', 'C:\\xampp\\htdocs...', 22)
#1 C:\xampp\htdocs\Final_Project_64-65\Big_Project_FrontEnd\app\Views\employee\dashboard.php(22): require()
#2 C:\xampp\htdocs\Final_Project_64-65\Big_Project_FrontEnd\system\View\View.php(210): include('C:\\xampp\\htdocs...')
#3 C:\xampp\htdocs\Final_Project_64-65\Big_Project_FrontEnd\system\View\View.php(213): CodeIgniter\View\View->CodeIgniter\View\{closure}()
#4 C:\xampp\htdocs\Final_Project_64-65\Big_Project_FrontEnd\system\Common.php(1089): CodeIgniter\View\View->render('employee/dashbo...', Array, true)
#5 C:\xampp\htdocs\Final_Project_64-65\Big_Project_FrontEnd\app\Controllers\Dashboard.php(28): view('employee/dashbo...', Array)
#6 C:\xampp\htdocs\Final_Project_64-65\Big_Project_FrontEnd\system\CodeIgniter.php(825): App\Controllers\Dashboard->index()
#7 C:\xampp\htdocs\Final_Project_64-65\Big_Project_FrontEnd\system\CodeIgniter.php(412): CodeIgniter\CodeIgniter->runController(Object(App\Controllers\Dashboard))
#8 C:\xampp\htdocs\Final_Project_64-65\Big_Project_FrontEnd\system\CodeIgniter.php(320): CodeIgniter\CodeIgniter->handleRequest(NULL, Object(Config\Cache), false)
#9 C:\xampp\htdocs\Final_Project_64-65\Big_Project_FrontEnd\public\index.php(47): CodeIgniter\CodeIgniter->run()
#10 C:\xampp\htdocs\Final_Project_64-65\Big_Project_FrontEnd\system\Commands\Server\rewrite.php(43): require_once('C:\\xampp\\htdocs...')
#11 {main}
CRITICAL - 2022-03-08 11:57:57 --> require_once(C:\xampp\htdocs\Final_Project_64-65\Big_Project_FrontEnd\app\libraries/scraper_utilities.php): Failed to open stream: No such file or directory
#0 C:\xampp\htdocs\Final_Project_64-65\Big_Project_FrontEnd\app\Views\employee\dashboard.php(22): CodeIgniter\Debug\Exceptions->errorHandler(2, 'require_once(C:...', 'C:\\xampp\\htdocs...', 22)
#1 C:\xampp\htdocs\Final_Project_64-65\Big_Project_FrontEnd\app\Views\employee\dashboard.php(22): require_once()
#2 C:\xampp\htdocs\Final_Project_64-65\Big_Project_FrontEnd\system\View\View.php(210): include('C:\\xampp\\htdocs...')
#3 C:\xampp\htdocs\Final_Project_64-65\Big_Project_FrontEnd\system\View\View.php(213): CodeIgniter\View\View->CodeIgniter\View\{closure}()
#4 C:\xampp\htdocs\Final_Project_64-65\Big_Project_FrontEnd\system\Common.php(1089): CodeIgniter\View\View->render('employee/dashbo...', Array, true)
#5 C:\xampp\htdocs\Final_Project_64-65\Big_Project_FrontEnd\app\Controllers\Dashboard.php(28): view('employee/dashbo...', Array)
#6 C:\xampp\htdocs\Final_Project_64-65\Big_Project_FrontEnd\system\CodeIgniter.php(825): App\Controllers\Dashboard->index()
#7 C:\xampp\htdocs\Final_Project_64-65\Big_Project_FrontEnd\system\CodeIgniter.php(412): CodeIgniter\CodeIgniter->runController(Object(App\Controllers\Dashboard))
#8 C:\xampp\htdocs\Final_Project_64-65\Big_Project_FrontEnd\system\CodeIgniter.php(320): CodeIgniter\CodeIgniter->handleRequest(NULL, Object(Config\Cache), false)
#9 C:\xampp\htdocs\Final_Project_64-65\Big_Project_FrontEnd\public\index.php(47): CodeIgniter\CodeIgniter->run()
#10 C:\xampp\htdocs\Final_Project_64-65\Big_Project_FrontEnd\system\Commands\Server\rewrite.php(43): require_once('C:\\xampp\\htdocs...')
#11 {main}
CRITICAL - 2022-03-08 11:57:58 --> require_once(C:\xampp\htdocs\Final_Project_64-65\Big_Project_FrontEnd\app\libraries/scraper_utilities.php): Failed to open stream: No such file or directory
#0 C:\xampp\htdocs\Final_Project_64-65\Big_Project_FrontEnd\app\Views\employee\dashboard.php(22): CodeIgniter\Debug\Exceptions->errorHandler(2, 'require_once(C:...', 'C:\\xampp\\htdocs...', 22)
#1 C:\xampp\htdocs\Final_Project_64-65\Big_Project_FrontEnd\app\Views\employee\dashboard.php(22): require_once()
#2 C:\xampp\htdocs\Final_Project_64-65\Big_Project_FrontEnd\system\View\View.php(210): include('C:\\xampp\\htdocs...')
#3 C:\xampp\htdocs\Final_Project_64-65\Big_Project_FrontEnd\system\View\View.php(213): CodeIgniter\View\View->CodeIgniter\View\{closure}()
#4 C:\xampp\htdocs\Final_Project_64-65\Big_Project_FrontEnd\system\Common.php(1089): CodeIgniter\View\View->render('employee/dashbo...', Array, true)
#5 C:\xampp\htdocs\Final_Project_64-65\Big_Project_FrontEnd\app\Controllers\Dashboard.php(28): view('employee/dashbo...', Array)
#6 C:\xampp\htdocs\Final_Project_64-65\Big_Project_FrontEnd\system\CodeIgniter.php(825): App\Controllers\Dashboard->index()
#7 C:\xampp\htdocs\Final_Project_64-65\Big_Project_FrontEnd\system\CodeIgniter.php(412): CodeIgniter\CodeIgniter->runController(Object(App\Controllers\Dashboard))
#8 C:\xampp\htdocs\Final_Project_64-65\Big_Project_FrontEnd\system\CodeIgniter.php(320): CodeIgniter\CodeIgniter->handleRequest(NULL, Object(Config\Cache), false)
#9 C:\xampp\htdocs\Final_Project_64-65\Big_Project_FrontEnd\public\index.php(47): CodeIgniter\CodeIgniter->run()
#10 C:\xampp\htdocs\Final_Project_64-65\Big_Project_FrontEnd\system\Commands\Server\rewrite.php(43): require_once('C:\\xampp\\htdocs...')
#11 {main}
CRITICAL - 2022-03-08 11:58:07 --> require_once(C:\xampp\htdocs\Final_Project_64-65\Big_Project_FrontEnd\app\Views/scraper_utilities.php): Failed to open stream: No such file or directory
#0 C:\xampp\htdocs\Final_Project_64-65\Big_Project_FrontEnd\app\Views\employee\dashboard.php(22): CodeIgniter\Debug\Exceptions->errorHandler(2, 'require_once(C:...', 'C:\\xampp\\htdocs...', 22)
#1 C:\xampp\htdocs\Final_Project_64-65\Big_Project_FrontEnd\app\Views\employee\dashboard.php(22): require_once()
#2 C:\xampp\htdocs\Final_Project_64-65\Big_Project_FrontEnd\system\View\View.php(210): include('C:\\xampp\\htdocs...')
#3 C:\xampp\htdocs\Final_Project_64-65\Big_Project_FrontEnd\system\View\View.php(213): CodeIgniter\View\View->CodeIgniter\View\{closure}()
#4 C:\xampp\htdocs\Final_Project_64-65\Big_Project_FrontEnd\system\Common.php(1089): CodeIgniter\View\View->render('employee/dashbo...', Array, true)
#5 C:\xampp\htdocs\Final_Project_64-65\Big_Project_FrontEnd\app\Controllers\Dashboard.php(28): view('employee/dashbo...', Array)
#6 C:\xampp\htdocs\Final_Project_64-65\Big_Project_FrontEnd\system\CodeIgniter.php(825): App\Controllers\Dashboard->index()
#7 C:\xampp\htdocs\Final_Project_64-65\Big_Project_FrontEnd\system\CodeIgniter.php(412): CodeIgniter\CodeIgniter->runController(Object(App\Controllers\Dashboard))
#8 C:\xampp\htdocs\Final_Project_64-65\Big_Project_FrontEnd\system\CodeIgniter.php(320): CodeIgniter\CodeIgniter->handleRequest(NULL, Object(Config\Cache), false)
#9 C:\xampp\htdocs\Final_Project_64-65\Big_Project_FrontEnd\public\index.php(47): CodeIgniter\CodeIgniter->run()
#10 C:\xampp\htdocs\Final_Project_64-65\Big_Project_FrontEnd\system\Commands\Server\rewrite.php(43): require_once('C:\\xampp\\htdocs...')
#11 {main}
CRITICAL - 2022-03-08 11:58:08 --> require_once(C:\xampp\htdocs\Final_Project_64-65\Big_Project_FrontEnd\app\Views/scraper_utilities.php): Failed to open stream: No such file or directory
#0 C:\xampp\htdocs\Final_Project_64-65\Big_Project_FrontEnd\app\Views\employee\dashboard.php(22): CodeIgniter\Debug\Exceptions->errorHandler(2, 'require_once(C:...', 'C:\\xampp\\htdocs...', 22)
#1 C:\xampp\htdocs\Final_Project_64-65\Big_Project_FrontEnd\app\Views\employee\dashboard.php(22): require_once()
#2 C:\xampp\htdocs\Final_Project_64-65\Big_Project_FrontEnd\system\View\View.php(210): include('C:\\xampp\\htdocs...')
#3 C:\xampp\htdocs\Final_Project_64-65\Big_Project_FrontEnd\system\View\View.php(213): CodeIgniter\View\View->CodeIgniter\View\{closure}()
#4 C:\xampp\htdocs\Final_Project_64-65\Big_Project_FrontEnd\system\Common.php(1089): CodeIgniter\View\View->render('employee/dashbo...', Array, true)
#5 C:\xampp\htdocs\Final_Project_64-65\Big_Project_FrontEnd\app\Controllers\Dashboard.php(28): view('employee/dashbo...', Array)
#6 C:\xampp\htdocs\Final_Project_64-65\Big_Project_FrontEnd\system\CodeIgniter.php(825): App\Controllers\Dashboard->index()
#7 C:\xampp\htdocs\Final_Project_64-65\Big_Project_FrontEnd\system\CodeIgniter.php(412): CodeIgniter\CodeIgniter->runController(Object(App\Controllers\Dashboard))
#8 C:\xampp\htdocs\Final_Project_64-65\Big_Project_FrontEnd\system\CodeIgniter.php(320): CodeIgniter\CodeIgniter->handleRequest(NULL, Object(Config\Cache), false)
#9 C:\xampp\htdocs\Final_Project_64-65\Big_Project_FrontEnd\public\index.php(47): CodeIgniter\CodeIgniter->run()
#10 C:\xampp\htdocs\Final_Project_64-65\Big_Project_FrontEnd\system\Commands\Server\rewrite.php(43): require_once('C:\\xampp\\htdocs...')
#11 {main}
CRITICAL - 2022-03-08 11:58:08 --> require_once(C:\xampp\htdocs\Final_Project_64-65\Big_Project_FrontEnd\app\Views/scraper_utilities.php): Failed to open stream: No such file or directory
#0 C:\xampp\htdocs\Final_Project_64-65\Big_Project_FrontEnd\app\Views\employee\dashboard.php(22): CodeIgniter\Debug\Exceptions->errorHandler(2, 'require_once(C:...', 'C:\\xampp\\htdocs...', 22)
#1 C:\xampp\htdocs\Final_Project_64-65\Big_Project_FrontEnd\app\Views\employee\dashboard.php(22): require_once()
#2 C:\xampp\htdocs\Final_Project_64-65\Big_Project_FrontEnd\system\View\View.php(210): include('C:\\xampp\\htdocs...')
#3 C:\xampp\htdocs\Final_Project_64-65\Big_Project_FrontEnd\system\View\View.php(213): CodeIgniter\View\View->CodeIgniter\View\{closure}()
#4 C:\xampp\htdocs\Final_Project_64-65\Big_Project_FrontEnd\system\Common.php(1089): CodeIgniter\View\View->render('employee/dashbo...', Array, true)
#5 C:\xampp\htdocs\Final_Project_64-65\Big_Project_FrontEnd\app\Controllers\Dashboard.php(28): view('employee/dashbo...', Array)
#6 C:\xampp\htdocs\Final_Project_64-65\Big_Project_FrontEnd\system\CodeIgniter.php(825): App\Controllers\Dashboard->index()
#7 C:\xampp\htdocs\Final_Project_64-65\Big_Project_FrontEnd\system\CodeIgniter.php(412): CodeIgniter\CodeIgniter->runController(Object(App\Controllers\Dashboard))
#8 C:\xampp\htdocs\Final_Project_64-65\Big_Project_FrontEnd\system\CodeIgniter.php(320): CodeIgniter\CodeIgniter->handleRequest(NULL, Object(Config\Cache), false)
#9 C:\xampp\htdocs\Final_Project_64-65\Big_Project_FrontEnd\public\index.php(47): CodeIgniter\CodeIgniter->run()
#10 C:\xampp\htdocs\Final_Project_64-65\Big_Project_FrontEnd\system\Commands\Server\rewrite.php(43): require_once('C:\\xampp\\htdocs...')
#11 {main}
CRITICAL - 2022-03-08 11:58:14 --> require_once(C:\xampp\htdocs\Final_Project_64-65\Big_Project_FrontEnd\app\Views\scraper_utilities.php): Failed to open stream: No such file or directory
#0 C:\xampp\htdocs\Final_Project_64-65\Big_Project_FrontEnd\app\Views\employee\dashboard.php(22): CodeIgniter\Debug\Exceptions->errorHandler(2, 'require_once(C:...', 'C:\\xampp\\htdocs...', 22)
#1 C:\xampp\htdocs\Final_Project_64-65\Big_Project_FrontEnd\app\Views\employee\dashboard.php(22): require_once()
#2 C:\xampp\htdocs\Final_Project_64-65\Big_Project_FrontEnd\system\View\View.php(210): include('C:\\xampp\\htdocs...')
#3 C:\xampp\htdocs\Final_Project_64-65\Big_Project_FrontEnd\system\View\View.php(213): CodeIgniter\View\View->CodeIgniter\View\{closure}()
#4 C:\xampp\htdocs\Final_Project_64-65\Big_Project_FrontEnd\system\Common.php(1089): CodeIgniter\View\View->render('employee/dashbo...', Array, true)
#5 C:\xampp\htdocs\Final_Project_64-65\Big_Project_FrontEnd\app\Controllers\Dashboard.php(28): view('employee/dashbo...', Array)
#6 C:\xampp\htdocs\Final_Project_64-65\Big_Project_FrontEnd\system\CodeIgniter.php(825): App\Controllers\Dashboard->index()
#7 C:\xampp\htdocs\Final_Project_64-65\Big_Project_FrontEnd\system\CodeIgniter.php(412): CodeIgniter\CodeIgniter->runController(Object(App\Controllers\Dashboard))
#8 C:\xampp\htdocs\Final_Project_64-65\Big_Project_FrontEnd\system\CodeIgniter.php(320): CodeIgniter\CodeIgniter->handleRequest(NULL, Object(Config\Cache), false)
#9 C:\xampp\htdocs\Final_Project_64-65\Big_Project_FrontEnd\public\index.php(47): CodeIgniter\CodeIgniter->run()
#10 C:\xampp\htdocs\Final_Project_64-65\Big_Project_FrontEnd\system\Commands\Server\rewrite.php(43): require_once('C:\\xampp\\htdocs...')
#11 {main}
CRITICAL - 2022-03-08 11:58:14 --> require_once(C:\xampp\htdocs\Final_Project_64-65\Big_Project_FrontEnd\app\Views\scraper_utilities.php): Failed to open stream: No such file or directory
#0 C:\xampp\htdocs\Final_Project_64-65\Big_Project_FrontEnd\app\Views\employee\dashboard.php(22): CodeIgniter\Debug\Exceptions->errorHandler(2, 'require_once(C:...', 'C:\\xampp\\htdocs...', 22)
#1 C:\xampp\htdocs\Final_Project_64-65\Big_Project_FrontEnd\app\Views\employee\dashboard.php(22): require_once()
#2 C:\xampp\htdocs\Final_Project_64-65\Big_Project_FrontEnd\system\View\View.php(210): include('C:\\xampp\\htdocs...')
#3 C:\xampp\htdocs\Final_Project_64-65\Big_Project_FrontEnd\system\View\View.php(213): CodeIgniter\View\View->CodeIgniter\View\{closure}()
#4 C:\xampp\htdocs\Final_Project_64-65\Big_Project_FrontEnd\system\Common.php(1089): CodeIgniter\View\View->render('employee/dashbo...', Array, true)
#5 C:\xampp\htdocs\Final_Project_64-65\Big_Project_FrontEnd\app\Controllers\Dashboard.php(28): view('employee/dashbo...', Array)
#6 C:\xampp\htdocs\Final_Project_64-65\Big_Project_FrontEnd\system\CodeIgniter.php(825): App\Controllers\Dashboard->index()
#7 C:\xampp\htdocs\Final_Project_64-65\Big_Project_FrontEnd\system\CodeIgniter.php(412): CodeIgniter\CodeIgniter->runController(Object(App\Controllers\Dashboard))
#8 C:\xampp\htdocs\Final_Project_64-65\Big_Project_FrontEnd\system\CodeIgniter.php(320): CodeIgniter\CodeIgniter->handleRequest(NULL, Object(Config\Cache), false)
#9 C:\xampp\htdocs\Final_Project_64-65\Big_Project_FrontEnd\public\index.php(47): CodeIgniter\CodeIgniter->run()
#10 C:\xampp\htdocs\Final_Project_64-65\Big_Project_FrontEnd\system\Commands\Server\rewrite.php(43): require_once('C:\\xampp\\htdocs...')
#11 {main}
CRITICAL - 2022-03-08 11:58:15 --> require_once(C:\xampp\htdocs\Final_Project_64-65\Big_Project_FrontEnd\app\Views\scraper_utilities.php): Failed to open stream: No such file or directory
#0 C:\xampp\htdocs\Final_Project_64-65\Big_Project_FrontEnd\app\Views\employee\dashboard.php(22): CodeIgniter\Debug\Exceptions->errorHandler(2, 'require_once(C:...', 'C:\\xampp\\htdocs...', 22)
#1 C:\xampp\htdocs\Final_Project_64-65\Big_Project_FrontEnd\app\Views\employee\dashboard.php(22): require_once()
#2 C:\xampp\htdocs\Final_Project_64-65\Big_Project_FrontEnd\system\View\View.php(210): include('C:\\xampp\\htdocs...')
#3 C:\xampp\htdocs\Final_Project_64-65\Big_Project_FrontEnd\system\View\View.php(213): CodeIgniter\View\View->CodeIgniter\View\{closure}()
#4 C:\xampp\htdocs\Final_Project_64-65\Big_Project_FrontEnd\system\Common.php(1089): CodeIgniter\View\View->render('employee/dashbo...', Array, true)
#5 C:\xampp\htdocs\Final_Project_64-65\Big_Project_FrontEnd\app\Controllers\Dashboard.php(28): view('employee/dashbo...', Array)
#6 C:\xampp\htdocs\Final_Project_64-65\Big_Project_FrontEnd\system\CodeIgniter.php(825): App\Controllers\Dashboard->index()
#7 C:\xampp\htdocs\Final_Project_64-65\Big_Project_FrontEnd\system\CodeIgniter.php(412): CodeIgniter\CodeIgniter->runController(Object(App\Controllers\Dashboard))
#8 C:\xampp\htdocs\Final_Project_64-65\Big_Project_FrontEnd\system\CodeIgniter.php(320): CodeIgniter\CodeIgniter->handleRequest(NULL, Object(Config\Cache), false)
#9 C:\xampp\htdocs\Final_Project_64-65\Big_Project_FrontEnd\public\index.php(47): CodeIgniter\CodeIgniter->run()
#10 C:\xampp\htdocs\Final_Project_64-65\Big_Project_FrontEnd\system\Commands\Server\rewrite.php(43): require_once('C:\\xampp\\htdocs...')
#11 {main}
CRITICAL - 2022-03-08 11:58:15 --> require_once(C:\xampp\htdocs\Final_Project_64-65\Big_Project_FrontEnd\app\Views\scraper_utilities.php): Failed to open stream: No such file or directory
#0 C:\xampp\htdocs\Final_Project_64-65\Big_Project_FrontEnd\app\Views\employee\dashboard.php(22): CodeIgniter\Debug\Exceptions->errorHandler(2, 'require_once(C:...', 'C:\\xampp\\htdocs...', 22)
#1 C:\xampp\htdocs\Final_Project_64-65\Big_Project_FrontEnd\app\Views\employee\dashboard.php(22): require_once()
#2 C:\xampp\htdocs\Final_Project_64-65\Big_Project_FrontEnd\system\View\View.php(210): include('C:\\xampp\\htdocs...')
#3 C:\xampp\htdocs\Final_Project_64-65\Big_Project_FrontEnd\system\View\View.php(213): CodeIgniter\View\View->CodeIgniter\View\{closure}()
#4 C:\xampp\htdocs\Final_Project_64-65\Big_Project_FrontEnd\system\Common.php(1089): CodeIgniter\View\View->render('employee/dashbo...', Array, true)
#5 C:\xampp\htdocs\Final_Project_64-65\Big_Project_FrontEnd\app\Controllers\Dashboard.php(28): view('employee/dashbo...', Array)
#6 C:\xampp\htdocs\Final_Project_64-65\Big_Project_FrontEnd\system\CodeIgniter.php(825): App\Controllers\Dashboard->index()
#7 C:\xampp\htdocs\Final_Project_64-65\Big_Project_FrontEnd\system\CodeIgniter.php(412): CodeIgniter\CodeIgniter->runController(Object(App\Controllers\Dashboard))
#8 C:\xampp\htdocs\Final_Project_64-65\Big_Project_FrontEnd\system\CodeIgniter.php(320): CodeIgniter\CodeIgniter->handleRequest(NULL, Object(Config\Cache), false)
#9 C:\xampp\htdocs\Final_Project_64-65\Big_Project_FrontEnd\public\index.php(47): CodeIgniter\CodeIgniter->run()
#10 C:\xampp\htdocs\Final_Project_64-65\Big_Project_FrontEnd\system\Commands\Server\rewrite.php(43): require_once('C:\\xampp\\htdocs...')
#11 {main}
