CRITICAL - 2022-01-14 05:34:01 --> require(navbar.php): Failed to open stream: No such file or directory
#0 C:\xampp\htdocs\Codeignater4\Big_Project_Code4\app\Views\index.php(24): CodeIgniter\Debug\Exceptions->errorHandler(2, 'require(navbar....', 'C:\\xampp\\htdocs...', 24)
#1 C:\xampp\htdocs\Codeignater4\Big_Project_Code4\app\Views\index.php(24): require()
#2 C:\xampp\htdocs\Codeignater4\Big_Project_Code4\system\View\View.php(210): include('C:\\xampp\\htdocs...')
#3 C:\xampp\htdocs\Codeignater4\Big_Project_Code4\system\View\View.php(213): CodeIgniter\View\View->CodeIgniter\View\{closure}()
#4 C:\xampp\htdocs\Codeignater4\Big_Project_Code4\system\Common.php(1089): CodeIgniter\View\View->render('index', Array, true)
#5 C:\xampp\htdocs\Codeignater4\Big_Project_Code4\app\Controllers\Home.php(9): view('index')
#6 C:\xampp\htdocs\Codeignater4\Big_Project_Code4\system\CodeIgniter.php(825): App\Controllers\Home->index()
#7 C:\xampp\htdocs\Codeignater4\Big_Project_Code4\system\CodeIgniter.php(412): CodeIgniter\CodeIgniter->runController(Object(App\Controllers\Home))
#8 C:\xampp\htdocs\Codeignater4\Big_Project_Code4\system\CodeIgniter.php(320): CodeIgniter\CodeIgniter->handleRequest(NULL, Object(Config\Cache), false)
#9 C:\xampp\htdocs\Codeignater4\Big_Project_Code4\public\index.php(37): CodeIgniter\CodeIgniter->run()
#10 C:\xampp\htdocs\Codeignater4\Big_Project_Code4\system\Commands\Server\rewrite.php(43): require_once('C:\\xampp\\htdocs...')
#11 {main}
CRITICAL - 2022-01-14 05:45:26 --> require(components/navbar.php): Failed to open stream: No such file or directory
#0 C:\xampp\htdocs\Codeignater4\Big_Project_Code4\app\Views\index.php(24): CodeIgniter\Debug\Exceptions->errorHandler(2, 'require(compone...', 'C:\\xampp\\htdocs...', 24)
#1 C:\xampp\htdocs\Codeignater4\Big_Project_Code4\app\Views\index.php(24): require()
#2 C:\xampp\htdocs\Codeignater4\Big_Project_Code4\system\View\View.php(210): include('C:\\xampp\\htdocs...')
#3 C:\xampp\htdocs\Codeignater4\Big_Project_Code4\system\View\View.php(213): CodeIgniter\View\View->CodeIgniter\View\{closure}()
#4 C:\xampp\htdocs\Codeignater4\Big_Project_Code4\system\Common.php(1089): CodeIgniter\View\View->render('index', Array, true)
#5 C:\xampp\htdocs\Codeignater4\Big_Project_Code4\app\Controllers\Home.php(9): view('index')
#6 C:\xampp\htdocs\Codeignater4\Big_Project_Code4\system\CodeIgniter.php(825): App\Controllers\Home->index()
#7 C:\xampp\htdocs\Codeignater4\Big_Project_Code4\system\CodeIgniter.php(412): CodeIgniter\CodeIgniter->runController(Object(App\Controllers\Home))
#8 C:\xampp\htdocs\Codeignater4\Big_Project_Code4\system\CodeIgniter.php(320): CodeIgniter\CodeIgniter->handleRequest(NULL, Object(Config\Cache), false)
#9 C:\xampp\htdocs\Codeignater4\Big_Project_Code4\public\index.php(37): CodeIgniter\CodeIgniter->run()
#10 C:\xampp\htdocs\Codeignater4\Big_Project_Code4\system\Commands\Server\rewrite.php(43): require_once('C:\\xampp\\htdocs...')
#11 {main}
CRITICAL - 2022-01-14 05:45:27 --> require(components/navbar.php): Failed to open stream: No such file or directory
#0 C:\xampp\htdocs\Codeignater4\Big_Project_Code4\app\Views\index.php(24): CodeIgniter\Debug\Exceptions->errorHandler(2, 'require(compone...', 'C:\\xampp\\htdocs...', 24)
#1 C:\xampp\htdocs\Codeignater4\Big_Project_Code4\app\Views\index.php(24): require()
#2 C:\xampp\htdocs\Codeignater4\Big_Project_Code4\system\View\View.php(210): include('C:\\xampp\\htdocs...')
#3 C:\xampp\htdocs\Codeignater4\Big_Project_Code4\system\View\View.php(213): CodeIgniter\View\View->CodeIgniter\View\{closure}()
#4 C:\xampp\htdocs\Codeignater4\Big_Project_Code4\system\Common.php(1089): CodeIgniter\View\View->render('index', Array, true)
#5 C:\xampp\htdocs\Codeignater4\Big_Project_Code4\app\Controllers\Home.php(9): view('index')
#6 C:\xampp\htdocs\Codeignater4\Big_Project_Code4\system\CodeIgniter.php(825): App\Controllers\Home->index()
#7 C:\xampp\htdocs\Codeignater4\Big_Project_Code4\system\CodeIgniter.php(412): CodeIgniter\CodeIgniter->runController(Object(App\Controllers\Home))
#8 C:\xampp\htdocs\Codeignater4\Big_Project_Code4\system\CodeIgniter.php(320): CodeIgniter\CodeIgniter->handleRequest(NULL, Object(Config\Cache), false)
#9 C:\xampp\htdocs\Codeignater4\Big_Project_Code4\public\index.php(37): CodeIgniter\CodeIgniter->run()
#10 C:\xampp\htdocs\Codeignater4\Big_Project_Code4\system\Commands\Server\rewrite.php(43): require_once('C:\\xampp\\htdocs...')
#11 {main}
CRITICAL - 2022-01-14 05:47:16 --> Invalid file: indeex.php
#0 C:\xampp\htdocs\Codeignater4\Big_Project_Code4\system\View\View.php(198): CodeIgniter\Exceptions\FrameworkException::forInvalidFile('indeex.php')
#1 C:\xampp\htdocs\Codeignater4\Big_Project_Code4\system\Common.php(1089): CodeIgniter\View\View->render('indeex', Array, true)
#2 C:\xampp\htdocs\Codeignater4\Big_Project_Code4\app\Controllers\Home.php(9): view('indeex')
#3 C:\xampp\htdocs\Codeignater4\Big_Project_Code4\system\CodeIgniter.php(825): App\Controllers\Home->index()
#4 C:\xampp\htdocs\Codeignater4\Big_Project_Code4\system\CodeIgniter.php(412): CodeIgniter\CodeIgniter->runController(Object(App\Controllers\Home))
#5 C:\xampp\htdocs\Codeignater4\Big_Project_Code4\system\CodeIgniter.php(320): CodeIgniter\CodeIgniter->handleRequest(NULL, Object(Config\Cache), false)
#6 C:\xampp\htdocs\Codeignater4\Big_Project_Code4\public\index.php(37): CodeIgniter\CodeIgniter->run()
#7 C:\xampp\htdocs\Codeignater4\Big_Project_Code4\system\Commands\Server\rewrite.php(43): require_once('C:\\xampp\\htdocs...')
#8 {main}
CRITICAL - 2022-01-14 05:57:51 --> require(navbar.php): Failed to open stream: No such file or directory
#0 C:\xampp\htdocs\Codeignater4\Big_Project_Code4\app\Views\register.php(26): CodeIgniter\Debug\Exceptions->errorHandler(2, 'require(navbar....', 'C:\\xampp\\htdocs...', 26)
#1 C:\xampp\htdocs\Codeignater4\Big_Project_Code4\app\Views\register.php(26): require()
#2 C:\xampp\htdocs\Codeignater4\Big_Project_Code4\system\View\View.php(210): include('C:\\xampp\\htdocs...')
#3 C:\xampp\htdocs\Codeignater4\Big_Project_Code4\system\View\View.php(213): CodeIgniter\View\View->CodeIgniter\View\{closure}()
#4 C:\xampp\htdocs\Codeignater4\Big_Project_Code4\system\Common.php(1089): CodeIgniter\View\View->render('register', Array, true)
#5 C:\xampp\htdocs\Codeignater4\Big_Project_Code4\app\Controllers\Register.php(11): view('register', Array)
#6 C:\xampp\htdocs\Codeignater4\Big_Project_Code4\system\CodeIgniter.php(825): App\Controllers\Register->index()
#7 C:\xampp\htdocs\Codeignater4\Big_Project_Code4\system\CodeIgniter.php(412): CodeIgniter\CodeIgniter->runController(Object(App\Controllers\Register))
#8 C:\xampp\htdocs\Codeignater4\Big_Project_Code4\system\CodeIgniter.php(320): CodeIgniter\CodeIgniter->handleRequest(NULL, Object(Config\Cache), false)
#9 C:\xampp\htdocs\Codeignater4\Big_Project_Code4\public\index.php(37): CodeIgniter\CodeIgniter->run()
#10 C:\xampp\htdocs\Codeignater4\Big_Project_Code4\system\Commands\Server\rewrite.php(43): require_once('C:\\xampp\\htdocs...')
#11 {main}
CRITICAL - 2022-01-14 05:57:57 --> require(navbar.php): Failed to open stream: No such file or directory
#0 C:\xampp\htdocs\Codeignater4\Big_Project_Code4\app\Views\register.php(26): CodeIgniter\Debug\Exceptions->errorHandler(2, 'require(navbar....', 'C:\\xampp\\htdocs...', 26)
#1 C:\xampp\htdocs\Codeignater4\Big_Project_Code4\app\Views\register.php(26): require()
#2 C:\xampp\htdocs\Codeignater4\Big_Project_Code4\system\View\View.php(210): include('C:\\xampp\\htdocs...')
#3 C:\xampp\htdocs\Codeignater4\Big_Project_Code4\system\View\View.php(213): CodeIgniter\View\View->CodeIgniter\View\{closure}()
#4 C:\xampp\htdocs\Codeignater4\Big_Project_Code4\system\Common.php(1089): CodeIgniter\View\View->render('register', Array, true)
#5 C:\xampp\htdocs\Codeignater4\Big_Project_Code4\app\Controllers\Register.php(11): view('register', Array)
#6 C:\xampp\htdocs\Codeignater4\Big_Project_Code4\system\CodeIgniter.php(825): App\Controllers\Register->index()
#7 C:\xampp\htdocs\Codeignater4\Big_Project_Code4\system\CodeIgniter.php(412): CodeIgniter\CodeIgniter->runController(Object(App\Controllers\Register))
#8 C:\xampp\htdocs\Codeignater4\Big_Project_Code4\system\CodeIgniter.php(320): CodeIgniter\CodeIgniter->handleRequest(NULL, Object(Config\Cache), false)
#9 C:\xampp\htdocs\Codeignater4\Big_Project_Code4\public\index.php(37): CodeIgniter\CodeIgniter->run()
#10 C:\xampp\htdocs\Codeignater4\Big_Project_Code4\system\Commands\Server\rewrite.php(43): require_once('C:\\xampp\\htdocs...')
#11 {main}
CRITICAL - 2022-01-14 05:59:27 --> require(navbar.php): Failed to open stream: No such file or directory
#0 C:\xampp\htdocs\Codeignater4\Big_Project_Code4\app\Views\register.php(26): CodeIgniter\Debug\Exceptions->errorHandler(2, 'require(navbar....', 'C:\\xampp\\htdocs...', 26)
#1 C:\xampp\htdocs\Codeignater4\Big_Project_Code4\app\Views\register.php(26): require()
#2 C:\xampp\htdocs\Codeignater4\Big_Project_Code4\system\View\View.php(210): include('C:\\xampp\\htdocs...')
#3 C:\xampp\htdocs\Codeignater4\Big_Project_Code4\system\View\View.php(213): CodeIgniter\View\View->CodeIgniter\View\{closure}()
#4 C:\xampp\htdocs\Codeignater4\Big_Project_Code4\system\Common.php(1089): CodeIgniter\View\View->render('register', Array, true)
#5 C:\xampp\htdocs\Codeignater4\Big_Project_Code4\app\Controllers\Register.php(11): view('register', Array)
#6 C:\xampp\htdocs\Codeignater4\Big_Project_Code4\system\CodeIgniter.php(825): App\Controllers\Register->index()
#7 C:\xampp\htdocs\Codeignater4\Big_Project_Code4\system\CodeIgniter.php(412): CodeIgniter\CodeIgniter->runController(Object(App\Controllers\Register))
#8 C:\xampp\htdocs\Codeignater4\Big_Project_Code4\system\CodeIgniter.php(320): CodeIgniter\CodeIgniter->handleRequest(NULL, Object(Config\Cache), false)
#9 C:\xampp\htdocs\Codeignater4\Big_Project_Code4\public\index.php(37): CodeIgniter\CodeIgniter->run()
#10 C:\xampp\htdocs\Codeignater4\Big_Project_Code4\system\Commands\Server\rewrite.php(43): require_once('C:\\xampp\\htdocs...')
#11 {main}
CRITICAL - 2022-01-14 05:59:43 --> require(component/navbar.php): Failed to open stream: No such file or directory
#0 C:\xampp\htdocs\Codeignater4\Big_Project_Code4\app\Views\register.php(26): CodeIgniter\Debug\Exceptions->errorHandler(2, 'require(compone...', 'C:\\xampp\\htdocs...', 26)
#1 C:\xampp\htdocs\Codeignater4\Big_Project_Code4\app\Views\register.php(26): require()
#2 C:\xampp\htdocs\Codeignater4\Big_Project_Code4\system\View\View.php(210): include('C:\\xampp\\htdocs...')
#3 C:\xampp\htdocs\Codeignater4\Big_Project_Code4\system\View\View.php(213): CodeIgniter\View\View->CodeIgniter\View\{closure}()
#4 C:\xampp\htdocs\Codeignater4\Big_Project_Code4\system\Common.php(1089): CodeIgniter\View\View->render('register', Array, true)
#5 C:\xampp\htdocs\Codeignater4\Big_Project_Code4\app\Controllers\Register.php(11): view('register', Array)
#6 C:\xampp\htdocs\Codeignater4\Big_Project_Code4\system\CodeIgniter.php(825): App\Controllers\Register->index()
#7 C:\xampp\htdocs\Codeignater4\Big_Project_Code4\system\CodeIgniter.php(412): CodeIgniter\CodeIgniter->runController(Object(App\Controllers\Register))
#8 C:\xampp\htdocs\Codeignater4\Big_Project_Code4\system\CodeIgniter.php(320): CodeIgniter\CodeIgniter->handleRequest(NULL, Object(Config\Cache), false)
#9 C:\xampp\htdocs\Codeignater4\Big_Project_Code4\public\index.php(37): CodeIgniter\CodeIgniter->run()
#10 C:\xampp\htdocs\Codeignater4\Big_Project_Code4\system\Commands\Server\rewrite.php(43): require_once('C:\\xampp\\htdocs...')
#11 {main}
CRITICAL - 2022-01-14 05:59:44 --> require(component/navbar.php): Failed to open stream: No such file or directory
#0 C:\xampp\htdocs\Codeignater4\Big_Project_Code4\app\Views\register.php(26): CodeIgniter\Debug\Exceptions->errorHandler(2, 'require(compone...', 'C:\\xampp\\htdocs...', 26)
#1 C:\xampp\htdocs\Codeignater4\Big_Project_Code4\app\Views\register.php(26): require()
#2 C:\xampp\htdocs\Codeignater4\Big_Project_Code4\system\View\View.php(210): include('C:\\xampp\\htdocs...')
#3 C:\xampp\htdocs\Codeignater4\Big_Project_Code4\system\View\View.php(213): CodeIgniter\View\View->CodeIgniter\View\{closure}()
#4 C:\xampp\htdocs\Codeignater4\Big_Project_Code4\system\Common.php(1089): CodeIgniter\View\View->render('register', Array, true)
#5 C:\xampp\htdocs\Codeignater4\Big_Project_Code4\app\Controllers\Register.php(11): view('register', Array)
#6 C:\xampp\htdocs\Codeignater4\Big_Project_Code4\system\CodeIgniter.php(825): App\Controllers\Register->index()
#7 C:\xampp\htdocs\Codeignater4\Big_Project_Code4\system\CodeIgniter.php(412): CodeIgniter\CodeIgniter->runController(Object(App\Controllers\Register))
#8 C:\xampp\htdocs\Codeignater4\Big_Project_Code4\system\CodeIgniter.php(320): CodeIgniter\CodeIgniter->handleRequest(NULL, Object(Config\Cache), false)
#9 C:\xampp\htdocs\Codeignater4\Big_Project_Code4\public\index.php(37): CodeIgniter\CodeIgniter->run()
#10 C:\xampp\htdocs\Codeignater4\Big_Project_Code4\system\Commands\Server\rewrite.php(43): require_once('C:\\xampp\\htdocs...')
#11 {main}
CRITICAL - 2022-01-14 05:59:44 --> require(component/navbar.php): Failed to open stream: No such file or directory
#0 C:\xampp\htdocs\Codeignater4\Big_Project_Code4\app\Views\register.php(26): CodeIgniter\Debug\Exceptions->errorHandler(2, 'require(compone...', 'C:\\xampp\\htdocs...', 26)
#1 C:\xampp\htdocs\Codeignater4\Big_Project_Code4\app\Views\register.php(26): require()
#2 C:\xampp\htdocs\Codeignater4\Big_Project_Code4\system\View\View.php(210): include('C:\\xampp\\htdocs...')
#3 C:\xampp\htdocs\Codeignater4\Big_Project_Code4\system\View\View.php(213): CodeIgniter\View\View->CodeIgniter\View\{closure}()
#4 C:\xampp\htdocs\Codeignater4\Big_Project_Code4\system\Common.php(1089): CodeIgniter\View\View->render('register', Array, true)
#5 C:\xampp\htdocs\Codeignater4\Big_Project_Code4\app\Controllers\Register.php(11): view('register', Array)
#6 C:\xampp\htdocs\Codeignater4\Big_Project_Code4\system\CodeIgniter.php(825): App\Controllers\Register->index()
#7 C:\xampp\htdocs\Codeignater4\Big_Project_Code4\system\CodeIgniter.php(412): CodeIgniter\CodeIgniter->runController(Object(App\Controllers\Register))
#8 C:\xampp\htdocs\Codeignater4\Big_Project_Code4\system\CodeIgniter.php(320): CodeIgniter\CodeIgniter->handleRequest(NULL, Object(Config\Cache), false)
#9 C:\xampp\htdocs\Codeignater4\Big_Project_Code4\public\index.php(37): CodeIgniter\CodeIgniter->run()
#10 C:\xampp\htdocs\Codeignater4\Big_Project_Code4\system\Commands\Server\rewrite.php(43): require_once('C:\\xampp\\htdocs...')
#11 {main}
CRITICAL - 2022-01-14 05:59:45 --> require(component/navbar.php): Failed to open stream: No such file or directory
#0 C:\xampp\htdocs\Codeignater4\Big_Project_Code4\app\Views\register.php(26): CodeIgniter\Debug\Exceptions->errorHandler(2, 'require(compone...', 'C:\\xampp\\htdocs...', 26)
#1 C:\xampp\htdocs\Codeignater4\Big_Project_Code4\app\Views\register.php(26): require()
#2 C:\xampp\htdocs\Codeignater4\Big_Project_Code4\system\View\View.php(210): include('C:\\xampp\\htdocs...')
#3 C:\xampp\htdocs\Codeignater4\Big_Project_Code4\system\View\View.php(213): CodeIgniter\View\View->CodeIgniter\View\{closure}()
#4 C:\xampp\htdocs\Codeignater4\Big_Project_Code4\system\Common.php(1089): CodeIgniter\View\View->render('register', Array, true)
#5 C:\xampp\htdocs\Codeignater4\Big_Project_Code4\app\Controllers\Register.php(11): view('register', Array)
#6 C:\xampp\htdocs\Codeignater4\Big_Project_Code4\system\CodeIgniter.php(825): App\Controllers\Register->index()
#7 C:\xampp\htdocs\Codeignater4\Big_Project_Code4\system\CodeIgniter.php(412): CodeIgniter\CodeIgniter->runController(Object(App\Controllers\Register))
#8 C:\xampp\htdocs\Codeignater4\Big_Project_Code4\system\CodeIgniter.php(320): CodeIgniter\CodeIgniter->handleRequest(NULL, Object(Config\Cache), false)
#9 C:\xampp\htdocs\Codeignater4\Big_Project_Code4\public\index.php(37): CodeIgniter\CodeIgniter->run()
#10 C:\xampp\htdocs\Codeignater4\Big_Project_Code4\system\Commands\Server\rewrite.php(43): require_once('C:\\xampp\\htdocs...')
#11 {main}
CRITICAL - 2022-01-14 05:59:45 --> require(component/navbar.php): Failed to open stream: No such file or directory
#0 C:\xampp\htdocs\Codeignater4\Big_Project_Code4\app\Views\register.php(26): CodeIgniter\Debug\Exceptions->errorHandler(2, 'require(compone...', 'C:\\xampp\\htdocs...', 26)
#1 C:\xampp\htdocs\Codeignater4\Big_Project_Code4\app\Views\register.php(26): require()
#2 C:\xampp\htdocs\Codeignater4\Big_Project_Code4\system\View\View.php(210): include('C:\\xampp\\htdocs...')
#3 C:\xampp\htdocs\Codeignater4\Big_Project_Code4\system\View\View.php(213): CodeIgniter\View\View->CodeIgniter\View\{closure}()
#4 C:\xampp\htdocs\Codeignater4\Big_Project_Code4\system\Common.php(1089): CodeIgniter\View\View->render('register', Array, true)
#5 C:\xampp\htdocs\Codeignater4\Big_Project_Code4\app\Controllers\Register.php(11): view('register', Array)
#6 C:\xampp\htdocs\Codeignater4\Big_Project_Code4\system\CodeIgniter.php(825): App\Controllers\Register->index()
#7 C:\xampp\htdocs\Codeignater4\Big_Project_Code4\system\CodeIgniter.php(412): CodeIgniter\CodeIgniter->runController(Object(App\Controllers\Register))
#8 C:\xampp\htdocs\Codeignater4\Big_Project_Code4\system\CodeIgniter.php(320): CodeIgniter\CodeIgniter->handleRequest(NULL, Object(Config\Cache), false)
#9 C:\xampp\htdocs\Codeignater4\Big_Project_Code4\public\index.php(37): CodeIgniter\CodeIgniter->run()
#10 C:\xampp\htdocs\Codeignater4\Big_Project_Code4\system\Commands\Server\rewrite.php(43): require_once('C:\\xampp\\htdocs...')
#11 {main}
CRITICAL - 2022-01-14 05:59:47 --> require(component/navbar.php): Failed to open stream: No such file or directory
#0 C:\xampp\htdocs\Codeignater4\Big_Project_Code4\app\Views\register.php(26): CodeIgniter\Debug\Exceptions->errorHandler(2, 'require(compone...', 'C:\\xampp\\htdocs...', 26)
#1 C:\xampp\htdocs\Codeignater4\Big_Project_Code4\app\Views\register.php(26): require()
#2 C:\xampp\htdocs\Codeignater4\Big_Project_Code4\system\View\View.php(210): include('C:\\xampp\\htdocs...')
#3 C:\xampp\htdocs\Codeignater4\Big_Project_Code4\system\View\View.php(213): CodeIgniter\View\View->CodeIgniter\View\{closure}()
#4 C:\xampp\htdocs\Codeignater4\Big_Project_Code4\system\Common.php(1089): CodeIgniter\View\View->render('register', Array, true)
#5 C:\xampp\htdocs\Codeignater4\Big_Project_Code4\app\Controllers\Register.php(11): view('register', Array)
#6 C:\xampp\htdocs\Codeignater4\Big_Project_Code4\system\CodeIgniter.php(825): App\Controllers\Register->index()
#7 C:\xampp\htdocs\Codeignater4\Big_Project_Code4\system\CodeIgniter.php(412): CodeIgniter\CodeIgniter->runController(Object(App\Controllers\Register))
#8 C:\xampp\htdocs\Codeignater4\Big_Project_Code4\system\CodeIgniter.php(320): CodeIgniter\CodeIgniter->handleRequest(NULL, Object(Config\Cache), false)
#9 C:\xampp\htdocs\Codeignater4\Big_Project_Code4\public\index.php(37): CodeIgniter\CodeIgniter->run()
#10 C:\xampp\htdocs\Codeignater4\Big_Project_Code4\system\Commands\Server\rewrite.php(43): require_once('C:\\xampp\\htdocs...')
#11 {main}
CRITICAL - 2022-01-14 06:42:24 --> Class "App\Models\UserModel" not found
#0 C:\xampp\htdocs\Codeignater4\Big_Project_Code4\system\CodeIgniter.php(825): App\Controllers\Register->save()
#1 C:\xampp\htdocs\Codeignater4\Big_Project_Code4\system\CodeIgniter.php(412): CodeIgniter\CodeIgniter->runController(Object(App\Controllers\Register))
#2 C:\xampp\htdocs\Codeignater4\Big_Project_Code4\system\CodeIgniter.php(320): CodeIgniter\CodeIgniter->handleRequest(NULL, Object(Config\Cache), false)
#3 C:\xampp\htdocs\Codeignater4\Big_Project_Code4\public\index.php(37): CodeIgniter\CodeIgniter->run()
#4 C:\xampp\htdocs\Codeignater4\Big_Project_Code4\system\Commands\Server\rewrite.php(43): require_once('C:\\xampp\\htdocs...')
#5 {main}
CRITICAL - 2022-01-14 06:42:29 --> Class "App\Models\UserModel" not found
#0 C:\xampp\htdocs\Codeignater4\Big_Project_Code4\system\CodeIgniter.php(825): App\Controllers\Register->save()
#1 C:\xampp\htdocs\Codeignater4\Big_Project_Code4\system\CodeIgniter.php(412): CodeIgniter\CodeIgniter->runController(Object(App\Controllers\Register))
#2 C:\xampp\htdocs\Codeignater4\Big_Project_Code4\system\CodeIgniter.php(320): CodeIgniter\CodeIgniter->handleRequest(NULL, Object(Config\Cache), false)
#3 C:\xampp\htdocs\Codeignater4\Big_Project_Code4\public\index.php(37): CodeIgniter\CodeIgniter->run()
#4 C:\xampp\htdocs\Codeignater4\Big_Project_Code4\system\Commands\Server\rewrite.php(43): require_once('C:\\xampp\\htdocs...')
#5 {main}
CRITICAL - 2022-01-14 06:43:17 --> Class "App\Models\UserModel" not found
#0 C:\xampp\htdocs\Codeignater4\Big_Project_Code4\system\CodeIgniter.php(825): App\Controllers\Register->save()
#1 C:\xampp\htdocs\Codeignater4\Big_Project_Code4\system\CodeIgniter.php(412): CodeIgniter\CodeIgniter->runController(Object(App\Controllers\Register))
#2 C:\xampp\htdocs\Codeignater4\Big_Project_Code4\system\CodeIgniter.php(320): CodeIgniter\CodeIgniter->handleRequest(NULL, Object(Config\Cache), false)
#3 C:\xampp\htdocs\Codeignater4\Big_Project_Code4\public\index.php(37): CodeIgniter\CodeIgniter->run()
#4 C:\xampp\htdocs\Codeignater4\Big_Project_Code4\system\Commands\Server\rewrite.php(43): require_once('C:\\xampp\\htdocs...')
#5 {main}
CRITICAL - 2022-01-14 06:43:17 --> Class "App\Models\UserModel" not found
#0 C:\xampp\htdocs\Codeignater4\Big_Project_Code4\system\CodeIgniter.php(825): App\Controllers\Register->save()
#1 C:\xampp\htdocs\Codeignater4\Big_Project_Code4\system\CodeIgniter.php(412): CodeIgniter\CodeIgniter->runController(Object(App\Controllers\Register))
#2 C:\xampp\htdocs\Codeignater4\Big_Project_Code4\system\CodeIgniter.php(320): CodeIgniter\CodeIgniter->handleRequest(NULL, Object(Config\Cache), false)
#3 C:\xampp\htdocs\Codeignater4\Big_Project_Code4\public\index.php(37): CodeIgniter\CodeIgniter->run()
#4 C:\xampp\htdocs\Codeignater4\Big_Project_Code4\system\Commands\Server\rewrite.php(43): require_once('C:\\xampp\\htdocs...')
#5 {main}
CRITICAL - 2022-01-14 06:43:17 --> Class "App\Models\UserModel" not found
#0 C:\xampp\htdocs\Codeignater4\Big_Project_Code4\system\CodeIgniter.php(825): App\Controllers\Register->save()
#1 C:\xampp\htdocs\Codeignater4\Big_Project_Code4\system\CodeIgniter.php(412): CodeIgniter\CodeIgniter->runController(Object(App\Controllers\Register))
#2 C:\xampp\htdocs\Codeignater4\Big_Project_Code4\system\CodeIgniter.php(320): CodeIgniter\CodeIgniter->handleRequest(NULL, Object(Config\Cache), false)
#3 C:\xampp\htdocs\Codeignater4\Big_Project_Code4\public\index.php(37): CodeIgniter\CodeIgniter->run()
#4 C:\xampp\htdocs\Codeignater4\Big_Project_Code4\system\Commands\Server\rewrite.php(43): require_once('C:\\xampp\\htdocs...')
#5 {main}
CRITICAL - 2022-01-14 06:43:18 --> Class "App\Models\UserModel" not found
#0 C:\xampp\htdocs\Codeignater4\Big_Project_Code4\system\CodeIgniter.php(825): App\Controllers\Register->save()
#1 C:\xampp\htdocs\Codeignater4\Big_Project_Code4\system\CodeIgniter.php(412): CodeIgniter\CodeIgniter->runController(Object(App\Controllers\Register))
#2 C:\xampp\htdocs\Codeignater4\Big_Project_Code4\system\CodeIgniter.php(320): CodeIgniter\CodeIgniter->handleRequest(NULL, Object(Config\Cache), false)
#3 C:\xampp\htdocs\Codeignater4\Big_Project_Code4\public\index.php(37): CodeIgniter\CodeIgniter->run()
#4 C:\xampp\htdocs\Codeignater4\Big_Project_Code4\system\Commands\Server\rewrite.php(43): require_once('C:\\xampp\\htdocs...')
#5 {main}
CRITICAL - 2022-01-14 06:43:19 --> Class "App\Models\UserModel" not found
#0 C:\xampp\htdocs\Codeignater4\Big_Project_Code4\system\CodeIgniter.php(825): App\Controllers\Register->save()
#1 C:\xampp\htdocs\Codeignater4\Big_Project_Code4\system\CodeIgniter.php(412): CodeIgniter\CodeIgniter->runController(Object(App\Controllers\Register))
#2 C:\xampp\htdocs\Codeignater4\Big_Project_Code4\system\CodeIgniter.php(320): CodeIgniter\CodeIgniter->handleRequest(NULL, Object(Config\Cache), false)
#3 C:\xampp\htdocs\Codeignater4\Big_Project_Code4\public\index.php(37): CodeIgniter\CodeIgniter->run()
#4 C:\xampp\htdocs\Codeignater4\Big_Project_Code4\system\Commands\Server\rewrite.php(43): require_once('C:\\xampp\\htdocs...')
#5 {main}
CRITICAL - 2022-01-14 06:43:20 --> Class "App\Models\UserModel" not found
#0 C:\xampp\htdocs\Codeignater4\Big_Project_Code4\system\CodeIgniter.php(825): App\Controllers\Register->save()
#1 C:\xampp\htdocs\Codeignater4\Big_Project_Code4\system\CodeIgniter.php(412): CodeIgniter\CodeIgniter->runController(Object(App\Controllers\Register))
#2 C:\xampp\htdocs\Codeignater4\Big_Project_Code4\system\CodeIgniter.php(320): CodeIgniter\CodeIgniter->handleRequest(NULL, Object(Config\Cache), false)
#3 C:\xampp\htdocs\Codeignater4\Big_Project_Code4\public\index.php(37): CodeIgniter\CodeIgniter->run()
#4 C:\xampp\htdocs\Codeignater4\Big_Project_Code4\system\Commands\Server\rewrite.php(43): require_once('C:\\xampp\\htdocs...')
#5 {main}
CRITICAL - 2022-01-14 06:44:14 --> Class "App\Models\UserModel" not found
#0 C:\xampp\htdocs\Codeignater4\Big_Project_Code4\system\CodeIgniter.php(825): App\Controllers\Register->save()
#1 C:\xampp\htdocs\Codeignater4\Big_Project_Code4\system\CodeIgniter.php(412): CodeIgniter\CodeIgniter->runController(Object(App\Controllers\Register))
#2 C:\xampp\htdocs\Codeignater4\Big_Project_Code4\system\CodeIgniter.php(320): CodeIgniter\CodeIgniter->handleRequest(NULL, Object(Config\Cache), false)
#3 C:\xampp\htdocs\Codeignater4\Big_Project_Code4\public\index.php(37): CodeIgniter\CodeIgniter->run()
#4 C:\xampp\htdocs\Codeignater4\Big_Project_Code4\system\Commands\Server\rewrite.php(43): require_once('C:\\xampp\\htdocs...')
#5 {main}
CRITICAL - 2022-01-14 06:46:42 --> Class "App\Models\UserModel" not found
#0 C:\xampp\htdocs\Codeignater4\Big_Project_Code4\system\CodeIgniter.php(825): App\Controllers\Register->save()
#1 C:\xampp\htdocs\Codeignater4\Big_Project_Code4\system\CodeIgniter.php(412): CodeIgniter\CodeIgniter->runController(Object(App\Controllers\Register))
#2 C:\xampp\htdocs\Codeignater4\Big_Project_Code4\system\CodeIgniter.php(320): CodeIgniter\CodeIgniter->handleRequest(NULL, Object(Config\Cache), false)
#3 C:\xampp\htdocs\Codeignater4\Big_Project_Code4\public\index.php(37): CodeIgniter\CodeIgniter->run()
#4 C:\xampp\htdocs\Codeignater4\Big_Project_Code4\system\Commands\Server\rewrite.php(43): require_once('C:\\xampp\\htdocs...')
#5 {main}
CRITICAL - 2022-01-14 06:46:49 --> Class "App\Models\UserModel" not found
#0 C:\xampp\htdocs\Codeignater4\Big_Project_Code4\system\CodeIgniter.php(825): App\Controllers\Register->save()
#1 C:\xampp\htdocs\Codeignater4\Big_Project_Code4\system\CodeIgniter.php(412): CodeIgniter\CodeIgniter->runController(Object(App\Controllers\Register))
#2 C:\xampp\htdocs\Codeignater4\Big_Project_Code4\system\CodeIgniter.php(320): CodeIgniter\CodeIgniter->handleRequest(NULL, Object(Config\Cache), false)
#3 C:\xampp\htdocs\Codeignater4\Big_Project_Code4\public\index.php(37): CodeIgniter\CodeIgniter->run()
#4 C:\xampp\htdocs\Codeignater4\Big_Project_Code4\system\Commands\Server\rewrite.php(43): require_once('C:\\xampp\\htdocs...')
#5 {main}
CRITICAL - 2022-01-14 06:46:50 --> Class "App\Models\UserModel" not found
#0 C:\xampp\htdocs\Codeignater4\Big_Project_Code4\system\CodeIgniter.php(825): App\Controllers\Register->save()
#1 C:\xampp\htdocs\Codeignater4\Big_Project_Code4\system\CodeIgniter.php(412): CodeIgniter\CodeIgniter->runController(Object(App\Controllers\Register))
#2 C:\xampp\htdocs\Codeignater4\Big_Project_Code4\system\CodeIgniter.php(320): CodeIgniter\CodeIgniter->handleRequest(NULL, Object(Config\Cache), false)
#3 C:\xampp\htdocs\Codeignater4\Big_Project_Code4\public\index.php(37): CodeIgniter\CodeIgniter->run()
#4 C:\xampp\htdocs\Codeignater4\Big_Project_Code4\system\Commands\Server\rewrite.php(43): require_once('C:\\xampp\\htdocs...')
#5 {main}
CRITICAL - 2022-01-14 06:46:50 --> Class "App\Models\UserModel" not found
#0 C:\xampp\htdocs\Codeignater4\Big_Project_Code4\system\CodeIgniter.php(825): App\Controllers\Register->save()
#1 C:\xampp\htdocs\Codeignater4\Big_Project_Code4\system\CodeIgniter.php(412): CodeIgniter\CodeIgniter->runController(Object(App\Controllers\Register))
#2 C:\xampp\htdocs\Codeignater4\Big_Project_Code4\system\CodeIgniter.php(320): CodeIgniter\CodeIgniter->handleRequest(NULL, Object(Config\Cache), false)
#3 C:\xampp\htdocs\Codeignater4\Big_Project_Code4\public\index.php(37): CodeIgniter\CodeIgniter->run()
#4 C:\xampp\htdocs\Codeignater4\Big_Project_Code4\system\Commands\Server\rewrite.php(43): require_once('C:\\xampp\\htdocs...')
#5 {main}
CRITICAL - 2022-01-14 06:46:50 --> Class "App\Models\UserModel" not found
#0 C:\xampp\htdocs\Codeignater4\Big_Project_Code4\system\CodeIgniter.php(825): App\Controllers\Register->save()
#1 C:\xampp\htdocs\Codeignater4\Big_Project_Code4\system\CodeIgniter.php(412): CodeIgniter\CodeIgniter->runController(Object(App\Controllers\Register))
#2 C:\xampp\htdocs\Codeignater4\Big_Project_Code4\system\CodeIgniter.php(320): CodeIgniter\CodeIgniter->handleRequest(NULL, Object(Config\Cache), false)
#3 C:\xampp\htdocs\Codeignater4\Big_Project_Code4\public\index.php(37): CodeIgniter\CodeIgniter->run()
#4 C:\xampp\htdocs\Codeignater4\Big_Project_Code4\system\Commands\Server\rewrite.php(43): require_once('C:\\xampp\\htdocs...')
#5 {main}
CRITICAL - 2022-01-14 06:46:50 --> Class "App\Models\UserModel" not found
#0 C:\xampp\htdocs\Codeignater4\Big_Project_Code4\system\CodeIgniter.php(825): App\Controllers\Register->save()
#1 C:\xampp\htdocs\Codeignater4\Big_Project_Code4\system\CodeIgniter.php(412): CodeIgniter\CodeIgniter->runController(Object(App\Controllers\Register))
#2 C:\xampp\htdocs\Codeignater4\Big_Project_Code4\system\CodeIgniter.php(320): CodeIgniter\CodeIgniter->handleRequest(NULL, Object(Config\Cache), false)
#3 C:\xampp\htdocs\Codeignater4\Big_Project_Code4\public\index.php(37): CodeIgniter\CodeIgniter->run()
#4 C:\xampp\htdocs\Codeignater4\Big_Project_Code4\system\Commands\Server\rewrite.php(43): require_once('C:\\xampp\\htdocs...')
#5 {main}
CRITICAL - 2022-01-14 06:46:50 --> Class "App\Models\UserModel" not found
#0 C:\xampp\htdocs\Codeignater4\Big_Project_Code4\system\CodeIgniter.php(825): App\Controllers\Register->save()
#1 C:\xampp\htdocs\Codeignater4\Big_Project_Code4\system\CodeIgniter.php(412): CodeIgniter\CodeIgniter->runController(Object(App\Controllers\Register))
#2 C:\xampp\htdocs\Codeignater4\Big_Project_Code4\system\CodeIgniter.php(320): CodeIgniter\CodeIgniter->handleRequest(NULL, Object(Config\Cache), false)
#3 C:\xampp\htdocs\Codeignater4\Big_Project_Code4\public\index.php(37): CodeIgniter\CodeIgniter->run()
#4 C:\xampp\htdocs\Codeignater4\Big_Project_Code4\system\Commands\Server\rewrite.php(43): require_once('C:\\xampp\\htdocs...')
#5 {main}
CRITICAL - 2022-01-14 06:46:50 --> Class "App\Models\UserModel" not found
#0 C:\xampp\htdocs\Codeignater4\Big_Project_Code4\system\CodeIgniter.php(825): App\Controllers\Register->save()
#1 C:\xampp\htdocs\Codeignater4\Big_Project_Code4\system\CodeIgniter.php(412): CodeIgniter\CodeIgniter->runController(Object(App\Controllers\Register))
#2 C:\xampp\htdocs\Codeignater4\Big_Project_Code4\system\CodeIgniter.php(320): CodeIgniter\CodeIgniter->handleRequest(NULL, Object(Config\Cache), false)
#3 C:\xampp\htdocs\Codeignater4\Big_Project_Code4\public\index.php(37): CodeIgniter\CodeIgniter->run()
#4 C:\xampp\htdocs\Codeignater4\Big_Project_Code4\system\Commands\Server\rewrite.php(43): require_once('C:\\xampp\\htdocs...')
#5 {main}
CRITICAL - 2022-01-14 06:46:51 --> Class "App\Models\UserModel" not found
#0 C:\xampp\htdocs\Codeignater4\Big_Project_Code4\system\CodeIgniter.php(825): App\Controllers\Register->save()
#1 C:\xampp\htdocs\Codeignater4\Big_Project_Code4\system\CodeIgniter.php(412): CodeIgniter\CodeIgniter->runController(Object(App\Controllers\Register))
#2 C:\xampp\htdocs\Codeignater4\Big_Project_Code4\system\CodeIgniter.php(320): CodeIgniter\CodeIgniter->handleRequest(NULL, Object(Config\Cache), false)
#3 C:\xampp\htdocs\Codeignater4\Big_Project_Code4\public\index.php(37): CodeIgniter\CodeIgniter->run()
#4 C:\xampp\htdocs\Codeignater4\Big_Project_Code4\system\Commands\Server\rewrite.php(43): require_once('C:\\xampp\\htdocs...')
#5 {main}
CRITICAL - 2022-01-14 06:46:51 --> Class "App\Models\UserModel" not found
#0 C:\xampp\htdocs\Codeignater4\Big_Project_Code4\system\CodeIgniter.php(825): App\Controllers\Register->save()
#1 C:\xampp\htdocs\Codeignater4\Big_Project_Code4\system\CodeIgniter.php(412): CodeIgniter\CodeIgniter->runController(Object(App\Controllers\Register))
#2 C:\xampp\htdocs\Codeignater4\Big_Project_Code4\system\CodeIgniter.php(320): CodeIgniter\CodeIgniter->handleRequest(NULL, Object(Config\Cache), false)
#3 C:\xampp\htdocs\Codeignater4\Big_Project_Code4\public\index.php(37): CodeIgniter\CodeIgniter->run()
#4 C:\xampp\htdocs\Codeignater4\Big_Project_Code4\system\Commands\Server\rewrite.php(43): require_once('C:\\xampp\\htdocs...')
#5 {main}
CRITICAL - 2022-01-14 06:46:51 --> Class "App\Models\UserModel" not found
#0 C:\xampp\htdocs\Codeignater4\Big_Project_Code4\system\CodeIgniter.php(825): App\Controllers\Register->save()
#1 C:\xampp\htdocs\Codeignater4\Big_Project_Code4\system\CodeIgniter.php(412): CodeIgniter\CodeIgniter->runController(Object(App\Controllers\Register))
#2 C:\xampp\htdocs\Codeignater4\Big_Project_Code4\system\CodeIgniter.php(320): CodeIgniter\CodeIgniter->handleRequest(NULL, Object(Config\Cache), false)
#3 C:\xampp\htdocs\Codeignater4\Big_Project_Code4\public\index.php(37): CodeIgniter\CodeIgniter->run()
#4 C:\xampp\htdocs\Codeignater4\Big_Project_Code4\system\Commands\Server\rewrite.php(43): require_once('C:\\xampp\\htdocs...')
#5 {main}
CRITICAL - 2022-01-14 06:46:51 --> Class "App\Models\UserModel" not found
#0 C:\xampp\htdocs\Codeignater4\Big_Project_Code4\system\CodeIgniter.php(825): App\Controllers\Register->save()
#1 C:\xampp\htdocs\Codeignater4\Big_Project_Code4\system\CodeIgniter.php(412): CodeIgniter\CodeIgniter->runController(Object(App\Controllers\Register))
#2 C:\xampp\htdocs\Codeignater4\Big_Project_Code4\system\CodeIgniter.php(320): CodeIgniter\CodeIgniter->handleRequest(NULL, Object(Config\Cache), false)
#3 C:\xampp\htdocs\Codeignater4\Big_Project_Code4\public\index.php(37): CodeIgniter\CodeIgniter->run()
#4 C:\xampp\htdocs\Codeignater4\Big_Project_Code4\system\Commands\Server\rewrite.php(43): require_once('C:\\xampp\\htdocs...')
#5 {main}
CRITICAL - 2022-01-14 06:46:51 --> Class "App\Models\UserModel" not found
#0 C:\xampp\htdocs\Codeignater4\Big_Project_Code4\system\CodeIgniter.php(825): App\Controllers\Register->save()
#1 C:\xampp\htdocs\Codeignater4\Big_Project_Code4\system\CodeIgniter.php(412): CodeIgniter\CodeIgniter->runController(Object(App\Controllers\Register))
#2 C:\xampp\htdocs\Codeignater4\Big_Project_Code4\system\CodeIgniter.php(320): CodeIgniter\CodeIgniter->handleRequest(NULL, Object(Config\Cache), false)
#3 C:\xampp\htdocs\Codeignater4\Big_Project_Code4\public\index.php(37): CodeIgniter\CodeIgniter->run()
#4 C:\xampp\htdocs\Codeignater4\Big_Project_Code4\system\Commands\Server\rewrite.php(43): require_once('C:\\xampp\\htdocs...')
#5 {main}
CRITICAL - 2022-01-14 06:46:51 --> Class "App\Models\UserModel" not found
#0 C:\xampp\htdocs\Codeignater4\Big_Project_Code4\system\CodeIgniter.php(825): App\Controllers\Register->save()
#1 C:\xampp\htdocs\Codeignater4\Big_Project_Code4\system\CodeIgniter.php(412): CodeIgniter\CodeIgniter->runController(Object(App\Controllers\Register))
#2 C:\xampp\htdocs\Codeignater4\Big_Project_Code4\system\CodeIgniter.php(320): CodeIgniter\CodeIgniter->handleRequest(NULL, Object(Config\Cache), false)
#3 C:\xampp\htdocs\Codeignater4\Big_Project_Code4\public\index.php(37): CodeIgniter\CodeIgniter->run()
#4 C:\xampp\htdocs\Codeignater4\Big_Project_Code4\system\Commands\Server\rewrite.php(43): require_once('C:\\xampp\\htdocs...')
#5 {main}
CRITICAL - 2022-01-14 06:47:21 --> Class "App\Models\UserModel" not found
#0 C:\xampp\htdocs\Codeignater4\Big_Project_Code4\system\CodeIgniter.php(825): App\Controllers\Register->save()
#1 C:\xampp\htdocs\Codeignater4\Big_Project_Code4\system\CodeIgniter.php(412): CodeIgniter\CodeIgniter->runController(Object(App\Controllers\Register))
#2 C:\xampp\htdocs\Codeignater4\Big_Project_Code4\system\CodeIgniter.php(320): CodeIgniter\CodeIgniter->handleRequest(NULL, Object(Config\Cache), false)
#3 C:\xampp\htdocs\Codeignater4\Big_Project_Code4\public\index.php(37): CodeIgniter\CodeIgniter->run()
#4 C:\xampp\htdocs\Codeignater4\Big_Project_Code4\system\Commands\Server\rewrite.php(43): require_once('C:\\xampp\\htdocs...')
#5 {main}
CRITICAL - 2022-01-14 06:47:38 --> Class "App\Models\UserModel" not found
#0 C:\xampp\htdocs\Codeignater4\Big_Project_Code4\system\CodeIgniter.php(825): App\Controllers\Register->save()
#1 C:\xampp\htdocs\Codeignater4\Big_Project_Code4\system\CodeIgniter.php(412): CodeIgniter\CodeIgniter->runController(Object(App\Controllers\Register))
#2 C:\xampp\htdocs\Codeignater4\Big_Project_Code4\system\CodeIgniter.php(320): CodeIgniter\CodeIgniter->handleRequest(NULL, Object(Config\Cache), false)
#3 C:\xampp\htdocs\Codeignater4\Big_Project_Code4\public\index.php(37): CodeIgniter\CodeIgniter->run()
#4 C:\xampp\htdocs\Codeignater4\Big_Project_Code4\system\Commands\Server\rewrite.php(43): require_once('C:\\xampp\\htdocs...')
#5 {main}
CRITICAL - 2022-01-14 06:48:21 --> Class "App\Controllers\UserRegister" not found
#0 C:\xampp\htdocs\Codeignater4\Big_Project_Code4\system\CodeIgniter.php(825): App\Controllers\Register->save()
#1 C:\xampp\htdocs\Codeignater4\Big_Project_Code4\system\CodeIgniter.php(412): CodeIgniter\CodeIgniter->runController(Object(App\Controllers\Register))
#2 C:\xampp\htdocs\Codeignater4\Big_Project_Code4\system\CodeIgniter.php(320): CodeIgniter\CodeIgniter->handleRequest(NULL, Object(Config\Cache), false)
#3 C:\xampp\htdocs\Codeignater4\Big_Project_Code4\public\index.php(37): CodeIgniter\CodeIgniter->run()
#4 C:\xampp\htdocs\Codeignater4\Big_Project_Code4\system\Commands\Server\rewrite.php(43): require_once('C:\\xampp\\htdocs...')
#5 {main}
CRITICAL - 2022-01-14 06:48:22 --> Class "App\Controllers\UserRegister" not found
#0 C:\xampp\htdocs\Codeignater4\Big_Project_Code4\system\CodeIgniter.php(825): App\Controllers\Register->save()
#1 C:\xampp\htdocs\Codeignater4\Big_Project_Code4\system\CodeIgniter.php(412): CodeIgniter\CodeIgniter->runController(Object(App\Controllers\Register))
#2 C:\xampp\htdocs\Codeignater4\Big_Project_Code4\system\CodeIgniter.php(320): CodeIgniter\CodeIgniter->handleRequest(NULL, Object(Config\Cache), false)
#3 C:\xampp\htdocs\Codeignater4\Big_Project_Code4\public\index.php(37): CodeIgniter\CodeIgniter->run()
#4 C:\xampp\htdocs\Codeignater4\Big_Project_Code4\system\Commands\Server\rewrite.php(43): require_once('C:\\xampp\\htdocs...')
#5 {main}
CRITICAL - 2022-01-14 06:48:23 --> Class "App\Controllers\UserRegister" not found
#0 C:\xampp\htdocs\Codeignater4\Big_Project_Code4\system\CodeIgniter.php(825): App\Controllers\Register->save()
#1 C:\xampp\htdocs\Codeignater4\Big_Project_Code4\system\CodeIgniter.php(412): CodeIgniter\CodeIgniter->runController(Object(App\Controllers\Register))
#2 C:\xampp\htdocs\Codeignater4\Big_Project_Code4\system\CodeIgniter.php(320): CodeIgniter\CodeIgniter->handleRequest(NULL, Object(Config\Cache), false)
#3 C:\xampp\htdocs\Codeignater4\Big_Project_Code4\public\index.php(37): CodeIgniter\CodeIgniter->run()
#4 C:\xampp\htdocs\Codeignater4\Big_Project_Code4\system\Commands\Server\rewrite.php(43): require_once('C:\\xampp\\htdocs...')
#5 {main}
CRITICAL - 2022-01-14 06:48:23 --> Class "App\Controllers\UserRegister" not found
#0 C:\xampp\htdocs\Codeignater4\Big_Project_Code4\system\CodeIgniter.php(825): App\Controllers\Register->save()
#1 C:\xampp\htdocs\Codeignater4\Big_Project_Code4\system\CodeIgniter.php(412): CodeIgniter\CodeIgniter->runController(Object(App\Controllers\Register))
#2 C:\xampp\htdocs\Codeignater4\Big_Project_Code4\system\CodeIgniter.php(320): CodeIgniter\CodeIgniter->handleRequest(NULL, Object(Config\Cache), false)
#3 C:\xampp\htdocs\Codeignater4\Big_Project_Code4\public\index.php(37): CodeIgniter\CodeIgniter->run()
#4 C:\xampp\htdocs\Codeignater4\Big_Project_Code4\system\Commands\Server\rewrite.php(43): require_once('C:\\xampp\\htdocs...')
#5 {main}
CRITICAL - 2022-01-14 06:48:38 --> Array to string conversion
#0 C:\xampp\htdocs\Codeignater4\Big_Project_Code4\app\Controllers\Register.php(35): CodeIgniter\Debug\Exceptions->errorHandler(2, 'Array to string...', 'C:\\xampp\\htdocs...', 35)
#1 C:\xampp\htdocs\Codeignater4\Big_Project_Code4\system\CodeIgniter.php(825): App\Controllers\Register->save()
#2 C:\xampp\htdocs\Codeignater4\Big_Project_Code4\system\CodeIgniter.php(412): CodeIgniter\CodeIgniter->runController(Object(App\Controllers\Register))
#3 C:\xampp\htdocs\Codeignater4\Big_Project_Code4\system\CodeIgniter.php(320): CodeIgniter\CodeIgniter->handleRequest(NULL, Object(Config\Cache), false)
#4 C:\xampp\htdocs\Codeignater4\Big_Project_Code4\public\index.php(37): CodeIgniter\CodeIgniter->run()
#5 C:\xampp\htdocs\Codeignater4\Big_Project_Code4\system\Commands\Server\rewrite.php(43): require_once('C:\\xampp\\htdocs...')
#6 {main}
CRITICAL - 2022-01-14 06:48:38 --> Array to string conversion
#0 C:\xampp\htdocs\Codeignater4\Big_Project_Code4\app\Controllers\Register.php(35): CodeIgniter\Debug\Exceptions->errorHandler(2, 'Array to string...', 'C:\\xampp\\htdocs...', 35)
#1 C:\xampp\htdocs\Codeignater4\Big_Project_Code4\system\CodeIgniter.php(825): App\Controllers\Register->save()
#2 C:\xampp\htdocs\Codeignater4\Big_Project_Code4\system\CodeIgniter.php(412): CodeIgniter\CodeIgniter->runController(Object(App\Controllers\Register))
#3 C:\xampp\htdocs\Codeignater4\Big_Project_Code4\system\CodeIgniter.php(320): CodeIgniter\CodeIgniter->handleRequest(NULL, Object(Config\Cache), false)
#4 C:\xampp\htdocs\Codeignater4\Big_Project_Code4\public\index.php(37): CodeIgniter\CodeIgniter->run()
#5 C:\xampp\htdocs\Codeignater4\Big_Project_Code4\system\Commands\Server\rewrite.php(43): require_once('C:\\xampp\\htdocs...')
#6 {main}
CRITICAL - 2022-01-14 06:48:39 --> Array to string conversion
#0 C:\xampp\htdocs\Codeignater4\Big_Project_Code4\app\Controllers\Register.php(35): CodeIgniter\Debug\Exceptions->errorHandler(2, 'Array to string...', 'C:\\xampp\\htdocs...', 35)
#1 C:\xampp\htdocs\Codeignater4\Big_Project_Code4\system\CodeIgniter.php(825): App\Controllers\Register->save()
#2 C:\xampp\htdocs\Codeignater4\Big_Project_Code4\system\CodeIgniter.php(412): CodeIgniter\CodeIgniter->runController(Object(App\Controllers\Register))
#3 C:\xampp\htdocs\Codeignater4\Big_Project_Code4\system\CodeIgniter.php(320): CodeIgniter\CodeIgniter->handleRequest(NULL, Object(Config\Cache), false)
#4 C:\xampp\htdocs\Codeignater4\Big_Project_Code4\public\index.php(37): CodeIgniter\CodeIgniter->run()
#5 C:\xampp\htdocs\Codeignater4\Big_Project_Code4\system\Commands\Server\rewrite.php(43): require_once('C:\\xampp\\htdocs...')
#6 {main}
CRITICAL - 2022-01-14 06:48:39 --> Array to string conversion
#0 C:\xampp\htdocs\Codeignater4\Big_Project_Code4\app\Controllers\Register.php(35): CodeIgniter\Debug\Exceptions->errorHandler(2, 'Array to string...', 'C:\\xampp\\htdocs...', 35)
#1 C:\xampp\htdocs\Codeignater4\Big_Project_Code4\system\CodeIgniter.php(825): App\Controllers\Register->save()
#2 C:\xampp\htdocs\Codeignater4\Big_Project_Code4\system\CodeIgniter.php(412): CodeIgniter\CodeIgniter->runController(Object(App\Controllers\Register))
#3 C:\xampp\htdocs\Codeignater4\Big_Project_Code4\system\CodeIgniter.php(320): CodeIgniter\CodeIgniter->handleRequest(NULL, Object(Config\Cache), false)
#4 C:\xampp\htdocs\Codeignater4\Big_Project_Code4\public\index.php(37): CodeIgniter\CodeIgniter->run()
#5 C:\xampp\htdocs\Codeignater4\Big_Project_Code4\system\Commands\Server\rewrite.php(43): require_once('C:\\xampp\\htdocs...')
#6 {main}
CRITICAL - 2022-01-14 06:48:43 --> Array to string conversion
#0 C:\xampp\htdocs\Codeignater4\Big_Project_Code4\app\Controllers\Register.php(35): CodeIgniter\Debug\Exceptions->errorHandler(2, 'Array to string...', 'C:\\xampp\\htdocs...', 35)
#1 C:\xampp\htdocs\Codeignater4\Big_Project_Code4\system\CodeIgniter.php(825): App\Controllers\Register->save()
#2 C:\xampp\htdocs\Codeignater4\Big_Project_Code4\system\CodeIgniter.php(412): CodeIgniter\CodeIgniter->runController(Object(App\Controllers\Register))
#3 C:\xampp\htdocs\Codeignater4\Big_Project_Code4\system\CodeIgniter.php(320): CodeIgniter\CodeIgniter->handleRequest(NULL, Object(Config\Cache), false)
#4 C:\xampp\htdocs\Codeignater4\Big_Project_Code4\public\index.php(37): CodeIgniter\CodeIgniter->run()
#5 C:\xampp\htdocs\Codeignater4\Big_Project_Code4\system\Commands\Server\rewrite.php(43): require_once('C:\\xampp\\htdocs...')
#6 {main}
CRITICAL - 2022-01-14 06:48:43 --> There is no data to insert.
#0 C:\xampp\htdocs\Codeignater4\Big_Project_Code4\system\BaseModel.php(718): CodeIgniter\Database\Exceptions\DataException::forEmptyDataset('insert')
#1 C:\xampp\htdocs\Codeignater4\Big_Project_Code4\system\Model.php(625): CodeIgniter\BaseModel->insert(Array, false)
#2 C:\xampp\htdocs\Codeignater4\Big_Project_Code4\system\BaseModel.php(658): CodeIgniter\Model->insert(Array, false)
#3 C:\xampp\htdocs\Codeignater4\Big_Project_Code4\app\Controllers\Register.php(35): CodeIgniter\BaseModel->save(Array)
#4 C:\xampp\htdocs\Codeignater4\Big_Project_Code4\system\CodeIgniter.php(825): App\Controllers\Register->save()
#5 C:\xampp\htdocs\Codeignater4\Big_Project_Code4\system\CodeIgniter.php(412): CodeIgniter\CodeIgniter->runController(Object(App\Controllers\Register))
#6 C:\xampp\htdocs\Codeignater4\Big_Project_Code4\system\CodeIgniter.php(320): CodeIgniter\CodeIgniter->handleRequest(NULL, Object(Config\Cache), false)
#7 C:\xampp\htdocs\Codeignater4\Big_Project_Code4\public\index.php(37): CodeIgniter\CodeIgniter->run()
#8 C:\xampp\htdocs\Codeignater4\Big_Project_Code4\system\Commands\Server\rewrite.php(43): require_once('C:\\xampp\\htdocs...')
#9 {main}
CRITICAL - 2022-01-14 06:48:44 --> There is no data to insert.
#0 C:\xampp\htdocs\Codeignater4\Big_Project_Code4\system\BaseModel.php(718): CodeIgniter\Database\Exceptions\DataException::forEmptyDataset('insert')
#1 C:\xampp\htdocs\Codeignater4\Big_Project_Code4\system\Model.php(625): CodeIgniter\BaseModel->insert(Array, false)
#2 C:\xampp\htdocs\Codeignater4\Big_Project_Code4\system\BaseModel.php(658): CodeIgniter\Model->insert(Array, false)
#3 C:\xampp\htdocs\Codeignater4\Big_Project_Code4\app\Controllers\Register.php(35): CodeIgniter\BaseModel->save(Array)
#4 C:\xampp\htdocs\Codeignater4\Big_Project_Code4\system\CodeIgniter.php(825): App\Controllers\Register->save()
#5 C:\xampp\htdocs\Codeignater4\Big_Project_Code4\system\CodeIgniter.php(412): CodeIgniter\CodeIgniter->runController(Object(App\Controllers\Register))
#6 C:\xampp\htdocs\Codeignater4\Big_Project_Code4\system\CodeIgniter.php(320): CodeIgniter\CodeIgniter->handleRequest(NULL, Object(Config\Cache), false)
#7 C:\xampp\htdocs\Codeignater4\Big_Project_Code4\public\index.php(37): CodeIgniter\CodeIgniter->run()
#8 C:\xampp\htdocs\Codeignater4\Big_Project_Code4\system\Commands\Server\rewrite.php(43): require_once('C:\\xampp\\htdocs...')
#9 {main}
CRITICAL - 2022-01-14 06:48:44 --> There is no data to insert.
#0 C:\xampp\htdocs\Codeignater4\Big_Project_Code4\system\BaseModel.php(718): CodeIgniter\Database\Exceptions\DataException::forEmptyDataset('insert')
#1 C:\xampp\htdocs\Codeignater4\Big_Project_Code4\system\Model.php(625): CodeIgniter\BaseModel->insert(Array, false)
#2 C:\xampp\htdocs\Codeignater4\Big_Project_Code4\system\BaseModel.php(658): CodeIgniter\Model->insert(Array, false)
#3 C:\xampp\htdocs\Codeignater4\Big_Project_Code4\app\Controllers\Register.php(35): CodeIgniter\BaseModel->save(Array)
#4 C:\xampp\htdocs\Codeignater4\Big_Project_Code4\system\CodeIgniter.php(825): App\Controllers\Register->save()
#5 C:\xampp\htdocs\Codeignater4\Big_Project_Code4\system\CodeIgniter.php(412): CodeIgniter\CodeIgniter->runController(Object(App\Controllers\Register))
#6 C:\xampp\htdocs\Codeignater4\Big_Project_Code4\system\CodeIgniter.php(320): CodeIgniter\CodeIgniter->handleRequest(NULL, Object(Config\Cache), false)
#7 C:\xampp\htdocs\Codeignater4\Big_Project_Code4\public\index.php(37): CodeIgniter\CodeIgniter->run()
#8 C:\xampp\htdocs\Codeignater4\Big_Project_Code4\system\Commands\Server\rewrite.php(43): require_once('C:\\xampp\\htdocs...')
#9 {main}
CRITICAL - 2022-01-14 06:48:44 --> There is no data to insert.
#0 C:\xampp\htdocs\Codeignater4\Big_Project_Code4\system\BaseModel.php(718): CodeIgniter\Database\Exceptions\DataException::forEmptyDataset('insert')
#1 C:\xampp\htdocs\Codeignater4\Big_Project_Code4\system\Model.php(625): CodeIgniter\BaseModel->insert(Array, false)
#2 C:\xampp\htdocs\Codeignater4\Big_Project_Code4\system\BaseModel.php(658): CodeIgniter\Model->insert(Array, false)
#3 C:\xampp\htdocs\Codeignater4\Big_Project_Code4\app\Controllers\Register.php(35): CodeIgniter\BaseModel->save(Array)
#4 C:\xampp\htdocs\Codeignater4\Big_Project_Code4\system\CodeIgniter.php(825): App\Controllers\Register->save()
#5 C:\xampp\htdocs\Codeignater4\Big_Project_Code4\system\CodeIgniter.php(412): CodeIgniter\CodeIgniter->runController(Object(App\Controllers\Register))
#6 C:\xampp\htdocs\Codeignater4\Big_Project_Code4\system\CodeIgniter.php(320): CodeIgniter\CodeIgniter->handleRequest(NULL, Object(Config\Cache), false)
#7 C:\xampp\htdocs\Codeignater4\Big_Project_Code4\public\index.php(37): CodeIgniter\CodeIgniter->run()
#8 C:\xampp\htdocs\Codeignater4\Big_Project_Code4\system\Commands\Server\rewrite.php(43): require_once('C:\\xampp\\htdocs...')
#9 {main}
CRITICAL - 2022-01-14 06:48:44 --> There is no data to insert.
#0 C:\xampp\htdocs\Codeignater4\Big_Project_Code4\system\BaseModel.php(718): CodeIgniter\Database\Exceptions\DataException::forEmptyDataset('insert')
#1 C:\xampp\htdocs\Codeignater4\Big_Project_Code4\system\Model.php(625): CodeIgniter\BaseModel->insert(Array, false)
#2 C:\xampp\htdocs\Codeignater4\Big_Project_Code4\system\BaseModel.php(658): CodeIgniter\Model->insert(Array, false)
#3 C:\xampp\htdocs\Codeignater4\Big_Project_Code4\app\Controllers\Register.php(35): CodeIgniter\BaseModel->save(Array)
#4 C:\xampp\htdocs\Codeignater4\Big_Project_Code4\system\CodeIgniter.php(825): App\Controllers\Register->save()
#5 C:\xampp\htdocs\Codeignater4\Big_Project_Code4\system\CodeIgniter.php(412): CodeIgniter\CodeIgniter->runController(Object(App\Controllers\Register))
#6 C:\xampp\htdocs\Codeignater4\Big_Project_Code4\system\CodeIgniter.php(320): CodeIgniter\CodeIgniter->handleRequest(NULL, Object(Config\Cache), false)
#7 C:\xampp\htdocs\Codeignater4\Big_Project_Code4\public\index.php(37): CodeIgniter\CodeIgniter->run()
#8 C:\xampp\htdocs\Codeignater4\Big_Project_Code4\system\Commands\Server\rewrite.php(43): require_once('C:\\xampp\\htdocs...')
#9 {main}
CRITICAL - 2022-01-14 06:48:44 --> There is no data to insert.
#0 C:\xampp\htdocs\Codeignater4\Big_Project_Code4\system\BaseModel.php(718): CodeIgniter\Database\Exceptions\DataException::forEmptyDataset('insert')
#1 C:\xampp\htdocs\Codeignater4\Big_Project_Code4\system\Model.php(625): CodeIgniter\BaseModel->insert(Array, false)
#2 C:\xampp\htdocs\Codeignater4\Big_Project_Code4\system\BaseModel.php(658): CodeIgniter\Model->insert(Array, false)
#3 C:\xampp\htdocs\Codeignater4\Big_Project_Code4\app\Controllers\Register.php(35): CodeIgniter\BaseModel->save(Array)
#4 C:\xampp\htdocs\Codeignater4\Big_Project_Code4\system\CodeIgniter.php(825): App\Controllers\Register->save()
#5 C:\xampp\htdocs\Codeignater4\Big_Project_Code4\system\CodeIgniter.php(412): CodeIgniter\CodeIgniter->runController(Object(App\Controllers\Register))
#6 C:\xampp\htdocs\Codeignater4\Big_Project_Code4\system\CodeIgniter.php(320): CodeIgniter\CodeIgniter->handleRequest(NULL, Object(Config\Cache), false)
#7 C:\xampp\htdocs\Codeignater4\Big_Project_Code4\public\index.php(37): CodeIgniter\CodeIgniter->run()
#8 C:\xampp\htdocs\Codeignater4\Big_Project_Code4\system\Commands\Server\rewrite.php(43): require_once('C:\\xampp\\htdocs...')
#9 {main}
