CRITICAL - 2022-03-30 15:51:33 --> syntax error, unexpected identifier "col"
#0 C:\xampp\htdocs\Big_Project_Code4\system\View\View.php(213): CodeIgniter\View\View->CodeIgniter\View\{closure}()
#1 C:\xampp\htdocs\Big_Project_Code4\system\Common.php(1089): CodeIgniter\View\View->render('employee/check_...', Array, true)
#2 C:\xampp\htdocs\Big_Project_Code4\app\Controllers\EmployeeController.php(179): view('employee/check_...', Array)
#3 C:\xampp\htdocs\Big_Project_Code4\system\CodeIgniter.php(825): App\Controllers\EmployeeController->check_payment()
#4 C:\xampp\htdocs\Big_Project_Code4\system\CodeIgniter.php(412): CodeIgniter\CodeIgniter->runController(Object(App\Controllers\EmployeeController))
#5 C:\xampp\htdocs\Big_Project_Code4\system\CodeIgniter.php(320): CodeIgniter\CodeIgniter->handleRequest(NULL, Object(Config\Cache), false)
#6 C:\xampp\htdocs\Big_Project_Code4\public\index.php(47): CodeIgniter\CodeIgniter->run()
#7 C:\xampp\htdocs\Big_Project_Code4\system\Commands\Server\rewrite.php(43): require_once('C:\\xampp\\htdocs...')
#8 {main}
CRITICAL - 2022-03-30 15:51:33 --> syntax error, unexpected identifier "col"
#0 C:\xampp\htdocs\Big_Project_Code4\system\View\View.php(213): CodeIgniter\View\View->CodeIgniter\View\{closure}()
#1 C:\xampp\htdocs\Big_Project_Code4\system\Common.php(1089): CodeIgniter\View\View->render('employee/check_...', Array, true)
#2 C:\xampp\htdocs\Big_Project_Code4\app\Controllers\EmployeeController.php(179): view('employee/check_...', Array)
#3 C:\xampp\htdocs\Big_Project_Code4\system\CodeIgniter.php(825): App\Controllers\EmployeeController->check_payment()
#4 C:\xampp\htdocs\Big_Project_Code4\system\CodeIgniter.php(412): CodeIgniter\CodeIgniter->runController(Object(App\Controllers\EmployeeController))
#5 C:\xampp\htdocs\Big_Project_Code4\system\CodeIgniter.php(320): CodeIgniter\CodeIgniter->handleRequest(NULL, Object(Config\Cache), false)
#6 C:\xampp\htdocs\Big_Project_Code4\public\index.php(47): CodeIgniter\CodeIgniter->run()
#7 C:\xampp\htdocs\Big_Project_Code4\system\Commands\Server\rewrite.php(43): require_once('C:\\xampp\\htdocs...')
#8 {main}
CRITICAL - 2022-03-30 15:51:34 --> syntax error, unexpected identifier "col"
#0 C:\xampp\htdocs\Big_Project_Code4\system\View\View.php(213): CodeIgniter\View\View->CodeIgniter\View\{closure}()
#1 C:\xampp\htdocs\Big_Project_Code4\system\Common.php(1089): CodeIgniter\View\View->render('employee/check_...', Array, true)
#2 C:\xampp\htdocs\Big_Project_Code4\app\Controllers\EmployeeController.php(179): view('employee/check_...', Array)
#3 C:\xampp\htdocs\Big_Project_Code4\system\CodeIgniter.php(825): App\Controllers\EmployeeController->check_payment()
#4 C:\xampp\htdocs\Big_Project_Code4\system\CodeIgniter.php(412): CodeIgniter\CodeIgniter->runController(Object(App\Controllers\EmployeeController))
#5 C:\xampp\htdocs\Big_Project_Code4\system\CodeIgniter.php(320): CodeIgniter\CodeIgniter->handleRequest(NULL, Object(Config\Cache), false)
#6 C:\xampp\htdocs\Big_Project_Code4\public\index.php(47): CodeIgniter\CodeIgniter->run()
#7 C:\xampp\htdocs\Big_Project_Code4\system\Commands\Server\rewrite.php(43): require_once('C:\\xampp\\htdocs...')
#8 {main}
CRITICAL - 2022-03-30 16:01:14 --> Undefined array key ""
#0 C:\xampp\htdocs\Big_Project_Code4\app\Views\employee\check_payment.php(34): CodeIgniter\Debug\Exceptions->errorHandler(2, 'Undefined array...', 'C:\\xampp\\htdocs...', 34)
#1 C:\xampp\htdocs\Big_Project_Code4\system\View\View.php(210): include('C:\\xampp\\htdocs...')
#2 C:\xampp\htdocs\Big_Project_Code4\system\View\View.php(213): CodeIgniter\View\View->CodeIgniter\View\{closure}()
#3 C:\xampp\htdocs\Big_Project_Code4\system\Common.php(1089): CodeIgniter\View\View->render('employee/check_...', Array, true)
#4 C:\xampp\htdocs\Big_Project_Code4\app\Controllers\EmployeeController.php(182): view('employee/check_...', Array)
#5 C:\xampp\htdocs\Big_Project_Code4\system\CodeIgniter.php(825): App\Controllers\EmployeeController->check_payment()
#6 C:\xampp\htdocs\Big_Project_Code4\system\CodeIgniter.php(412): CodeIgniter\CodeIgniter->runController(Object(App\Controllers\EmployeeController))
#7 C:\xampp\htdocs\Big_Project_Code4\system\CodeIgniter.php(320): CodeIgniter\CodeIgniter->handleRequest(NULL, Object(Config\Cache), false)
#8 C:\xampp\htdocs\Big_Project_Code4\public\index.php(47): CodeIgniter\CodeIgniter->run()
#9 C:\xampp\htdocs\Big_Project_Code4\system\Commands\Server\rewrite.php(43): require_once('C:\\xampp\\htdocs...')
#10 {main}
CRITICAL - 2022-03-30 16:05:28 --> Undefined array key ""
#0 C:\xampp\htdocs\Big_Project_Code4\app\Views\employee\check_payment.php(41): CodeIgniter\Debug\Exceptions->errorHandler(2, 'Undefined array...', 'C:\\xampp\\htdocs...', 41)
#1 C:\xampp\htdocs\Big_Project_Code4\system\View\View.php(210): include('C:\\xampp\\htdocs...')
#2 C:\xampp\htdocs\Big_Project_Code4\system\View\View.php(213): CodeIgniter\View\View->CodeIgniter\View\{closure}()
#3 C:\xampp\htdocs\Big_Project_Code4\system\Common.php(1089): CodeIgniter\View\View->render('employee/check_...', Array, true)
#4 C:\xampp\htdocs\Big_Project_Code4\app\Controllers\EmployeeController.php(182): view('employee/check_...', Array)
#5 C:\xampp\htdocs\Big_Project_Code4\system\CodeIgniter.php(825): App\Controllers\EmployeeController->check_payment()
#6 C:\xampp\htdocs\Big_Project_Code4\system\CodeIgniter.php(412): CodeIgniter\CodeIgniter->runController(Object(App\Controllers\EmployeeController))
#7 C:\xampp\htdocs\Big_Project_Code4\system\CodeIgniter.php(320): CodeIgniter\CodeIgniter->handleRequest(NULL, Object(Config\Cache), false)
#8 C:\xampp\htdocs\Big_Project_Code4\public\index.php(47): CodeIgniter\CodeIgniter->run()
#9 C:\xampp\htdocs\Big_Project_Code4\system\Commands\Server\rewrite.php(43): require_once('C:\\xampp\\htdocs...')
#10 {main}
CRITICAL - 2022-03-30 16:05:55 --> Undefined array key ""
#0 C:\xampp\htdocs\Big_Project_Code4\app\Views\employee\check_payment.php(41): CodeIgniter\Debug\Exceptions->errorHandler(2, 'Undefined array...', 'C:\\xampp\\htdocs...', 41)
#1 C:\xampp\htdocs\Big_Project_Code4\system\View\View.php(210): include('C:\\xampp\\htdocs...')
#2 C:\xampp\htdocs\Big_Project_Code4\system\View\View.php(213): CodeIgniter\View\View->CodeIgniter\View\{closure}()
#3 C:\xampp\htdocs\Big_Project_Code4\system\Common.php(1089): CodeIgniter\View\View->render('employee/check_...', Array, true)
#4 C:\xampp\htdocs\Big_Project_Code4\app\Controllers\EmployeeController.php(182): view('employee/check_...', Array)
#5 C:\xampp\htdocs\Big_Project_Code4\system\CodeIgniter.php(825): App\Controllers\EmployeeController->check_payment()
#6 C:\xampp\htdocs\Big_Project_Code4\system\CodeIgniter.php(412): CodeIgniter\CodeIgniter->runController(Object(App\Controllers\EmployeeController))
#7 C:\xampp\htdocs\Big_Project_Code4\system\CodeIgniter.php(320): CodeIgniter\CodeIgniter->handleRequest(NULL, Object(Config\Cache), false)
#8 C:\xampp\htdocs\Big_Project_Code4\public\index.php(47): CodeIgniter\CodeIgniter->run()
#9 C:\xampp\htdocs\Big_Project_Code4\system\Commands\Server\rewrite.php(43): require_once('C:\\xampp\\htdocs...')
#10 {main}
CRITICAL - 2022-03-30 16:30:37 --> Unmatched '}'
#0 C:\xampp\htdocs\Big_Project_Code4\system\View\View.php(213): CodeIgniter\View\View->CodeIgniter\View\{closure}()
#1 C:\xampp\htdocs\Big_Project_Code4\system\Common.php(1089): CodeIgniter\View\View->render('employee/check_...', Array, true)
#2 C:\xampp\htdocs\Big_Project_Code4\app\Controllers\EmployeeController.php(182): view('employee/check_...', Array)
#3 C:\xampp\htdocs\Big_Project_Code4\system\CodeIgniter.php(825): App\Controllers\EmployeeController->check_payment()
#4 C:\xampp\htdocs\Big_Project_Code4\system\CodeIgniter.php(412): CodeIgniter\CodeIgniter->runController(Object(App\Controllers\EmployeeController))
#5 C:\xampp\htdocs\Big_Project_Code4\system\CodeIgniter.php(320): CodeIgniter\CodeIgniter->handleRequest(NULL, Object(Config\Cache), false)
#6 C:\xampp\htdocs\Big_Project_Code4\public\index.php(47): CodeIgniter\CodeIgniter->run()
#7 C:\xampp\htdocs\Big_Project_Code4\system\Commands\Server\rewrite.php(43): require_once('C:\\xampp\\htdocs...')
#8 {main}
CRITICAL - 2022-03-30 16:30:38 --> Unmatched '}'
#0 C:\xampp\htdocs\Big_Project_Code4\system\View\View.php(213): CodeIgniter\View\View->CodeIgniter\View\{closure}()
#1 C:\xampp\htdocs\Big_Project_Code4\system\Common.php(1089): CodeIgniter\View\View->render('employee/check_...', Array, true)
#2 C:\xampp\htdocs\Big_Project_Code4\app\Controllers\EmployeeController.php(182): view('employee/check_...', Array)
#3 C:\xampp\htdocs\Big_Project_Code4\system\CodeIgniter.php(825): App\Controllers\EmployeeController->check_payment()
#4 C:\xampp\htdocs\Big_Project_Code4\system\CodeIgniter.php(412): CodeIgniter\CodeIgniter->runController(Object(App\Controllers\EmployeeController))
#5 C:\xampp\htdocs\Big_Project_Code4\system\CodeIgniter.php(320): CodeIgniter\CodeIgniter->handleRequest(NULL, Object(Config\Cache), false)
#6 C:\xampp\htdocs\Big_Project_Code4\public\index.php(47): CodeIgniter\CodeIgniter->run()
#7 C:\xampp\htdocs\Big_Project_Code4\system\Commands\Server\rewrite.php(43): require_once('C:\\xampp\\htdocs...')
#8 {main}
CRITICAL - 2022-03-30 16:30:38 --> Unmatched '}'
#0 C:\xampp\htdocs\Big_Project_Code4\system\View\View.php(213): CodeIgniter\View\View->CodeIgniter\View\{closure}()
#1 C:\xampp\htdocs\Big_Project_Code4\system\Common.php(1089): CodeIgniter\View\View->render('employee/check_...', Array, true)
#2 C:\xampp\htdocs\Big_Project_Code4\app\Controllers\EmployeeController.php(182): view('employee/check_...', Array)
#3 C:\xampp\htdocs\Big_Project_Code4\system\CodeIgniter.php(825): App\Controllers\EmployeeController->check_payment()
#4 C:\xampp\htdocs\Big_Project_Code4\system\CodeIgniter.php(412): CodeIgniter\CodeIgniter->runController(Object(App\Controllers\EmployeeController))
#5 C:\xampp\htdocs\Big_Project_Code4\system\CodeIgniter.php(320): CodeIgniter\CodeIgniter->handleRequest(NULL, Object(Config\Cache), false)
#6 C:\xampp\htdocs\Big_Project_Code4\public\index.php(47): CodeIgniter\CodeIgniter->run()
#7 C:\xampp\htdocs\Big_Project_Code4\system\Commands\Server\rewrite.php(43): require_once('C:\\xampp\\htdocs...')
#8 {main}
CRITICAL - 2022-03-30 16:30:39 --> Unmatched '}'
#0 C:\xampp\htdocs\Big_Project_Code4\system\View\View.php(213): CodeIgniter\View\View->CodeIgniter\View\{closure}()
#1 C:\xampp\htdocs\Big_Project_Code4\system\Common.php(1089): CodeIgniter\View\View->render('employee/check_...', Array, true)
#2 C:\xampp\htdocs\Big_Project_Code4\app\Controllers\EmployeeController.php(182): view('employee/check_...', Array)
#3 C:\xampp\htdocs\Big_Project_Code4\system\CodeIgniter.php(825): App\Controllers\EmployeeController->check_payment()
#4 C:\xampp\htdocs\Big_Project_Code4\system\CodeIgniter.php(412): CodeIgniter\CodeIgniter->runController(Object(App\Controllers\EmployeeController))
#5 C:\xampp\htdocs\Big_Project_Code4\system\CodeIgniter.php(320): CodeIgniter\CodeIgniter->handleRequest(NULL, Object(Config\Cache), false)
#6 C:\xampp\htdocs\Big_Project_Code4\public\index.php(47): CodeIgniter\CodeIgniter->run()
#7 C:\xampp\htdocs\Big_Project_Code4\system\Commands\Server\rewrite.php(43): require_once('C:\\xampp\\htdocs...')
#8 {main}
CRITICAL - 2022-03-30 17:05:03 --> Undefined variable $Status_Format
#0 C:\xampp\htdocs\Big_Project_Code4\app\Views\check_reservation.php(128): CodeIgniter\Debug\Exceptions->errorHandler(2, 'Undefined varia...', 'C:\\xampp\\htdocs...', 128)
#1 C:\xampp\htdocs\Big_Project_Code4\system\View\View.php(210): include('C:\\xampp\\htdocs...')
#2 C:\xampp\htdocs\Big_Project_Code4\system\View\View.php(213): CodeIgniter\View\View->CodeIgniter\View\{closure}()
#3 C:\xampp\htdocs\Big_Project_Code4\system\Common.php(1089): CodeIgniter\View\View->render('check_reservati...', Array, true)
#4 C:\xampp\htdocs\Big_Project_Code4\app\Controllers\ReservationController.php(273): view('check_reservati...', Array)
#5 C:\xampp\htdocs\Big_Project_Code4\system\CodeIgniter.php(825): App\Controllers\ReservationController->check_reservation()
#6 C:\xampp\htdocs\Big_Project_Code4\system\CodeIgniter.php(412): CodeIgniter\CodeIgniter->runController(Object(App\Controllers\ReservationController))
#7 C:\xampp\htdocs\Big_Project_Code4\system\CodeIgniter.php(320): CodeIgniter\CodeIgniter->handleRequest(NULL, Object(Config\Cache), false)
#8 C:\xampp\htdocs\Big_Project_Code4\public\index.php(47): CodeIgniter\CodeIgniter->run()
#9 C:\xampp\htdocs\Big_Project_Code4\system\Commands\Server\rewrite.php(43): require_once('C:\\xampp\\htdocs...')
#10 {main}
CRITICAL - 2022-03-30 17:56:42 --> Undefined constant "IDIS"
#0 C:\xampp\htdocs\Big_Project_Code4\system\View\View.php(210): include()
#1 C:\xampp\htdocs\Big_Project_Code4\system\View\View.php(213): CodeIgniter\View\View->CodeIgniter\View\{closure}()
#2 C:\xampp\htdocs\Big_Project_Code4\system\Common.php(1089): CodeIgniter\View\View->render('employee/check_...', Array, true)
#3 C:\xampp\htdocs\Big_Project_Code4\app\Controllers\EmployeeController.php(182): view('employee/check_...', Array)
#4 C:\xampp\htdocs\Big_Project_Code4\system\CodeIgniter.php(825): App\Controllers\EmployeeController->check_payment()
#5 C:\xampp\htdocs\Big_Project_Code4\system\CodeIgniter.php(412): CodeIgniter\CodeIgniter->runController(Object(App\Controllers\EmployeeController))
#6 C:\xampp\htdocs\Big_Project_Code4\system\CodeIgniter.php(320): CodeIgniter\CodeIgniter->handleRequest(NULL, Object(Config\Cache), false)
#7 C:\xampp\htdocs\Big_Project_Code4\public\index.php(47): CodeIgniter\CodeIgniter->run()
#8 C:\xampp\htdocs\Big_Project_Code4\system\Commands\Server\rewrite.php(43): require_once('C:\\xampp\\htdocs...')
#9 {main}
CRITICAL - 2022-03-30 17:56:42 --> Undefined constant "IDIS"
#0 C:\xampp\htdocs\Big_Project_Code4\system\View\View.php(210): include()
#1 C:\xampp\htdocs\Big_Project_Code4\system\View\View.php(213): CodeIgniter\View\View->CodeIgniter\View\{closure}()
#2 C:\xampp\htdocs\Big_Project_Code4\system\Common.php(1089): CodeIgniter\View\View->render('employee/check_...', Array, true)
#3 C:\xampp\htdocs\Big_Project_Code4\app\Controllers\EmployeeController.php(182): view('employee/check_...', Array)
#4 C:\xampp\htdocs\Big_Project_Code4\system\CodeIgniter.php(825): App\Controllers\EmployeeController->check_payment()
#5 C:\xampp\htdocs\Big_Project_Code4\system\CodeIgniter.php(412): CodeIgniter\CodeIgniter->runController(Object(App\Controllers\EmployeeController))
#6 C:\xampp\htdocs\Big_Project_Code4\system\CodeIgniter.php(320): CodeIgniter\CodeIgniter->handleRequest(NULL, Object(Config\Cache), false)
#7 C:\xampp\htdocs\Big_Project_Code4\public\index.php(47): CodeIgniter\CodeIgniter->run()
#8 C:\xampp\htdocs\Big_Project_Code4\system\Commands\Server\rewrite.php(43): require_once('C:\\xampp\\htdocs...')
#9 {main}
CRITICAL - 2022-03-30 17:56:42 --> Undefined constant "IDIS"
#0 C:\xampp\htdocs\Big_Project_Code4\system\View\View.php(210): include()
#1 C:\xampp\htdocs\Big_Project_Code4\system\View\View.php(213): CodeIgniter\View\View->CodeIgniter\View\{closure}()
#2 C:\xampp\htdocs\Big_Project_Code4\system\Common.php(1089): CodeIgniter\View\View->render('employee/check_...', Array, true)
#3 C:\xampp\htdocs\Big_Project_Code4\app\Controllers\EmployeeController.php(182): view('employee/check_...', Array)
#4 C:\xampp\htdocs\Big_Project_Code4\system\CodeIgniter.php(825): App\Controllers\EmployeeController->check_payment()
#5 C:\xampp\htdocs\Big_Project_Code4\system\CodeIgniter.php(412): CodeIgniter\CodeIgniter->runController(Object(App\Controllers\EmployeeController))
#6 C:\xampp\htdocs\Big_Project_Code4\system\CodeIgniter.php(320): CodeIgniter\CodeIgniter->handleRequest(NULL, Object(Config\Cache), false)
#7 C:\xampp\htdocs\Big_Project_Code4\public\index.php(47): CodeIgniter\CodeIgniter->run()
#8 C:\xampp\htdocs\Big_Project_Code4\system\Commands\Server\rewrite.php(43): require_once('C:\\xampp\\htdocs...')
#9 {main}
CRITICAL - 2022-03-30 17:56:43 --> Undefined constant "IDIS"
#0 C:\xampp\htdocs\Big_Project_Code4\system\View\View.php(210): include()
#1 C:\xampp\htdocs\Big_Project_Code4\system\View\View.php(213): CodeIgniter\View\View->CodeIgniter\View\{closure}()
#2 C:\xampp\htdocs\Big_Project_Code4\system\Common.php(1089): CodeIgniter\View\View->render('employee/check_...', Array, true)
#3 C:\xampp\htdocs\Big_Project_Code4\app\Controllers\EmployeeController.php(182): view('employee/check_...', Array)
#4 C:\xampp\htdocs\Big_Project_Code4\system\CodeIgniter.php(825): App\Controllers\EmployeeController->check_payment()
#5 C:\xampp\htdocs\Big_Project_Code4\system\CodeIgniter.php(412): CodeIgniter\CodeIgniter->runController(Object(App\Controllers\EmployeeController))
#6 C:\xampp\htdocs\Big_Project_Code4\system\CodeIgniter.php(320): CodeIgniter\CodeIgniter->handleRequest(NULL, Object(Config\Cache), false)
#7 C:\xampp\htdocs\Big_Project_Code4\public\index.php(47): CodeIgniter\CodeIgniter->run()
#8 C:\xampp\htdocs\Big_Project_Code4\system\Commands\Server\rewrite.php(43): require_once('C:\\xampp\\htdocs...')
#9 {main}
