CRITICAL - 2022-05-16 00:03:41 --> Undefined array key "x"
#0 C:\xampp\htdocs\Big_Project_Code4\app\Views\his_reservation.php(38): CodeIgniter\Debug\Exceptions->errorHandler(2, 'Undefined array...', 'C:\\xampp\\htdocs...', 38)
#1 C:\xampp\htdocs\Big_Project_Code4\system\View\View.php(210): include('C:\\xampp\\htdocs...')
#2 C:\xampp\htdocs\Big_Project_Code4\system\View\View.php(213): CodeIgniter\View\View->CodeIgniter\View\{closure}()
#3 C:\xampp\htdocs\Big_Project_Code4\system\Common.php(1089): CodeIgniter\View\View->render('his_reservation', Array, true)
#4 C:\xampp\htdocs\Big_Project_Code4\app\Controllers\TicketController.php(128): view('his_reservation', Array)
#5 C:\xampp\htdocs\Big_Project_Code4\system\CodeIgniter.php(825): App\Controllers\TicketController->his_reservation()
#6 C:\xampp\htdocs\Big_Project_Code4\system\CodeIgniter.php(412): CodeIgniter\CodeIgniter->runController(Object(App\Controllers\TicketController))
#7 C:\xampp\htdocs\Big_Project_Code4\system\CodeIgniter.php(320): CodeIgniter\CodeIgniter->handleRequest(NULL, Object(Config\Cache), false)
#8 C:\xampp\htdocs\Big_Project_Code4\index.php(48): CodeIgniter\CodeIgniter->run()
#9 {main}
CRITICAL - 2022-05-16 00:03:41 --> Undefined array key "x"
#0 C:\xampp\htdocs\Big_Project_Code4\app\Views\his_reservation.php(38): CodeIgniter\Debug\Exceptions->errorHandler(2, 'Undefined array...', 'C:\\xampp\\htdocs...', 38)
#1 C:\xampp\htdocs\Big_Project_Code4\system\View\View.php(210): include('C:\\xampp\\htdocs...')
#2 C:\xampp\htdocs\Big_Project_Code4\system\View\View.php(213): CodeIgniter\View\View->CodeIgniter\View\{closure}()
#3 C:\xampp\htdocs\Big_Project_Code4\system\Common.php(1089): CodeIgniter\View\View->render('his_reservation', Array, true)
#4 C:\xampp\htdocs\Big_Project_Code4\app\Controllers\TicketController.php(128): view('his_reservation', Array)
#5 C:\xampp\htdocs\Big_Project_Code4\system\CodeIgniter.php(825): App\Controllers\TicketController->his_reservation()
#6 C:\xampp\htdocs\Big_Project_Code4\system\CodeIgniter.php(412): CodeIgniter\CodeIgniter->runController(Object(App\Controllers\TicketController))
#7 C:\xampp\htdocs\Big_Project_Code4\system\CodeIgniter.php(320): CodeIgniter\CodeIgniter->handleRequest(NULL, Object(Config\Cache), false)
#8 C:\xampp\htdocs\Big_Project_Code4\index.php(48): CodeIgniter\CodeIgniter->run()
#9 {main}
CRITICAL - 2022-05-16 00:03:46 --> Undefined array key "x"
#0 C:\xampp\htdocs\Big_Project_Code4\app\Views\his_reservation.php(38): CodeIgniter\Debug\Exceptions->errorHandler(2, 'Undefined array...', 'C:\\xampp\\htdocs...', 38)
#1 C:\xampp\htdocs\Big_Project_Code4\system\View\View.php(210): include('C:\\xampp\\htdocs...')
#2 C:\xampp\htdocs\Big_Project_Code4\system\View\View.php(213): CodeIgniter\View\View->CodeIgniter\View\{closure}()
#3 C:\xampp\htdocs\Big_Project_Code4\system\Common.php(1089): CodeIgniter\View\View->render('his_reservation', Array, true)
#4 C:\xampp\htdocs\Big_Project_Code4\app\Controllers\TicketController.php(128): view('his_reservation', Array)
#5 C:\xampp\htdocs\Big_Project_Code4\system\CodeIgniter.php(825): App\Controllers\TicketController->his_reservation()
#6 C:\xampp\htdocs\Big_Project_Code4\system\CodeIgniter.php(412): CodeIgniter\CodeIgniter->runController(Object(App\Controllers\TicketController))
#7 C:\xampp\htdocs\Big_Project_Code4\system\CodeIgniter.php(320): CodeIgniter\CodeIgniter->handleRequest(NULL, Object(Config\Cache), false)
#8 C:\xampp\htdocs\Big_Project_Code4\index.php(48): CodeIgniter\CodeIgniter->run()
#9 {main}
CRITICAL - 2022-05-16 00:03:47 --> Undefined array key "x"
#0 C:\xampp\htdocs\Big_Project_Code4\app\Views\his_reservation.php(38): CodeIgniter\Debug\Exceptions->errorHandler(2, 'Undefined array...', 'C:\\xampp\\htdocs...', 38)
#1 C:\xampp\htdocs\Big_Project_Code4\system\View\View.php(210): include('C:\\xampp\\htdocs...')
#2 C:\xampp\htdocs\Big_Project_Code4\system\View\View.php(213): CodeIgniter\View\View->CodeIgniter\View\{closure}()
#3 C:\xampp\htdocs\Big_Project_Code4\system\Common.php(1089): CodeIgniter\View\View->render('his_reservation', Array, true)
#4 C:\xampp\htdocs\Big_Project_Code4\app\Controllers\TicketController.php(128): view('his_reservation', Array)
#5 C:\xampp\htdocs\Big_Project_Code4\system\CodeIgniter.php(825): App\Controllers\TicketController->his_reservation()
#6 C:\xampp\htdocs\Big_Project_Code4\system\CodeIgniter.php(412): CodeIgniter\CodeIgniter->runController(Object(App\Controllers\TicketController))
#7 C:\xampp\htdocs\Big_Project_Code4\system\CodeIgniter.php(320): CodeIgniter\CodeIgniter->handleRequest(NULL, Object(Config\Cache), false)
#8 C:\xampp\htdocs\Big_Project_Code4\index.php(48): CodeIgniter\CodeIgniter->run()
#9 {main}
CRITICAL - 2022-05-16 00:03:47 --> Undefined array key "x"
#0 C:\xampp\htdocs\Big_Project_Code4\app\Views\his_reservation.php(38): CodeIgniter\Debug\Exceptions->errorHandler(2, 'Undefined array...', 'C:\\xampp\\htdocs...', 38)
#1 C:\xampp\htdocs\Big_Project_Code4\system\View\View.php(210): include('C:\\xampp\\htdocs...')
#2 C:\xampp\htdocs\Big_Project_Code4\system\View\View.php(213): CodeIgniter\View\View->CodeIgniter\View\{closure}()
#3 C:\xampp\htdocs\Big_Project_Code4\system\Common.php(1089): CodeIgniter\View\View->render('his_reservation', Array, true)
#4 C:\xampp\htdocs\Big_Project_Code4\app\Controllers\TicketController.php(128): view('his_reservation', Array)
#5 C:\xampp\htdocs\Big_Project_Code4\system\CodeIgniter.php(825): App\Controllers\TicketController->his_reservation()
#6 C:\xampp\htdocs\Big_Project_Code4\system\CodeIgniter.php(412): CodeIgniter\CodeIgniter->runController(Object(App\Controllers\TicketController))
#7 C:\xampp\htdocs\Big_Project_Code4\system\CodeIgniter.php(320): CodeIgniter\CodeIgniter->handleRequest(NULL, Object(Config\Cache), false)
#8 C:\xampp\htdocs\Big_Project_Code4\index.php(48): CodeIgniter\CodeIgniter->run()
#9 {main}
CRITICAL - 2022-05-16 00:03:47 --> Undefined array key "x"
#0 C:\xampp\htdocs\Big_Project_Code4\app\Views\his_reservation.php(38): CodeIgniter\Debug\Exceptions->errorHandler(2, 'Undefined array...', 'C:\\xampp\\htdocs...', 38)
#1 C:\xampp\htdocs\Big_Project_Code4\system\View\View.php(210): include('C:\\xampp\\htdocs...')
#2 C:\xampp\htdocs\Big_Project_Code4\system\View\View.php(213): CodeIgniter\View\View->CodeIgniter\View\{closure}()
#3 C:\xampp\htdocs\Big_Project_Code4\system\Common.php(1089): CodeIgniter\View\View->render('his_reservation', Array, true)
#4 C:\xampp\htdocs\Big_Project_Code4\app\Controllers\TicketController.php(128): view('his_reservation', Array)
#5 C:\xampp\htdocs\Big_Project_Code4\system\CodeIgniter.php(825): App\Controllers\TicketController->his_reservation()
#6 C:\xampp\htdocs\Big_Project_Code4\system\CodeIgniter.php(412): CodeIgniter\CodeIgniter->runController(Object(App\Controllers\TicketController))
#7 C:\xampp\htdocs\Big_Project_Code4\system\CodeIgniter.php(320): CodeIgniter\CodeIgniter->handleRequest(NULL, Object(Config\Cache), false)
#8 C:\xampp\htdocs\Big_Project_Code4\index.php(48): CodeIgniter\CodeIgniter->run()
#9 {main}
ERROR - 2022-05-16 00:04:42 --> Not unique table/alias: 'station'
CRITICAL - 2022-05-16 00:04:42 --> Not unique table/alias: 'station'
#0 C:\xampp\htdocs\Big_Project_Code4\system\Database\MySQLi\Connection.php(292): mysqli->query('SELECT *, `Stat...', 0)
#1 C:\xampp\htdocs\Big_Project_Code4\system\Database\BaseConnection.php(670): CodeIgniter\Database\MySQLi\Connection->execute('SELECT *, `Stat...')
#2 C:\xampp\htdocs\Big_Project_Code4\system\Database\BaseConnection.php(598): CodeIgniter\Database\BaseConnection->simpleQuery('SELECT *, `Stat...')
#3 C:\xampp\htdocs\Big_Project_Code4\system\Database\BaseBuilder.php(1455): CodeIgniter\Database\BaseConnection->query('SELECT *, `Stat...', Array, false)
#4 C:\xampp\htdocs\Big_Project_Code4\app\Models\TicketModel.php(25): CodeIgniter\Database\BaseBuilder->get()
#5 C:\xampp\htdocs\Big_Project_Code4\app\Controllers\TicketController.php(126): App\Models\TicketModel->get_history('4')
#6 C:\xampp\htdocs\Big_Project_Code4\system\CodeIgniter.php(825): App\Controllers\TicketController->his_reservation()
#7 C:\xampp\htdocs\Big_Project_Code4\system\CodeIgniter.php(412): CodeIgniter\CodeIgniter->runController(Object(App\Controllers\TicketController))
#8 C:\xampp\htdocs\Big_Project_Code4\system\CodeIgniter.php(320): CodeIgniter\CodeIgniter->handleRequest(NULL, Object(Config\Cache), false)
#9 C:\xampp\htdocs\Big_Project_Code4\index.php(48): CodeIgniter\CodeIgniter->run()
#10 {main}
ERROR - 2022-05-16 00:04:43 --> Not unique table/alias: 'station'
CRITICAL - 2022-05-16 00:04:43 --> Not unique table/alias: 'station'
#0 C:\xampp\htdocs\Big_Project_Code4\system\Database\MySQLi\Connection.php(292): mysqli->query('SELECT *, `Stat...', 0)
#1 C:\xampp\htdocs\Big_Project_Code4\system\Database\BaseConnection.php(670): CodeIgniter\Database\MySQLi\Connection->execute('SELECT *, `Stat...')
#2 C:\xampp\htdocs\Big_Project_Code4\system\Database\BaseConnection.php(598): CodeIgniter\Database\BaseConnection->simpleQuery('SELECT *, `Stat...')
#3 C:\xampp\htdocs\Big_Project_Code4\system\Database\BaseBuilder.php(1455): CodeIgniter\Database\BaseConnection->query('SELECT *, `Stat...', Array, false)
#4 C:\xampp\htdocs\Big_Project_Code4\app\Models\TicketModel.php(25): CodeIgniter\Database\BaseBuilder->get()
#5 C:\xampp\htdocs\Big_Project_Code4\app\Controllers\TicketController.php(126): App\Models\TicketModel->get_history('4')
#6 C:\xampp\htdocs\Big_Project_Code4\system\CodeIgniter.php(825): App\Controllers\TicketController->his_reservation()
#7 C:\xampp\htdocs\Big_Project_Code4\system\CodeIgniter.php(412): CodeIgniter\CodeIgniter->runController(Object(App\Controllers\TicketController))
#8 C:\xampp\htdocs\Big_Project_Code4\system\CodeIgniter.php(320): CodeIgniter\CodeIgniter->handleRequest(NULL, Object(Config\Cache), false)
#9 C:\xampp\htdocs\Big_Project_Code4\index.php(48): CodeIgniter\CodeIgniter->run()
#10 {main}
ERROR - 2022-05-16 00:04:43 --> Not unique table/alias: 'station'
CRITICAL - 2022-05-16 00:04:43 --> Not unique table/alias: 'station'
#0 C:\xampp\htdocs\Big_Project_Code4\system\Database\MySQLi\Connection.php(292): mysqli->query('SELECT *, `Stat...', 0)
#1 C:\xampp\htdocs\Big_Project_Code4\system\Database\BaseConnection.php(670): CodeIgniter\Database\MySQLi\Connection->execute('SELECT *, `Stat...')
#2 C:\xampp\htdocs\Big_Project_Code4\system\Database\BaseConnection.php(598): CodeIgniter\Database\BaseConnection->simpleQuery('SELECT *, `Stat...')
#3 C:\xampp\htdocs\Big_Project_Code4\system\Database\BaseBuilder.php(1455): CodeIgniter\Database\BaseConnection->query('SELECT *, `Stat...', Array, false)
#4 C:\xampp\htdocs\Big_Project_Code4\app\Models\TicketModel.php(25): CodeIgniter\Database\BaseBuilder->get()
#5 C:\xampp\htdocs\Big_Project_Code4\app\Controllers\TicketController.php(126): App\Models\TicketModel->get_history('4')
#6 C:\xampp\htdocs\Big_Project_Code4\system\CodeIgniter.php(825): App\Controllers\TicketController->his_reservation()
#7 C:\xampp\htdocs\Big_Project_Code4\system\CodeIgniter.php(412): CodeIgniter\CodeIgniter->runController(Object(App\Controllers\TicketController))
#8 C:\xampp\htdocs\Big_Project_Code4\system\CodeIgniter.php(320): CodeIgniter\CodeIgniter->handleRequest(NULL, Object(Config\Cache), false)
#9 C:\xampp\htdocs\Big_Project_Code4\index.php(48): CodeIgniter\CodeIgniter->run()
#10 {main}
ERROR - 2022-05-16 00:04:43 --> Not unique table/alias: 'station'
CRITICAL - 2022-05-16 00:04:43 --> Not unique table/alias: 'station'
#0 C:\xampp\htdocs\Big_Project_Code4\system\Database\MySQLi\Connection.php(292): mysqli->query('SELECT *, `Stat...', 0)
#1 C:\xampp\htdocs\Big_Project_Code4\system\Database\BaseConnection.php(670): CodeIgniter\Database\MySQLi\Connection->execute('SELECT *, `Stat...')
#2 C:\xampp\htdocs\Big_Project_Code4\system\Database\BaseConnection.php(598): CodeIgniter\Database\BaseConnection->simpleQuery('SELECT *, `Stat...')
#3 C:\xampp\htdocs\Big_Project_Code4\system\Database\BaseBuilder.php(1455): CodeIgniter\Database\BaseConnection->query('SELECT *, `Stat...', Array, false)
#4 C:\xampp\htdocs\Big_Project_Code4\app\Models\TicketModel.php(25): CodeIgniter\Database\BaseBuilder->get()
#5 C:\xampp\htdocs\Big_Project_Code4\app\Controllers\TicketController.php(126): App\Models\TicketModel->get_history('4')
#6 C:\xampp\htdocs\Big_Project_Code4\system\CodeIgniter.php(825): App\Controllers\TicketController->his_reservation()
#7 C:\xampp\htdocs\Big_Project_Code4\system\CodeIgniter.php(412): CodeIgniter\CodeIgniter->runController(Object(App\Controllers\TicketController))
#8 C:\xampp\htdocs\Big_Project_Code4\system\CodeIgniter.php(320): CodeIgniter\CodeIgniter->handleRequest(NULL, Object(Config\Cache), false)
#9 C:\xampp\htdocs\Big_Project_Code4\index.php(48): CodeIgniter\CodeIgniter->run()
#10 {main}
ERROR - 2022-05-16 00:04:44 --> Not unique table/alias: 'station'
CRITICAL - 2022-05-16 00:04:44 --> Not unique table/alias: 'station'
#0 C:\xampp\htdocs\Big_Project_Code4\system\Database\MySQLi\Connection.php(292): mysqli->query('SELECT *, `Stat...', 0)
#1 C:\xampp\htdocs\Big_Project_Code4\system\Database\BaseConnection.php(670): CodeIgniter\Database\MySQLi\Connection->execute('SELECT *, `Stat...')
#2 C:\xampp\htdocs\Big_Project_Code4\system\Database\BaseConnection.php(598): CodeIgniter\Database\BaseConnection->simpleQuery('SELECT *, `Stat...')
#3 C:\xampp\htdocs\Big_Project_Code4\system\Database\BaseBuilder.php(1455): CodeIgniter\Database\BaseConnection->query('SELECT *, `Stat...', Array, false)
#4 C:\xampp\htdocs\Big_Project_Code4\app\Models\TicketModel.php(25): CodeIgniter\Database\BaseBuilder->get()
#5 C:\xampp\htdocs\Big_Project_Code4\app\Controllers\TicketController.php(126): App\Models\TicketModel->get_history('4')
#6 C:\xampp\htdocs\Big_Project_Code4\system\CodeIgniter.php(825): App\Controllers\TicketController->his_reservation()
#7 C:\xampp\htdocs\Big_Project_Code4\system\CodeIgniter.php(412): CodeIgniter\CodeIgniter->runController(Object(App\Controllers\TicketController))
#8 C:\xampp\htdocs\Big_Project_Code4\system\CodeIgniter.php(320): CodeIgniter\CodeIgniter->handleRequest(NULL, Object(Config\Cache), false)
#9 C:\xampp\htdocs\Big_Project_Code4\index.php(48): CodeIgniter\CodeIgniter->run()
#10 {main}
ERROR - 2022-05-16 00:04:44 --> Not unique table/alias: 'station'
CRITICAL - 2022-05-16 00:04:44 --> Not unique table/alias: 'station'
#0 C:\xampp\htdocs\Big_Project_Code4\system\Database\MySQLi\Connection.php(292): mysqli->query('SELECT *, `Stat...', 0)
#1 C:\xampp\htdocs\Big_Project_Code4\system\Database\BaseConnection.php(670): CodeIgniter\Database\MySQLi\Connection->execute('SELECT *, `Stat...')
#2 C:\xampp\htdocs\Big_Project_Code4\system\Database\BaseConnection.php(598): CodeIgniter\Database\BaseConnection->simpleQuery('SELECT *, `Stat...')
#3 C:\xampp\htdocs\Big_Project_Code4\system\Database\BaseBuilder.php(1455): CodeIgniter\Database\BaseConnection->query('SELECT *, `Stat...', Array, false)
#4 C:\xampp\htdocs\Big_Project_Code4\app\Models\TicketModel.php(25): CodeIgniter\Database\BaseBuilder->get()
#5 C:\xampp\htdocs\Big_Project_Code4\app\Controllers\TicketController.php(126): App\Models\TicketModel->get_history('4')
#6 C:\xampp\htdocs\Big_Project_Code4\system\CodeIgniter.php(825): App\Controllers\TicketController->his_reservation()
#7 C:\xampp\htdocs\Big_Project_Code4\system\CodeIgniter.php(412): CodeIgniter\CodeIgniter->runController(Object(App\Controllers\TicketController))
#8 C:\xampp\htdocs\Big_Project_Code4\system\CodeIgniter.php(320): CodeIgniter\CodeIgniter->handleRequest(NULL, Object(Config\Cache), false)
#9 C:\xampp\htdocs\Big_Project_Code4\index.php(48): CodeIgniter\CodeIgniter->run()
#10 {main}
CRITICAL - 2022-05-16 00:06:54 --> Cannot redeclare App\Models\TicketModel::get_history()
#0 [internal function]: CodeIgniter\Debug\Exceptions->shutdownHandler()
#1 {main}
CRITICAL - 2022-05-16 00:06:55 --> Cannot redeclare App\Models\TicketModel::get_history()
#0 [internal function]: CodeIgniter\Debug\Exceptions->shutdownHandler()
#1 {main}
CRITICAL - 2022-05-16 00:06:56 --> Cannot redeclare App\Models\TicketModel::get_history()
#0 [internal function]: CodeIgniter\Debug\Exceptions->shutdownHandler()
#1 {main}
CRITICAL - 2022-05-16 00:07:07 --> Undefined array key "Station_Name"
#0 C:\xampp\htdocs\Big_Project_Code4\app\Views\his_reservation.php(38): CodeIgniter\Debug\Exceptions->errorHandler(2, 'Undefined array...', 'C:\\xampp\\htdocs...', 38)
#1 C:\xampp\htdocs\Big_Project_Code4\system\View\View.php(210): include('C:\\xampp\\htdocs...')
#2 C:\xampp\htdocs\Big_Project_Code4\system\View\View.php(213): CodeIgniter\View\View->CodeIgniter\View\{closure}()
#3 C:\xampp\htdocs\Big_Project_Code4\system\Common.php(1089): CodeIgniter\View\View->render('his_reservation', Array, true)
#4 C:\xampp\htdocs\Big_Project_Code4\app\Controllers\TicketController.php(128): view('his_reservation', Array)
#5 C:\xampp\htdocs\Big_Project_Code4\system\CodeIgniter.php(825): App\Controllers\TicketController->his_reservation()
#6 C:\xampp\htdocs\Big_Project_Code4\system\CodeIgniter.php(412): CodeIgniter\CodeIgniter->runController(Object(App\Controllers\TicketController))
#7 C:\xampp\htdocs\Big_Project_Code4\system\CodeIgniter.php(320): CodeIgniter\CodeIgniter->handleRequest(NULL, Object(Config\Cache), false)
#8 C:\xampp\htdocs\Big_Project_Code4\index.php(48): CodeIgniter\CodeIgniter->run()
#9 {main}
CRITICAL - 2022-05-16 00:07:08 --> Undefined array key "Station_Name"
#0 C:\xampp\htdocs\Big_Project_Code4\app\Views\his_reservation.php(38): CodeIgniter\Debug\Exceptions->errorHandler(2, 'Undefined array...', 'C:\\xampp\\htdocs...', 38)
#1 C:\xampp\htdocs\Big_Project_Code4\system\View\View.php(210): include('C:\\xampp\\htdocs...')
#2 C:\xampp\htdocs\Big_Project_Code4\system\View\View.php(213): CodeIgniter\View\View->CodeIgniter\View\{closure}()
#3 C:\xampp\htdocs\Big_Project_Code4\system\Common.php(1089): CodeIgniter\View\View->render('his_reservation', Array, true)
#4 C:\xampp\htdocs\Big_Project_Code4\app\Controllers\TicketController.php(128): view('his_reservation', Array)
#5 C:\xampp\htdocs\Big_Project_Code4\system\CodeIgniter.php(825): App\Controllers\TicketController->his_reservation()
#6 C:\xampp\htdocs\Big_Project_Code4\system\CodeIgniter.php(412): CodeIgniter\CodeIgniter->runController(Object(App\Controllers\TicketController))
#7 C:\xampp\htdocs\Big_Project_Code4\system\CodeIgniter.php(320): CodeIgniter\CodeIgniter->handleRequest(NULL, Object(Config\Cache), false)
#8 C:\xampp\htdocs\Big_Project_Code4\index.php(48): CodeIgniter\CodeIgniter->run()
#9 {main}
CRITICAL - 2022-05-16 00:07:10 --> Undefined array key "Station_Name"
#0 C:\xampp\htdocs\Big_Project_Code4\app\Views\his_reservation.php(38): CodeIgniter\Debug\Exceptions->errorHandler(2, 'Undefined array...', 'C:\\xampp\\htdocs...', 38)
#1 C:\xampp\htdocs\Big_Project_Code4\system\View\View.php(210): include('C:\\xampp\\htdocs...')
#2 C:\xampp\htdocs\Big_Project_Code4\system\View\View.php(213): CodeIgniter\View\View->CodeIgniter\View\{closure}()
#3 C:\xampp\htdocs\Big_Project_Code4\system\Common.php(1089): CodeIgniter\View\View->render('his_reservation', Array, true)
#4 C:\xampp\htdocs\Big_Project_Code4\app\Controllers\TicketController.php(128): view('his_reservation', Array)
#5 C:\xampp\htdocs\Big_Project_Code4\system\CodeIgniter.php(825): App\Controllers\TicketController->his_reservation()
#6 C:\xampp\htdocs\Big_Project_Code4\system\CodeIgniter.php(412): CodeIgniter\CodeIgniter->runController(Object(App\Controllers\TicketController))
#7 C:\xampp\htdocs\Big_Project_Code4\system\CodeIgniter.php(320): CodeIgniter\CodeIgniter->handleRequest(NULL, Object(Config\Cache), false)
#8 C:\xampp\htdocs\Big_Project_Code4\index.php(48): CodeIgniter\CodeIgniter->run()
#9 {main}
CRITICAL - 2022-05-16 00:09:39 --> Undefined constant "value"
#0 C:\xampp\htdocs\Big_Project_Code4\system\View\View.php(210): include()
#1 C:\xampp\htdocs\Big_Project_Code4\system\View\View.php(213): CodeIgniter\View\View->CodeIgniter\View\{closure}()
#2 C:\xampp\htdocs\Big_Project_Code4\system\Common.php(1089): CodeIgniter\View\View->render('his_reservation', Array, true)
#3 C:\xampp\htdocs\Big_Project_Code4\app\Controllers\TicketController.php(128): view('his_reservation', Array)
#4 C:\xampp\htdocs\Big_Project_Code4\system\CodeIgniter.php(825): App\Controllers\TicketController->his_reservation()
#5 C:\xampp\htdocs\Big_Project_Code4\system\CodeIgniter.php(412): CodeIgniter\CodeIgniter->runController(Object(App\Controllers\TicketController))
#6 C:\xampp\htdocs\Big_Project_Code4\system\CodeIgniter.php(320): CodeIgniter\CodeIgniter->handleRequest(NULL, Object(Config\Cache), false)
#7 C:\xampp\htdocs\Big_Project_Code4\index.php(48): CodeIgniter\CodeIgniter->run()
#8 {main}
CRITICAL - 2022-05-16 00:09:39 --> Undefined constant "value"
#0 C:\xampp\htdocs\Big_Project_Code4\system\View\View.php(210): include()
#1 C:\xampp\htdocs\Big_Project_Code4\system\View\View.php(213): CodeIgniter\View\View->CodeIgniter\View\{closure}()
#2 C:\xampp\htdocs\Big_Project_Code4\system\Common.php(1089): CodeIgniter\View\View->render('his_reservation', Array, true)
#3 C:\xampp\htdocs\Big_Project_Code4\app\Controllers\TicketController.php(128): view('his_reservation', Array)
#4 C:\xampp\htdocs\Big_Project_Code4\system\CodeIgniter.php(825): App\Controllers\TicketController->his_reservation()
#5 C:\xampp\htdocs\Big_Project_Code4\system\CodeIgniter.php(412): CodeIgniter\CodeIgniter->runController(Object(App\Controllers\TicketController))
#6 C:\xampp\htdocs\Big_Project_Code4\system\CodeIgniter.php(320): CodeIgniter\CodeIgniter->handleRequest(NULL, Object(Config\Cache), false)
#7 C:\xampp\htdocs\Big_Project_Code4\index.php(48): CodeIgniter\CodeIgniter->run()
#8 {main}
CRITICAL - 2022-05-16 00:09:39 --> Undefined constant "value"
#0 C:\xampp\htdocs\Big_Project_Code4\system\View\View.php(210): include()
#1 C:\xampp\htdocs\Big_Project_Code4\system\View\View.php(213): CodeIgniter\View\View->CodeIgniter\View\{closure}()
#2 C:\xampp\htdocs\Big_Project_Code4\system\Common.php(1089): CodeIgniter\View\View->render('his_reservation', Array, true)
#3 C:\xampp\htdocs\Big_Project_Code4\app\Controllers\TicketController.php(128): view('his_reservation', Array)
#4 C:\xampp\htdocs\Big_Project_Code4\system\CodeIgniter.php(825): App\Controllers\TicketController->his_reservation()
#5 C:\xampp\htdocs\Big_Project_Code4\system\CodeIgniter.php(412): CodeIgniter\CodeIgniter->runController(Object(App\Controllers\TicketController))
#6 C:\xampp\htdocs\Big_Project_Code4\system\CodeIgniter.php(320): CodeIgniter\CodeIgniter->handleRequest(NULL, Object(Config\Cache), false)
#7 C:\xampp\htdocs\Big_Project_Code4\index.php(48): CodeIgniter\CodeIgniter->run()
#8 {main}
CRITICAL - 2022-05-16 00:09:39 --> Undefined constant "value"
#0 C:\xampp\htdocs\Big_Project_Code4\system\View\View.php(210): include()
#1 C:\xampp\htdocs\Big_Project_Code4\system\View\View.php(213): CodeIgniter\View\View->CodeIgniter\View\{closure}()
#2 C:\xampp\htdocs\Big_Project_Code4\system\Common.php(1089): CodeIgniter\View\View->render('his_reservation', Array, true)
#3 C:\xampp\htdocs\Big_Project_Code4\app\Controllers\TicketController.php(128): view('his_reservation', Array)
#4 C:\xampp\htdocs\Big_Project_Code4\system\CodeIgniter.php(825): App\Controllers\TicketController->his_reservation()
#5 C:\xampp\htdocs\Big_Project_Code4\system\CodeIgniter.php(412): CodeIgniter\CodeIgniter->runController(Object(App\Controllers\TicketController))
#6 C:\xampp\htdocs\Big_Project_Code4\system\CodeIgniter.php(320): CodeIgniter\CodeIgniter->handleRequest(NULL, Object(Config\Cache), false)
#7 C:\xampp\htdocs\Big_Project_Code4\index.php(48): CodeIgniter\CodeIgniter->run()
#8 {main}
CRITICAL - 2022-05-16 00:09:40 --> Undefined constant "value"
#0 C:\xampp\htdocs\Big_Project_Code4\system\View\View.php(210): include()
#1 C:\xampp\htdocs\Big_Project_Code4\system\View\View.php(213): CodeIgniter\View\View->CodeIgniter\View\{closure}()
#2 C:\xampp\htdocs\Big_Project_Code4\system\Common.php(1089): CodeIgniter\View\View->render('his_reservation', Array, true)
#3 C:\xampp\htdocs\Big_Project_Code4\app\Controllers\TicketController.php(128): view('his_reservation', Array)
#4 C:\xampp\htdocs\Big_Project_Code4\system\CodeIgniter.php(825): App\Controllers\TicketController->his_reservation()
#5 C:\xampp\htdocs\Big_Project_Code4\system\CodeIgniter.php(412): CodeIgniter\CodeIgniter->runController(Object(App\Controllers\TicketController))
#6 C:\xampp\htdocs\Big_Project_Code4\system\CodeIgniter.php(320): CodeIgniter\CodeIgniter->handleRequest(NULL, Object(Config\Cache), false)
#7 C:\xampp\htdocs\Big_Project_Code4\index.php(48): CodeIgniter\CodeIgniter->run()
#8 {main}
CRITICAL - 2022-05-16 00:18:57 --> Call to undefined method App\Models\TicketModel::get_history_station
#0 C:\xampp\htdocs\Big_Project_Code4\app\Controllers\TicketController.php(127): CodeIgniter\Model->__call('get_history_sta...', Array)
#1 C:\xampp\htdocs\Big_Project_Code4\system\CodeIgniter.php(825): App\Controllers\TicketController->his_reservation()
#2 C:\xampp\htdocs\Big_Project_Code4\system\CodeIgniter.php(412): CodeIgniter\CodeIgniter->runController(Object(App\Controllers\TicketController))
#3 C:\xampp\htdocs\Big_Project_Code4\system\CodeIgniter.php(320): CodeIgniter\CodeIgniter->handleRequest(NULL, Object(Config\Cache), false)
#4 C:\xampp\htdocs\Big_Project_Code4\index.php(48): CodeIgniter\CodeIgniter->run()
#5 {main}
CRITICAL - 2022-05-16 00:18:57 --> Call to undefined method App\Models\TicketModel::get_history_station
#0 C:\xampp\htdocs\Big_Project_Code4\app\Controllers\TicketController.php(127): CodeIgniter\Model->__call('get_history_sta...', Array)
#1 C:\xampp\htdocs\Big_Project_Code4\system\CodeIgniter.php(825): App\Controllers\TicketController->his_reservation()
#2 C:\xampp\htdocs\Big_Project_Code4\system\CodeIgniter.php(412): CodeIgniter\CodeIgniter->runController(Object(App\Controllers\TicketController))
#3 C:\xampp\htdocs\Big_Project_Code4\system\CodeIgniter.php(320): CodeIgniter\CodeIgniter->handleRequest(NULL, Object(Config\Cache), false)
#4 C:\xampp\htdocs\Big_Project_Code4\index.php(48): CodeIgniter\CodeIgniter->run()
#5 {main}
CRITICAL - 2022-05-16 00:18:57 --> Call to undefined method App\Models\TicketModel::get_history_station
#0 C:\xampp\htdocs\Big_Project_Code4\app\Controllers\TicketController.php(127): CodeIgniter\Model->__call('get_history_sta...', Array)
#1 C:\xampp\htdocs\Big_Project_Code4\system\CodeIgniter.php(825): App\Controllers\TicketController->his_reservation()
#2 C:\xampp\htdocs\Big_Project_Code4\system\CodeIgniter.php(412): CodeIgniter\CodeIgniter->runController(Object(App\Controllers\TicketController))
#3 C:\xampp\htdocs\Big_Project_Code4\system\CodeIgniter.php(320): CodeIgniter\CodeIgniter->handleRequest(NULL, Object(Config\Cache), false)
#4 C:\xampp\htdocs\Big_Project_Code4\index.php(48): CodeIgniter\CodeIgniter->run()
#5 {main}
CRITICAL - 2022-05-16 00:18:58 --> Call to undefined method App\Models\TicketModel::get_history_station
#0 C:\xampp\htdocs\Big_Project_Code4\app\Controllers\TicketController.php(127): CodeIgniter\Model->__call('get_history_sta...', Array)
#1 C:\xampp\htdocs\Big_Project_Code4\system\CodeIgniter.php(825): App\Controllers\TicketController->his_reservation()
#2 C:\xampp\htdocs\Big_Project_Code4\system\CodeIgniter.php(412): CodeIgniter\CodeIgniter->runController(Object(App\Controllers\TicketController))
#3 C:\xampp\htdocs\Big_Project_Code4\system\CodeIgniter.php(320): CodeIgniter\CodeIgniter->handleRequest(NULL, Object(Config\Cache), false)
#4 C:\xampp\htdocs\Big_Project_Code4\index.php(48): CodeIgniter\CodeIgniter->run()
#5 {main}
CRITICAL - 2022-05-16 00:18:58 --> Call to undefined method App\Models\TicketModel::get_history_station
#0 C:\xampp\htdocs\Big_Project_Code4\app\Controllers\TicketController.php(127): CodeIgniter\Model->__call('get_history_sta...', Array)
#1 C:\xampp\htdocs\Big_Project_Code4\system\CodeIgniter.php(825): App\Controllers\TicketController->his_reservation()
#2 C:\xampp\htdocs\Big_Project_Code4\system\CodeIgniter.php(412): CodeIgniter\CodeIgniter->runController(Object(App\Controllers\TicketController))
#3 C:\xampp\htdocs\Big_Project_Code4\system\CodeIgniter.php(320): CodeIgniter\CodeIgniter->handleRequest(NULL, Object(Config\Cache), false)
#4 C:\xampp\htdocs\Big_Project_Code4\index.php(48): CodeIgniter\CodeIgniter->run()
#5 {main}
CRITICAL - 2022-05-16 00:18:58 --> Call to undefined method App\Models\TicketModel::get_history_station
#0 C:\xampp\htdocs\Big_Project_Code4\app\Controllers\TicketController.php(127): CodeIgniter\Model->__call('get_history_sta...', Array)
#1 C:\xampp\htdocs\Big_Project_Code4\system\CodeIgniter.php(825): App\Controllers\TicketController->his_reservation()
#2 C:\xampp\htdocs\Big_Project_Code4\system\CodeIgniter.php(412): CodeIgniter\CodeIgniter->runController(Object(App\Controllers\TicketController))
#3 C:\xampp\htdocs\Big_Project_Code4\system\CodeIgniter.php(320): CodeIgniter\CodeIgniter->handleRequest(NULL, Object(Config\Cache), false)
#4 C:\xampp\htdocs\Big_Project_Code4\index.php(48): CodeIgniter\CodeIgniter->run()
#5 {main}
CRITICAL - 2022-05-16 00:18:58 --> Call to undefined method App\Models\TicketModel::get_history_station
#0 C:\xampp\htdocs\Big_Project_Code4\app\Controllers\TicketController.php(127): CodeIgniter\Model->__call('get_history_sta...', Array)
#1 C:\xampp\htdocs\Big_Project_Code4\system\CodeIgniter.php(825): App\Controllers\TicketController->his_reservation()
#2 C:\xampp\htdocs\Big_Project_Code4\system\CodeIgniter.php(412): CodeIgniter\CodeIgniter->runController(Object(App\Controllers\TicketController))
#3 C:\xampp\htdocs\Big_Project_Code4\system\CodeIgniter.php(320): CodeIgniter\CodeIgniter->handleRequest(NULL, Object(Config\Cache), false)
#4 C:\xampp\htdocs\Big_Project_Code4\index.php(48): CodeIgniter\CodeIgniter->run()
#5 {main}
CRITICAL - 2022-05-16 00:18:58 --> Call to undefined method App\Models\TicketModel::get_history_station
#0 C:\xampp\htdocs\Big_Project_Code4\app\Controllers\TicketController.php(127): CodeIgniter\Model->__call('get_history_sta...', Array)
#1 C:\xampp\htdocs\Big_Project_Code4\system\CodeIgniter.php(825): App\Controllers\TicketController->his_reservation()
#2 C:\xampp\htdocs\Big_Project_Code4\system\CodeIgniter.php(412): CodeIgniter\CodeIgniter->runController(Object(App\Controllers\TicketController))
#3 C:\xampp\htdocs\Big_Project_Code4\system\CodeIgniter.php(320): CodeIgniter\CodeIgniter->handleRequest(NULL, Object(Config\Cache), false)
#4 C:\xampp\htdocs\Big_Project_Code4\index.php(48): CodeIgniter\CodeIgniter->run()
#5 {main}
CRITICAL - 2022-05-16 00:18:59 --> Call to undefined method App\Models\TicketModel::get_history_station
#0 C:\xampp\htdocs\Big_Project_Code4\app\Controllers\TicketController.php(127): CodeIgniter\Model->__call('get_history_sta...', Array)
#1 C:\xampp\htdocs\Big_Project_Code4\system\CodeIgniter.php(825): App\Controllers\TicketController->his_reservation()
#2 C:\xampp\htdocs\Big_Project_Code4\system\CodeIgniter.php(412): CodeIgniter\CodeIgniter->runController(Object(App\Controllers\TicketController))
#3 C:\xampp\htdocs\Big_Project_Code4\system\CodeIgniter.php(320): CodeIgniter\CodeIgniter->handleRequest(NULL, Object(Config\Cache), false)
#4 C:\xampp\htdocs\Big_Project_Code4\index.php(48): CodeIgniter\CodeIgniter->run()
#5 {main}
CRITICAL - 2022-05-16 00:18:59 --> Call to undefined method App\Models\TicketModel::get_history_station
#0 C:\xampp\htdocs\Big_Project_Code4\app\Controllers\TicketController.php(127): CodeIgniter\Model->__call('get_history_sta...', Array)
#1 C:\xampp\htdocs\Big_Project_Code4\system\CodeIgniter.php(825): App\Controllers\TicketController->his_reservation()
#2 C:\xampp\htdocs\Big_Project_Code4\system\CodeIgniter.php(412): CodeIgniter\CodeIgniter->runController(Object(App\Controllers\TicketController))
#3 C:\xampp\htdocs\Big_Project_Code4\system\CodeIgniter.php(320): CodeIgniter\CodeIgniter->handleRequest(NULL, Object(Config\Cache), false)
#4 C:\xampp\htdocs\Big_Project_Code4\index.php(48): CodeIgniter\CodeIgniter->run()
#5 {main}
CRITICAL - 2022-05-16 00:18:59 --> Call to undefined method App\Models\TicketModel::get_history_station
#0 C:\xampp\htdocs\Big_Project_Code4\app\Controllers\TicketController.php(127): CodeIgniter\Model->__call('get_history_sta...', Array)
#1 C:\xampp\htdocs\Big_Project_Code4\system\CodeIgniter.php(825): App\Controllers\TicketController->his_reservation()
#2 C:\xampp\htdocs\Big_Project_Code4\system\CodeIgniter.php(412): CodeIgniter\CodeIgniter->runController(Object(App\Controllers\TicketController))
#3 C:\xampp\htdocs\Big_Project_Code4\system\CodeIgniter.php(320): CodeIgniter\CodeIgniter->handleRequest(NULL, Object(Config\Cache), false)
#4 C:\xampp\htdocs\Big_Project_Code4\index.php(48): CodeIgniter\CodeIgniter->run()
#5 {main}
CRITICAL - 2022-05-16 00:18:59 --> Call to undefined method App\Models\TicketModel::get_history_station
#0 C:\xampp\htdocs\Big_Project_Code4\app\Controllers\TicketController.php(127): CodeIgniter\Model->__call('get_history_sta...', Array)
#1 C:\xampp\htdocs\Big_Project_Code4\system\CodeIgniter.php(825): App\Controllers\TicketController->his_reservation()
#2 C:\xampp\htdocs\Big_Project_Code4\system\CodeIgniter.php(412): CodeIgniter\CodeIgniter->runController(Object(App\Controllers\TicketController))
#3 C:\xampp\htdocs\Big_Project_Code4\system\CodeIgniter.php(320): CodeIgniter\CodeIgniter->handleRequest(NULL, Object(Config\Cache), false)
#4 C:\xampp\htdocs\Big_Project_Code4\index.php(48): CodeIgniter\CodeIgniter->run()
#5 {main}
CRITICAL - 2022-05-16 00:18:59 --> Call to undefined method App\Models\TicketModel::get_history_station
#0 C:\xampp\htdocs\Big_Project_Code4\app\Controllers\TicketController.php(127): CodeIgniter\Model->__call('get_history_sta...', Array)
#1 C:\xampp\htdocs\Big_Project_Code4\system\CodeIgniter.php(825): App\Controllers\TicketController->his_reservation()
#2 C:\xampp\htdocs\Big_Project_Code4\system\CodeIgniter.php(412): CodeIgniter\CodeIgniter->runController(Object(App\Controllers\TicketController))
#3 C:\xampp\htdocs\Big_Project_Code4\system\CodeIgniter.php(320): CodeIgniter\CodeIgniter->handleRequest(NULL, Object(Config\Cache), false)
#4 C:\xampp\htdocs\Big_Project_Code4\index.php(48): CodeIgniter\CodeIgniter->run()
#5 {main}
CRITICAL - 2022-05-16 00:18:59 --> Call to undefined method App\Models\TicketModel::get_history_station
#0 C:\xampp\htdocs\Big_Project_Code4\app\Controllers\TicketController.php(127): CodeIgniter\Model->__call('get_history_sta...', Array)
#1 C:\xampp\htdocs\Big_Project_Code4\system\CodeIgniter.php(825): App\Controllers\TicketController->his_reservation()
#2 C:\xampp\htdocs\Big_Project_Code4\system\CodeIgniter.php(412): CodeIgniter\CodeIgniter->runController(Object(App\Controllers\TicketController))
#3 C:\xampp\htdocs\Big_Project_Code4\system\CodeIgniter.php(320): CodeIgniter\CodeIgniter->handleRequest(NULL, Object(Config\Cache), false)
#4 C:\xampp\htdocs\Big_Project_Code4\index.php(48): CodeIgniter\CodeIgniter->run()
#5 {main}
CRITICAL - 2022-05-16 00:19:06 --> Call to undefined method App\Models\TicketModel::get_history_station
#0 C:\xampp\htdocs\Big_Project_Code4\app\Controllers\TicketController.php(127): CodeIgniter\Model->__call('get_history_sta...', Array)
#1 C:\xampp\htdocs\Big_Project_Code4\system\CodeIgniter.php(825): App\Controllers\TicketController->his_reservation()
#2 C:\xampp\htdocs\Big_Project_Code4\system\CodeIgniter.php(412): CodeIgniter\CodeIgniter->runController(Object(App\Controllers\TicketController))
#3 C:\xampp\htdocs\Big_Project_Code4\system\CodeIgniter.php(320): CodeIgniter\CodeIgniter->handleRequest(NULL, Object(Config\Cache), false)
#4 C:\xampp\htdocs\Big_Project_Code4\index.php(48): CodeIgniter\CodeIgniter->run()
#5 {main}
