CRITICAL - 2022-03-09 15:59:03 --> Undefined array key "rememberme"
#0 C:\xampp\htdocs\Big_Project_Code4\app\Controllers\UserController.php(93): CodeIgniter\Debug\Exceptions->errorHandler(2, 'Undefined array...', 'C:\\xampp\\htdocs...', 93)
#1 C:\xampp\htdocs\Big_Project_Code4\system\CodeIgniter.php(825): App\Controllers\UserController->auth()
#2 C:\xampp\htdocs\Big_Project_Code4\system\CodeIgniter.php(412): CodeIgniter\CodeIgniter->runController(Object(App\Controllers\UserController))
#3 C:\xampp\htdocs\Big_Project_Code4\system\CodeIgniter.php(320): CodeIgniter\CodeIgniter->handleRequest(NULL, Object(Config\Cache), false)
#4 C:\xampp\htdocs\Big_Project_Code4\public\index.php(47): CodeIgniter\CodeIgniter->run()
#5 C:\xampp\htdocs\Big_Project_Code4\system\Commands\Server\rewrite.php(43): require_once('C:\\xampp\\htdocs...')
#6 {main}
CRITICAL - 2022-03-09 16:00:14 --> Undefined array key "email"
#0 C:\xampp\htdocs\Big_Project_Code4\app\Views\login.php(22): CodeIgniter\Debug\Exceptions->errorHandler(2, 'Undefined array...', 'C:\\xampp\\htdocs...', 22)
#1 C:\xampp\htdocs\Big_Project_Code4\system\View\View.php(210): include('C:\\xampp\\htdocs...')
#2 C:\xampp\htdocs\Big_Project_Code4\system\View\View.php(213): CodeIgniter\View\View->CodeIgniter\View\{closure}()
#3 C:\xampp\htdocs\Big_Project_Code4\system\Common.php(1089): CodeIgniter\View\View->render('login', Array, true)
#4 C:\xampp\htdocs\Big_Project_Code4\app\Controllers\UserController.php(51): view('login')
#5 C:\xampp\htdocs\Big_Project_Code4\system\CodeIgniter.php(825): App\Controllers\UserController->login()
#6 C:\xampp\htdocs\Big_Project_Code4\system\CodeIgniter.php(412): CodeIgniter\CodeIgniter->runController(Object(App\Controllers\UserController))
#7 C:\xampp\htdocs\Big_Project_Code4\system\CodeIgniter.php(320): CodeIgniter\CodeIgniter->handleRequest(NULL, Object(Config\Cache), false)
#8 C:\xampp\htdocs\Big_Project_Code4\public\index.php(47): CodeIgniter\CodeIgniter->run()
#9 C:\xampp\htdocs\Big_Project_Code4\system\Commands\Server\rewrite.php(43): require_once('C:\\xampp\\htdocs...')
#10 {main}
CRITICAL - 2022-03-09 16:00:15 --> Undefined array key "email"
#0 C:\xampp\htdocs\Big_Project_Code4\app\Views\login.php(22): CodeIgniter\Debug\Exceptions->errorHandler(2, 'Undefined array...', 'C:\\xampp\\htdocs...', 22)
#1 C:\xampp\htdocs\Big_Project_Code4\system\View\View.php(210): include('C:\\xampp\\htdocs...')
#2 C:\xampp\htdocs\Big_Project_Code4\system\View\View.php(213): CodeIgniter\View\View->CodeIgniter\View\{closure}()
#3 C:\xampp\htdocs\Big_Project_Code4\system\Common.php(1089): CodeIgniter\View\View->render('login', Array, true)
#4 C:\xampp\htdocs\Big_Project_Code4\app\Controllers\UserController.php(51): view('login')
#5 C:\xampp\htdocs\Big_Project_Code4\system\CodeIgniter.php(825): App\Controllers\UserController->login()
#6 C:\xampp\htdocs\Big_Project_Code4\system\CodeIgniter.php(412): CodeIgniter\CodeIgniter->runController(Object(App\Controllers\UserController))
#7 C:\xampp\htdocs\Big_Project_Code4\system\CodeIgniter.php(320): CodeIgniter\CodeIgniter->handleRequest(NULL, Object(Config\Cache), false)
#8 C:\xampp\htdocs\Big_Project_Code4\public\index.php(47): CodeIgniter\CodeIgniter->run()
#9 C:\xampp\htdocs\Big_Project_Code4\system\Commands\Server\rewrite.php(43): require_once('C:\\xampp\\htdocs...')
#10 {main}
CRITICAL - 2022-03-09 16:00:42 --> Undefined array key "email"
#0 C:\xampp\htdocs\Big_Project_Code4\app\Views\login.php(22): CodeIgniter\Debug\Exceptions->errorHandler(2, 'Undefined array...', 'C:\\xampp\\htdocs...', 22)
#1 C:\xampp\htdocs\Big_Project_Code4\system\View\View.php(210): include('C:\\xampp\\htdocs...')
#2 C:\xampp\htdocs\Big_Project_Code4\system\View\View.php(213): CodeIgniter\View\View->CodeIgniter\View\{closure}()
#3 C:\xampp\htdocs\Big_Project_Code4\system\Common.php(1089): CodeIgniter\View\View->render('login', Array, true)
#4 C:\xampp\htdocs\Big_Project_Code4\app\Controllers\UserController.php(51): view('login')
#5 C:\xampp\htdocs\Big_Project_Code4\system\CodeIgniter.php(825): App\Controllers\UserController->login()
#6 C:\xampp\htdocs\Big_Project_Code4\system\CodeIgniter.php(412): CodeIgniter\CodeIgniter->runController(Object(App\Controllers\UserController))
#7 C:\xampp\htdocs\Big_Project_Code4\system\CodeIgniter.php(320): CodeIgniter\CodeIgniter->handleRequest(NULL, Object(Config\Cache), false)
#8 C:\xampp\htdocs\Big_Project_Code4\public\index.php(47): CodeIgniter\CodeIgniter->run()
#9 C:\xampp\htdocs\Big_Project_Code4\system\Commands\Server\rewrite.php(43): require_once('C:\\xampp\\htdocs...')
#10 {main}
CRITICAL - 2022-03-09 16:00:42 --> Undefined array key "email"
#0 C:\xampp\htdocs\Big_Project_Code4\app\Views\login.php(22): CodeIgniter\Debug\Exceptions->errorHandler(2, 'Undefined array...', 'C:\\xampp\\htdocs...', 22)
#1 C:\xampp\htdocs\Big_Project_Code4\system\View\View.php(210): include('C:\\xampp\\htdocs...')
#2 C:\xampp\htdocs\Big_Project_Code4\system\View\View.php(213): CodeIgniter\View\View->CodeIgniter\View\{closure}()
#3 C:\xampp\htdocs\Big_Project_Code4\system\Common.php(1089): CodeIgniter\View\View->render('login', Array, true)
#4 C:\xampp\htdocs\Big_Project_Code4\app\Controllers\UserController.php(51): view('login')
#5 C:\xampp\htdocs\Big_Project_Code4\system\CodeIgniter.php(825): App\Controllers\UserController->login()
#6 C:\xampp\htdocs\Big_Project_Code4\system\CodeIgniter.php(412): CodeIgniter\CodeIgniter->runController(Object(App\Controllers\UserController))
#7 C:\xampp\htdocs\Big_Project_Code4\system\CodeIgniter.php(320): CodeIgniter\CodeIgniter->handleRequest(NULL, Object(Config\Cache), false)
#8 C:\xampp\htdocs\Big_Project_Code4\public\index.php(47): CodeIgniter\CodeIgniter->run()
#9 C:\xampp\htdocs\Big_Project_Code4\system\Commands\Server\rewrite.php(43): require_once('C:\\xampp\\htdocs...')
#10 {main}
CRITICAL - 2022-03-09 16:00:42 --> Undefined array key "email"
#0 C:\xampp\htdocs\Big_Project_Code4\app\Views\login.php(22): CodeIgniter\Debug\Exceptions->errorHandler(2, 'Undefined array...', 'C:\\xampp\\htdocs...', 22)
#1 C:\xampp\htdocs\Big_Project_Code4\system\View\View.php(210): include('C:\\xampp\\htdocs...')
#2 C:\xampp\htdocs\Big_Project_Code4\system\View\View.php(213): CodeIgniter\View\View->CodeIgniter\View\{closure}()
#3 C:\xampp\htdocs\Big_Project_Code4\system\Common.php(1089): CodeIgniter\View\View->render('login', Array, true)
#4 C:\xampp\htdocs\Big_Project_Code4\app\Controllers\UserController.php(51): view('login')
#5 C:\xampp\htdocs\Big_Project_Code4\system\CodeIgniter.php(825): App\Controllers\UserController->login()
#6 C:\xampp\htdocs\Big_Project_Code4\system\CodeIgniter.php(412): CodeIgniter\CodeIgniter->runController(Object(App\Controllers\UserController))
#7 C:\xampp\htdocs\Big_Project_Code4\system\CodeIgniter.php(320): CodeIgniter\CodeIgniter->handleRequest(NULL, Object(Config\Cache), false)
#8 C:\xampp\htdocs\Big_Project_Code4\public\index.php(47): CodeIgniter\CodeIgniter->run()
#9 C:\xampp\htdocs\Big_Project_Code4\system\Commands\Server\rewrite.php(43): require_once('C:\\xampp\\htdocs...')
#10 {main}
CRITICAL - 2022-03-09 16:00:43 --> Undefined array key "email"
#0 C:\xampp\htdocs\Big_Project_Code4\app\Views\login.php(22): CodeIgniter\Debug\Exceptions->errorHandler(2, 'Undefined array...', 'C:\\xampp\\htdocs...', 22)
#1 C:\xampp\htdocs\Big_Project_Code4\system\View\View.php(210): include('C:\\xampp\\htdocs...')
#2 C:\xampp\htdocs\Big_Project_Code4\system\View\View.php(213): CodeIgniter\View\View->CodeIgniter\View\{closure}()
#3 C:\xampp\htdocs\Big_Project_Code4\system\Common.php(1089): CodeIgniter\View\View->render('login', Array, true)
#4 C:\xampp\htdocs\Big_Project_Code4\app\Controllers\UserController.php(51): view('login')
#5 C:\xampp\htdocs\Big_Project_Code4\system\CodeIgniter.php(825): App\Controllers\UserController->login()
#6 C:\xampp\htdocs\Big_Project_Code4\system\CodeIgniter.php(412): CodeIgniter\CodeIgniter->runController(Object(App\Controllers\UserController))
#7 C:\xampp\htdocs\Big_Project_Code4\system\CodeIgniter.php(320): CodeIgniter\CodeIgniter->handleRequest(NULL, Object(Config\Cache), false)
#8 C:\xampp\htdocs\Big_Project_Code4\public\index.php(47): CodeIgniter\CodeIgniter->run()
#9 C:\xampp\htdocs\Big_Project_Code4\system\Commands\Server\rewrite.php(43): require_once('C:\\xampp\\htdocs...')
#10 {main}
CRITICAL - 2022-03-09 16:01:39 --> Undefined array key "email"
#0 C:\xampp\htdocs\Big_Project_Code4\app\Views\login.php(23): CodeIgniter\Debug\Exceptions->errorHandler(2, 'Undefined array...', 'C:\\xampp\\htdocs...', 23)
#1 C:\xampp\htdocs\Big_Project_Code4\system\View\View.php(210): include('C:\\xampp\\htdocs...')
#2 C:\xampp\htdocs\Big_Project_Code4\system\View\View.php(213): CodeIgniter\View\View->CodeIgniter\View\{closure}()
#3 C:\xampp\htdocs\Big_Project_Code4\system\Common.php(1089): CodeIgniter\View\View->render('login', Array, true)
#4 C:\xampp\htdocs\Big_Project_Code4\app\Controllers\UserController.php(51): view('login')
#5 C:\xampp\htdocs\Big_Project_Code4\system\CodeIgniter.php(825): App\Controllers\UserController->login()
#6 C:\xampp\htdocs\Big_Project_Code4\system\CodeIgniter.php(412): CodeIgniter\CodeIgniter->runController(Object(App\Controllers\UserController))
#7 C:\xampp\htdocs\Big_Project_Code4\system\CodeIgniter.php(320): CodeIgniter\CodeIgniter->handleRequest(NULL, Object(Config\Cache), false)
#8 C:\xampp\htdocs\Big_Project_Code4\public\index.php(47): CodeIgniter\CodeIgniter->run()
#9 C:\xampp\htdocs\Big_Project_Code4\system\Commands\Server\rewrite.php(43): require_once('C:\\xampp\\htdocs...')
#10 {main}
CRITICAL - 2022-03-09 16:01:40 --> Undefined array key "email"
#0 C:\xampp\htdocs\Big_Project_Code4\app\Views\login.php(23): CodeIgniter\Debug\Exceptions->errorHandler(2, 'Undefined array...', 'C:\\xampp\\htdocs...', 23)
#1 C:\xampp\htdocs\Big_Project_Code4\system\View\View.php(210): include('C:\\xampp\\htdocs...')
#2 C:\xampp\htdocs\Big_Project_Code4\system\View\View.php(213): CodeIgniter\View\View->CodeIgniter\View\{closure}()
#3 C:\xampp\htdocs\Big_Project_Code4\system\Common.php(1089): CodeIgniter\View\View->render('login', Array, true)
#4 C:\xampp\htdocs\Big_Project_Code4\app\Controllers\UserController.php(51): view('login')
#5 C:\xampp\htdocs\Big_Project_Code4\system\CodeIgniter.php(825): App\Controllers\UserController->login()
#6 C:\xampp\htdocs\Big_Project_Code4\system\CodeIgniter.php(412): CodeIgniter\CodeIgniter->runController(Object(App\Controllers\UserController))
#7 C:\xampp\htdocs\Big_Project_Code4\system\CodeIgniter.php(320): CodeIgniter\CodeIgniter->handleRequest(NULL, Object(Config\Cache), false)
#8 C:\xampp\htdocs\Big_Project_Code4\public\index.php(47): CodeIgniter\CodeIgniter->run()
#9 C:\xampp\htdocs\Big_Project_Code4\system\Commands\Server\rewrite.php(43): require_once('C:\\xampp\\htdocs...')
#10 {main}
CRITICAL - 2022-03-09 16:01:40 --> Undefined array key "email"
#0 C:\xampp\htdocs\Big_Project_Code4\app\Views\login.php(23): CodeIgniter\Debug\Exceptions->errorHandler(2, 'Undefined array...', 'C:\\xampp\\htdocs...', 23)
#1 C:\xampp\htdocs\Big_Project_Code4\system\View\View.php(210): include('C:\\xampp\\htdocs...')
#2 C:\xampp\htdocs\Big_Project_Code4\system\View\View.php(213): CodeIgniter\View\View->CodeIgniter\View\{closure}()
#3 C:\xampp\htdocs\Big_Project_Code4\system\Common.php(1089): CodeIgniter\View\View->render('login', Array, true)
#4 C:\xampp\htdocs\Big_Project_Code4\app\Controllers\UserController.php(51): view('login')
#5 C:\xampp\htdocs\Big_Project_Code4\system\CodeIgniter.php(825): App\Controllers\UserController->login()
#6 C:\xampp\htdocs\Big_Project_Code4\system\CodeIgniter.php(412): CodeIgniter\CodeIgniter->runController(Object(App\Controllers\UserController))
#7 C:\xampp\htdocs\Big_Project_Code4\system\CodeIgniter.php(320): CodeIgniter\CodeIgniter->handleRequest(NULL, Object(Config\Cache), false)
#8 C:\xampp\htdocs\Big_Project_Code4\public\index.php(47): CodeIgniter\CodeIgniter->run()
#9 C:\xampp\htdocs\Big_Project_Code4\system\Commands\Server\rewrite.php(43): require_once('C:\\xampp\\htdocs...')
#10 {main}
CRITICAL - 2022-03-09 16:01:41 --> Undefined array key "email"
#0 C:\xampp\htdocs\Big_Project_Code4\app\Views\login.php(23): CodeIgniter\Debug\Exceptions->errorHandler(2, 'Undefined array...', 'C:\\xampp\\htdocs...', 23)
#1 C:\xampp\htdocs\Big_Project_Code4\system\View\View.php(210): include('C:\\xampp\\htdocs...')
#2 C:\xampp\htdocs\Big_Project_Code4\system\View\View.php(213): CodeIgniter\View\View->CodeIgniter\View\{closure}()
#3 C:\xampp\htdocs\Big_Project_Code4\system\Common.php(1089): CodeIgniter\View\View->render('login', Array, true)
#4 C:\xampp\htdocs\Big_Project_Code4\app\Controllers\UserController.php(51): view('login')
#5 C:\xampp\htdocs\Big_Project_Code4\system\CodeIgniter.php(825): App\Controllers\UserController->login()
#6 C:\xampp\htdocs\Big_Project_Code4\system\CodeIgniter.php(412): CodeIgniter\CodeIgniter->runController(Object(App\Controllers\UserController))
#7 C:\xampp\htdocs\Big_Project_Code4\system\CodeIgniter.php(320): CodeIgniter\CodeIgniter->handleRequest(NULL, Object(Config\Cache), false)
#8 C:\xampp\htdocs\Big_Project_Code4\public\index.php(47): CodeIgniter\CodeIgniter->run()
#9 C:\xampp\htdocs\Big_Project_Code4\system\Commands\Server\rewrite.php(43): require_once('C:\\xampp\\htdocs...')
#10 {main}
CRITICAL - 2022-03-09 16:01:41 --> Undefined array key "email"
#0 C:\xampp\htdocs\Big_Project_Code4\app\Views\login.php(23): CodeIgniter\Debug\Exceptions->errorHandler(2, 'Undefined array...', 'C:\\xampp\\htdocs...', 23)
#1 C:\xampp\htdocs\Big_Project_Code4\system\View\View.php(210): include('C:\\xampp\\htdocs...')
#2 C:\xampp\htdocs\Big_Project_Code4\system\View\View.php(213): CodeIgniter\View\View->CodeIgniter\View\{closure}()
#3 C:\xampp\htdocs\Big_Project_Code4\system\Common.php(1089): CodeIgniter\View\View->render('login', Array, true)
#4 C:\xampp\htdocs\Big_Project_Code4\app\Controllers\UserController.php(51): view('login')
#5 C:\xampp\htdocs\Big_Project_Code4\system\CodeIgniter.php(825): App\Controllers\UserController->login()
#6 C:\xampp\htdocs\Big_Project_Code4\system\CodeIgniter.php(412): CodeIgniter\CodeIgniter->runController(Object(App\Controllers\UserController))
#7 C:\xampp\htdocs\Big_Project_Code4\system\CodeIgniter.php(320): CodeIgniter\CodeIgniter->handleRequest(NULL, Object(Config\Cache), false)
#8 C:\xampp\htdocs\Big_Project_Code4\public\index.php(47): CodeIgniter\CodeIgniter->run()
#9 C:\xampp\htdocs\Big_Project_Code4\system\Commands\Server\rewrite.php(43): require_once('C:\\xampp\\htdocs...')
#10 {main}
CRITICAL - 2022-03-09 16:01:41 --> Undefined array key "email"
#0 C:\xampp\htdocs\Big_Project_Code4\app\Views\login.php(23): CodeIgniter\Debug\Exceptions->errorHandler(2, 'Undefined array...', 'C:\\xampp\\htdocs...', 23)
#1 C:\xampp\htdocs\Big_Project_Code4\system\View\View.php(210): include('C:\\xampp\\htdocs...')
#2 C:\xampp\htdocs\Big_Project_Code4\system\View\View.php(213): CodeIgniter\View\View->CodeIgniter\View\{closure}()
#3 C:\xampp\htdocs\Big_Project_Code4\system\Common.php(1089): CodeIgniter\View\View->render('login', Array, true)
#4 C:\xampp\htdocs\Big_Project_Code4\app\Controllers\UserController.php(51): view('login')
#5 C:\xampp\htdocs\Big_Project_Code4\system\CodeIgniter.php(825): App\Controllers\UserController->login()
#6 C:\xampp\htdocs\Big_Project_Code4\system\CodeIgniter.php(412): CodeIgniter\CodeIgniter->runController(Object(App\Controllers\UserController))
#7 C:\xampp\htdocs\Big_Project_Code4\system\CodeIgniter.php(320): CodeIgniter\CodeIgniter->handleRequest(NULL, Object(Config\Cache), false)
#8 C:\xampp\htdocs\Big_Project_Code4\public\index.php(47): CodeIgniter\CodeIgniter->run()
#9 C:\xampp\htdocs\Big_Project_Code4\system\Commands\Server\rewrite.php(43): require_once('C:\\xampp\\htdocs...')
#10 {main}
CRITICAL - 2022-03-09 16:01:41 --> Undefined array key "email"
#0 C:\xampp\htdocs\Big_Project_Code4\app\Views\login.php(23): CodeIgniter\Debug\Exceptions->errorHandler(2, 'Undefined array...', 'C:\\xampp\\htdocs...', 23)
#1 C:\xampp\htdocs\Big_Project_Code4\system\View\View.php(210): include('C:\\xampp\\htdocs...')
#2 C:\xampp\htdocs\Big_Project_Code4\system\View\View.php(213): CodeIgniter\View\View->CodeIgniter\View\{closure}()
#3 C:\xampp\htdocs\Big_Project_Code4\system\Common.php(1089): CodeIgniter\View\View->render('login', Array, true)
#4 C:\xampp\htdocs\Big_Project_Code4\app\Controllers\UserController.php(51): view('login')
#5 C:\xampp\htdocs\Big_Project_Code4\system\CodeIgniter.php(825): App\Controllers\UserController->login()
#6 C:\xampp\htdocs\Big_Project_Code4\system\CodeIgniter.php(412): CodeIgniter\CodeIgniter->runController(Object(App\Controllers\UserController))
#7 C:\xampp\htdocs\Big_Project_Code4\system\CodeIgniter.php(320): CodeIgniter\CodeIgniter->handleRequest(NULL, Object(Config\Cache), false)
#8 C:\xampp\htdocs\Big_Project_Code4\public\index.php(47): CodeIgniter\CodeIgniter->run()
#9 C:\xampp\htdocs\Big_Project_Code4\system\Commands\Server\rewrite.php(43): require_once('C:\\xampp\\htdocs...')
#10 {main}
CRITICAL - 2022-03-09 16:01:41 --> Undefined array key "email"
#0 C:\xampp\htdocs\Big_Project_Code4\app\Views\login.php(23): CodeIgniter\Debug\Exceptions->errorHandler(2, 'Undefined array...', 'C:\\xampp\\htdocs...', 23)
#1 C:\xampp\htdocs\Big_Project_Code4\system\View\View.php(210): include('C:\\xampp\\htdocs...')
#2 C:\xampp\htdocs\Big_Project_Code4\system\View\View.php(213): CodeIgniter\View\View->CodeIgniter\View\{closure}()
#3 C:\xampp\htdocs\Big_Project_Code4\system\Common.php(1089): CodeIgniter\View\View->render('login', Array, true)
#4 C:\xampp\htdocs\Big_Project_Code4\app\Controllers\UserController.php(51): view('login')
#5 C:\xampp\htdocs\Big_Project_Code4\system\CodeIgniter.php(825): App\Controllers\UserController->login()
#6 C:\xampp\htdocs\Big_Project_Code4\system\CodeIgniter.php(412): CodeIgniter\CodeIgniter->runController(Object(App\Controllers\UserController))
#7 C:\xampp\htdocs\Big_Project_Code4\system\CodeIgniter.php(320): CodeIgniter\CodeIgniter->handleRequest(NULL, Object(Config\Cache), false)
#8 C:\xampp\htdocs\Big_Project_Code4\public\index.php(47): CodeIgniter\CodeIgniter->run()
#9 C:\xampp\htdocs\Big_Project_Code4\system\Commands\Server\rewrite.php(43): require_once('C:\\xampp\\htdocs...')
#10 {main}
CRITICAL - 2022-03-09 16:01:41 --> Undefined array key "email"
#0 C:\xampp\htdocs\Big_Project_Code4\app\Views\login.php(23): CodeIgniter\Debug\Exceptions->errorHandler(2, 'Undefined array...', 'C:\\xampp\\htdocs...', 23)
#1 C:\xampp\htdocs\Big_Project_Code4\system\View\View.php(210): include('C:\\xampp\\htdocs...')
#2 C:\xampp\htdocs\Big_Project_Code4\system\View\View.php(213): CodeIgniter\View\View->CodeIgniter\View\{closure}()
#3 C:\xampp\htdocs\Big_Project_Code4\system\Common.php(1089): CodeIgniter\View\View->render('login', Array, true)
#4 C:\xampp\htdocs\Big_Project_Code4\app\Controllers\UserController.php(51): view('login')
#5 C:\xampp\htdocs\Big_Project_Code4\system\CodeIgniter.php(825): App\Controllers\UserController->login()
#6 C:\xampp\htdocs\Big_Project_Code4\system\CodeIgniter.php(412): CodeIgniter\CodeIgniter->runController(Object(App\Controllers\UserController))
#7 C:\xampp\htdocs\Big_Project_Code4\system\CodeIgniter.php(320): CodeIgniter\CodeIgniter->handleRequest(NULL, Object(Config\Cache), false)
#8 C:\xampp\htdocs\Big_Project_Code4\public\index.php(47): CodeIgniter\CodeIgniter->run()
#9 C:\xampp\htdocs\Big_Project_Code4\system\Commands\Server\rewrite.php(43): require_once('C:\\xampp\\htdocs...')
#10 {main}
CRITICAL - 2022-03-09 16:01:53 --> Undefined array key "email"
#0 C:\xampp\htdocs\Big_Project_Code4\app\Views\login.php(23): CodeIgniter\Debug\Exceptions->errorHandler(2, 'Undefined array...', 'C:\\xampp\\htdocs...', 23)
#1 C:\xampp\htdocs\Big_Project_Code4\system\View\View.php(210): include('C:\\xampp\\htdocs...')
#2 C:\xampp\htdocs\Big_Project_Code4\system\View\View.php(213): CodeIgniter\View\View->CodeIgniter\View\{closure}()
#3 C:\xampp\htdocs\Big_Project_Code4\system\Common.php(1089): CodeIgniter\View\View->render('login', Array, true)
#4 C:\xampp\htdocs\Big_Project_Code4\app\Controllers\UserController.php(51): view('login')
#5 C:\xampp\htdocs\Big_Project_Code4\system\CodeIgniter.php(825): App\Controllers\UserController->login()
#6 C:\xampp\htdocs\Big_Project_Code4\system\CodeIgniter.php(412): CodeIgniter\CodeIgniter->runController(Object(App\Controllers\UserController))
#7 C:\xampp\htdocs\Big_Project_Code4\system\CodeIgniter.php(320): CodeIgniter\CodeIgniter->handleRequest(NULL, Object(Config\Cache), false)
#8 C:\xampp\htdocs\Big_Project_Code4\public\index.php(47): CodeIgniter\CodeIgniter->run()
#9 C:\xampp\htdocs\Big_Project_Code4\system\Commands\Server\rewrite.php(43): require_once('C:\\xampp\\htdocs...')
#10 {main}
CRITICAL - 2022-03-09 16:02:12 --> Undefined array key "email"
#0 C:\xampp\htdocs\Big_Project_Code4\app\Views\login.php(23): CodeIgniter\Debug\Exceptions->errorHandler(2, 'Undefined array...', 'C:\\xampp\\htdocs...', 23)
#1 C:\xampp\htdocs\Big_Project_Code4\system\View\View.php(210): include('C:\\xampp\\htdocs...')
#2 C:\xampp\htdocs\Big_Project_Code4\system\View\View.php(213): CodeIgniter\View\View->CodeIgniter\View\{closure}()
#3 C:\xampp\htdocs\Big_Project_Code4\system\Common.php(1089): CodeIgniter\View\View->render('login', Array, true)
#4 C:\xampp\htdocs\Big_Project_Code4\app\Controllers\UserController.php(51): view('login')
#5 C:\xampp\htdocs\Big_Project_Code4\system\CodeIgniter.php(825): App\Controllers\UserController->login()
#6 C:\xampp\htdocs\Big_Project_Code4\system\CodeIgniter.php(412): CodeIgniter\CodeIgniter->runController(Object(App\Controllers\UserController))
#7 C:\xampp\htdocs\Big_Project_Code4\system\CodeIgniter.php(320): CodeIgniter\CodeIgniter->handleRequest(NULL, Object(Config\Cache), false)
#8 C:\xampp\htdocs\Big_Project_Code4\public\index.php(47): CodeIgniter\CodeIgniter->run()
#9 C:\xampp\htdocs\Big_Project_Code4\system\Commands\Server\rewrite.php(43): require_once('C:\\xampp\\htdocs...')
#10 {main}
CRITICAL - 2022-03-09 16:13:48 --> Undefined array key "email"
#0 C:\xampp\htdocs\Big_Project_Code4\app\Views\login.php(23): CodeIgniter\Debug\Exceptions->errorHandler(2, 'Undefined array...', 'C:\\xampp\\htdocs...', 23)
#1 C:\xampp\htdocs\Big_Project_Code4\system\View\View.php(210): include('C:\\xampp\\htdocs...')
#2 C:\xampp\htdocs\Big_Project_Code4\system\View\View.php(213): CodeIgniter\View\View->CodeIgniter\View\{closure}()
#3 C:\xampp\htdocs\Big_Project_Code4\system\Common.php(1089): CodeIgniter\View\View->render('login', Array, true)
#4 C:\xampp\htdocs\Big_Project_Code4\app\Controllers\UserController.php(51): view('login')
#5 C:\xampp\htdocs\Big_Project_Code4\system\CodeIgniter.php(825): App\Controllers\UserController->login()
#6 C:\xampp\htdocs\Big_Project_Code4\system\CodeIgniter.php(412): CodeIgniter\CodeIgniter->runController(Object(App\Controllers\UserController))
#7 C:\xampp\htdocs\Big_Project_Code4\system\CodeIgniter.php(320): CodeIgniter\CodeIgniter->handleRequest(NULL, Object(Config\Cache), false)
#8 C:\xampp\htdocs\Big_Project_Code4\public\index.php(47): CodeIgniter\CodeIgniter->run()
#9 C:\xampp\htdocs\Big_Project_Code4\system\Commands\Server\rewrite.php(43): require_once('C:\\xampp\\htdocs...')
#10 {main}
CRITICAL - 2022-03-09 16:13:48 --> Undefined array key "email"
#0 C:\xampp\htdocs\Big_Project_Code4\app\Views\login.php(23): CodeIgniter\Debug\Exceptions->errorHandler(2, 'Undefined array...', 'C:\\xampp\\htdocs...', 23)
#1 C:\xampp\htdocs\Big_Project_Code4\system\View\View.php(210): include('C:\\xampp\\htdocs...')
#2 C:\xampp\htdocs\Big_Project_Code4\system\View\View.php(213): CodeIgniter\View\View->CodeIgniter\View\{closure}()
#3 C:\xampp\htdocs\Big_Project_Code4\system\Common.php(1089): CodeIgniter\View\View->render('login', Array, true)
#4 C:\xampp\htdocs\Big_Project_Code4\app\Controllers\UserController.php(51): view('login')
#5 C:\xampp\htdocs\Big_Project_Code4\system\CodeIgniter.php(825): App\Controllers\UserController->login()
#6 C:\xampp\htdocs\Big_Project_Code4\system\CodeIgniter.php(412): CodeIgniter\CodeIgniter->runController(Object(App\Controllers\UserController))
#7 C:\xampp\htdocs\Big_Project_Code4\system\CodeIgniter.php(320): CodeIgniter\CodeIgniter->handleRequest(NULL, Object(Config\Cache), false)
#8 C:\xampp\htdocs\Big_Project_Code4\public\index.php(47): CodeIgniter\CodeIgniter->run()
#9 C:\xampp\htdocs\Big_Project_Code4\system\Commands\Server\rewrite.php(43): require_once('C:\\xampp\\htdocs...')
#10 {main}
CRITICAL - 2022-03-09 16:13:48 --> Undefined array key "email"
#0 C:\xampp\htdocs\Big_Project_Code4\app\Views\login.php(23): CodeIgniter\Debug\Exceptions->errorHandler(2, 'Undefined array...', 'C:\\xampp\\htdocs...', 23)
#1 C:\xampp\htdocs\Big_Project_Code4\system\View\View.php(210): include('C:\\xampp\\htdocs...')
#2 C:\xampp\htdocs\Big_Project_Code4\system\View\View.php(213): CodeIgniter\View\View->CodeIgniter\View\{closure}()
#3 C:\xampp\htdocs\Big_Project_Code4\system\Common.php(1089): CodeIgniter\View\View->render('login', Array, true)
#4 C:\xampp\htdocs\Big_Project_Code4\app\Controllers\UserController.php(51): view('login')
#5 C:\xampp\htdocs\Big_Project_Code4\system\CodeIgniter.php(825): App\Controllers\UserController->login()
#6 C:\xampp\htdocs\Big_Project_Code4\system\CodeIgniter.php(412): CodeIgniter\CodeIgniter->runController(Object(App\Controllers\UserController))
#7 C:\xampp\htdocs\Big_Project_Code4\system\CodeIgniter.php(320): CodeIgniter\CodeIgniter->handleRequest(NULL, Object(Config\Cache), false)
#8 C:\xampp\htdocs\Big_Project_Code4\public\index.php(47): CodeIgniter\CodeIgniter->run()
#9 C:\xampp\htdocs\Big_Project_Code4\system\Commands\Server\rewrite.php(43): require_once('C:\\xampp\\htdocs...')
#10 {main}
CRITICAL - 2022-03-09 16:13:49 --> Undefined array key "email"
#0 C:\xampp\htdocs\Big_Project_Code4\app\Views\login.php(23): CodeIgniter\Debug\Exceptions->errorHandler(2, 'Undefined array...', 'C:\\xampp\\htdocs...', 23)
#1 C:\xampp\htdocs\Big_Project_Code4\system\View\View.php(210): include('C:\\xampp\\htdocs...')
#2 C:\xampp\htdocs\Big_Project_Code4\system\View\View.php(213): CodeIgniter\View\View->CodeIgniter\View\{closure}()
#3 C:\xampp\htdocs\Big_Project_Code4\system\Common.php(1089): CodeIgniter\View\View->render('login', Array, true)
#4 C:\xampp\htdocs\Big_Project_Code4\app\Controllers\UserController.php(51): view('login')
#5 C:\xampp\htdocs\Big_Project_Code4\system\CodeIgniter.php(825): App\Controllers\UserController->login()
#6 C:\xampp\htdocs\Big_Project_Code4\system\CodeIgniter.php(412): CodeIgniter\CodeIgniter->runController(Object(App\Controllers\UserController))
#7 C:\xampp\htdocs\Big_Project_Code4\system\CodeIgniter.php(320): CodeIgniter\CodeIgniter->handleRequest(NULL, Object(Config\Cache), false)
#8 C:\xampp\htdocs\Big_Project_Code4\public\index.php(47): CodeIgniter\CodeIgniter->run()
#9 C:\xampp\htdocs\Big_Project_Code4\system\Commands\Server\rewrite.php(43): require_once('C:\\xampp\\htdocs...')
#10 {main}
CRITICAL - 2022-03-09 16:13:49 --> Undefined array key "email"
#0 C:\xampp\htdocs\Big_Project_Code4\app\Views\login.php(23): CodeIgniter\Debug\Exceptions->errorHandler(2, 'Undefined array...', 'C:\\xampp\\htdocs...', 23)
#1 C:\xampp\htdocs\Big_Project_Code4\system\View\View.php(210): include('C:\\xampp\\htdocs...')
#2 C:\xampp\htdocs\Big_Project_Code4\system\View\View.php(213): CodeIgniter\View\View->CodeIgniter\View\{closure}()
#3 C:\xampp\htdocs\Big_Project_Code4\system\Common.php(1089): CodeIgniter\View\View->render('login', Array, true)
#4 C:\xampp\htdocs\Big_Project_Code4\app\Controllers\UserController.php(51): view('login')
#5 C:\xampp\htdocs\Big_Project_Code4\system\CodeIgniter.php(825): App\Controllers\UserController->login()
#6 C:\xampp\htdocs\Big_Project_Code4\system\CodeIgniter.php(412): CodeIgniter\CodeIgniter->runController(Object(App\Controllers\UserController))
#7 C:\xampp\htdocs\Big_Project_Code4\system\CodeIgniter.php(320): CodeIgniter\CodeIgniter->handleRequest(NULL, Object(Config\Cache), false)
#8 C:\xampp\htdocs\Big_Project_Code4\public\index.php(47): CodeIgniter\CodeIgniter->run()
#9 C:\xampp\htdocs\Big_Project_Code4\system\Commands\Server\rewrite.php(43): require_once('C:\\xampp\\htdocs...')
#10 {main}
CRITICAL - 2022-03-09 16:13:49 --> Undefined array key "email"
#0 C:\xampp\htdocs\Big_Project_Code4\app\Views\login.php(23): CodeIgniter\Debug\Exceptions->errorHandler(2, 'Undefined array...', 'C:\\xampp\\htdocs...', 23)
#1 C:\xampp\htdocs\Big_Project_Code4\system\View\View.php(210): include('C:\\xampp\\htdocs...')
#2 C:\xampp\htdocs\Big_Project_Code4\system\View\View.php(213): CodeIgniter\View\View->CodeIgniter\View\{closure}()
#3 C:\xampp\htdocs\Big_Project_Code4\system\Common.php(1089): CodeIgniter\View\View->render('login', Array, true)
#4 C:\xampp\htdocs\Big_Project_Code4\app\Controllers\UserController.php(51): view('login')
#5 C:\xampp\htdocs\Big_Project_Code4\system\CodeIgniter.php(825): App\Controllers\UserController->login()
#6 C:\xampp\htdocs\Big_Project_Code4\system\CodeIgniter.php(412): CodeIgniter\CodeIgniter->runController(Object(App\Controllers\UserController))
#7 C:\xampp\htdocs\Big_Project_Code4\system\CodeIgniter.php(320): CodeIgniter\CodeIgniter->handleRequest(NULL, Object(Config\Cache), false)
#8 C:\xampp\htdocs\Big_Project_Code4\public\index.php(47): CodeIgniter\CodeIgniter->run()
#9 C:\xampp\htdocs\Big_Project_Code4\system\Commands\Server\rewrite.php(43): require_once('C:\\xampp\\htdocs...')
#10 {main}
CRITICAL - 2022-03-09 16:14:31 --> Undefined array key "email"
#0 C:\xampp\htdocs\Big_Project_Code4\app\Views\login.php(24): CodeIgniter\Debug\Exceptions->errorHandler(2, 'Undefined array...', 'C:\\xampp\\htdocs...', 24)
#1 C:\xampp\htdocs\Big_Project_Code4\system\View\View.php(210): include('C:\\xampp\\htdocs...')
#2 C:\xampp\htdocs\Big_Project_Code4\system\View\View.php(213): CodeIgniter\View\View->CodeIgniter\View\{closure}()
#3 C:\xampp\htdocs\Big_Project_Code4\system\Common.php(1089): CodeIgniter\View\View->render('login', Array, true)
#4 C:\xampp\htdocs\Big_Project_Code4\app\Controllers\UserController.php(51): view('login')
#5 C:\xampp\htdocs\Big_Project_Code4\system\CodeIgniter.php(825): App\Controllers\UserController->login()
#6 C:\xampp\htdocs\Big_Project_Code4\system\CodeIgniter.php(412): CodeIgniter\CodeIgniter->runController(Object(App\Controllers\UserController))
#7 C:\xampp\htdocs\Big_Project_Code4\system\CodeIgniter.php(320): CodeIgniter\CodeIgniter->handleRequest(NULL, Object(Config\Cache), false)
#8 C:\xampp\htdocs\Big_Project_Code4\public\index.php(47): CodeIgniter\CodeIgniter->run()
#9 C:\xampp\htdocs\Big_Project_Code4\system\Commands\Server\rewrite.php(43): require_once('C:\\xampp\\htdocs...')
#10 {main}
CRITICAL - 2022-03-09 16:14:32 --> Undefined array key "email"
#0 C:\xampp\htdocs\Big_Project_Code4\app\Views\login.php(24): CodeIgniter\Debug\Exceptions->errorHandler(2, 'Undefined array...', 'C:\\xampp\\htdocs...', 24)
#1 C:\xampp\htdocs\Big_Project_Code4\system\View\View.php(210): include('C:\\xampp\\htdocs...')
#2 C:\xampp\htdocs\Big_Project_Code4\system\View\View.php(213): CodeIgniter\View\View->CodeIgniter\View\{closure}()
#3 C:\xampp\htdocs\Big_Project_Code4\system\Common.php(1089): CodeIgniter\View\View->render('login', Array, true)
#4 C:\xampp\htdocs\Big_Project_Code4\app\Controllers\UserController.php(51): view('login')
#5 C:\xampp\htdocs\Big_Project_Code4\system\CodeIgniter.php(825): App\Controllers\UserController->login()
#6 C:\xampp\htdocs\Big_Project_Code4\system\CodeIgniter.php(412): CodeIgniter\CodeIgniter->runController(Object(App\Controllers\UserController))
#7 C:\xampp\htdocs\Big_Project_Code4\system\CodeIgniter.php(320): CodeIgniter\CodeIgniter->handleRequest(NULL, Object(Config\Cache), false)
#8 C:\xampp\htdocs\Big_Project_Code4\public\index.php(47): CodeIgniter\CodeIgniter->run()
#9 C:\xampp\htdocs\Big_Project_Code4\system\Commands\Server\rewrite.php(43): require_once('C:\\xampp\\htdocs...')
#10 {main}
CRITICAL - 2022-03-09 16:14:32 --> Undefined array key "email"
#0 C:\xampp\htdocs\Big_Project_Code4\app\Views\login.php(24): CodeIgniter\Debug\Exceptions->errorHandler(2, 'Undefined array...', 'C:\\xampp\\htdocs...', 24)
#1 C:\xampp\htdocs\Big_Project_Code4\system\View\View.php(210): include('C:\\xampp\\htdocs...')
#2 C:\xampp\htdocs\Big_Project_Code4\system\View\View.php(213): CodeIgniter\View\View->CodeIgniter\View\{closure}()
#3 C:\xampp\htdocs\Big_Project_Code4\system\Common.php(1089): CodeIgniter\View\View->render('login', Array, true)
#4 C:\xampp\htdocs\Big_Project_Code4\app\Controllers\UserController.php(51): view('login')
#5 C:\xampp\htdocs\Big_Project_Code4\system\CodeIgniter.php(825): App\Controllers\UserController->login()
#6 C:\xampp\htdocs\Big_Project_Code4\system\CodeIgniter.php(412): CodeIgniter\CodeIgniter->runController(Object(App\Controllers\UserController))
#7 C:\xampp\htdocs\Big_Project_Code4\system\CodeIgniter.php(320): CodeIgniter\CodeIgniter->handleRequest(NULL, Object(Config\Cache), false)
#8 C:\xampp\htdocs\Big_Project_Code4\public\index.php(47): CodeIgniter\CodeIgniter->run()
#9 C:\xampp\htdocs\Big_Project_Code4\system\Commands\Server\rewrite.php(43): require_once('C:\\xampp\\htdocs...')
#10 {main}
CRITICAL - 2022-03-09 16:14:32 --> Undefined array key "email"
#0 C:\xampp\htdocs\Big_Project_Code4\app\Views\login.php(24): CodeIgniter\Debug\Exceptions->errorHandler(2, 'Undefined array...', 'C:\\xampp\\htdocs...', 24)
#1 C:\xampp\htdocs\Big_Project_Code4\system\View\View.php(210): include('C:\\xampp\\htdocs...')
#2 C:\xampp\htdocs\Big_Project_Code4\system\View\View.php(213): CodeIgniter\View\View->CodeIgniter\View\{closure}()
#3 C:\xampp\htdocs\Big_Project_Code4\system\Common.php(1089): CodeIgniter\View\View->render('login', Array, true)
#4 C:\xampp\htdocs\Big_Project_Code4\app\Controllers\UserController.php(51): view('login')
#5 C:\xampp\htdocs\Big_Project_Code4\system\CodeIgniter.php(825): App\Controllers\UserController->login()
#6 C:\xampp\htdocs\Big_Project_Code4\system\CodeIgniter.php(412): CodeIgniter\CodeIgniter->runController(Object(App\Controllers\UserController))
#7 C:\xampp\htdocs\Big_Project_Code4\system\CodeIgniter.php(320): CodeIgniter\CodeIgniter->handleRequest(NULL, Object(Config\Cache), false)
#8 C:\xampp\htdocs\Big_Project_Code4\public\index.php(47): CodeIgniter\CodeIgniter->run()
#9 C:\xampp\htdocs\Big_Project_Code4\system\Commands\Server\rewrite.php(43): require_once('C:\\xampp\\htdocs...')
#10 {main}
CRITICAL - 2022-03-09 16:36:06 --> syntax error, unexpected token "}", expecting "," or ";"
#0 C:\xampp\htdocs\Big_Project_Code4\system\View\View.php(213): CodeIgniter\View\View->CodeIgniter\View\{closure}()
#1 C:\xampp\htdocs\Big_Project_Code4\system\Common.php(1089): CodeIgniter\View\View->render('login', Array, true)
#2 C:\xampp\htdocs\Big_Project_Code4\app\Controllers\UserController.php(51): view('login')
#3 C:\xampp\htdocs\Big_Project_Code4\system\CodeIgniter.php(825): App\Controllers\UserController->login()
#4 C:\xampp\htdocs\Big_Project_Code4\system\CodeIgniter.php(412): CodeIgniter\CodeIgniter->runController(Object(App\Controllers\UserController))
#5 C:\xampp\htdocs\Big_Project_Code4\system\CodeIgniter.php(320): CodeIgniter\CodeIgniter->handleRequest(NULL, Object(Config\Cache), false)
#6 C:\xampp\htdocs\Big_Project_Code4\public\index.php(47): CodeIgniter\CodeIgniter->run()
#7 C:\xampp\htdocs\Big_Project_Code4\system\Commands\Server\rewrite.php(43): require_once('C:\\xampp\\htdocs...')
#8 {main}
CRITICAL - 2022-03-09 16:44:03 --> setcookie(): Argument #3 ($expires_or_options) must be of type array|int, string given
#0 C:\xampp\htdocs\Big_Project_Code4\app\Controllers\UserController.php(100): setcookie('email', '', '/')
#1 C:\xampp\htdocs\Big_Project_Code4\system\CodeIgniter.php(825): App\Controllers\UserController->auth()
#2 C:\xampp\htdocs\Big_Project_Code4\system\CodeIgniter.php(412): CodeIgniter\CodeIgniter->runController(Object(App\Controllers\UserController))
#3 C:\xampp\htdocs\Big_Project_Code4\system\CodeIgniter.php(320): CodeIgniter\CodeIgniter->handleRequest(NULL, Object(Config\Cache), false)
#4 C:\xampp\htdocs\Big_Project_Code4\public\index.php(47): CodeIgniter\CodeIgniter->run()
#5 C:\xampp\htdocs\Big_Project_Code4\system\Commands\Server\rewrite.php(43): require_once('C:\\xampp\\htdocs...')
#6 {main}
CRITICAL - 2022-03-09 16:49:53 --> Array to string conversion
#0 C:\xampp\htdocs\Big_Project_Code4\app\Controllers\UserController.php(107): CodeIgniter\Debug\Exceptions->errorHandler(2, 'Array to string...', 'C:\\xampp\\htdocs...', 107)
#1 C:\xampp\htdocs\Big_Project_Code4\system\CodeIgniter.php(825): App\Controllers\UserController->auth()
#2 C:\xampp\htdocs\Big_Project_Code4\system\CodeIgniter.php(412): CodeIgniter\CodeIgniter->runController(Object(App\Controllers\UserController))
#3 C:\xampp\htdocs\Big_Project_Code4\system\CodeIgniter.php(320): CodeIgniter\CodeIgniter->handleRequest(NULL, Object(Config\Cache), false)
#4 C:\xampp\htdocs\Big_Project_Code4\public\index.php(47): CodeIgniter\CodeIgniter->run()
#5 C:\xampp\htdocs\Big_Project_Code4\system\Commands\Server\rewrite.php(43): require_once('C:\\xampp\\htdocs...')
#6 {main}
CRITICAL - 2022-03-09 16:49:59 --> Array to string conversion
#0 C:\xampp\htdocs\Big_Project_Code4\app\Controllers\UserController.php(107): CodeIgniter\Debug\Exceptions->errorHandler(2, 'Array to string...', 'C:\\xampp\\htdocs...', 107)
#1 C:\xampp\htdocs\Big_Project_Code4\system\CodeIgniter.php(825): App\Controllers\UserController->auth()
#2 C:\xampp\htdocs\Big_Project_Code4\system\CodeIgniter.php(412): CodeIgniter\CodeIgniter->runController(Object(App\Controllers\UserController))
#3 C:\xampp\htdocs\Big_Project_Code4\system\CodeIgniter.php(320): CodeIgniter\CodeIgniter->handleRequest(NULL, Object(Config\Cache), false)
#4 C:\xampp\htdocs\Big_Project_Code4\public\index.php(47): CodeIgniter\CodeIgniter->run()
#5 C:\xampp\htdocs\Big_Project_Code4\system\Commands\Server\rewrite.php(43): require_once('C:\\xampp\\htdocs...')
#6 {main}
CRITICAL - 2022-03-09 16:50:01 --> Array to string conversion
#0 C:\xampp\htdocs\Big_Project_Code4\app\Controllers\UserController.php(107): CodeIgniter\Debug\Exceptions->errorHandler(2, 'Array to string...', 'C:\\xampp\\htdocs...', 107)
#1 C:\xampp\htdocs\Big_Project_Code4\system\CodeIgniter.php(825): App\Controllers\UserController->auth()
#2 C:\xampp\htdocs\Big_Project_Code4\system\CodeIgniter.php(412): CodeIgniter\CodeIgniter->runController(Object(App\Controllers\UserController))
#3 C:\xampp\htdocs\Big_Project_Code4\system\CodeIgniter.php(320): CodeIgniter\CodeIgniter->handleRequest(NULL, Object(Config\Cache), false)
#4 C:\xampp\htdocs\Big_Project_Code4\public\index.php(47): CodeIgniter\CodeIgniter->run()
#5 C:\xampp\htdocs\Big_Project_Code4\system\Commands\Server\rewrite.php(43): require_once('C:\\xampp\\htdocs...')
#6 {main}
CRITICAL - 2022-03-09 22:09:34 --> Unclosed '{' on line 7
#0 C:\xampp\htdocs\Big_Project_Code4\system\Autoloader\Autoloader.php(241): CodeIgniter\Autoloader\Autoloader->includeFile('C:\\xampp\\htdocs...')
#1 C:\xampp\htdocs\Big_Project_Code4\system\Autoloader\Autoloader.php(219): CodeIgniter\Autoloader\Autoloader->loadInNamespace('App\\Controllers...')
#2 [internal function]: CodeIgniter\Autoloader\Autoloader->loadClass('App\\Controllers...')
#3 C:\xampp\htdocs\Big_Project_Code4\system\CodeIgniter.php(790): class_exists('\\App\\Controller...', true)
#4 C:\xampp\htdocs\Big_Project_Code4\system\CodeIgniter.php(399): CodeIgniter\CodeIgniter->startController()
#5 C:\xampp\htdocs\Big_Project_Code4\system\CodeIgniter.php(320): CodeIgniter\CodeIgniter->handleRequest(NULL, Object(Config\Cache), false)
#6 C:\xampp\htdocs\Big_Project_Code4\public\index.php(47): CodeIgniter\CodeIgniter->run()
#7 C:\xampp\htdocs\Big_Project_Code4\system\Commands\Server\rewrite.php(43): require_once('C:\\xampp\\htdocs...')
#8 {main}
CRITICAL - 2022-03-09 22:09:35 --> Unclosed '{' on line 7
#0 C:\xampp\htdocs\Big_Project_Code4\system\Autoloader\Autoloader.php(241): CodeIgniter\Autoloader\Autoloader->includeFile('C:\\xampp\\htdocs...')
#1 C:\xampp\htdocs\Big_Project_Code4\system\Autoloader\Autoloader.php(219): CodeIgniter\Autoloader\Autoloader->loadInNamespace('App\\Controllers...')
#2 [internal function]: CodeIgniter\Autoloader\Autoloader->loadClass('App\\Controllers...')
#3 C:\xampp\htdocs\Big_Project_Code4\system\CodeIgniter.php(790): class_exists('\\App\\Controller...', true)
#4 C:\xampp\htdocs\Big_Project_Code4\system\CodeIgniter.php(399): CodeIgniter\CodeIgniter->startController()
#5 C:\xampp\htdocs\Big_Project_Code4\system\CodeIgniter.php(320): CodeIgniter\CodeIgniter->handleRequest(NULL, Object(Config\Cache), false)
#6 C:\xampp\htdocs\Big_Project_Code4\public\index.php(47): CodeIgniter\CodeIgniter->run()
#7 C:\xampp\htdocs\Big_Project_Code4\system\Commands\Server\rewrite.php(43): require_once('C:\\xampp\\htdocs...')
#8 {main}
